{"C:\\Users\\p8426\\Downloads\\사진1\\ghld\\backend\\battle.js": {"path":"C:\\Users\\p8426\\Downloads\\사진1\\ghld\\backend\\battle.js","statementMap":{"0":{"start":{"line":2,"column":30},"end":{"line":2,"column":53}},"1":{"start":{"line":3,"column":39},"end":{"line":3,"column":66}},"2":{"start":{"line":4,"column":22},"end":{"line":4,"column":57}},"3":{"start":{"line":7,"column":12},"end":{"line":7,"column":14}},"4":{"start":{"line":9,"column":2},"end":{"line":13,"column":3}},"5":{"start":{"line":10,"column":4},"end":{"line":10,"column":18}},"6":{"start":{"line":12,"column":4},"end":{"line":12,"column":66}},"7":{"start":{"line":14,"column":2},"end":{"line":14,"column":26}},"8":{"start":{"line":15,"column":2},"end":{"line":25,"column":5}},"9":{"start":{"line":28,"column":17},"end":{"line":28,"column":20}},"10":{"start":{"line":29,"column":2},"end":{"line":31,"column":3}},"11":{"start":{"line":30,"column":4},"end":{"line":30,"column":42}},"12":{"start":{"line":33,"column":2},"end":{"line":33,"column":57}},"13":{"start":{"line":33,"column":25},"end":{"line":33,"column":57}},"14":{"start":{"line":34,"column":2},"end":{"line":34,"column":59}},"15":{"start":{"line":34,"column":25},"end":{"line":34,"column":59}},"16":{"start":{"line":36,"column":20},"end":{"line":36,"column":25}},"17":{"start":{"line":37,"column":19},"end":{"line":37,"column":24}},"18":{"start":{"line":38,"column":17},"end":{"line":38,"column":18}},"19":{"start":{"line":40,"column":2},"end":{"line":95,"column":3}},"20":{"start":{"line":41,"column":4},"end":{"line":41,"column":67}},"21":{"start":{"line":41,"column":46},"end":{"line":41,"column":65}},"22":{"start":{"line":42,"column":4},"end":{"line":42,"column":37}},"23":{"start":{"line":43,"column":4},"end":{"line":43,"column":28}},"24":{"start":{"line":44,"column":4},"end":{"line":53,"column":7}},"25":{"start":{"line":54,"column":4},"end":{"line":54,"column":23}},"26":{"start":{"line":56,"column":21},"end":{"line":56,"column":63}},"27":{"start":{"line":57,"column":4},"end":{"line":57,"column":28}},"28":{"start":{"line":58,"column":4},"end":{"line":68,"column":7}},"29":{"start":{"line":70,"column":25},"end":{"line":70,"column":47}},"30":{"start":{"line":71,"column":4},"end":{"line":80,"column":5}},"31":{"start":{"line":72,"column":6},"end":{"line":79,"column":9}},"32":{"start":{"line":81,"column":4},"end":{"line":94,"column":5}},"33":{"start":{"line":82,"column":6},"end":{"line":82,"column":20}},"34":{"start":{"line":83,"column":6},"end":{"line":91,"column":9}},"35":{"start":{"line":92,"column":6},"end":{"line":92,"column":43}},"36":{"start":{"line":93,"column":6},"end":{"line":93,"column":24}},"37":{"start":{"line":96,"column":2},"end":{"line":96,"column":63}},"38":{"start":{"line":99,"column":0},"end":{"line":101,"column":2}}},"fnMap":{"0":{"name":"processBattle","decl":{"start":{"line":6,"column":9},"end":{"line":6,"column":22}},"loc":{"start":{"line":6,"column":59},"end":{"line":97,"column":1}},"line":6},"1":{"name":"(anonymous_1)","decl":{"start":{"line":41,"column":41},"end":{"line":41,"column":42}},"loc":{"start":{"line":41,"column":46},"end":{"line":41,"column":65}},"line":41}},"branchMap":{"0":{"loc":{"start":{"line":9,"column":2},"end":{"line":13,"column":3}},"type":"if","locations":[{"start":{"line":9,"column":2},"end":{"line":13,"column":3}},{"start":{"line":11,"column":9},"end":{"line":13,"column":3}}],"line":9},"1":{"loc":{"start":{"line":9,"column":6},"end":{"line":9,"column":73}},"type":"binary-expr","locations":[{"start":{"line":9,"column":6},"end":{"line":9,"column":24}},{"start":{"line":9,"column":28},"end":{"line":9,"column":73}}],"line":9},"2":{"loc":{"start":{"line":12,"column":44},"end":{"line":12,"column":60}},"type":"binary-expr","locations":[{"start":{"line":12,"column":44},"end":{"line":12,"column":55}},{"start":{"line":12,"column":59},"end":{"line":12,"column":60}}],"line":12},"3":{"loc":{"start":{"line":29,"column":2},"end":{"line":31,"column":3}},"type":"if","locations":[{"start":{"line":29,"column":2},"end":{"line":31,"column":3}},{"start":{},"end":{}}],"line":29},"4":{"loc":{"start":{"line":33,"column":2},"end":{"line":33,"column":57}},"type":"if","locations":[{"start":{"line":33,"column":2},"end":{"line":33,"column":57}},{"start":{},"end":{}}],"line":33},"5":{"loc":{"start":{"line":34,"column":2},"end":{"line":34,"column":59}},"type":"if","locations":[{"start":{"line":34,"column":2},"end":{"line":34,"column":59}},{"start":{},"end":{}}],"line":34},"6":{"loc":{"start":{"line":40,"column":2},"end":{"line":95,"column":3}},"type":"if","locations":[{"start":{"line":40,"column":2},"end":{"line":95,"column":3}},{"start":{"line":55,"column":9},"end":{"line":95,"column":3}}],"line":40},"7":{"loc":{"start":{"line":40,"column":6},"end":{"line":40,"column":38}},"type":"binary-expr","locations":[{"start":{"line":40,"column":6},"end":{"line":40,"column":21}},{"start":{"line":40,"column":25},"end":{"line":40,"column":38}}],"line":40},"8":{"loc":{"start":{"line":71,"column":4},"end":{"line":80,"column":5}},"type":"if","locations":[{"start":{"line":71,"column":4},"end":{"line":80,"column":5}},{"start":{},"end":{}}],"line":71},"9":{"loc":{"start":{"line":81,"column":4},"end":{"line":94,"column":5}},"type":"if","locations":[{"start":{"line":81,"column":4},"end":{"line":94,"column":5}},{"start":{},"end":{}}],"line":81}},"s":{"0":5,"1":5,"2":5,"3":0,"4":0,"5":0,"6":0,"7":0,"8":0,"9":0,"10":0,"11":0,"12":0,"13":0,"14":0,"15":0,"16":0,"17":0,"18":0,"19":0,"20":0,"21":0,"22":0,"23":0,"24":0,"25":0,"26":0,"27":0,"28":0,"29":0,"30":0,"31":0,"32":0,"33":0,"34":0,"35":0,"36":0,"37":0,"38":5},"f":{"0":0,"1":0},"b":{"0":[0,0],"1":[0,0],"2":[0,0],"3":[0,0],"4":[0,0],"5":[0,0],"6":[0,0],"7":[0,0],"8":[0,0],"9":[0,0]},"_coverageSchema":"1a1c01bbd47fc00a2c39e90264f33305004495a9","hash":"99a0fcc0c0d3469af186e59a4a60b31a74bf2478"}
,"C:\\Users\\p8426\\Downloads\\사진1\\ghld\\backend\\commands.js": {"path":"C:\\Users\\p8426\\Downloads\\사진1\\ghld\\backend\\commands.js","statementMap":{"0":{"start":{"line":4,"column":22},"end":{"line":4,"column":45}},"1":{"start":{"line":5,"column":31},"end":{"line":5,"column":52}},"2":{"start":{"line":6,"column":25},"end":{"line":6,"column":66}},"3":{"start":{"line":7,"column":20},"end":{"line":7,"column":53}},"4":{"start":{"line":8,"column":22},"end":{"line":8,"column":48}},"5":{"start":{"line":9,"column":20},"end":{"line":9,"column":44}},"6":{"start":{"line":10,"column":47},"end":{"line":10,"column":75}},"7":{"start":{"line":11,"column":14},"end":{"line":11,"column":39}},"8":{"start":{"line":12,"column":26},"end":{"line":12,"column":65}},"9":{"start":{"line":13,"column":20},"end":{"line":13,"column":41}},"10":{"start":{"line":14,"column":23},"end":{"line":14,"column":46}},"11":{"start":{"line":16,"column":26},"end":{"line":16,"column":30}},"12":{"start":{"line":19,"column":2},"end":{"line":19,"column":36}},"13":{"start":{"line":20,"column":2},"end":{"line":20,"column":59}},"14":{"start":{"line":24,"column":2},"end":{"line":24,"column":43}},"15":{"start":{"line":28,"column":2},"end":{"line":28,"column":44}},"16":{"start":{"line":32,"column":17},"end":{"line":32,"column":36}},"17":{"start":{"line":33,"column":2},"end":{"line":33,"column":22}},"18":{"start":{"line":33,"column":15},"end":{"line":33,"column":22}},"19":{"start":{"line":34,"column":15},"end":{"line":34,"column":40}},"20":{"start":{"line":35,"column":2},"end":{"line":38,"column":3}},"21":{"start":{"line":36,"column":4},"end":{"line":36,"column":122}},"22":{"start":{"line":37,"column":4},"end":{"line":37,"column":11}},"23":{"start":{"line":39,"column":15},"end":{"line":39,"column":22}},"24":{"start":{"line":40,"column":2},"end":{"line":90,"column":3}},"25":{"start":{"line":41,"column":4},"end":{"line":54,"column":5}},"26":{"start":{"line":42,"column":6},"end":{"line":42,"column":103}},"27":{"start":{"line":43,"column":6},"end":{"line":43,"column":23}},"28":{"start":{"line":44,"column":6},"end":{"line":44,"column":77}},"29":{"start":{"line":45,"column":6},"end":{"line":45,"column":98}},"30":{"start":{"line":46,"column":6},"end":{"line":46,"column":50}},"31":{"start":{"line":47,"column":6},"end":{"line":47,"column":104}},"32":{"start":{"line":48,"column":6},"end":{"line":48,"column":118}},"33":{"start":{"line":49,"column":6},"end":{"line":49,"column":28}},"34":{"start":{"line":50,"column":6},"end":{"line":50,"column":32}},"35":{"start":{"line":51,"column":6},"end":{"line":51,"column":204}},"36":{"start":{"line":53,"column":6},"end":{"line":53,"column":113}},"37":{"start":{"line":55,"column":4},"end":{"line":55,"column":11}},"38":{"start":{"line":56,"column":9},"end":{"line":90,"column":3}},"39":{"start":{"line":57,"column":4},"end":{"line":70,"column":5}},"40":{"start":{"line":58,"column":6},"end":{"line":58,"column":103}},"41":{"start":{"line":59,"column":6},"end":{"line":59,"column":23}},"42":{"start":{"line":60,"column":6},"end":{"line":60,"column":39}},"43":{"start":{"line":61,"column":6},"end":{"line":61,"column":98}},"44":{"start":{"line":62,"column":6},"end":{"line":62,"column":50}},"45":{"start":{"line":63,"column":6},"end":{"line":63,"column":102}},"46":{"start":{"line":64,"column":6},"end":{"line":64,"column":80}},"47":{"start":{"line":65,"column":6},"end":{"line":65,"column":28}},"48":{"start":{"line":66,"column":6},"end":{"line":66,"column":32}},"49":{"start":{"line":67,"column":6},"end":{"line":67,"column":166}},"50":{"start":{"line":69,"column":6},"end":{"line":69,"column":114}},"51":{"start":{"line":71,"column":4},"end":{"line":71,"column":11}},"52":{"start":{"line":72,"column":9},"end":{"line":90,"column":3}},"53":{"start":{"line":73,"column":4},"end":{"line":86,"column":5}},"54":{"start":{"line":74,"column":6},"end":{"line":74,"column":103}},"55":{"start":{"line":75,"column":6},"end":{"line":75,"column":23}},"56":{"start":{"line":76,"column":6},"end":{"line":76,"column":39}},"57":{"start":{"line":77,"column":6},"end":{"line":77,"column":98}},"58":{"start":{"line":78,"column":6},"end":{"line":78,"column":50}},"59":{"start":{"line":79,"column":6},"end":{"line":79,"column":98}},"60":{"start":{"line":80,"column":6},"end":{"line":80,"column":77}},"61":{"start":{"line":81,"column":6},"end":{"line":81,"column":28}},"62":{"start":{"line":82,"column":6},"end":{"line":82,"column":32}},"63":{"start":{"line":83,"column":6},"end":{"line":83,"column":163}},"64":{"start":{"line":85,"column":6},"end":{"line":85,"column":116}},"65":{"start":{"line":87,"column":4},"end":{"line":87,"column":11}},"66":{"start":{"line":89,"column":4},"end":{"line":89,"column":121}},"67":{"start":{"line":94,"column":17},"end":{"line":94,"column":36}},"68":{"start":{"line":95,"column":2},"end":{"line":95,"column":22}},"69":{"start":{"line":95,"column":15},"end":{"line":95,"column":22}},"70":{"start":{"line":96,"column":19},"end":{"line":96,"column":34}},"71":{"start":{"line":97,"column":15},"end":{"line":97,"column":42}},"72":{"start":{"line":98,"column":2},"end":{"line":101,"column":3}},"73":{"start":{"line":99,"column":4},"end":{"line":99,"column":101}},"74":{"start":{"line":100,"column":4},"end":{"line":100,"column":11}},"75":{"start":{"line":102,"column":2},"end":{"line":105,"column":3}},"76":{"start":{"line":103,"column":4},"end":{"line":103,"column":105}},"77":{"start":{"line":104,"column":4},"end":{"line":104,"column":11}},"78":{"start":{"line":106,"column":20},"end":{"line":106,"column":22}},"79":{"start":{"line":107,"column":2},"end":{"line":110,"column":3}},"80":{"start":{"line":108,"column":4},"end":{"line":108,"column":114}},"81":{"start":{"line":109,"column":4},"end":{"line":109,"column":11}},"82":{"start":{"line":111,"column":2},"end":{"line":111,"column":27}},"83":{"start":{"line":112,"column":2},"end":{"line":112,"column":27}},"84":{"start":{"line":113,"column":2},"end":{"line":113,"column":27}},"85":{"start":{"line":114,"column":2},"end":{"line":114,"column":45}},"86":{"start":{"line":115,"column":2},"end":{"line":115,"column":24}},"87":{"start":{"line":116,"column":2},"end":{"line":116,"column":28}},"88":{"start":{"line":117,"column":2},"end":{"line":117,"column":117}},"89":{"start":{"line":122,"column":15},"end":{"line":122,"column":40}},"90":{"start":{"line":123,"column":2},"end":{"line":126,"column":3}},"91":{"start":{"line":124,"column":4},"end":{"line":124,"column":122}},"92":{"start":{"line":125,"column":4},"end":{"line":125,"column":11}},"93":{"start":{"line":127,"column":17},"end":{"line":127,"column":24}},"94":{"start":{"line":129,"column":2},"end":{"line":136,"column":3}},"95":{"start":{"line":130,"column":23},"end":{"line":130,"column":43}},"96":{"start":{"line":131,"column":4},"end":{"line":134,"column":9}},"97":{"start":{"line":131,"column":39},"end":{"line":131,"column":75}},"98":{"start":{"line":133,"column":8},"end":{"line":133,"column":96}},"99":{"start":{"line":135,"column":4},"end":{"line":135,"column":11}},"100":{"start":{"line":138,"column":2},"end":{"line":154,"column":3}},"101":{"start":{"line":139,"column":19},"end":{"line":139,"column":42}},"102":{"start":{"line":140,"column":4},"end":{"line":143,"column":5}},"103":{"start":{"line":141,"column":6},"end":{"line":141,"column":118}},"104":{"start":{"line":142,"column":6},"end":{"line":142,"column":13}},"105":{"start":{"line":144,"column":4},"end":{"line":152,"column":5}},"106":{"start":{"line":145,"column":6},"end":{"line":145,"column":75}},"107":{"start":{"line":147,"column":6},"end":{"line":151,"column":9}},"108":{"start":{"line":148,"column":8},"end":{"line":150,"column":9}},"109":{"start":{"line":149,"column":10},"end":{"line":149,"column":83}},"110":{"start":{"line":153,"column":4},"end":{"line":153,"column":11}},"111":{"start":{"line":156,"column":2},"end":{"line":175,"column":3}},"112":{"start":{"line":157,"column":19},"end":{"line":157,"column":26}},"113":{"start":{"line":158,"column":19},"end":{"line":158,"column":40}},"114":{"start":{"line":159,"column":4},"end":{"line":162,"column":5}},"115":{"start":{"line":160,"column":6},"end":{"line":160,"column":108}},"116":{"start":{"line":161,"column":6},"end":{"line":161,"column":13}},"117":{"start":{"line":163,"column":25},"end":{"line":163,"column":40}},"118":{"start":{"line":164,"column":4},"end":{"line":167,"column":5}},"119":{"start":{"line":165,"column":6},"end":{"line":165,"column":116}},"120":{"start":{"line":166,"column":6},"end":{"line":166,"column":13}},"121":{"start":{"line":168,"column":4},"end":{"line":168,"column":58}},"122":{"start":{"line":169,"column":4},"end":{"line":169,"column":32}},"123":{"start":{"line":170,"column":4},"end":{"line":170,"column":99}},"124":{"start":{"line":171,"column":4},"end":{"line":173,"column":5}},"125":{"start":{"line":172,"column":6},"end":{"line":172,"column":103}},"126":{"start":{"line":174,"column":4},"end":{"line":174,"column":11}},"127":{"start":{"line":177,"column":2},"end":{"line":203,"column":3}},"128":{"start":{"line":178,"column":19},"end":{"line":178,"column":26}},"129":{"start":{"line":179,"column":21},"end":{"line":179,"column":44}},"130":{"start":{"line":180,"column":4},"end":{"line":183,"column":5}},"131":{"start":{"line":181,"column":6},"end":{"line":181,"column":112}},"132":{"start":{"line":182,"column":6},"end":{"line":182,"column":13}},"133":{"start":{"line":184,"column":25},"end":{"line":184,"column":40}},"134":{"start":{"line":185,"column":4},"end":{"line":188,"column":5}},"135":{"start":{"line":186,"column":6},"end":{"line":186,"column":116}},"136":{"start":{"line":187,"column":6},"end":{"line":187,"column":13}},"137":{"start":{"line":190,"column":26},"end":{"line":190,"column":49}},"138":{"start":{"line":191,"column":17},"end":{"line":191,"column":57}},"139":{"start":{"line":191,"column":37},"end":{"line":191,"column":56}},"140":{"start":{"line":192,"column":4},"end":{"line":195,"column":5}},"141":{"start":{"line":193,"column":6},"end":{"line":193,"column":116}},"142":{"start":{"line":194,"column":6},"end":{"line":194,"column":13}},"143":{"start":{"line":196,"column":4},"end":{"line":196,"column":45}},"144":{"start":{"line":197,"column":4},"end":{"line":197,"column":32}},"145":{"start":{"line":198,"column":4},"end":{"line":198,"column":104}},"146":{"start":{"line":199,"column":4},"end":{"line":201,"column":5}},"147":{"start":{"line":200,"column":6},"end":{"line":200,"column":108}},"148":{"start":{"line":202,"column":4},"end":{"line":202,"column":11}},"149":{"start":{"line":205,"column":2},"end":{"line":231,"column":3}},"150":{"start":{"line":206,"column":19},"end":{"line":206,"column":26}},"151":{"start":{"line":207,"column":4},"end":{"line":210,"column":5}},"152":{"start":{"line":208,"column":6},"end":{"line":208,"column":103}},"153":{"start":{"line":209,"column":6},"end":{"line":209,"column":13}},"154":{"start":{"line":211,"column":25},"end":{"line":211,"column":40}},"155":{"start":{"line":212,"column":24},"end":{"line":212,"column":43}},"156":{"start":{"line":213,"column":4},"end":{"line":216,"column":5}},"157":{"start":{"line":214,"column":6},"end":{"line":214,"column":116}},"158":{"start":{"line":215,"column":6},"end":{"line":215,"column":13}},"159":{"start":{"line":218,"column":4},"end":{"line":218,"column":43}},"160":{"start":{"line":219,"column":4},"end":{"line":219,"column":56}},"161":{"start":{"line":220,"column":4},"end":{"line":220,"column":90}},"162":{"start":{"line":221,"column":4},"end":{"line":223,"column":5}},"163":{"start":{"line":222,"column":6},"end":{"line":222,"column":107}},"164":{"start":{"line":225,"column":4},"end":{"line":229,"column":5}},"165":{"start":{"line":226,"column":40},"end":{"line":226,"column":61}},"166":{"start":{"line":227,"column":31},"end":{"line":227,"column":59}},"167":{"start":{"line":228,"column":6},"end":{"line":228,"column":96}},"168":{"start":{"line":230,"column":4},"end":{"line":230,"column":11}},"169":{"start":{"line":232,"column":2},"end":{"line":232,"column":100}},"170":{"start":{"line":238,"column":15},"end":{"line":238,"column":40}},"171":{"start":{"line":239,"column":17},"end":{"line":239,"column":24}},"172":{"start":{"line":240,"column":2},"end":{"line":243,"column":3}},"173":{"start":{"line":241,"column":4},"end":{"line":241,"column":122}},"174":{"start":{"line":242,"column":4},"end":{"line":242,"column":11}},"175":{"start":{"line":245,"column":2},"end":{"line":267,"column":3}},"176":{"start":{"line":246,"column":22},"end":{"line":246,"column":29}},"177":{"start":{"line":247,"column":4},"end":{"line":250,"column":5}},"178":{"start":{"line":248,"column":6},"end":{"line":248,"column":103}},"179":{"start":{"line":249,"column":6},"end":{"line":249,"column":13}},"180":{"start":{"line":252,"column":20},"end":{"line":252,"column":64}},"181":{"start":{"line":253,"column":4},"end":{"line":256,"column":5}},"182":{"start":{"line":254,"column":6},"end":{"line":254,"column":103}},"183":{"start":{"line":255,"column":6},"end":{"line":255,"column":13}},"184":{"start":{"line":258,"column":19},"end":{"line":258,"column":59}},"185":{"start":{"line":259,"column":4},"end":{"line":262,"column":5}},"186":{"start":{"line":260,"column":6},"end":{"line":260,"column":101}},"187":{"start":{"line":261,"column":6},"end":{"line":261,"column":13}},"188":{"start":{"line":263,"column":18},"end":{"line":263,"column":91}},"189":{"start":{"line":264,"column":4},"end":{"line":264,"column":23}},"190":{"start":{"line":265,"column":4},"end":{"line":265,"column":93}},"191":{"start":{"line":266,"column":4},"end":{"line":266,"column":11}},"192":{"start":{"line":269,"column":2},"end":{"line":278,"column":3}},"193":{"start":{"line":270,"column":19},"end":{"line":270,"column":62}},"194":{"start":{"line":271,"column":4},"end":{"line":274,"column":5}},"195":{"start":{"line":272,"column":6},"end":{"line":272,"column":81}},"196":{"start":{"line":273,"column":6},"end":{"line":273,"column":13}},"197":{"start":{"line":275,"column":17},"end":{"line":275,"column":102}},"198":{"start":{"line":275,"column":33},"end":{"line":275,"column":90}},"199":{"start":{"line":276,"column":4},"end":{"line":276,"column":77}},"200":{"start":{"line":277,"column":4},"end":{"line":277,"column":11}},"201":{"start":{"line":280,"column":2},"end":{"line":292,"column":3}},"202":{"start":{"line":281,"column":18},"end":{"line":281,"column":62}},"203":{"start":{"line":282,"column":4},"end":{"line":285,"column":5}},"204":{"start":{"line":283,"column":6},"end":{"line":283,"column":81}},"205":{"start":{"line":284,"column":6},"end":{"line":284,"column":13}},"206":{"start":{"line":286,"column":23},"end":{"line":286,"column":47}},"207":{"start":{"line":287,"column":4},"end":{"line":290,"column":8}},"208":{"start":{"line":291,"column":4},"end":{"line":291,"column":11}},"209":{"start":{"line":294,"column":2},"end":{"line":317,"column":3}},"210":{"start":{"line":295,"column":22},"end":{"line":295,"column":29}},"211":{"start":{"line":296,"column":4},"end":{"line":299,"column":5}},"212":{"start":{"line":297,"column":6},"end":{"line":297,"column":103}},"213":{"start":{"line":298,"column":6},"end":{"line":298,"column":13}},"214":{"start":{"line":300,"column":18},"end":{"line":300,"column":58}},"215":{"start":{"line":301,"column":4},"end":{"line":304,"column":5}},"216":{"start":{"line":302,"column":6},"end":{"line":302,"column":102}},"217":{"start":{"line":303,"column":6},"end":{"line":303,"column":13}},"218":{"start":{"line":305,"column":4},"end":{"line":308,"column":5}},"219":{"start":{"line":306,"column":6},"end":{"line":306,"column":84}},"220":{"start":{"line":307,"column":6},"end":{"line":307,"column":13}},"221":{"start":{"line":309,"column":4},"end":{"line":312,"column":5}},"222":{"start":{"line":310,"column":6},"end":{"line":310,"column":82}},"223":{"start":{"line":311,"column":6},"end":{"line":311,"column":13}},"224":{"start":{"line":313,"column":4},"end":{"line":313,"column":40}},"225":{"start":{"line":314,"column":4},"end":{"line":314,"column":23}},"226":{"start":{"line":315,"column":4},"end":{"line":315,"column":100}},"227":{"start":{"line":316,"column":4},"end":{"line":316,"column":11}},"228":{"start":{"line":319,"column":2},"end":{"line":346,"column":3}},"229":{"start":{"line":320,"column":23},"end":{"line":320,"column":30}},"230":{"start":{"line":321,"column":4},"end":{"line":324,"column":5}},"231":{"start":{"line":322,"column":6},"end":{"line":322,"column":101}},"232":{"start":{"line":323,"column":6},"end":{"line":323,"column":13}},"233":{"start":{"line":325,"column":18},"end":{"line":325,"column":61}},"234":{"start":{"line":326,"column":4},"end":{"line":329,"column":5}},"235":{"start":{"line":327,"column":6},"end":{"line":327,"column":104}},"236":{"start":{"line":328,"column":6},"end":{"line":328,"column":13}},"237":{"start":{"line":330,"column":4},"end":{"line":333,"column":5}},"238":{"start":{"line":331,"column":6},"end":{"line":331,"column":91}},"239":{"start":{"line":332,"column":6},"end":{"line":332,"column":13}},"240":{"start":{"line":334,"column":4},"end":{"line":340,"column":5}},"241":{"start":{"line":335,"column":6},"end":{"line":335,"column":77}},"242":{"start":{"line":337,"column":6},"end":{"line":337,"column":76}},"243":{"start":{"line":337,"column":58},"end":{"line":337,"column":74}},"244":{"start":{"line":338,"column":6},"end":{"line":338,"column":25}},"245":{"start":{"line":339,"column":6},"end":{"line":339,"column":13}},"246":{"start":{"line":341,"column":4},"end":{"line":341,"column":35}},"247":{"start":{"line":342,"column":4},"end":{"line":342,"column":74}},"248":{"start":{"line":342,"column":56},"end":{"line":342,"column":72}},"249":{"start":{"line":343,"column":4},"end":{"line":343,"column":23}},"250":{"start":{"line":344,"column":4},"end":{"line":344,"column":93}},"251":{"start":{"line":345,"column":4},"end":{"line":345,"column":11}},"252":{"start":{"line":348,"column":2},"end":{"line":363,"column":3}},"253":{"start":{"line":349,"column":18},"end":{"line":349,"column":62}},"254":{"start":{"line":350,"column":4},"end":{"line":353,"column":5}},"255":{"start":{"line":351,"column":6},"end":{"line":351,"column":81}},"256":{"start":{"line":352,"column":6},"end":{"line":352,"column":13}},"257":{"start":{"line":354,"column":4},"end":{"line":357,"column":5}},"258":{"start":{"line":355,"column":6},"end":{"line":355,"column":106}},"259":{"start":{"line":356,"column":6},"end":{"line":356,"column":13}},"260":{"start":{"line":358,"column":4},"end":{"line":358,"column":64}},"261":{"start":{"line":358,"column":46},"end":{"line":358,"column":62}},"262":{"start":{"line":359,"column":4},"end":{"line":359,"column":74}},"263":{"start":{"line":359,"column":56},"end":{"line":359,"column":72}},"264":{"start":{"line":360,"column":4},"end":{"line":360,"column":23}},"265":{"start":{"line":361,"column":4},"end":{"line":361,"column":78}},"266":{"start":{"line":362,"column":4},"end":{"line":362,"column":11}},"267":{"start":{"line":365,"column":2},"end":{"line":389,"column":3}},"268":{"start":{"line":366,"column":23},"end":{"line":366,"column":30}},"269":{"start":{"line":367,"column":4},"end":{"line":370,"column":5}},"270":{"start":{"line":368,"column":6},"end":{"line":368,"column":101}},"271":{"start":{"line":369,"column":6},"end":{"line":369,"column":13}},"272":{"start":{"line":371,"column":18},"end":{"line":371,"column":61}},"273":{"start":{"line":372,"column":4},"end":{"line":375,"column":5}},"274":{"start":{"line":373,"column":6},"end":{"line":373,"column":101}},"275":{"start":{"line":374,"column":6},"end":{"line":374,"column":13}},"276":{"start":{"line":376,"column":4},"end":{"line":379,"column":5}},"277":{"start":{"line":377,"column":6},"end":{"line":377,"column":83}},"278":{"start":{"line":378,"column":6},"end":{"line":378,"column":13}},"279":{"start":{"line":380,"column":4},"end":{"line":383,"column":5}},"280":{"start":{"line":381,"column":6},"end":{"line":381,"column":87}},"281":{"start":{"line":382,"column":6},"end":{"line":382,"column":13}},"282":{"start":{"line":384,"column":4},"end":{"line":384,"column":64}},"283":{"start":{"line":384,"column":46},"end":{"line":384,"column":62}},"284":{"start":{"line":385,"column":4},"end":{"line":385,"column":74}},"285":{"start":{"line":385,"column":56},"end":{"line":385,"column":72}},"286":{"start":{"line":386,"column":4},"end":{"line":386,"column":23}},"287":{"start":{"line":387,"column":4},"end":{"line":387,"column":94}},"288":{"start":{"line":388,"column":4},"end":{"line":388,"column":11}},"289":{"start":{"line":391,"column":2},"end":{"line":406,"column":3}},"290":{"start":{"line":392,"column":19},"end":{"line":392,"column":42}},"291":{"start":{"line":393,"column":4},"end":{"line":396,"column":5}},"292":{"start":{"line":394,"column":6},"end":{"line":394,"column":103}},"293":{"start":{"line":395,"column":6},"end":{"line":395,"column":13}},"294":{"start":{"line":397,"column":18},"end":{"line":397,"column":61}},"295":{"start":{"line":398,"column":4},"end":{"line":401,"column":5}},"296":{"start":{"line":399,"column":6},"end":{"line":399,"column":107}},"297":{"start":{"line":400,"column":6},"end":{"line":400,"column":13}},"298":{"start":{"line":402,"column":4},"end":{"line":402,"column":26}},"299":{"start":{"line":403,"column":4},"end":{"line":403,"column":23}},"300":{"start":{"line":404,"column":4},"end":{"line":404,"column":81}},"301":{"start":{"line":405,"column":4},"end":{"line":405,"column":11}},"302":{"start":{"line":408,"column":2},"end":{"line":417,"column":3}},"303":{"start":{"line":409,"column":18},"end":{"line":409,"column":61}},"304":{"start":{"line":410,"column":4},"end":{"line":413,"column":5}},"305":{"start":{"line":411,"column":6},"end":{"line":411,"column":83}},"306":{"start":{"line":412,"column":6},"end":{"line":412,"column":13}},"307":{"start":{"line":414,"column":4},"end":{"line":414,"column":46}},"308":{"start":{"line":415,"column":4},"end":{"line":415,"column":78}},"309":{"start":{"line":416,"column":4},"end":{"line":416,"column":11}},"310":{"start":{"line":419,"column":2},"end":{"line":435,"column":3}},"311":{"start":{"line":420,"column":20},"end":{"line":420,"column":41}},"312":{"start":{"line":421,"column":4},"end":{"line":424,"column":5}},"313":{"start":{"line":422,"column":6},"end":{"line":422,"column":102}},"314":{"start":{"line":423,"column":6},"end":{"line":423,"column":13}},"315":{"start":{"line":425,"column":18},"end":{"line":425,"column":62}},"316":{"start":{"line":426,"column":4},"end":{"line":429,"column":5}},"317":{"start":{"line":427,"column":6},"end":{"line":427,"column":83}},"318":{"start":{"line":428,"column":6},"end":{"line":428,"column":13}},"319":{"start":{"line":430,"column":4},"end":{"line":430,"column":81}},"320":{"start":{"line":431,"column":4},"end":{"line":431,"column":76}},"321":{"start":{"line":431,"column":35},"end":{"line":431,"column":76}},"322":{"start":{"line":432,"column":4},"end":{"line":432,"column":23}},"323":{"start":{"line":433,"column":4},"end":{"line":433,"column":81}},"324":{"start":{"line":434,"column":4},"end":{"line":434,"column":11}},"325":{"start":{"line":437,"column":2},"end":{"line":446,"column":3}},"326":{"start":{"line":438,"column":18},"end":{"line":438,"column":62}},"327":{"start":{"line":439,"column":4},"end":{"line":442,"column":5}},"328":{"start":{"line":440,"column":6},"end":{"line":440,"column":82}},"329":{"start":{"line":441,"column":6},"end":{"line":441,"column":13}},"330":{"start":{"line":443,"column":16},"end":{"line":443,"column":77}},"331":{"start":{"line":443,"column":39},"end":{"line":443,"column":65}},"332":{"start":{"line":444,"column":4},"end":{"line":444,"column":82}},"333":{"start":{"line":445,"column":4},"end":{"line":445,"column":11}},"334":{"start":{"line":448,"column":2},"end":{"line":448,"column":99}},"335":{"start":{"line":453,"column":16},"end":{"line":453,"column":36}},"336":{"start":{"line":454,"column":2},"end":{"line":457,"column":3}},"337":{"start":{"line":455,"column":4},"end":{"line":455,"column":86}},"338":{"start":{"line":456,"column":4},"end":{"line":456,"column":11}},"339":{"start":{"line":458,"column":2},"end":{"line":458,"column":91}},"340":{"start":{"line":463,"column":14},"end":{"line":481,"column":14}},"341":{"start":{"line":482,"column":2},"end":{"line":482,"column":60}},"342":{"start":{"line":486,"column":21},"end":{"line":486,"column":42}},"343":{"start":{"line":487,"column":21},"end":{"line":487,"column":44}},"344":{"start":{"line":488,"column":2},"end":{"line":491,"column":3}},"345":{"start":{"line":489,"column":4},"end":{"line":489,"column":106}},"346":{"start":{"line":490,"column":4},"end":{"line":490,"column":11}},"347":{"start":{"line":492,"column":2},"end":{"line":497,"column":5}},"348":{"start":{"line":501,"column":2},"end":{"line":506,"column":5}},"349":{"start":{"line":509,"column":0},"end":{"line":523,"column":2}}},"fnMap":{"0":{"name":"setupCommands","decl":{"start":{"line":18,"column":9},"end":{"line":18,"column":22}},"loc":{"start":{"line":18,"column":55},"end":{"line":21,"column":1}},"line":18},"1":{"name":"handleBuyCommand","decl":{"start":{"line":23,"column":9},"end":{"line":23,"column":25}},"loc":{"start":{"line":23,"column":32},"end":{"line":25,"column":1}},"line":23},"2":{"name":"handleSellCommand","decl":{"start":{"line":27,"column":9},"end":{"line":27,"column":26}},"loc":{"start":{"line":27,"column":33},"end":{"line":29,"column":1}},"line":27},"3":{"name":"handleTeleportCommand","decl":{"start":{"line":31,"column":9},"end":{"line":31,"column":30}},"loc":{"start":{"line":31,"column":167},"end":{"line":91,"column":1}},"line":31},"4":{"name":"handleInnCommand","decl":{"start":{"line":93,"column":9},"end":{"line":93,"column":25}},"loc":{"start":{"line":93,"column":114},"end":{"line":118,"column":1}},"line":93},"5":{"name":"(anonymous_5)","decl":{"start":{"line":114,"column":35},"end":{"line":114,"column":36}},"loc":{"start":{"line":114,"column":41},"end":{"line":114,"column":43}},"line":114},"6":{"name":"handleAdminCommand","decl":{"start":{"line":120,"column":9},"end":{"line":120,"column":27}},"loc":{"start":{"line":120,"column":125},"end":{"line":233,"column":1}},"line":120},"7":{"name":"(anonymous_7)","decl":{"start":{"line":131,"column":31},"end":{"line":131,"column":32}},"loc":{"start":{"line":131,"column":39},"end":{"line":131,"column":75}},"line":131},"8":{"name":"(anonymous_8)","decl":{"start":{"line":131,"column":66},"end":{"line":131,"column":67}},"loc":{"start":{"line":131,"column":72},"end":{"line":131,"column":74}},"line":131},"9":{"name":"(anonymous_9)","decl":{"start":{"line":132,"column":12},"end":{"line":132,"column":13}},"loc":{"start":{"line":132,"column":18},"end":{"line":134,"column":7}},"line":132},"10":{"name":"(anonymous_10)","decl":{"start":{"line":147,"column":37},"end":{"line":147,"column":38}},"loc":{"start":{"line":147,"column":44},"end":{"line":151,"column":7}},"line":147},"11":{"name":"(anonymous_11)","decl":{"start":{"line":191,"column":32},"end":{"line":191,"column":33}},"loc":{"start":{"line":191,"column":37},"end":{"line":191,"column":56}},"line":191},"12":{"name":"handleGuildCommand","decl":{"start":{"line":236,"column":15},"end":{"line":236,"column":33}},"loc":{"start":{"line":236,"column":72},"end":{"line":449,"column":1}},"line":236},"13":{"name":"(anonymous_13)","decl":{"start":{"line":275,"column":28},"end":{"line":275,"column":29}},"loc":{"start":{"line":275,"column":33},"end":{"line":275,"column":90}},"line":275},"14":{"name":"(anonymous_14)","decl":{"start":{"line":337,"column":53},"end":{"line":337,"column":54}},"loc":{"start":{"line":337,"column":58},"end":{"line":337,"column":74}},"line":337},"15":{"name":"(anonymous_15)","decl":{"start":{"line":342,"column":51},"end":{"line":342,"column":52}},"loc":{"start":{"line":342,"column":56},"end":{"line":342,"column":72}},"line":342},"16":{"name":"(anonymous_16)","decl":{"start":{"line":358,"column":41},"end":{"line":358,"column":42}},"loc":{"start":{"line":358,"column":46},"end":{"line":358,"column":62}},"line":358},"17":{"name":"(anonymous_17)","decl":{"start":{"line":359,"column":51},"end":{"line":359,"column":52}},"loc":{"start":{"line":359,"column":56},"end":{"line":359,"column":72}},"line":359},"18":{"name":"(anonymous_18)","decl":{"start":{"line":384,"column":41},"end":{"line":384,"column":42}},"loc":{"start":{"line":384,"column":46},"end":{"line":384,"column":62}},"line":384},"19":{"name":"(anonymous_19)","decl":{"start":{"line":385,"column":51},"end":{"line":385,"column":52}},"loc":{"start":{"line":385,"column":56},"end":{"line":385,"column":72}},"line":385},"20":{"name":"(anonymous_20)","decl":{"start":{"line":443,"column":34},"end":{"line":443,"column":35}},"loc":{"start":{"line":443,"column":39},"end":{"line":443,"column":65}},"line":443},"21":{"name":"handleWhoCommand","decl":{"start":{"line":452,"column":15},"end":{"line":452,"column":31}},"loc":{"start":{"line":452,"column":49},"end":{"line":459,"column":1}},"line":452},"22":{"name":"handleHelpCommand","decl":{"start":{"line":462,"column":15},"end":{"line":462,"column":32}},"loc":{"start":{"line":462,"column":41},"end":{"line":483,"column":1}},"line":462},"23":{"name":"handleShopCommand","decl":{"start":{"line":485,"column":9},"end":{"line":485,"column":26}},"loc":{"start":{"line":485,"column":33},"end":{"line":498,"column":1}},"line":485},"24":{"name":"handleShopSellCommand","decl":{"start":{"line":500,"column":9},"end":{"line":500,"column":30}},"loc":{"start":{"line":500,"column":37},"end":{"line":507,"column":1}},"line":500}},"branchMap":{"0":{"loc":{"start":{"line":33,"column":2},"end":{"line":33,"column":22}},"type":"if","locations":[{"start":{"line":33,"column":2},"end":{"line":33,"column":22}},{"start":{},"end":{}}],"line":33},"1":{"loc":{"start":{"line":35,"column":2},"end":{"line":38,"column":3}},"type":"if","locations":[{"start":{"line":35,"column":2},"end":{"line":38,"column":3}},{"start":{},"end":{}}],"line":35},"2":{"loc":{"start":{"line":40,"column":2},"end":{"line":90,"column":3}},"type":"if","locations":[{"start":{"line":40,"column":2},"end":{"line":90,"column":3}},{"start":{"line":56,"column":9},"end":{"line":90,"column":3}}],"line":40},"3":{"loc":{"start":{"line":41,"column":4},"end":{"line":54,"column":5}},"type":"if","locations":[{"start":{"line":41,"column":4},"end":{"line":54,"column":5}},{"start":{"line":52,"column":11},"end":{"line":54,"column":5}}],"line":41},"4":{"loc":{"start":{"line":41,"column":8},"end":{"line":41,"column":80}},"type":"binary-expr","locations":[{"start":{"line":41,"column":8},"end":{"line":41,"column":26}},{"start":{"line":41,"column":30},"end":{"line":41,"column":53}},{"start":{"line":41,"column":57},"end":{"line":41,"column":80}}],"line":41},"5":{"loc":{"start":{"line":56,"column":9},"end":{"line":90,"column":3}},"type":"if","locations":[{"start":{"line":56,"column":9},"end":{"line":90,"column":3}},{"start":{"line":72,"column":9},"end":{"line":90,"column":3}}],"line":56},"6":{"loc":{"start":{"line":57,"column":4},"end":{"line":70,"column":5}},"type":"if","locations":[{"start":{"line":57,"column":4},"end":{"line":70,"column":5}},{"start":{"line":68,"column":11},"end":{"line":70,"column":5}}],"line":57},"7":{"loc":{"start":{"line":57,"column":8},"end":{"line":57,"column":118}},"type":"binary-expr","locations":[{"start":{"line":57,"column":8},"end":{"line":57,"column":26}},{"start":{"line":57,"column":30},"end":{"line":57,"column":72}},{"start":{"line":57,"column":76},"end":{"line":57,"column":118}}],"line":57},"8":{"loc":{"start":{"line":72,"column":9},"end":{"line":90,"column":3}},"type":"if","locations":[{"start":{"line":72,"column":9},"end":{"line":90,"column":3}},{"start":{"line":88,"column":9},"end":{"line":90,"column":3}}],"line":72},"9":{"loc":{"start":{"line":73,"column":4},"end":{"line":86,"column":5}},"type":"if","locations":[{"start":{"line":73,"column":4},"end":{"line":86,"column":5}},{"start":{"line":84,"column":11},"end":{"line":86,"column":5}}],"line":73},"10":{"loc":{"start":{"line":73,"column":8},"end":{"line":73,"column":80}},"type":"binary-expr","locations":[{"start":{"line":73,"column":8},"end":{"line":73,"column":26}},{"start":{"line":73,"column":30},"end":{"line":73,"column":53}},{"start":{"line":73,"column":57},"end":{"line":73,"column":80}}],"line":73},"11":{"loc":{"start":{"line":95,"column":2},"end":{"line":95,"column":22}},"type":"if","locations":[{"start":{"line":95,"column":2},"end":{"line":95,"column":22}},{"start":{},"end":{}}],"line":95},"12":{"loc":{"start":{"line":98,"column":2},"end":{"line":101,"column":3}},"type":"if","locations":[{"start":{"line":98,"column":2},"end":{"line":101,"column":3}},{"start":{},"end":{}}],"line":98},"13":{"loc":{"start":{"line":98,"column":6},"end":{"line":98,"column":38}},"type":"binary-expr","locations":[{"start":{"line":98,"column":6},"end":{"line":98,"column":11}},{"start":{"line":98,"column":15},"end":{"line":98,"column":38}}],"line":98},"14":{"loc":{"start":{"line":102,"column":2},"end":{"line":105,"column":3}},"type":"if","locations":[{"start":{"line":102,"column":2},"end":{"line":105,"column":3}},{"start":{},"end":{}}],"line":102},"15":{"loc":{"start":{"line":102,"column":6},"end":{"line":102,"column":62}},"type":"binary-expr","locations":[{"start":{"line":102,"column":6},"end":{"line":102,"column":32}},{"start":{"line":102,"column":36},"end":{"line":102,"column":62}}],"line":102},"16":{"loc":{"start":{"line":107,"column":2},"end":{"line":110,"column":3}},"type":"if","locations":[{"start":{"line":107,"column":2},"end":{"line":110,"column":3}},{"start":{},"end":{}}],"line":107},"17":{"loc":{"start":{"line":123,"column":2},"end":{"line":126,"column":3}},"type":"if","locations":[{"start":{"line":123,"column":2},"end":{"line":126,"column":3}},{"start":{},"end":{}}],"line":123},"18":{"loc":{"start":{"line":129,"column":2},"end":{"line":136,"column":3}},"type":"if","locations":[{"start":{"line":129,"column":2},"end":{"line":136,"column":3}},{"start":{},"end":{}}],"line":129},"19":{"loc":{"start":{"line":138,"column":2},"end":{"line":154,"column":3}},"type":"if","locations":[{"start":{"line":138,"column":2},"end":{"line":154,"column":3}},{"start":{},"end":{}}],"line":138},"20":{"loc":{"start":{"line":140,"column":4},"end":{"line":143,"column":5}},"type":"if","locations":[{"start":{"line":140,"column":4},"end":{"line":143,"column":5}},{"start":{},"end":{}}],"line":140},"21":{"loc":{"start":{"line":144,"column":4},"end":{"line":152,"column":5}},"type":"if","locations":[{"start":{"line":144,"column":4},"end":{"line":152,"column":5}},{"start":{"line":146,"column":11},"end":{"line":152,"column":5}}],"line":144},"22":{"loc":{"start":{"line":148,"column":8},"end":{"line":150,"column":9}},"type":"if","locations":[{"start":{"line":148,"column":8},"end":{"line":150,"column":9}},{"start":{},"end":{}}],"line":148},"23":{"loc":{"start":{"line":148,"column":12},"end":{"line":148,"column":41}},"type":"binary-expr","locations":[{"start":{"line":148,"column":12},"end":{"line":148,"column":16}},{"start":{"line":148,"column":20},"end":{"line":148,"column":41}}],"line":148},"24":{"loc":{"start":{"line":156,"column":2},"end":{"line":175,"column":3}},"type":"if","locations":[{"start":{"line":156,"column":2},"end":{"line":175,"column":3}},{"start":{},"end":{}}],"line":156},"25":{"loc":{"start":{"line":159,"column":4},"end":{"line":162,"column":5}},"type":"if","locations":[{"start":{"line":159,"column":4},"end":{"line":162,"column":5}},{"start":{},"end":{}}],"line":159},"26":{"loc":{"start":{"line":159,"column":8},"end":{"line":159,"column":32}},"type":"binary-expr","locations":[{"start":{"line":159,"column":8},"end":{"line":159,"column":15}},{"start":{"line":159,"column":19},"end":{"line":159,"column":32}}],"line":159},"27":{"loc":{"start":{"line":164,"column":4},"end":{"line":167,"column":5}},"type":"if","locations":[{"start":{"line":164,"column":4},"end":{"line":167,"column":5}},{"start":{},"end":{}}],"line":164},"28":{"loc":{"start":{"line":168,"column":25},"end":{"line":168,"column":47}},"type":"binary-expr","locations":[{"start":{"line":168,"column":25},"end":{"line":168,"column":42}},{"start":{"line":168,"column":46},"end":{"line":168,"column":47}}],"line":168},"29":{"loc":{"start":{"line":171,"column":4},"end":{"line":173,"column":5}},"type":"if","locations":[{"start":{"line":171,"column":4},"end":{"line":173,"column":5}},{"start":{},"end":{}}],"line":171},"30":{"loc":{"start":{"line":171,"column":8},"end":{"line":171,"column":59}},"type":"binary-expr","locations":[{"start":{"line":171,"column":8},"end":{"line":171,"column":23}},{"start":{"line":171,"column":27},"end":{"line":171,"column":59}}],"line":171},"31":{"loc":{"start":{"line":177,"column":2},"end":{"line":203,"column":3}},"type":"if","locations":[{"start":{"line":177,"column":2},"end":{"line":203,"column":3}},{"start":{},"end":{}}],"line":177},"32":{"loc":{"start":{"line":180,"column":4},"end":{"line":183,"column":5}},"type":"if","locations":[{"start":{"line":180,"column":4},"end":{"line":183,"column":5}},{"start":{},"end":{}}],"line":180},"33":{"loc":{"start":{"line":180,"column":8},"end":{"line":180,"column":28}},"type":"binary-expr","locations":[{"start":{"line":180,"column":8},"end":{"line":180,"column":15}},{"start":{"line":180,"column":19},"end":{"line":180,"column":28}}],"line":180},"34":{"loc":{"start":{"line":185,"column":4},"end":{"line":188,"column":5}},"type":"if","locations":[{"start":{"line":185,"column":4},"end":{"line":188,"column":5}},{"start":{},"end":{}}],"line":185},"35":{"loc":{"start":{"line":192,"column":4},"end":{"line":195,"column":5}},"type":"if","locations":[{"start":{"line":192,"column":4},"end":{"line":195,"column":5}},{"start":{},"end":{}}],"line":192},"36":{"loc":{"start":{"line":199,"column":4},"end":{"line":201,"column":5}},"type":"if","locations":[{"start":{"line":199,"column":4},"end":{"line":201,"column":5}},{"start":{},"end":{}}],"line":199},"37":{"loc":{"start":{"line":199,"column":8},"end":{"line":199,"column":59}},"type":"binary-expr","locations":[{"start":{"line":199,"column":8},"end":{"line":199,"column":23}},{"start":{"line":199,"column":27},"end":{"line":199,"column":59}}],"line":199},"38":{"loc":{"start":{"line":205,"column":2},"end":{"line":231,"column":3}},"type":"if","locations":[{"start":{"line":205,"column":2},"end":{"line":231,"column":3}},{"start":{},"end":{}}],"line":205},"39":{"loc":{"start":{"line":207,"column":4},"end":{"line":210,"column":5}},"type":"if","locations":[{"start":{"line":207,"column":4},"end":{"line":210,"column":5}},{"start":{},"end":{}}],"line":207},"40":{"loc":{"start":{"line":213,"column":4},"end":{"line":216,"column":5}},"type":"if","locations":[{"start":{"line":213,"column":4},"end":{"line":216,"column":5}},{"start":{},"end":{}}],"line":213},"41":{"loc":{"start":{"line":213,"column":8},"end":{"line":213,"column":37}},"type":"binary-expr","locations":[{"start":{"line":213,"column":8},"end":{"line":213,"column":21}},{"start":{"line":213,"column":25},"end":{"line":213,"column":37}}],"line":213},"42":{"loc":{"start":{"line":221,"column":4},"end":{"line":223,"column":5}},"type":"if","locations":[{"start":{"line":221,"column":4},"end":{"line":223,"column":5}},{"start":{},"end":{}}],"line":221},"43":{"loc":{"start":{"line":221,"column":8},"end":{"line":221,"column":57}},"type":"binary-expr","locations":[{"start":{"line":221,"column":8},"end":{"line":221,"column":22}},{"start":{"line":221,"column":26},"end":{"line":221,"column":57}}],"line":221},"44":{"loc":{"start":{"line":225,"column":4},"end":{"line":229,"column":5}},"type":"if","locations":[{"start":{"line":225,"column":4},"end":{"line":229,"column":5}},{"start":{},"end":{}}],"line":225},"45":{"loc":{"start":{"line":225,"column":8},"end":{"line":225,"column":93}},"type":"binary-expr","locations":[{"start":{"line":225,"column":8},"end":{"line":225,"column":44}},{"start":{"line":225,"column":48},"end":{"line":225,"column":93}}],"line":225},"46":{"loc":{"start":{"line":240,"column":2},"end":{"line":243,"column":3}},"type":"if","locations":[{"start":{"line":240,"column":2},"end":{"line":243,"column":3}},{"start":{},"end":{}}],"line":240},"47":{"loc":{"start":{"line":245,"column":2},"end":{"line":267,"column":3}},"type":"if","locations":[{"start":{"line":245,"column":2},"end":{"line":267,"column":3}},{"start":{},"end":{}}],"line":245},"48":{"loc":{"start":{"line":247,"column":4},"end":{"line":250,"column":5}},"type":"if","locations":[{"start":{"line":247,"column":4},"end":{"line":250,"column":5}},{"start":{},"end":{}}],"line":247},"49":{"loc":{"start":{"line":253,"column":4},"end":{"line":256,"column":5}},"type":"if","locations":[{"start":{"line":253,"column":4},"end":{"line":256,"column":5}},{"start":{},"end":{}}],"line":253},"50":{"loc":{"start":{"line":259,"column":4},"end":{"line":262,"column":5}},"type":"if","locations":[{"start":{"line":259,"column":4},"end":{"line":262,"column":5}},{"start":{},"end":{}}],"line":259},"51":{"loc":{"start":{"line":269,"column":2},"end":{"line":278,"column":3}},"type":"if","locations":[{"start":{"line":269,"column":2},"end":{"line":278,"column":3}},{"start":{},"end":{}}],"line":269},"52":{"loc":{"start":{"line":271,"column":4},"end":{"line":274,"column":5}},"type":"if","locations":[{"start":{"line":271,"column":4},"end":{"line":274,"column":5}},{"start":{},"end":{}}],"line":271},"53":{"loc":{"start":{"line":280,"column":2},"end":{"line":292,"column":3}},"type":"if","locations":[{"start":{"line":280,"column":2},"end":{"line":292,"column":3}},{"start":{},"end":{}}],"line":280},"54":{"loc":{"start":{"line":282,"column":4},"end":{"line":285,"column":5}},"type":"if","locations":[{"start":{"line":282,"column":4},"end":{"line":285,"column":5}},{"start":{},"end":{}}],"line":282},"55":{"loc":{"start":{"line":289,"column":120},"end":{"line":289,"column":142}},"type":"binary-expr","locations":[{"start":{"line":289,"column":120},"end":{"line":289,"column":132}},{"start":{"line":289,"column":136},"end":{"line":289,"column":142}}],"line":289},"56":{"loc":{"start":{"line":294,"column":2},"end":{"line":317,"column":3}},"type":"if","locations":[{"start":{"line":294,"column":2},"end":{"line":317,"column":3}},{"start":{},"end":{}}],"line":294},"57":{"loc":{"start":{"line":296,"column":4},"end":{"line":299,"column":5}},"type":"if","locations":[{"start":{"line":296,"column":4},"end":{"line":299,"column":5}},{"start":{},"end":{}}],"line":296},"58":{"loc":{"start":{"line":301,"column":4},"end":{"line":304,"column":5}},"type":"if","locations":[{"start":{"line":301,"column":4},"end":{"line":304,"column":5}},{"start":{},"end":{}}],"line":301},"59":{"loc":{"start":{"line":305,"column":4},"end":{"line":308,"column":5}},"type":"if","locations":[{"start":{"line":305,"column":4},"end":{"line":308,"column":5}},{"start":{},"end":{}}],"line":305},"60":{"loc":{"start":{"line":309,"column":4},"end":{"line":312,"column":5}},"type":"if","locations":[{"start":{"line":309,"column":4},"end":{"line":312,"column":5}},{"start":{},"end":{}}],"line":309},"61":{"loc":{"start":{"line":319,"column":2},"end":{"line":346,"column":3}},"type":"if","locations":[{"start":{"line":319,"column":2},"end":{"line":346,"column":3}},{"start":{},"end":{}}],"line":319},"62":{"loc":{"start":{"line":321,"column":4},"end":{"line":324,"column":5}},"type":"if","locations":[{"start":{"line":321,"column":4},"end":{"line":324,"column":5}},{"start":{},"end":{}}],"line":321},"63":{"loc":{"start":{"line":326,"column":4},"end":{"line":329,"column":5}},"type":"if","locations":[{"start":{"line":326,"column":4},"end":{"line":329,"column":5}},{"start":{},"end":{}}],"line":326},"64":{"loc":{"start":{"line":330,"column":4},"end":{"line":333,"column":5}},"type":"if","locations":[{"start":{"line":330,"column":4},"end":{"line":333,"column":5}},{"start":{},"end":{}}],"line":330},"65":{"loc":{"start":{"line":334,"column":4},"end":{"line":340,"column":5}},"type":"if","locations":[{"start":{"line":334,"column":4},"end":{"line":340,"column":5}},{"start":{},"end":{}}],"line":334},"66":{"loc":{"start":{"line":348,"column":2},"end":{"line":363,"column":3}},"type":"if","locations":[{"start":{"line":348,"column":2},"end":{"line":363,"column":3}},{"start":{},"end":{}}],"line":348},"67":{"loc":{"start":{"line":350,"column":4},"end":{"line":353,"column":5}},"type":"if","locations":[{"start":{"line":350,"column":4},"end":{"line":353,"column":5}},{"start":{},"end":{}}],"line":350},"68":{"loc":{"start":{"line":354,"column":4},"end":{"line":357,"column":5}},"type":"if","locations":[{"start":{"line":354,"column":4},"end":{"line":357,"column":5}},{"start":{},"end":{}}],"line":354},"69":{"loc":{"start":{"line":365,"column":2},"end":{"line":389,"column":3}},"type":"if","locations":[{"start":{"line":365,"column":2},"end":{"line":389,"column":3}},{"start":{},"end":{}}],"line":365},"70":{"loc":{"start":{"line":367,"column":4},"end":{"line":370,"column":5}},"type":"if","locations":[{"start":{"line":367,"column":4},"end":{"line":370,"column":5}},{"start":{},"end":{}}],"line":367},"71":{"loc":{"start":{"line":372,"column":4},"end":{"line":375,"column":5}},"type":"if","locations":[{"start":{"line":372,"column":4},"end":{"line":375,"column":5}},{"start":{},"end":{}}],"line":372},"72":{"loc":{"start":{"line":376,"column":4},"end":{"line":379,"column":5}},"type":"if","locations":[{"start":{"line":376,"column":4},"end":{"line":379,"column":5}},{"start":{},"end":{}}],"line":376},"73":{"loc":{"start":{"line":380,"column":4},"end":{"line":383,"column":5}},"type":"if","locations":[{"start":{"line":380,"column":4},"end":{"line":383,"column":5}},{"start":{},"end":{}}],"line":380},"74":{"loc":{"start":{"line":391,"column":2},"end":{"line":406,"column":3}},"type":"if","locations":[{"start":{"line":391,"column":2},"end":{"line":406,"column":3}},{"start":{},"end":{}}],"line":391},"75":{"loc":{"start":{"line":393,"column":4},"end":{"line":396,"column":5}},"type":"if","locations":[{"start":{"line":393,"column":4},"end":{"line":396,"column":5}},{"start":{},"end":{}}],"line":393},"76":{"loc":{"start":{"line":398,"column":4},"end":{"line":401,"column":5}},"type":"if","locations":[{"start":{"line":398,"column":4},"end":{"line":401,"column":5}},{"start":{},"end":{}}],"line":398},"77":{"loc":{"start":{"line":408,"column":2},"end":{"line":417,"column":3}},"type":"if","locations":[{"start":{"line":408,"column":2},"end":{"line":417,"column":3}},{"start":{},"end":{}}],"line":408},"78":{"loc":{"start":{"line":410,"column":4},"end":{"line":413,"column":5}},"type":"if","locations":[{"start":{"line":410,"column":4},"end":{"line":413,"column":5}},{"start":{},"end":{}}],"line":410},"79":{"loc":{"start":{"line":419,"column":2},"end":{"line":435,"column":3}},"type":"if","locations":[{"start":{"line":419,"column":2},"end":{"line":435,"column":3}},{"start":{},"end":{}}],"line":419},"80":{"loc":{"start":{"line":421,"column":4},"end":{"line":424,"column":5}},"type":"if","locations":[{"start":{"line":421,"column":4},"end":{"line":424,"column":5}},{"start":{},"end":{}}],"line":421},"81":{"loc":{"start":{"line":426,"column":4},"end":{"line":429,"column":5}},"type":"if","locations":[{"start":{"line":426,"column":4},"end":{"line":429,"column":5}},{"start":{},"end":{}}],"line":426},"82":{"loc":{"start":{"line":431,"column":4},"end":{"line":431,"column":76}},"type":"if","locations":[{"start":{"line":431,"column":4},"end":{"line":431,"column":76}},{"start":{},"end":{}}],"line":431},"83":{"loc":{"start":{"line":437,"column":2},"end":{"line":446,"column":3}},"type":"if","locations":[{"start":{"line":437,"column":2},"end":{"line":446,"column":3}},{"start":{},"end":{}}],"line":437},"84":{"loc":{"start":{"line":439,"column":4},"end":{"line":442,"column":5}},"type":"if","locations":[{"start":{"line":439,"column":4},"end":{"line":442,"column":5}},{"start":{},"end":{}}],"line":439},"85":{"loc":{"start":{"line":439,"column":8},"end":{"line":439,"column":39}},"type":"binary-expr","locations":[{"start":{"line":439,"column":8},"end":{"line":439,"column":14}},{"start":{"line":439,"column":18},"end":{"line":439,"column":39}}],"line":439},"86":{"loc":{"start":{"line":454,"column":2},"end":{"line":457,"column":3}},"type":"if","locations":[{"start":{"line":454,"column":2},"end":{"line":457,"column":3}},{"start":{},"end":{}}],"line":454},"87":{"loc":{"start":{"line":486,"column":21},"end":{"line":486,"column":42}},"type":"binary-expr","locations":[{"start":{"line":486,"column":21},"end":{"line":486,"column":36}},{"start":{"line":486,"column":40},"end":{"line":486,"column":42}}],"line":486},"88":{"loc":{"start":{"line":488,"column":2},"end":{"line":491,"column":3}},"type":"if","locations":[{"start":{"line":488,"column":2},"end":{"line":491,"column":3}},{"start":{},"end":{}}],"line":488}},"s":{"0":4,"1":4,"2":4,"3":4,"4":4,"5":4,"6":4,"7":4,"8":4,"9":4,"10":4,"11":4,"12":39,"13":39,"14":1,"15":1,"16":9,"17":9,"18":1,"19":8,"20":8,"21":1,"22":1,"23":7,"24":7,"25":2,"26":1,"27":1,"28":1,"29":1,"30":1,"31":1,"32":1,"33":1,"34":1,"35":1,"36":1,"37":2,"38":5,"39":2,"40":1,"41":1,"42":1,"43":1,"44":1,"45":1,"46":1,"47":1,"48":1,"49":1,"50":1,"51":2,"52":3,"53":2,"54":1,"55":1,"56":1,"57":1,"58":1,"59":1,"60":1,"61":1,"62":1,"63":1,"64":1,"65":2,"66":1,"67":4,"68":4,"69":0,"70":4,"71":4,"72":4,"73":1,"74":1,"75":3,"76":1,"77":1,"78":2,"79":2,"80":1,"81":1,"82":1,"83":1,"84":1,"85":1,"86":1,"87":1,"88":1,"89":4,"90":4,"91":0,"92":0,"93":4,"94":4,"95":0,"96":0,"97":0,"98":0,"99":0,"100":4,"101":1,"102":1,"103":0,"104":0,"105":1,"106":1,"107":0,"108":0,"109":0,"110":1,"111":3,"112":1,"113":1,"114":1,"115":0,"116":0,"117":1,"118":1,"119":0,"120":0,"121":1,"122":1,"123":1,"124":1,"125":1,"126":1,"127":2,"128":1,"129":1,"130":1,"131":0,"132":0,"133":1,"134":1,"135":0,"136":0,"137":1,"138":1,"139":1,"140":1,"141":0,"142":0,"143":1,"144":1,"145":1,"146":1,"147":1,"148":1,"149":1,"150":1,"151":1,"152":0,"153":0,"154":1,"155":1,"156":1,"157":0,"158":0,"159":1,"160":1,"161":1,"162":1,"163":1,"164":1,"165":1,"166":1,"167":1,"168":1,"169":0,"170":15,"171":15,"172":15,"173":0,"174":0,"175":15,"176":3,"177":3,"178":0,"179":0,"180":3,"181":3,"182":1,"183":1,"184":2,"185":2,"186":1,"187":1,"188":1,"189":1,"190":1,"191":1,"192":12,"193":1,"194":1,"195":1,"196":1,"197":0,"198":0,"199":0,"200":0,"201":11,"202":1,"203":1,"204":1,"205":1,"206":0,"207":0,"208":0,"209":10,"210":1,"211":1,"212":0,"213":0,"214":1,"215":1,"216":1,"217":1,"218":0,"219":0,"220":0,"221":0,"222":0,"223":0,"224":0,"225":0,"226":0,"227":0,"228":9,"229":1,"230":1,"231":0,"232":0,"233":1,"234":1,"235":1,"236":1,"237":0,"238":0,"239":0,"240":0,"241":0,"242":0,"243":0,"244":0,"245":0,"246":0,"247":0,"248":0,"249":0,"250":0,"251":0,"252":8,"253":1,"254":1,"255":1,"256":1,"257":0,"258":0,"259":0,"260":0,"261":0,"262":0,"263":0,"264":0,"265":0,"266":0,"267":7,"268":2,"269":2,"270":0,"271":0,"272":2,"273":2,"274":1,"275":1,"276":1,"277":0,"278":0,"279":1,"280":0,"281":0,"282":0,"283":0,"284":0,"285":0,"286":0,"287":0,"288":0,"289":5,"290":1,"291":1,"292":0,"293":0,"294":1,"295":1,"296":1,"297":1,"298":0,"299":0,"300":0,"301":0,"302":4,"303":1,"304":1,"305":1,"306":1,"307":0,"308":0,"309":0,"310":3,"311":1,"312":1,"313":0,"314":0,"315":1,"316":1,"317":1,"318":1,"319":0,"320":0,"321":0,"322":0,"323":0,"324":0,"325":2,"326":1,"327":1,"328":1,"329":1,"330":0,"331":0,"332":0,"333":0,"334":1,"335":0,"336":0,"337":0,"338":0,"339":0,"340":0,"341":0,"342":2,"343":2,"344":2,"345":1,"346":0,"347":1,"348":1,"349":4},"f":{"0":39,"1":1,"2":1,"3":9,"4":4,"5":0,"6":4,"7":0,"8":0,"9":0,"10":0,"11":1,"12":15,"13":0,"14":0,"15":0,"16":0,"17":0,"18":0,"19":0,"20":0,"21":0,"22":0,"23":2,"24":1},"b":{"0":[1,8],"1":[1,7],"2":[2,5],"3":[1,1],"4":[2,2,1],"5":[2,3],"6":[1,1],"7":[2,2,1],"8":[2,1],"9":[1,1],"10":[2,2,1],"11":[0,4],"12":[1,3],"13":[4,4],"14":[1,2],"15":[3,1],"16":[1,1],"17":[0,4],"18":[0,4],"19":[1,3],"20":[0,1],"21":[1,0],"22":[0,0],"23":[0,0],"24":[1,2],"25":[0,1],"26":[1,1],"27":[0,1],"28":[1,0],"29":[1,0],"30":[1,1],"31":[1,1],"32":[0,1],"33":[1,1],"34":[0,1],"35":[0,1],"36":[1,0],"37":[1,1],"38":[1,0],"39":[0,1],"40":[0,1],"41":[1,1],"42":[1,0],"43":[1,1],"44":[1,0],"45":[1,1],"46":[0,15],"47":[3,12],"48":[0,3],"49":[1,2],"50":[1,1],"51":[1,11],"52":[1,0],"53":[1,10],"54":[1,0],"55":[0,0],"56":[1,9],"57":[0,1],"58":[1,0],"59":[0,0],"60":[0,0],"61":[1,8],"62":[0,1],"63":[1,0],"64":[0,0],"65":[0,0],"66":[1,7],"67":[1,0],"68":[0,0],"69":[2,5],"70":[0,2],"71":[1,1],"72":[0,1],"73":[0,0],"74":[1,4],"75":[0,1],"76":[1,0],"77":[1,3],"78":[1,0],"79":[1,2],"80":[0,1],"81":[1,0],"82":[0,0],"83":[1,1],"84":[1,0],"85":[1,1],"86":[0,0],"87":[2,1],"88":[1,1]},"_coverageSchema":"1a1c01bbd47fc00a2c39e90264f33305004495a9","hash":"ca7feb5f58c8e88a12b5ce6d58ea98e1bbfaba53"}
,"C:\\Users\\p8426\\Downloads\\사진1\\ghld\\backend\\db.js": {"path":"C:\\Users\\p8426\\Downloads\\사진1\\ghld\\backend\\db.js","statementMap":{"0":{"start":{"line":1,"column":17},"end":{"line":1,"column":36}},"1":{"start":{"line":4,"column":17},"end":{"line":4,"column":79}},"2":{"start":{"line":6,"column":0},"end":{"line":8,"column":3}},"3":{"start":{"line":10,"column":0},"end":{"line":12,"column":3}},"4":{"start":{"line":11,"column":2},"end":{"line":11,"column":35}},"5":{"start":{"line":13,"column":0},"end":{"line":15,"column":3}},"6":{"start":{"line":14,"column":2},"end":{"line":14,"column":50}}},"fnMap":{"0":{"name":"(anonymous_0)","decl":{"start":{"line":10,"column":36},"end":{"line":10,"column":37}},"loc":{"start":{"line":10,"column":42},"end":{"line":12,"column":1}},"line":10},"1":{"name":"(anonymous_1)","decl":{"start":{"line":13,"column":32},"end":{"line":13,"column":33}},"loc":{"start":{"line":13,"column":41},"end":{"line":15,"column":1}},"line":13}},"branchMap":{"0":{"loc":{"start":{"line":4,"column":17},"end":{"line":4,"column":79}},"type":"binary-expr","locations":[{"start":{"line":4,"column":17},"end":{"line":4,"column":40}},{"start":{"line":4,"column":44},"end":{"line":4,"column":79}}],"line":4}},"s":{"0":3,"1":3,"2":3,"3":3,"4":2,"5":3,"6":0},"f":{"0":2,"1":0},"b":{"0":[3,3]},"_coverageSchema":"1a1c01bbd47fc00a2c39e90264f33305004495a9","hash":"a38c255fa18479d2e587a7e5e6b7231310cfd5a9"}
,"C:\\Users\\p8426\\Downloads\\사진1\\ghld\\backend\\monsterSpawner.js": {"path":"C:\\Users\\p8426\\Downloads\\사진1\\ghld\\backend\\monsterSpawner.js","statementMap":{"0":{"start":{"line":2,"column":22},"end":{"line":2,"column":43}},"1":{"start":{"line":5,"column":2},"end":{"line":22,"column":12}},"2":{"start":{"line":6,"column":17},"end":{"line":6,"column":37}},"3":{"start":{"line":7,"column":4},"end":{"line":21,"column":5}},"4":{"start":{"line":9,"column":6},"end":{"line":9,"column":58}},"5":{"start":{"line":9,"column":48},"end":{"line":9,"column":56}},"6":{"start":{"line":10,"column":6},"end":{"line":20,"column":7}},"7":{"start":{"line":11,"column":19},"end":{"line":11,"column":33}},"8":{"start":{"line":12,"column":8},"end":{"line":12,"column":67}},"9":{"start":{"line":12,"column":44},"end":{"line":12,"column":67}},"10":{"start":{"line":13,"column":8},"end":{"line":13,"column":63}},"11":{"start":{"line":13,"column":42},"end":{"line":13,"column":63}},"12":{"start":{"line":14,"column":8},"end":{"line":17,"column":9}},"13":{"start":{"line":15,"column":20},"end":{"line":15,"column":84}},"14":{"start":{"line":16,"column":10},"end":{"line":16,"column":32}},"15":{"start":{"line":18,"column":28},"end":{"line":18,"column":57}},"16":{"start":{"line":19,"column":8},"end":{"line":19,"column":117}},"17":{"start":{"line":19,"column":38},"end":{"line":19,"column":115}},"18":{"start":{"line":24,"column":0},"end":{"line":24,"column":36}}},"fnMap":{"0":{"name":"respawnMonster","decl":{"start":{"line":4,"column":9},"end":{"line":4,"column":23}},"loc":{"start":{"line":4,"column":167},"end":{"line":23,"column":1}},"line":4},"1":{"name":"(anonymous_1)","decl":{"start":{"line":5,"column":13},"end":{"line":5,"column":14}},"loc":{"start":{"line":5,"column":19},"end":{"line":22,"column":3}},"line":5},"2":{"name":"(anonymous_2)","decl":{"start":{"line":9,"column":43},"end":{"line":9,"column":44}},"loc":{"start":{"line":9,"column":48},"end":{"line":9,"column":56}},"line":9},"3":{"name":"(anonymous_3)","decl":{"start":{"line":19,"column":28},"end":{"line":19,"column":29}},"loc":{"start":{"line":19,"column":38},"end":{"line":19,"column":115}},"line":19}},"branchMap":{"0":{"loc":{"start":{"line":7,"column":4},"end":{"line":21,"column":5}},"type":"if","locations":[{"start":{"line":7,"column":4},"end":{"line":21,"column":5}},{"start":{},"end":{}}],"line":7},"1":{"loc":{"start":{"line":10,"column":6},"end":{"line":20,"column":7}},"type":"if","locations":[{"start":{"line":10,"column":6},"end":{"line":20,"column":7}},{"start":{},"end":{}}],"line":10},"2":{"loc":{"start":{"line":12,"column":8},"end":{"line":12,"column":67}},"type":"if","locations":[{"start":{"line":12,"column":8},"end":{"line":12,"column":67}},{"start":{},"end":{}}],"line":12},"3":{"loc":{"start":{"line":13,"column":8},"end":{"line":13,"column":63}},"type":"if","locations":[{"start":{"line":13,"column":8},"end":{"line":13,"column":63}},{"start":{},"end":{}}],"line":13},"4":{"loc":{"start":{"line":14,"column":8},"end":{"line":17,"column":9}},"type":"if","locations":[{"start":{"line":14,"column":8},"end":{"line":17,"column":9}},{"start":{},"end":{}}],"line":14}},"s":{"0":3,"1":4,"2":4,"3":4,"4":4,"5":1,"6":4,"7":3,"8":3,"9":0,"10":3,"11":0,"12":3,"13":2,"14":2,"15":3,"16":3,"17":2,"18":3},"f":{"0":4,"1":4,"2":1,"3":2},"b":{"0":[4,0],"1":[3,1],"2":[0,3],"3":[0,3],"4":[2,1]},"_coverageSchema":"1a1c01bbd47fc00a2c39e90264f33305004495a9","hash":"1f812f0a82a3af00087a55e520d988a35d9e8f8c"}
,"C:\\Users\\p8426\\Downloads\\사진1\\ghld\\backend\\playerManager.js": {"path":"C:\\Users\\p8426\\Downloads\\사진1\\ghld\\backend\\playerManager.js","statementMap":{"0":{"start":{"line":4,"column":4},"end":{"line":4,"column":22}},"1":{"start":{"line":7,"column":4},"end":{"line":7,"column":35}},"2":{"start":{"line":10,"column":4},"end":{"line":10,"column":30}},"3":{"start":{"line":13,"column":4},"end":{"line":13,"column":30}},"4":{"start":{"line":16,"column":4},"end":{"line":16,"column":24}},"5":{"start":{"line":20,"column":0},"end":{"line":20,"column":37}}},"fnMap":{"0":{"name":"(anonymous_0)","decl":{"start":{"line":3,"column":2},"end":{"line":3,"column":3}},"loc":{"start":{"line":3,"column":16},"end":{"line":5,"column":3}},"line":3},"1":{"name":"(anonymous_1)","decl":{"start":{"line":6,"column":2},"end":{"line":6,"column":3}},"loc":{"start":{"line":6,"column":29},"end":{"line":8,"column":3}},"line":6},"2":{"name":"(anonymous_2)","decl":{"start":{"line":9,"column":2},"end":{"line":9,"column":3}},"loc":{"start":{"line":9,"column":21},"end":{"line":11,"column":3}},"line":9},"3":{"name":"(anonymous_3)","decl":{"start":{"line":12,"column":2},"end":{"line":12,"column":3}},"loc":{"start":{"line":12,"column":18},"end":{"line":14,"column":3}},"line":12},"4":{"name":"(anonymous_4)","decl":{"start":{"line":15,"column":2},"end":{"line":15,"column":3}},"loc":{"start":{"line":15,"column":18},"end":{"line":17,"column":3}},"line":15}},"branchMap":{},"s":{"0":4,"1":7,"2":1,"3":2,"4":4,"5":4},"f":{"0":4,"1":7,"2":1,"3":2,"4":4},"b":{},"_coverageSchema":"1a1c01bbd47fc00a2c39e90264f33305004495a9","hash":"8084189b5854d630f9c3c5e815e8b8ec23d8898e"}
,"C:\\Users\\p8426\\Downloads\\사진1\\ghld\\backend\\roomManager.js": {"path":"C:\\Users\\p8426\\Downloads\\사진1\\ghld\\backend\\roomManager.js","statementMap":{"0":{"start":{"line":1,"column":13},"end":{"line":1,"column":36}},"1":{"start":{"line":7,"column":4},"end":{"line":7,"column":20}},"2":{"start":{"line":10,"column":4},"end":{"line":10,"column":51}},"3":{"start":{"line":10,"column":28},"end":{"line":10,"column":51}},"4":{"start":{"line":11,"column":4},"end":{"line":11,"column":57}},"5":{"start":{"line":11,"column":31},"end":{"line":11,"column":57}},"6":{"start":{"line":12,"column":4},"end":{"line":12,"column":115}},"7":{"start":{"line":12,"column":34},"end":{"line":12,"column":115}},"8":{"start":{"line":13,"column":4},"end":{"line":13,"column":35}},"9":{"start":{"line":16,"column":4},"end":{"line":16,"column":52}},"10":{"start":{"line":19,"column":4},"end":{"line":19,"column":55}},"11":{"start":{"line":22,"column":4},"end":{"line":22,"column":57}},"12":{"start":{"line":26,"column":0},"end":{"line":26,"column":35}}},"fnMap":{"0":{"name":"(anonymous_0)","decl":{"start":{"line":5,"column":2},"end":{"line":5,"column":3}},"loc":{"start":{"line":5,"column":16},"end":{"line":8,"column":3}},"line":5},"1":{"name":"(anonymous_1)","decl":{"start":{"line":9,"column":2},"end":{"line":9,"column":3}},"loc":{"start":{"line":9,"column":23},"end":{"line":14,"column":3}},"line":9},"2":{"name":"(anonymous_2)","decl":{"start":{"line":15,"column":2},"end":{"line":15,"column":3}},"loc":{"start":{"line":15,"column":43},"end":{"line":17,"column":3}},"line":15},"3":{"name":"(anonymous_3)","decl":{"start":{"line":18,"column":2},"end":{"line":18,"column":3}},"loc":{"start":{"line":18,"column":48},"end":{"line":20,"column":3}},"line":18},"4":{"name":"(anonymous_4)","decl":{"start":{"line":21,"column":2},"end":{"line":21,"column":3}},"loc":{"start":{"line":21,"column":32},"end":{"line":23,"column":3}},"line":21}},"branchMap":{"0":{"loc":{"start":{"line":10,"column":4},"end":{"line":10,"column":51}},"type":"if","locations":[{"start":{"line":10,"column":4},"end":{"line":10,"column":51}},{"start":{},"end":{}}],"line":10},"1":{"loc":{"start":{"line":11,"column":4},"end":{"line":11,"column":57}},"type":"if","locations":[{"start":{"line":11,"column":4},"end":{"line":11,"column":57}},{"start":{},"end":{}}],"line":11},"2":{"loc":{"start":{"line":12,"column":4},"end":{"line":12,"column":115}},"type":"if","locations":[{"start":{"line":12,"column":4},"end":{"line":12,"column":115}},{"start":{},"end":{}}],"line":12}},"s":{"0":5,"1":5,"2":17,"3":6,"4":17,"5":8,"6":17,"7":8,"8":17,"9":7,"10":4,"11":5,"12":5},"f":{"0":5,"1":17,"2":7,"3":4,"4":5},"b":{"0":[6,11],"1":[8,9],"2":[8,9]},"_coverageSchema":"1a1c01bbd47fc00a2c39e90264f33305004495a9","hash":"3de6d3caa659af261149909b42b51cefd06f1596"}
,"C:\\Users\\p8426\\Downloads\\사진1\\ghld\\backend\\server.js": {"path":"C:\\Users\\p8426\\Downloads\\사진1\\ghld\\backend\\server.js","statementMap":{"0":{"start":{"line":1,"column":16},"end":{"line":1,"column":34}},"1":{"start":{"line":2,"column":13},"end":{"line":2,"column":28}},"2":{"start":{"line":3,"column":28},"end":{"line":3,"column":41}},"3":{"start":{"line":4,"column":13},"end":{"line":4,"column":28}},"4":{"start":{"line":5,"column":15},"end":{"line":5,"column":41}},"5":{"start":{"line":6,"column":82},"end":{"line":6,"column":105}},"6":{"start":{"line":7,"column":50},"end":{"line":7,"column":71}},"7":{"start":{"line":8,"column":16},"end":{"line":8,"column":43}},"8":{"start":{"line":16,"column":4},"end":{"line":16,"column":32}},"9":{"start":{"line":17,"column":26},"end":{"line":17,"column":45}},"10":{"start":{"line":18,"column":27},"end":{"line":18,"column":54}},"11":{"start":{"line":19,"column":0},"end":{"line":19,"column":16}},"12":{"start":{"line":20,"column":19},"end":{"line":20,"column":43}},"13":{"start":{"line":21,"column":12},"end":{"line":21,"column":35}},"14":{"start":{"line":22,"column":15},"end":{"line":22,"column":32}},"15":{"start":{"line":23,"column":19},"end":{"line":23,"column":49}},"16":{"start":{"line":24,"column":13},"end":{"line":24,"column":37}},"17":{"start":{"line":38,"column":4},"end":{"line":38,"column":25}},"18":{"start":{"line":39,"column":15},"end":{"line":39,"column":46}},"19":{"start":{"line":40,"column":21},"end":{"line":40,"column":58}},"20":{"start":{"line":41,"column":21},"end":{"line":41,"column":47}},"21":{"start":{"line":42,"column":19},"end":{"line":42,"column":43}},"22":{"start":{"line":43,"column":21},"end":{"line":43,"column":47}},"23":{"start":{"line":44,"column":19},"end":{"line":44,"column":43}},"24":{"start":{"line":45,"column":22},"end":{"line":45,"column":48}},"25":{"start":{"line":46,"column":20},"end":{"line":46,"column":44}},"26":{"start":{"line":47,"column":20},"end":{"line":47,"column":53}},"27":{"start":{"line":48,"column":22},"end":{"line":48,"column":57}},"28":{"start":{"line":49,"column":26},"end":{"line":49,"column":47}},"29":{"start":{"line":50,"column":26},"end":{"line":50,"column":65}},"30":{"start":{"line":52,"column":12},"end":{"line":52,"column":21}},"31":{"start":{"line":53,"column":0},"end":{"line":53,"column":16}},"32":{"start":{"line":54,"column":0},"end":{"line":54,"column":24}},"33":{"start":{"line":55,"column":0},"end":{"line":55,"column":16}},"34":{"start":{"line":56,"column":0},"end":{"line":56,"column":33}},"35":{"start":{"line":57,"column":0},"end":{"line":57,"column":37}},"36":{"start":{"line":58,"column":0},"end":{"line":58,"column":33}},"37":{"start":{"line":59,"column":0},"end":{"line":59,"column":37}},"38":{"start":{"line":60,"column":0},"end":{"line":60,"column":33}},"39":{"start":{"line":61,"column":0},"end":{"line":61,"column":22}},"40":{"start":{"line":62,"column":15},"end":{"line":62,"column":37}},"41":{"start":{"line":63,"column":12},"end":{"line":63,"column":43}},"42":{"start":{"line":64,"column":13},"end":{"line":64,"column":37}},"43":{"start":{"line":66,"column":22},"end":{"line":66,"column":24}},"44":{"start":{"line":69,"column":2},"end":{"line":71,"column":24}},"45":{"start":{"line":70,"column":19},"end":{"line":70,"column":94}},"46":{"start":{"line":71,"column":16},"end":{"line":71,"column":22}},"47":{"start":{"line":111,"column":18},"end":{"line":111,"column":28}},"48":{"start":{"line":112,"column":2},"end":{"line":114,"column":3}},"49":{"start":{"line":113,"column":4},"end":{"line":113,"column":124}},"50":{"start":{"line":115,"column":2},"end":{"line":117,"column":3}},"51":{"start":{"line":116,"column":4},"end":{"line":116,"column":70}},"52":{"start":{"line":118,"column":2},"end":{"line":120,"column":3}},"53":{"start":{"line":119,"column":4},"end":{"line":119,"column":69}},"54":{"start":{"line":121,"column":2},"end":{"line":123,"column":3}},"55":{"start":{"line":122,"column":4},"end":{"line":122,"column":69}},"56":{"start":{"line":124,"column":2},"end":{"line":126,"column":3}},"57":{"start":{"line":125,"column":4},"end":{"line":125,"column":68}},"58":{"start":{"line":127,"column":2},"end":{"line":129,"column":3}},"59":{"start":{"line":128,"column":4},"end":{"line":128,"column":42}},"60":{"start":{"line":130,"column":2},"end":{"line":132,"column":3}},"61":{"start":{"line":131,"column":4},"end":{"line":131,"column":43}},"62":{"start":{"line":133,"column":2},"end":{"line":135,"column":3}},"63":{"start":{"line":134,"column":4},"end":{"line":134,"column":42}},"64":{"start":{"line":136,"column":2},"end":{"line":138,"column":3}},"65":{"start":{"line":137,"column":4},"end":{"line":137,"column":43}},"66":{"start":{"line":140,"column":2},"end":{"line":143,"column":3}},"67":{"start":{"line":141,"column":31},"end":{"line":141,"column":49}},"68":{"start":{"line":142,"column":4},"end":{"line":142,"column":46}},"69":{"start":{"line":145,"column":2},"end":{"line":145,"column":45}},"70":{"start":{"line":150,"column":2},"end":{"line":155,"column":4}},"71":{"start":{"line":160,"column":17},"end":{"line":160,"column":52}},"72":{"start":{"line":161,"column":2},"end":{"line":161,"column":22}},"73":{"start":{"line":161,"column":15},"end":{"line":161,"column":22}},"74":{"start":{"line":162,"column":2},"end":{"line":195,"column":3}},"75":{"start":{"line":163,"column":18},"end":{"line":163,"column":64}},"76":{"start":{"line":164,"column":4},"end":{"line":164,"column":23}},"77":{"start":{"line":164,"column":16},"end":{"line":164,"column":23}},"78":{"start":{"line":165,"column":4},"end":{"line":165,"column":31}},"79":{"start":{"line":166,"column":4},"end":{"line":166,"column":37}},"80":{"start":{"line":167,"column":4},"end":{"line":167,"column":25}},"81":{"start":{"line":168,"column":4},"end":{"line":168,"column":31}},"82":{"start":{"line":169,"column":4},"end":{"line":169,"column":25}},"83":{"start":{"line":170,"column":4},"end":{"line":170,"column":31}},"84":{"start":{"line":171,"column":4},"end":{"line":171,"column":27}},"85":{"start":{"line":172,"column":4},"end":{"line":172,"column":27}},"86":{"start":{"line":173,"column":4},"end":{"line":173,"column":27}},"87":{"start":{"line":174,"column":4},"end":{"line":174,"column":27}},"88":{"start":{"line":175,"column":4},"end":{"line":175,"column":27}},"89":{"start":{"line":176,"column":4},"end":{"line":176,"column":29}},"90":{"start":{"line":177,"column":4},"end":{"line":177,"column":39}},"91":{"start":{"line":178,"column":4},"end":{"line":178,"column":33}},"92":{"start":{"line":179,"column":4},"end":{"line":179,"column":39}},"93":{"start":{"line":180,"column":4},"end":{"line":180,"column":33}},"94":{"start":{"line":181,"column":4},"end":{"line":181,"column":39}},"95":{"start":{"line":182,"column":4},"end":{"line":182,"column":33}},"96":{"start":{"line":183,"column":4},"end":{"line":183,"column":39}},"97":{"start":{"line":184,"column":4},"end":{"line":184,"column":43}},"98":{"start":{"line":185,"column":4},"end":{"line":185,"column":41}},"99":{"start":{"line":186,"column":4},"end":{"line":186,"column":33}},"100":{"start":{"line":187,"column":4},"end":{"line":187,"column":23}},"101":{"start":{"line":189,"column":4},"end":{"line":194,"column":5}},"102":{"start":{"line":190,"column":6},"end":{"line":190,"column":64}},"103":{"start":{"line":193,"column":6},"end":{"line":193,"column":51}},"104":{"start":{"line":199,"column":24},"end":{"line":212,"column":1}},"105":{"start":{"line":208,"column":20},"end":{"line":208,"column":67}},"106":{"start":{"line":209,"column":19},"end":{"line":209,"column":43}},"107":{"start":{"line":210,"column":19},"end":{"line":210,"column":41}},"108":{"start":{"line":211,"column":20},"end":{"line":211,"column":43}},"109":{"start":{"line":215,"column":20},"end":{"line":219,"column":2}},"110":{"start":{"line":220,"column":22},"end":{"line":224,"column":2}},"111":{"start":{"line":225,"column":0},"end":{"line":225,"column":46}},"112":{"start":{"line":227,"column":0},"end":{"line":480,"column":3}},"113":{"start":{"line":228,"column":19},"end":{"line":228,"column":21}},"114":{"start":{"line":230,"column":2},"end":{"line":462,"column":5}},"115":{"start":{"line":232,"column":4},"end":{"line":237,"column":5}},"116":{"start":{"line":233,"column":6},"end":{"line":233,"column":33}},"117":{"start":{"line":235,"column":6},"end":{"line":235,"column":74}},"118":{"start":{"line":236,"column":6},"end":{"line":236,"column":13}},"119":{"start":{"line":239,"column":4},"end":{"line":375,"column":5}},"120":{"start":{"line":240,"column":30},"end":{"line":240,"column":34}},"121":{"start":{"line":241,"column":6},"end":{"line":241,"column":52}},"122":{"start":{"line":242,"column":6},"end":{"line":247,"column":7}},"123":{"start":{"line":243,"column":8},"end":{"line":243,"column":37}},"124":{"start":{"line":244,"column":8},"end":{"line":244,"column":96}},"125":{"start":{"line":245,"column":8},"end":{"line":245,"column":19}},"126":{"start":{"line":246,"column":8},"end":{"line":246,"column":15}},"127":{"start":{"line":249,"column":6},"end":{"line":262,"column":7}},"128":{"start":{"line":250,"column":8},"end":{"line":250,"column":44}},"129":{"start":{"line":251,"column":8},"end":{"line":256,"column":9}},"130":{"start":{"line":252,"column":10},"end":{"line":252,"column":70}},"131":{"start":{"line":253,"column":10},"end":{"line":253,"column":102}},"132":{"start":{"line":254,"column":10},"end":{"line":254,"column":21}},"133":{"start":{"line":255,"column":10},"end":{"line":255,"column":17}},"134":{"start":{"line":258,"column":8},"end":{"line":258,"column":42}},"135":{"start":{"line":259,"column":8},"end":{"line":259,"column":97}},"136":{"start":{"line":260,"column":8},"end":{"line":260,"column":19}},"137":{"start":{"line":261,"column":8},"end":{"line":261,"column":15}},"138":{"start":{"line":263,"column":6},"end":{"line":263,"column":24}},"139":{"start":{"line":264,"column":6},"end":{"line":310,"column":11}},"140":{"start":{"line":265,"column":20},"end":{"line":265,"column":72}},"141":{"start":{"line":266,"column":8},"end":{"line":279,"column":9}},"142":{"start":{"line":267,"column":10},"end":{"line":267,"column":79}},"143":{"start":{"line":268,"column":10},"end":{"line":276,"column":13}},"144":{"start":{"line":278,"column":10},"end":{"line":278,"column":52}},"145":{"start":{"line":280,"column":23},"end":{"line":280,"column":49}},"146":{"start":{"line":281,"column":8},"end":{"line":281,"column":35}},"147":{"start":{"line":282,"column":8},"end":{"line":282,"column":41}},"148":{"start":{"line":283,"column":8},"end":{"line":283,"column":29}},"149":{"start":{"line":284,"column":8},"end":{"line":284,"column":35}},"150":{"start":{"line":285,"column":8},"end":{"line":285,"column":29}},"151":{"start":{"line":286,"column":8},"end":{"line":286,"column":35}},"152":{"start":{"line":287,"column":8},"end":{"line":287,"column":31}},"153":{"start":{"line":288,"column":8},"end":{"line":288,"column":31}},"154":{"start":{"line":289,"column":8},"end":{"line":289,"column":31}},"155":{"start":{"line":290,"column":8},"end":{"line":290,"column":31}},"156":{"start":{"line":291,"column":8},"end":{"line":291,"column":31}},"157":{"start":{"line":292,"column":8},"end":{"line":292,"column":33}},"158":{"start":{"line":293,"column":8},"end":{"line":293,"column":43}},"159":{"start":{"line":294,"column":8},"end":{"line":294,"column":42}},"160":{"start":{"line":295,"column":8},"end":{"line":295,"column":49}},"161":{"start":{"line":296,"column":8},"end":{"line":296,"column":42}},"162":{"start":{"line":297,"column":8},"end":{"line":297,"column":49}},"163":{"start":{"line":298,"column":8},"end":{"line":298,"column":42}},"164":{"start":{"line":299,"column":8},"end":{"line":299,"column":49}},"165":{"start":{"line":300,"column":8},"end":{"line":300,"column":55}},"166":{"start":{"line":301,"column":8},"end":{"line":301,"column":53}},"167":{"start":{"line":302,"column":8},"end":{"line":302,"column":52}},"168":{"start":{"line":303,"column":8},"end":{"line":303,"column":97}},"169":{"start":{"line":304,"column":8},"end":{"line":304,"column":59}},"170":{"start":{"line":305,"column":8},"end":{"line":305,"column":100}},"171":{"start":{"line":306,"column":8},"end":{"line":306,"column":59}},"172":{"start":{"line":307,"column":8}
[...]
:102}},"53":{"start":{"line":72,"column":6},"end":{"line":72,"column":13}},"54":{"start":{"line":74,"column":22},"end":{"line":74,"column":55}},"55":{"start":{"line":75,"column":4},"end":{"line":75,"column":29}},"56":{"start":{"line":76,"column":4},"end":{"line":76,"column":36}},"57":{"start":{"line":77,"column":4},"end":{"line":77,"column":58}},"58":{"start":{"line":78,"column":4},"end":{"line":78,"column":31}},"59":{"start":{"line":79,"column":4},"end":{"line":79,"column":35}},"60":{"start":{"line":80,"column":4},"end":{"line":80,"column":119}},"61":{"start":{"line":84,"column":0},"end":{"line":84,"column":29}}},"fnMap":{"0":{"name":"(anonymous_0)","decl":{"start":{"line":7,"column":2},"end":{"line":7,"column":3}},"loc":{"start":{"line":7,"column":68},"end":{"line":11,"column":3}},"line":7},"1":{"name":"(anonymous_1)","decl":{"start":{"line":16,"column":2},"end":{"line":16,"column":3}},"loc":{"start":{"line":16,"column":75},"end":{"line":45,"column":3}},"line":16},"2":{"name":"(anonymous_2)","decl":{"start":{"line":28,"column":39},"end":{"line":28,"column":40}},"loc":{"start":{"line":28,"column":49},"end":{"line":28,"column":71}},"line":28},"3":{"name":"(anonymous_3)","decl":{"start":{"line":41,"column":48},"end":{"line":41,"column":49}},"loc":{"start":{"line":41,"column":54},"end":{"line":41,"column":56}},"line":41},"4":{"name":"(anonymous_4)","decl":{"start":{"line":50,"column":2},"end":{"line":50,"column":3}},"loc":{"start":{"line":50,"column":76},"end":{"line":81,"column":3}},"line":50},"5":{"name":"(anonymous_5)","decl":{"start":{"line":60,"column":43},"end":{"line":60,"column":44}},"loc":{"start":{"line":60,"column":53},"end":{"line":60,"column":75}},"line":60},"6":{"name":"(anonymous_6)","decl":{"start":{"line":67,"column":39},"end":{"line":67,"column":40}},"loc":{"start":{"line":67,"column":49},"end":{"line":67,"column":71}},"line":67},"7":{"name":"(anonymous_7)","decl":{"start":{"line":77,"column":48},"end":{"line":77,"column":49}},"loc":{"start":{"line":77,"column":54},"end":{"line":77,"column":56}},"line":77}},"branchMap":{"0":{"loc":{"start":{"line":18,"column":4},"end":{"line":18,"column":59}},"type":"if","locations":[{"start":{"line":18,"column":4},"end":{"line":18,"column":59}},{"start":{},"end":{}}],"line":18},"1":{"loc":{"start":{"line":21,"column":4},"end":{"line":24,"column":5}},"type":"if","locations":[{"start":{"line":21,"column":4},"end":{"line":24,"column":5}},{"start":{},"end":{}}],"line":21},"2":{"loc":{"start":{"line":29,"column":6},"end":{"line":29,"column":27}},"type":"if","locations":[{"start":{"line":29,"column":6},"end":{"line":29,"column":27}},{"start":{},"end":{}}],"line":29},"3":{"loc":{"start":{"line":31,"column":4},"end":{"line":34,"column":5}},"type":"if","locations":[{"start":{"line":31,"column":4},"end":{"line":34,"column":5}},{"start":{},"end":{}}],"line":31},"4":{"loc":{"start":{"line":35,"column":4},"end":{"line":38,"column":5}},"type":"if","locations":[{"start":{"line":35,"column":4},"end":{"line":38,"column":5}},{"start":{},"end":{}}],"line":35},"5":{"loc":{"start":{"line":52,"column":4},"end":{"line":52,"column":24}},"type":"if","locations":[{"start":{"line":52,"column":4},"end":{"line":52,"column":24}},{"start":{},"end":{}}],"line":52},"6":{"loc":{"start":{"line":55,"column":4},"end":{"line":58,"column":5}},"type":"if","locations":[{"start":{"line":55,"column":4},"end":{"line":58,"column":5}},{"start":{},"end":{}}],"line":55},"7":{"loc":{"start":{"line":61,"column":4},"end":{"line":64,"column":5}},"type":"if","locations":[{"start":{"line":61,"column":4},"end":{"line":64,"column":5}},{"start":{},"end":{}}],"line":61},"8":{"loc":{"start":{"line":68,"column":6},"end":{"line":68,"column":27}},"type":"if","locations":[{"start":{"line":68,"column":6},"end":{"line":68,"column":27}},{"start":{},"end":{}}],"line":68},"9":{"loc":{"start":{"line":70,"column":4},"end":{"line":73,"column":5}},"type":"if","locations":[{"start":{"line":70,"column":4},"end":{"line":73,"column":5}},{"start":{},"end":{}}],"line":70}},"s":{"0":11,"1":11,"2":11,"3":4,"4":4,"5":0,"6":0,"7":4,"8":4,"9":4,"10":1,"11":1,"12":3,"13":3,"14":3,"15":4,"16":4,"17":4,"18":2,"19":3,"20":1,"21":1,"22":2,"23":1,"24":1,"25":1,"26":1,"27":1,"28":1,"29":1,"30":1,"31":4,"32":4,"33":0,"34":4,"35":4,"36":4,"37":1,"38":1,"39":3,"40":3,"41":2,"42":3,"43":1,"44":1,"45":2,"46":2,"47":3,"48":3,"49":3,"50":1,"51":2,"52":1,"53":1,"54":1,"55":1,"56":1,"57":1,"58":1,"59":1,"60":1,"61":5},"f":{"0":11,"1":4,"2":4,"3":0,"4":4,"5":2,"6":3,"7":0},"b":{"0":[0,4],"1":[1,3],"2":[2,2],"3":[1,2],"4":[1,1],"5":[0,4],"6":[1,3],"7":[1,2],"8":[1,2],"9":[1,1]},"_coverageSchema":"1a1c01bbd47fc00a2c39e90264f33305004495a9","hash":"bf53907357a34687e03776c2e5230288928cc4a5"}
,"C:\\Users\\p8426\\Downloads\\사진1\\ghld\\backend\\utils\\Room.js": {"path":"C:\\Users\\p8426\\Downloads\\사진1\\ghld\\backend\\utils\\Room.js","statementMap":{"0":{"start":{"line":3,"column":4},"end":{"line":3,"column":15}},"1":{"start":{"line":4,"column":4},"end":{"line":4,"column":15}},"2":{"start":{"line":5,"column":4},"end":{"line":5,"column":21}},"3":{"start":{"line":6,"column":4},"end":{"line":6,"column":21}},"4":{"start":{"line":7,"column":4},"end":{"line":7,"column":35}},"5":{"start":{"line":8,"column":4},"end":{"line":8,"column":23}},"6":{"start":{"line":9,"column":4},"end":{"line":9,"column":29}},"7":{"start":{"line":10,"column":4},"end":{"line":10,"column":20}},"8":{"start":{"line":11,"column":4},"end":{"line":11,"column":23}},"9":{"start":{"line":13,"column":26},"end":{"line":13,"column":55}},"10":{"start":{"line":14,"column":29},"end":{"line":14,"column":61}},"11":{"start":{"line":15,"column":26},"end":{"line":15,"column":62}},"12":{"start":{"line":16,"column":18},"end":{"line":16,"column":40}},"13":{"start":{"line":17,"column":25},"end":{"line":17,"column":82}},"14":{"start":{"line":17,"column":61},"end":{"line":17,"column":80}},"15":{"start":{"line":18,"column":24},"end":{"line":18,"column":52}},"16":{"start":{"line":19,"column":29},"end":{"line":19,"column":91}},"17":{"start":{"line":19,"column":71},"end":{"line":19,"column":89}},"18":{"start":{"line":21,"column":0},"end":{"line":21,"column":22}}},"fnMap":{"0":{"name":"(anonymous_0)","decl":{"start":{"line":2,"column":2},"end":{"line":2,"column":3}},"loc":{"start":{"line":2,"column":52},"end":{"line":12,"column":3}},"line":2},"1":{"name":"(anonymous_1)","decl":{"start":{"line":13,"column":2},"end":{"line":13,"column":3}},"loc":{"start":{"line":13,"column":24},"end":{"line":13,"column":57}},"line":13},"2":{"name":"(anonymous_2)","decl":{"start":{"line":14,"column":2},"end":{"line":14,"column":3}},"loc":{"start":{"line":14,"column":27},"end":{"line":14,"column":63}},"line":14},"3":{"name":"(anonymous_3)","decl":{"start":{"line":15,"column":2},"end":{"line":15,"column":3}},"loc":{"start":{"line":15,"column":24},"end":{"line":15,"column":64}},"line":15},"4":{"name":"(anonymous_4)","decl":{"start":{"line":16,"column":2},"end":{"line":16,"column":3}},"loc":{"start":{"line":16,"column":16},"end":{"line":16,"column":42}},"line":16},"5":{"name":"(anonymous_5)","decl":{"start":{"line":17,"column":2},"end":{"line":17,"column":3}},"loc":{"start":{"line":17,"column":23},"end":{"line":17,"column":84}},"line":17},"6":{"name":"(anonymous_6)","decl":{"start":{"line":17,"column":56},"end":{"line":17,"column":57}},"loc":{"start":{"line":17,"column":61},"end":{"line":17,"column":80}},"line":17},"7":{"name":"(anonymous_7)","decl":{"start":{"line":18,"column":2},"end":{"line":18,"column":3}},"loc":{"start":{"line":18,"column":22},"end":{"line":18,"column":54}},"line":18},"8":{"name":"(anonymous_8)","decl":{"start":{"line":19,"column":2},"end":{"line":19,"column":3}},"loc":{"start":{"line":19,"column":27},"end":{"line":19,"column":93}},"line":19},"9":{"name":"(anonymous_9)","decl":{"start":{"line":19,"column":66},"end":{"line":19,"column":67}},"loc":{"start":{"line":19,"column":71},"end":{"line":19,"column":89}},"line":19}},"branchMap":{},"s":{"0":8513,"1":8513,"2":8513,"3":8513,"4":8513,"5":8513,"6":8513,"7":8513,"8":8513,"9":10,"10":6,"11":2,"12":1,"13":2,"14":1,"15":1,"16":2,"17":1,"18":11},"f":{"0":8513,"1":10,"2":6,"3":2,"4":1,"5":2,"6":1,"7":1,"8":2,"9":1},"b":{},"_coverageSchema":"1a1c01bbd47fc00a2c39e90264f33305004495a9","hash":"2a31b2a42f5b68376bfd26283825b8a3325a33a1"}
,"C:\\Users\\p8426\\Downloads\\사진1\\ghld\\backend\\utils\\broadcast.js": {"path":"C:\\Users\\p8426\\Downloads\\사진1\\ghld\\backend\\utils\\broadcast.js","statementMap":{"0":{"start":{"line":10,"column":52},"end":{"line":10,"column":74}},"1":{"start":{"line":11,"column":15},"end":{"line":11,"column":42}},"2":{"start":{"line":12,"column":22},"end":{"line":12,"column":24}},"3":{"start":{"line":13,"column":13},"end":{"line":13,"column":30}},"4":{"start":{"line":19,"column":14},"end":{"line":19,"column":33}},"5":{"start":{"line":20,"column":2},"end":{"line":24,"column":5}},"6":{"start":{"line":21,"column":4},"end":{"line":23,"column":5}},"7":{"start":{"line":22,"column":6},"end":{"line":22,"column":23}},"8":{"start":{"line":31,"column":2},"end":{"line":31,"column":66}},"9":{"start":{"line":38,"column":19},"end":{"line":38,"column":34}},"10":{"start":{"line":39,"column":16},"end":{"line":39,"column":33}},"11":{"start":{"line":40,"column":15},"end":{"line":40,"column":35}},"12":{"start":{"line":41,"column":2},"end":{"line":44,"column":3}},"13":{"start":{"line":42,"column":4},"end":{"line":42,"column":83}},"14":{"start":{"line":43,"column":4},"end":{"line":43,"column":11}},"15":{"start":{"line":45,"column":21},"end":{"line":45,"column":50}},"16":{"start":{"line":47,"column":16},"end":{"line":47,"column":25}},"17":{"start":{"line":48,"column":2},"end":{"line":48,"column":43}},"18":{"start":{"line":48,"column":19},"end":{"line":48,"column":43}},"19":{"start":{"line":50,"column":15},"end":{"line":50,"column":16}},"20":{"start":{"line":51,"column":22},"end":{"line":51,"column":24}},"21":{"start":{"line":52,"column":2},"end":{"line":59,"column":3}},"22":{"start":{"line":52,"column":16},"end":{"line":52,"column":24}},"23":{"start":{"line":53,"column":4},"end":{"line":58,"column":5}},"24":{"start":{"line":53,"column":18},"end":{"line":53,"column":26}},"25":{"start":{"line":54,"column":6},"end":{"line":57,"column":7}},"26":{"start":{"line":55,"column":18},"end":{"line":55,"column":40}},"27":{"start":{"line":56,"column":8},"end":{"line":56,"column":64}},"28":{"start":{"line":56,"column":15},"end":{"line":56,"column":64}},"29":{"start":{"line":61,"column":18},"end":{"line":61,"column":20}},"30":{"start":{"line":62,"column":2},"end":{"line":69,"column":3}},"31":{"start":{"line":62,"column":16},"end":{"line":62,"column":17}},"32":{"start":{"line":63,"column":16},"end":{"line":63,"column":18}},"33":{"start":{"line":64,"column":4},"end":{"line":67,"column":5}},"34":{"start":{"line":64,"column":18},"end":{"line":64,"column":19}},"35":{"start":{"line":65,"column":16},"end":{"line":65,"column":38}},"36":{"start":{"line":66,"column":6},"end":{"line":66,"column":45}},"37":{"start":{"line":68,"column":4},"end":{"line":68,"column":22}},"38":{"start":{"line":70,"column":2},"end":{"line":90,"column":4}},"39":{"start":{"line":91,"column":2},"end":{"line":98,"column":3}},"40":{"start":{"line":92,"column":4},"end":{"line":97,"column":6}},"41":{"start":{"line":105,"column":2},"end":{"line":109,"column":5}},"42":{"start":{"line":106,"column":4},"end":{"line":108,"column":5}},"43":{"start":{"line":107,"column":6},"end":{"line":107,"column":73}},"44":{"start":{"line":116,"column":2},"end":{"line":121,"column":4}},"45":{"start":{"line":128,"column":15},"end":{"line":145,"column":3}},"46":{"start":{"line":146,"column":2},"end":{"line":146,"column":62}},"47":{"start":{"line":149,"column":0},"end":{"line":149,"column":126}}},"fnMap":{"0":{"name":"broadcast","decl":{"start":{"line":18,"column":9},"end":{"line":18,"column":18}},"loc":{"start":{"line":18,"column":29},"end":{"line":25,"column":1}},"line":18},"1":{"name":"(anonymous_1)","decl":{"start":{"line":20,"column":22},"end":{"line":20,"column":23}},"loc":{"start":{"line":20,"column":34},"end":{"line":24,"column":3}},"line":20},"2":{"name":"sendPlayerList","decl":{"start":{"line":30,"column":9},"end":{"line":30,"column":23}},"loc":{"start":{"line":30,"column":38},"end":{"line":32,"column":1}},"line":30},"3":{"name":"sendRoomInfo","decl":{"start":{"line":37,"column":9},"end":{"line":37,"column":21}},"loc":{"start":{"line":37,"column":81},"end":{"line":99,"column":1}},"line":37},"4":{"name":"sendRoomInfoToAllInRoom","decl":{"start":{"line":104,"column":9},"end":{"line":104,"column":32}},"loc":{"start":{"line":104,"column":106},"end":{"line":110,"column":1}},"line":104},"5":{"name":"(anonymous_5)","decl":{"start":{"line":105,"column":33},"end":{"line":105,"column":34}},"loc":{"start":{"line":105,"column":40},"end":{"line":109,"column":3}},"line":105},"6":{"name":"sendInventory","decl":{"start":{"line":115,"column":9},"end":{"line":115,"column":22}},"loc":{"start":{"line":115,"column":31},"end":{"line":122,"column":1}},"line":115},"7":{"name":"sendCharacterInfo","decl":{"start":{"line":127,"column":9},"end":{"line":127,"column":26}},"loc":{"start":{"line":127,"column":35},"end":{"line":147,"column":1}},"line":127}},"branchMap":{"0":{"loc":{"start":{"line":21,"column":4},"end":{"line":23,"column":5}},"type":"if","locations":[{"start":{"line":21,"column":4},"end":{"line":23,"column":5}},{"start":{},"end":{}}],"line":21},"1":{"loc":{"start":{"line":39,"column":16},"end":{"line":39,"column":33}},"type":"binary-expr","locations":[{"start":{"line":39,"column":16},"end":{"line":39,"column":28}},{"start":{"line":39,"column":32},"end":{"line":39,"column":33}}],"line":39},"2":{"loc":{"start":{"line":41,"column":2},"end":{"line":44,"column":3}},"type":"if","locations":[{"start":{"line":41,"column":2},"end":{"line":44,"column":3}},{"start":{},"end":{}}],"line":41},"3":{"loc":{"start":{"line":48,"column":2},"end":{"line":48,"column":43}},"type":"if","locations":[{"start":{"line":48,"column":2},"end":{"line":48,"column":43}},{"start":{},"end":{}}],"line":48},"4":{"loc":{"start":{"line":54,"column":6},"end":{"line":57,"column":7}},"type":"if","locations":[{"start":{"line":54,"column":6},"end":{"line":57,"column":7}},{"start":{},"end":{}}],"line":54},"5":{"loc":{"start":{"line":54,"column":10},"end":{"line":54,"column":60}},"type":"binary-expr","locations":[{"start":{"line":54,"column":10},"end":{"line":54,"column":17}},{"start":{"line":54,"column":21},"end":{"line":54,"column":33}},{"start":{"line":54,"column":37},"end":{"line":54,"column":44}},{"start":{"line":54,"column":48},"end":{"line":54,"column":60}}],"line":54},"6":{"loc":{"start":{"line":56,"column":8},"end":{"line":56,"column":64}},"type":"if","locations":[{"start":{"line":56,"column":8},"end":{"line":56,"column":64}},{"start":{},"end":{}}],"line":56},"7":{"loc":{"start":{"line":66,"column":15},"end":{"line":66,"column":43}},"type":"cond-expr","locations":[{"start":{"line":66,"column":19},"end":{"line":66,"column":25}},{"start":{"line":66,"column":28},"end":{"line":66,"column":43}}],"line":66},"8":{"loc":{"start":{"line":85,"column":12},"end":{"line":85,"column":55}},"type":"cond-expr","locations":[{"start":{"line":85,"column":26},"end":{"line":85,"column":50}},{"start":{"line":85,"column":53},"end":{"line":85,"column":55}}],"line":85},"9":{"loc":{"start":{"line":91,"column":2},"end":{"line":98,"column":3}},"type":"if","locations":[{"start":{"line":91,"column":2},"end":{"line":98,"column":3}},{"start":{},"end":{}}],"line":91},"10":{"loc":{"start":{"line":106,"column":4},"end":{"line":108,"column":5}},"type":"if","locations":[{"start":{"line":106,"column":4},"end":{"line":108,"column":5}},{"start":{},"end":{}}],"line":106},"11":{"loc":{"start":{"line":106,"column":8},"end":{"line":106,"column":88}},"type":"binary-expr","locations":[{"start":{"line":106,"column":8},"end":{"line":106,"column":9}},{"start":{"line":106,"column":13},"end":{"line":106,"column":30}},{"start":{"line":106,"column":34},"end":{"line":106,"column":44}},{"start":{"line":106,"column":48},"end":{"line":106,"column":66}},{"start":{"line":106,"column":70},"end":{"line":106,"column":88}}],"line":106},"12":{"loc":{"start":{"line":136,"column":9},"end":{"line":136,"column":75}},"type":"cond-expr","locations":[{"start":{"line":136,"column":47},"end":{"line":136,"column":62}},{"start":{"line":136,"column":65},"end":{"line":136,"column":75}}],"line":136},"13":{"loc":{"start":{"line":137,"column":9},"end":{"line":137,"column":75}},"type":"cond-expr","locations":[{"start":{"line":137,"column":47},"end":{"line":137,"column":62}},{"start":{"line":137,"column":65},"end":{"line":137,"column":75}}],"line":137}},"s":{"0":6,"1":6,"2":6,"3":6,"4":3,"5":3,"6":4,"7":3,"8":1,"9":6,"10":6,"11":6,"12":6,"13":0,"14":0,"15":6,"16":6,"17":6,"18":1,"19":6,"20":6,"21":6,"22":6,"23":30,"24":30,"25":150,"26":107,"27":107,"28":107,"29":6,"30":6,"31":6,"32":65,"33":65,"34":65,"35":1175,"36":1175,"37":65,"38":6,"39":6,"40":3,"41":4,"42":5,"43":5,"44":1,"45":1,"46":1,"47":6},"f":{"0":3,"1":4,"2":1,"3":6,"4":4,"5":5,"6":1,"7":1},"b":{"0":[3,1],"1":[6,0],"2":[0,6],"3":[1,5],"4":[107,43],"5":[150,125,125,107],"6":[107,0],"7":[1175,0],"8":[4,2],"9":[3,3],"10":[5,0],"11":[5,5,5,5,5],"12":[1,0],"13":[1,0]},"_coverageSchema":"1a1c01bbd47fc00a2c39e90264f33305004495a9","hash":"4fa3e53c56536a23f7f6168db44c21059e89f9d9"}
,"C:\\Users\\p8426\\Downloads\\사진1\\ghld\\backend\\utils\\expUtils.js": {"path":"C:\\Users\\p8426\\Downloads\\사진1\\ghld\\backend\\utils\\expUtils.js","statementMap":{"0":{"start":{"line":8,"column":22},"end":{"line":8,"column":26}},"1":{"start":{"line":14,"column":2},"end":{"line":14,"column":36}},"2":{"start":{"line":22,"column":2},"end":{"line":22,"column":61}},"3":{"start":{"line":22,"column":40},"end":{"line":22,"column":61}},"4":{"start":{"line":23,"column":2},"end":{"line":23,"column":74}},"5":{"start":{"line":30,"column":2},"end":{"line":30,"column":42}},"6":{"start":{"line":30,"column":33},"end":{"line":30,"column":42}},"7":{"start":{"line":31,"column":14},"end":{"line":31,"column":44}},"8":{"start":{"line":32,"column":14},"end":{"line":32,"column":44}},"9":{"start":{"line":33,"column":2},"end":{"line":33,"column":59}},"10":{"start":{"line":36,"column":0},"end":{"line":36,"column":80}}},"fnMap":{"0":{"name":"calcNextStatExp","decl":{"start":{"line":13,"column":9},"end":{"line":13,"column":24}},"loc":{"start":{"line":13,"column":31},"end":{"line":15,"column":1}},"line":13},"1":{"name":"calcExpBonus","decl":{"start":{"line":21,"column":9},"end":{"line":21,"column":21}},"loc":{"start":{"line":21,"column":35},"end":{"line":24,"column":1}},"line":21},"2":{"name":"calcGoldDrop","decl":{"start":{"line":29,"column":9},"end":{"line":29,"column":21}},"loc":{"start":{"line":29,"column":31},"end":{"line":34,"column":1}},"line":29}},"branchMap":{"0":{"loc":{"start":{"line":22,"column":2},"end":{"line":22,"column":61}},"type":"if","locations":[{"start":{"line":22,"column":2},"end":{"line":22,"column":61}},{"start":{},"end":{}}],"line":22},"1":{"loc":{"start":{"line":22,"column":6},"end":{"line":22,"column":38}},"type":"binary-expr","locations":[{"start":{"line":22,"column":6},"end":{"line":22,"column":18}},{"start":{"line":22,"column":22},"end":{"line":22,"column":38}}],"line":22},"2":{"loc":{"start":{"line":30,"column":2},"end":{"line":30,"column":42}},"type":"if","locations":[{"start":{"line":30,"column":2},"end":{"line":30,"column":42}},{"start":{},"end":{}}],"line":30},"3":{"loc":{"start":{"line":30,"column":6},"end":{"line":30,"column":31}},"type":"binary-expr","locations":[{"start":{"line":30,"column":6},"end":{"line":30,"column":14}},{"start":{"line":30,"column":18},"end":{"line":30,"column":31}}],"line":30}},"s":{"0":10,"1":6,"2":11,"3":0,"4":11,"5":7,"6":1,"7":6,"8":6,"9":6,"10":10},"f":{"0":6,"1":11,"2":7},"b":{"0":[0,11],"1":[11,11],"2":[1,6],"3":[7,7]},"_coverageSchema":"1a1c01bbd47fc00a2c39e90264f33305004495a9","hash":"dc08fe57c8ca31f607f6f42c302333f9521bf574"}
}
