{"C:\\Users\\p8426\\Downloads\\사진1\\ghld\\backend\\battle.js": {"path":"C:\\Users\\p8426\\Downloads\\사진1\\ghld\\backend\\battle.js","statementMap":{"0":{"start":{"line":2,"column":30},"end":{"line":2,"column":53}},"1":{"start":{"line":3,"column":39},"end":{"line":3,"column":66}},"2":{"start":{"line":4,"column":22},"end":{"line":4,"column":57}},"3":{"start":{"line":7,"column":12},"end":{"line":7,"column":14}},"4":{"start":{"line":9,"column":2},"end":{"line":13,"column":3}},"5":{"start":{"line":10,"column":4},"end":{"line":10,"column":18}},"6":{"start":{"line":12,"column":4},"end":{"line":12,"column":66}},"7":{"start":{"line":14,"column":2},"end":{"line":14,"column":26}},"8":{"start":{"line":15,"column":2},"end":{"line":25,"column":5}},"9":{"start":{"line":28,"column":17},"end":{"line":28,"column":20}},"10":{"start":{"line":29,"column":2},"end":{"line":31,"column":3}},"11":{"start":{"line":30,"column":4},"end":{"line":30,"column":42}},"12":{"start":{"line":33,"column":2},"end":{"line":33,"column":57}},"13":{"start":{"line":33,"column":25},"end":{"line":33,"column":57}},"14":{"start":{"line":34,"column":2},"end":{"line":34,"column":59}},"15":{"start":{"line":34,"column":25},"end":{"line":34,"column":59}},"16":{"start":{"line":36,"column":20},"end":{"line":36,"column":25}},"17":{"start":{"line":37,"column":19},"end":{"line":37,"column":24}},"18":{"start":{"line":38,"column":17},"end":{"line":38,"column":18}},"19":{"start":{"line":40,"column":2},"end":{"line":95,"column":3}},"20":{"start":{"line":41,"column":4},"end":{"line":41,"column":67}},"21":{"start":{"line":41,"column":46},"end":{"line":41,"column":65}},"22":{"start":{"line":42,"column":4},"end":{"line":42,"column":37}},"23":{"start":{"line":43,"column":4},"end":{"line":43,"column":28}},"24":{"start":{"line":44,"column":4},"end":{"line":53,"column":7}},"25":{"start":{"line":54,"column":4},"end":{"line":54,"column":23}},"26":{"start":{"line":56,"column":21},"end":{"line":56,"column":63}},"27":{"start":{"line":57,"column":4},"end":{"line":57,"column":28}},"28":{"start":{"line":58,"column":4},"end":{"line":68,"column":7}},"29":{"start":{"line":70,"column":25},"end":{"line":70,"column":47}},"30":{"start":{"line":71,"column":4},"end":{"line":80,"column":5}},"31":{"start":{"line":72,"column":6},"end":{"line":79,"column":9}},"32":{"start":{"line":81,"column":4},"end":{"line":94,"column":5}},"33":{"start":{"line":82,"column":6},"end":{"line":82,"column":20}},"34":{"start":{"line":83,"column":6},"end":{"line":91,"column":9}},"35":{"start":{"line":92,"column":6},"end":{"line":92,"column":43}},"36":{"start":{"line":93,"column":6},"end":{"line":93,"column":24}},"37":{"start":{"line":96,"column":2},"end":{"line":96,"column":63}},"38":{"start":{"line":99,"column":0},"end":{"line":101,"column":2}}},"fnMap":{"0":{"name":"processBattle","decl":{"start":{"line":6,"column":9},"end":{"line":6,"column":22}},"loc":{"start":{"line":6,"column":59},"end":{"line":97,"column":1}},"line":6},"1":{"name":"(anonymous_1)","decl":{"start":{"line":41,"column":41},"end":{"line":41,"column":42}},"loc":{"start":{"line":41,"column":46},"end":{"line":41,"column":65}},"line":41}},"branchMap":{"0":{"loc":{"start":{"line":9,"column":2},"end":{"line":13,"column":3}},"type":"if","locations":[{"start":{"line":9,"column":2},"end":{"line":13,"column":3}},{"start":{"line":11,"column":9},"end":{"line":13,"column":3}}],"line":9},"1":{"loc":{"start":{"line":9,"column":6},"end":{"line":9,"column":73}},"type":"binary-expr","locations":[{"start":{"line":9,"column":6},"end":{"line":9,"column":24}},{"start":{"line":9,"column":28},"end":{"line":9,"column":73}}],"line":9},"2":{"loc":{"start":{"line":12,"column":44},"end":{"line":12,"column":60}},"type":"binary-expr","locations":[{"start":{"line":12,"column":44},"end":{"line":12,"column":55}},{"start":{"line":12,"column":59},"end":{"line":12,"column":60}}],"line":12},"3":{"loc":{"start":{"line":29,"column":2},"end":{"line":31,"column":3}},"type":"if","locations":[{"start":{"line":29,"column":2},"end":{"line":31,"column":3}},{"start":{},"end":{}}],"line":29},"4":{"loc":{"start":{"line":33,"column":2},"end":{"line":33,"column":57}},"type":"if","locations":[{"start":{"line":33,"column":2},"end":{"line":33,"column":57}},{"start":{},"end":{}}],"line":33},"5":{"loc":{"start":{"line":34,"column":2},"end":{"line":34,"column":59}},"type":"if","locations":[{"start":{"line":34,"column":2},"end":{"line":34,"column":59}},{"start":{},"end":{}}],"line":34},"6":{"loc":{"start":{"line":40,"column":2},"end":{"line":95,"column":3}},"type":"if","locations":[{"start":{"line":40,"column":2},"end":{"line":95,"column":3}},{"start":{"line":55,"column":9},"end":{"line":95,"column":3}}],"line":40},"7":{"loc":{"start":{"line":40,"column":6},"end":{"line":40,"column":38}},"type":"binary-expr","locations":[{"start":{"line":40,"column":6},"end":{"line":40,"column":21}},{"start":{"line":40,"column":25},"end":{"line":40,"column":38}}],"line":40},"8":{"loc":{"start":{"line":71,"column":4},"end":{"line":80,"column":5}},"type":"if","locations":[{"start":{"line":71,"column":4},"end":{"line":80,"column":5}},{"start":{},"end":{}}],"line":71},"9":{"loc":{"start":{"line":81,"column":4},"end":{"line":94,"column":5}},"type":"if","locations":[{"start":{"line":81,"column":4},"end":{"line":94,"column":5}},{"start":{},"end":{}}],"line":81}},"s":{"0":4,"1":4,"2":4,"3":0,"4":0,"5":0,"6":0,"7":0,"8":0,"9":0,"10":0,"11":0,"12":0,"13":0,"14":0,"15":0,"16":0,"17":0,"18":0,"19":0,"20":0,"21":0,"22":0,"23":0,"24":0,"25":0,"26":0,"27":0,"28":0,"29":0,"30":0,"31":0,"32":0,"33":0,"34":0,"35":0,"36":0,"37":0,"38":4},"f":{"0":0,"1":0},"b":{"0":[0,0],"1":[0,0],"2":[0,0],"3":[0,0],"4":[0,0],"5":[0,0],"6":[0,0],"7":[0,0],"8":[0,0],"9":[0,0]},"_coverageSchema":"1a1c01bbd47fc00a2c39e90264f33305004495a9","hash":"99a0fcc0c0d3469af186e59a4a60b31a74bf2478"}
,"C:\\Users\\p8426\\Downloads\\사진1\\ghld\\backend\\commands.js": {"path":"C:\\Users\\p8426\\Downloads\\사진1\\ghld\\backend\\commands.js","statementMap":{"0":{"start":{"line":4,"column":22},"end":{"line":4,"column":45}},"1":{"start":{"line":5,"column":31},"end":{"line":5,"column":52}},"2":{"start":{"line":6,"column":25},"end":{"line":6,"column":66}},"3":{"start":{"line":7,"column":20},"end":{"line":7,"column":53}},"4":{"start":{"line":8,"column":22},"end":{"line":8,"column":48}},"5":{"start":{"line":9,"column":20},"end":{"line":9,"column":44}},"6":{"start":{"line":10,"column":47},"end":{"line":10,"column":75}},"7":{"start":{"line":12,"column":26},"end":{"line":12,"column":30}},"8":{"start":{"line":15,"column":2},"end":{"line":15,"column":36}},"9":{"start":{"line":16,"column":2},"end":{"line":16,"column":59}},"10":{"start":{"line":20,"column":2},"end":{"line":20,"column":43}},"11":{"start":{"line":24,"column":2},"end":{"line":24,"column":44}},"12":{"start":{"line":28,"column":17},"end":{"line":28,"column":36}},"13":{"start":{"line":29,"column":2},"end":{"line":29,"column":22}},"14":{"start":{"line":29,"column":15},"end":{"line":29,"column":22}},"15":{"start":{"line":30,"column":15},"end":{"line":30,"column":40}},"16":{"start":{"line":31,"column":2},"end":{"line":34,"column":3}},"17":{"start":{"line":32,"column":4},"end":{"line":32,"column":122}},"18":{"start":{"line":33,"column":4},"end":{"line":33,"column":11}},"19":{"start":{"line":35,"column":15},"end":{"line":35,"column":22}},"20":{"start":{"line":36,"column":2},"end":{"line":86,"column":3}},"21":{"start":{"line":37,"column":4},"end":{"line":50,"column":5}},"22":{"start":{"line":38,"column":6},"end":{"line":38,"column":103}},"23":{"start":{"line":39,"column":6},"end":{"line":39,"column":23}},"24":{"start":{"line":40,"column":6},"end":{"line":40,"column":77}},"25":{"start":{"line":41,"column":6},"end":{"line":41,"column":98}},"26":{"start":{"line":42,"column":6},"end":{"line":42,"column":50}},"27":{"start":{"line":43,"column":6},"end":{"line":43,"column":104}},"28":{"start":{"line":44,"column":6},"end":{"line":44,"column":118}},"29":{"start":{"line":45,"column":6},"end":{"line":45,"column":28}},"30":{"start":{"line":46,"column":6},"end":{"line":46,"column":32}},"31":{"start":{"line":47,"column":6},"end":{"line":47,"column":204}},"32":{"start":{"line":49,"column":6},"end":{"line":49,"column":113}},"33":{"start":{"line":51,"column":4},"end":{"line":51,"column":11}},"34":{"start":{"line":52,"column":9},"end":{"line":86,"column":3}},"35":{"start":{"line":53,"column":4},"end":{"line":66,"column":5}},"36":{"start":{"line":54,"column":6},"end":{"line":54,"column":103}},"37":{"start":{"line":55,"column":6},"end":{"line":55,"column":23}},"38":{"start":{"line":56,"column":6},"end":{"line":56,"column":39}},"39":{"start":{"line":57,"column":6},"end":{"line":57,"column":98}},"40":{"start":{"line":58,"column":6},"end":{"line":58,"column":50}},"41":{"start":{"line":59,"column":6},"end":{"line":59,"column":102}},"42":{"start":{"line":60,"column":6},"end":{"line":60,"column":80}},"43":{"start":{"line":61,"column":6},"end":{"line":61,"column":28}},"44":{"start":{"line":62,"column":6},"end":{"line":62,"column":32}},"45":{"start":{"line":63,"column":6},"end":{"line":63,"column":166}},"46":{"start":{"line":65,"column":6},"end":{"line":65,"column":114}},"47":{"start":{"line":67,"column":4},"end":{"line":67,"column":11}},"48":{"start":{"line":68,"column":9},"end":{"line":86,"column":3}},"49":{"start":{"line":69,"column":4},"end":{"line":82,"column":5}},"50":{"start":{"line":70,"column":6},"end":{"line":70,"column":103}},"51":{"start":{"line":71,"column":6},"end":{"line":71,"column":23}},"52":{"start":{"line":72,"column":6},"end":{"line":72,"column":39}},"53":{"start":{"line":73,"column":6},"end":{"line":73,"column":98}},"54":{"start":{"line":74,"column":6},"end":{"line":74,"column":50}},"55":{"start":{"line":75,"column":6},"end":{"line":75,"column":98}},"56":{"start":{"line":76,"column":6},"end":{"line":76,"column":77}},"57":{"start":{"line":77,"column":6},"end":{"line":77,"column":28}},"58":{"start":{"line":78,"column":6},"end":{"line":78,"column":32}},"59":{"start":{"line":79,"column":6},"end":{"line":79,"column":163}},"60":{"start":{"line":81,"column":6},"end":{"line":81,"column":116}},"61":{"start":{"line":83,"column":4},"end":{"line":83,"column":11}},"62":{"start":{"line":85,"column":4},"end":{"line":85,"column":121}},"63":{"start":{"line":90,"column":17},"end":{"line":90,"column":36}},"64":{"start":{"line":91,"column":2},"end":{"line":91,"column":22}},"65":{"start":{"line":91,"column":15},"end":{"line":91,"column":22}},"66":{"start":{"line":92,"column":19},"end":{"line":92,"column":34}},"67":{"start":{"line":93,"column":15},"end":{"line":93,"column":42}},"68":{"start":{"line":94,"column":2},"end":{"line":97,"column":3}},"69":{"start":{"line":95,"column":4},"end":{"line":95,"column":101}},"70":{"start":{"line":96,"column":4},"end":{"line":96,"column":11}},"71":{"start":{"line":98,"column":2},"end":{"line":101,"column":3}},"72":{"start":{"line":99,"column":4},"end":{"line":99,"column":105}},"73":{"start":{"line":100,"column":4},"end":{"line":100,"column":11}},"74":{"start":{"line":102,"column":20},"end":{"line":102,"column":22}},"75":{"start":{"line":103,"column":2},"end":{"line":106,"column":3}},"76":{"start":{"line":104,"column":4},"end":{"line":104,"column":114}},"77":{"start":{"line":105,"column":4},"end":{"line":105,"column":11}},"78":{"start":{"line":107,"column":2},"end":{"line":107,"column":27}},"79":{"start":{"line":108,"column":2},"end":{"line":108,"column":27}},"80":{"start":{"line":109,"column":2},"end":{"line":109,"column":27}},"81":{"start":{"line":110,"column":2},"end":{"line":110,"column":45}},"82":{"start":{"line":111,"column":2},"end":{"line":111,"column":24}},"83":{"start":{"line":112,"column":2},"end":{"line":112,"column":28}},"84":{"start":{"line":113,"column":2},"end":{"line":113,"column":117}},"85":{"start":{"line":118,"column":15},"end":{"line":118,"column":40}},"86":{"start":{"line":119,"column":2},"end":{"line":122,"column":3}},"87":{"start":{"line":120,"column":4},"end":{"line":120,"column":117}},"88":{"start":{"line":121,"column":4},"end":{"line":121,"column":11}},"89":{"start":{"line":123,"column":17},"end":{"line":123,"column":24}},"90":{"start":{"line":125,"column":2},"end":{"line":141,"column":3}},"91":{"start":{"line":126,"column":19},"end":{"line":126,"column":42}},"92":{"start":{"line":127,"column":4},"end":{"line":130,"column":5}},"93":{"start":{"line":128,"column":6},"end":{"line":128,"column":118}},"94":{"start":{"line":129,"column":6},"end":{"line":129,"column":13}},"95":{"start":{"line":131,"column":4},"end":{"line":139,"column":5}},"96":{"start":{"line":132,"column":6},"end":{"line":132,"column":75}},"97":{"start":{"line":134,"column":6},"end":{"line":138,"column":9}},"98":{"start":{"line":135,"column":8},"end":{"line":137,"column":9}},"99":{"start":{"line":136,"column":10},"end":{"line":136,"column":83}},"100":{"start":{"line":140,"column":4},"end":{"line":140,"column":11}},"101":{"start":{"line":143,"column":2},"end":{"line":162,"column":3}},"102":{"start":{"line":144,"column":19},"end":{"line":144,"column":26}},"103":{"start":{"line":145,"column":19},"end":{"line":145,"column":40}},"104":{"start":{"line":146,"column":4},"end":{"line":149,"column":5}},"105":{"start":{"line":147,"column":6},"end":{"line":147,"column":108}},"106":{"start":{"line":148,"column":6},"end":{"line":148,"column":13}},"107":{"start":{"line":150,"column":25},"end":{"line":150,"column":40}},"108":{"start":{"line":151,"column":4},"end":{"line":154,"column":5}},"109":{"start":{"line":152,"column":6},"end":{"line":152,"column":116}},"110":{"start":{"line":153,"column":6},"end":{"line":153,"column":13}},"111":{"start":{"line":155,"column":4},"end":{"line":155,"column":58}},"112":{"start":{"line":156,"column":4},"end":{"line":156,"column":32}},"113":{"start":{"line":157,"column":4},"end":{"line":157,"column":99}},"114":{"start":{"line":158,"column":4},"end":{"line":160,"column":5}},"115":{"start":{"line":159,"column":6},"end":{"line":159,"column":103}},"116":{"start":{"line":161,"column":4},"end":{"line":161,"column":11}},"117":{"start":{"line":164,"column":2},"end":{"line":190,"column":3}},"118":{"start":{"line":165,"column":19},"end":{"line":165,"column":26}},"119":{"start":{"line":166,"column":21},"end":{"line":166,"column":44}},"120":{"start":{"line":167,"column":4},"end":{"line":170,"column":5}},"121":{"start":{"line":168,"column":6},"end":{"line":168,"column":112}},"122":{"start":{"line":169,"column":6},"end":{"line":169,"column":13}},"123":{"start":{"line":171,"column":25},"end":{"line":171,"column":40}},"124":{"start":{"line":172,"column":4},"end":{"line":175,"column":5}},"125":{"start":{"line":173,"column":6},"end":{"line":173,"column":116}},"126":{"start":{"line":174,"column":6},"end":{"line":174,"column":13}},"127":{"start":{"line":177,"column":26},"end":{"line":177,"column":49}},"128":{"start":{"line":178,"column":17},"end":{"line":178,"column":57}},"129":{"start":{"line":178,"column":37},"end":{"line":178,"column":56}},"130":{"start":{"line":179,"column":4},"end":{"line":182,"column":5}},"131":{"start":{"line":180,"column":6},"end":{"line":180,"column":116}},"132":{"start":{"line":181,"column":6},"end":{"line":181,"column":13}},"133":{"start":{"line":183,"column":4},"end":{"line":183,"column":45}},"134":{"start":{"line":184,"column":4},"end":{"line":184,"column":32}},"135":{"start":{"line":185,"column":4},"end":{"line":185,"column":104}},"136":{"start":{"line":186,"column":4},"end":{"line":188,"column":5}},"137":{"start":{"line":187,"column":6},"end":{"line":187,"column":108}},"138":{"start":{"line":189,"column":4},"end":{"line":189,"column":11}},"139":{"start":{"line":192,"column":2},"end":{"line":218,"column":3}},"140":{"start":{"line":193,"column":19},"end":{"line":193,"column":26}},"141":{"start":{"line":194,"column":4},"end":{"line":197,"column":5}},"142":{"start":{"line":195,"column":6},"end":{"line":195,"column":103}},"143":{"start":{"line":196,"column":6},"end":{"line":196,"column":13}},"144":{"start":{"line":198,"column":25},"end":{"line":198,"column":40}},"145":{"start":{"line":199,"column":24},"end":{"line":199,"column":43}},"146":{"start":{"line":200,"column":4},"end":{"line":203,"column":5}},"147":{"start":{"line":201,"column":6},"end":{"line":201,"column":116}},"148":{"start":{"line":202,"column":6},"end":{"line":202,"column":13}},"149":{"start":{"line":205,"column":4},"end":{"line":205,"column":43}},"150":{"start":{"line":206,"column":4},"end":{"line":206,"column":56}},"151":{"start":{"line":207,"column":4},"end":{"line":207,"column":90}},"152":{"start":{"line":208,"column":4},"end":{"line":210,"column":5}},"153":{"start":{"line":209,"column":6},"end":{"line":209,"column":107}},"154":{"start":{"line":212,"column":4},"end":{"line":216,"column":5}},"155":{"start":{"line":213,"column":40},"end":{"line":213,"column":61}},"156":{"start":{"line":214,"column":31},"end":{"line":214,"column":59}},"157":{"start":{"line":215,"column":6},"end":{"line":215,"column":96}},"158":{"start":{"line":217,"column":4},"end":{"line":217,"column":11}},"159":{"start":{"line":219,"column":2},"end":{"line":219,"column":100}},"160":{"start":{"line":222,"column":0},"end":{"line":231,"column":2}}},"fnMap":{"0":{"name":"setupCommands","decl":{"start":{"line":14,"column":9},"end":{"line":14,"column":22}},"loc":{"start":{"line":14,"column":55},"end":{"line":17,"column":1}},"line":14},"1":{"name":"handleBuyCommand","decl":{"start":{"line":19,"column":9},"end":{"line":19,"column":25}},"loc":{"start":{"line":19,"column":32},"end":{"line":21,"column":1}},"line":19},"2":{"name":"handleSellCommand","decl":{"start":{"line":23,"column":9},"end":{"line":23,"column":26}},"loc":{"start":{"line":23,"column":33},"end":{"line":25,"column":1}},"line":23},"3":{"name":"handleTeleportCommand","decl":{"start":{"line":27,"column":9},"end":{"line":27,"column":30}},"loc":{"start":{"line":27,"column":167},"end":{"line":87,"column":1}},"line":27},"4":{"name":"handleInnCommand","decl":{"start":{"line":89,"column":9},"end":{"line":89,"column":25}},"loc":{"start":{"line":89,"column":114},"end":{"line":114,"column":1}},"line":89},"5":{"name":"(anonymous_5)","decl":{"start":{"line":110,"column":35},"end":{"line":110,"column":36}},"loc":{"start":{"line":110,"column":41},"end":{"line":110,"column":43}},"line":110},"6":{"name":"handleAdminCommand","decl":{"start":{"line":116,"column":9},"end":{"line":116,"column":27}},"loc":{"start":{"line":116,"column":109},"end":{"line":220,"column":1}},"line":116},"7":{"name":"(anonymous_7)","decl":{"start":{"line":134,"column":37},"end":{"line":134,"column":38}},"loc":{"start":{"line":134,"column":44},"end":{"line":138,"column":7}},"line":134},"8":{"name":"(anonymous_8)","decl":{"start":{"line":178,"column":32},"end":{"line":178,"column":33}},"loc":{"start":{"line":178,"column":37},"end":{"line":178,"column":56}},"line":178}},"branchMap":{"0":{"loc":{"start":{"line":29,"column":2},"end":{"line":29,"column":22}},"type":"if","locations":[{"start":{"line":29,"column":2},"end":{"line":29,"column":22}},{"start":{},"end":{}}],"line":29},"1":{"loc":{"start":{"line":31,"column":2},"end":{"line":34,"column":3}},"type":"if","locations":[{"start":{"line":31,"column":2},"end":{"line":34,"column":3}},{"start":{},"end":{}}],"line":31},"2":{"loc":{"start":{"line":36,"column":2},"end":{"line":86,"column":3}},"type":"if","locations":[{"start":{"line":36,"column":2},"end":{"line":86,"column":3}},{"start":{"line":52,"column":9},"end":{"line":86,"column":3}}],"line":36},"3":{"loc":{"start":{"line":37,"column":4},"end":{"line":50,"column":5}},"type":"if","locations":[{"start":{"line":37,"column":4},"end":{"line":50,"column":5}},{"start":{"line":48,"column":11},"end":{"line":50,"column":5}}],"line":37},"4":{"loc":{"start":{"line":37,"column":8},"end":{"line":37,"column":80}},"type":"binary-expr","locations":[{"start":{"line":37,"column":8},"end":{"line":37,"column":26}},{"start":{"line":37,"column":30},"end":{"line":37,"column":53}},{"start":{"line":37,"column":57},"end":{"line":37,"column":80}}],"line":37},"5":{"loc":{"start":{"line":52,"column":9},"end":{"line":86,"column":3}},"type":"if","locations":[{"start":{"line":52,"column":9},"end":{"line":86,"column":3}},{"start":{"line":68,"column":9},"end":{"line":86,"column":3}}],"line":52},"6":{"loc":{"start":{"line":53,"column":4},"end":{"line":66,"column":5}},"type":"if","locations":[{"start":{"line":53,"column":4},"end":{"line":66,"column":5}},{"start":{"line":64,"column":11},"end":{"line":66,"column":5}}],"line":53},"7":{"loc":{"start":{"line":53,"column":8},"end":{"line":53,"column":118}},"type":"binary-expr","locations":[{"start":{"line":53,"column":8},"end":{"line":53,"column":26}},{"start":{"line":53,"column":30},"end":{"line":53,"column":72}},{"start":{"line":53,"column":76},"end":{"line":53,"column":118}}],"line":53},"8":{"loc":{"start":{"line":68,"column":9},"end":{"line":86,"column":3}},"type":"if","locations":[{"start":{"line":68,"column":9},"end":{"line":86,"column":3}},{"start":{"line":84,"column":9},"end":{"line":86,"column":3}}],"line":68},"9":{"loc":{"start":{"line":69,"column":4},"end":{"line":82,"column":5}},"type":"if","locations":[{"start":{"line":69,"column":4},"end":{"line":82,"column":5}},{"start":{"line":80,"column":11},"end":{"line":82,"column":5}}],"line":69},"10":{"loc":{"start":{"line":69,"column":8},"end":{"line":69,"column":80}},"type":"binary-expr","locations":[{"start":{"line":69,"column":8},"end":{"line":69,"column":26}},{"start":{"line":69,"column":30},"end":{"line":69,"column":53}},{"start":{"line":69,"column":57},"end":{"line":69,"column":80}}],"line":69},"11":{"loc":{"start":{"line":91,"column":2},"end":{"line":91,"column":22}},"type":"if","locations":[{"start":{"line":91,"column":2},"end":{"line":91,"column":22}},{"start":{},"end":{}}],"line":91},"12":{"loc":{"start":{"line":94,"column":2},"end":{"line":97,"column":3}},"type":"if","locations":[{"start":{"line":94,"column":2},"end":{"line":97,"column":3}},{"start":{},"end":{}}],"line":94},"13":{"loc":{"start":{"line":94,"column":6},"end":{"line":94,"column":38}},"type":"binary-expr","locations":[{"start":{"line":94,"column":6},"end":{"line":94,"column":11}},{"start":{"line":94,"column":15},"end":{"line":94,"column":38}}],"line":94},"14":{"loc":{"start":{"line":98,"column":2},"end":{"line":101,"column":3}},"type":"if","locations":[{"start":{"line":98,"column":2},"end":{"line":101,"column":3}},{"start":{},"end":{}}],"line":98},"15":{"loc":{"start":{"line":98,"column":6},"end":{"line":98,"column":62}},"type":"binary-expr","locations":[{"start":{"line":98,"column":6},"end":{"line":98,"column":32}},{"start":{"line":98,"column":36},"end":{"line":98,"column":62}}],"line":98},"16":{"loc":{"start":{"line":103,"column":2},"end":{"line":106,"column":3}},"type":"if","locations":[{"start":{"line":103,"column":2},"end":{"line":106,"column":3}},{"start":{},"end":{}}],"line":103},"17":{"loc":{"start":{"line":119,"column":2},"end":{"line":122,"column":3}},"type":"if","locations":[{"start":{"line":119,"column":2},"end":{"line":122,"column":3}},{"start":{},"end":{}}],"line":119},"18":{"loc":{"start":{"line":125,"column":2},"end":{"line":141,"column":3}},"type":"if","locations":[{"start":{"line":125,"column":2},"end":{"line":141,"column":3}},{"start":{},"end":{}}],"line":125},"19":{"loc":{"start":{"line":127,"column":4},"end":{"line":130,"column":5}},"type":"if","locations":[{"start":{"line":127,"column":4},"end":{"line":130,"column":5}},{"start":{},"end":{}}],"line":127},"20":{"loc":{"start":{"line":131,"column":4},"end":{"line":139,"column":5}},"type":"if","locations":[{"start":{"line":131,"column":4},"end":{"line":139,"column":5}},{"start":{"line":133,"column":11},"end":{"line":139,"column":5}}],"line":131},"21":{"loc":{"start":{"line":135,"column":8},"end":{"line":137,"column":9}},"type":"if","locations":[{"start":{"line":135,"column":8},"end":{"line":137,"column":9}},{"start":{},"end":{}}],"line":135},"22":{"loc":{"start":{"line":135,"column":12},"end":{"line":135,"column":41}},"type":"binary-expr","locations":[{"start":{"line":135,"column":12},"end":{"line":135,"column":16}},{"start":{"line":135,"column":20},"end":{"line":135,"column":41}}],"line":135},"23":{"loc":{"start":{"line":143,"column":2},"end":{"line":162,"column":3}},"type":"if","locations":[{"start":{"line":143,"column":2},"end":{"line":162,"column":3}},{"start":{},"end":{}}],"line":143},"24":{"loc":{"start":{"line":146,"column":4},"end":{"line":149,"column":5}},"type":"if","locations":[{"start":{"line":146,"column":4},"end":{"line":149,"column":5}},{"start":{},"end":{}}],"line":146},"25":{"loc":{"start":{"line":146,"column":8},"end":{"line":146,"column":32}},"type":"binary-expr","locations":[{"start":{"line":146,"column":8},"end":{"line":146,"column":15}},{"start":{"line":146,"column":19},"end":{"line":146,"column":32}}],"line":146},"26":{"loc":{"start":{"line":151,"column":4},"end":{"line":154,"column":5}},"type":"if","locations":[{"start":{"line":151,"column":4},"end":{"line":154,"column":5}},{"start":{},"end":{}}],"line":151},"27":{"loc":{"start":{"line":155,"column":25},"end":{"line":155,"column":47}},"type":"binary-expr","locations":[{"start":{"line":155,"column":25},"end":{"line":155,"column":42}},{"start":{"line":155,"column":46},"end":{"line":155,"column":47}}],"line":155},"28":{"loc":{"start":{"line":158,"column":4},"end":{"line":160,"column":5}},"type":"if","locations":[{"start":{"line":158,"column":4},"end":{"line":160,"column":5}},{"start":{},"end":{}}],"line":158},"29":{"loc":{"start":{"line":158,"column":8},"end":{"line":158,"column":59}},"type":"binary-expr","locations":[{"start":{"line":158,"column":8},"end":{"line":158,"column":23}},{"start":{"line":158,"column":27},"end":{"line":158,"column":59}}],"line":158},"30":{"loc":{"start":{"line":164,"column":2},"end":{"line":190,"column":3}},"type":"if","locations":[{"start":{"line":164,"column":2},"end":{"line":190,"column":3}},{"start":{},"end":{}}],"line":164},"31":{"loc":{"start":{"line":167,"column":4},"end":{"line":170,"column":5}},"type":"if","locations":[{"start":{"line":167,"column":4},"end":{"line":170,"column":5}},{"start":{},"end":{}}],"line":167},"32":{"loc":{"start":{"line":167,"column":8},"end":{"line":167,"column":28}},"type":"binary-expr","locations":[{"start":{"line":167,"column":8},"end":{"line":167,"column":15}},{"start":{"line":167,"column":19},"end":{"line":167,"column":28}}],"line":167},"33":{"loc":{"start":{"line":172,"column":4},"end":{"line":175,"column":5}},"type":"if","locations":[{"start":{"line":172,"column":4},"end":{"line":175,"column":5}},{"start":{},"end":{}}],"line":172},"34":{"loc":{"start":{"line":179,"column":4},"end":{"line":182,"column":5}},"type":"if","locations":[{"start":{"line":179,"column":4},"end":{"line":182,"column":5}},{"start":{},"end":{}}],"line":179},"35":{"loc":{"start":{"line":186,"column":4},"end":{"line":188,"column":5}},"type":"if","locations":[{"start":{"line":186,"column":4},"end":{"line":188,"column":5}},{"start":{},"end":{}}],"line":186},"36":{"loc":{"start":{"line":186,"column":8},"end":{"line":186,"column":59}},"type":"binary-expr","locations":[{"start":{"line":186,"column":8},"end":{"line":186,"column":23}},{"start":{"line":186,"column":27},"end":{"line":186,"column":59}}],"line":186},"37":{"loc":{"start":{"line":192,"column":2},"end":{"line":218,"column":3}},"type":"if","locations":[{"start":{"line":192,"column":2},"end":{"line":218,"column":3}},{"start":{},"end":{}}],"line":192},"38":{"loc":{"start":{"line":194,"column":4},"end":{"line":197,"column":5}},"type":"if","locations":[{"start":{"line":194,"column":4},"end":{"line":197,"column":5}},{"start":{},"end":{}}],"line":194},"39":{"loc":{"start":{"line":200,"column":4},"end":{"line":203,"column":5}},"type":"if","locations":[{"start":{"line":200,"column":4},"end":{"line":203,"column":5}},{"start":{},"end":{}}],"line":200},"40":{"loc":{"start":{"line":200,"column":8},"end":{"line":200,"column":37}},"type":"binary-expr","locations":[{"start":{"line":200,"column":8},"end":{"line":200,"column":21}},{"start":{"line":200,"column":25},"end":{"line":200,"column":37}}],"line":200},"41":{"loc":{"start":{"line":208,"column":4},"end":{"line":210,"column":5}},"type":"if","locations":[{"start":{"line":208,"column":4},"end":{"line":210,"column":5}},{"start":{},"end":{}}],"line":208},"42":{"loc":{"start":{"line":208,"column":8},"end":{"line":208,"column":57}},"type":"binary-expr","locations":[{"start":{"line":208,"column":8},"end":{"line":208,"column":22}},{"start":{"line":208,"column":26},"end":{"line":208,"column":57}}],"line":208},"43":{"loc":{"start":{"line":212,"column":4},"end":{"line":216,"column":5}},"type":"if","locations":[{"start":{"line":212,"column":4},"end":{"line":216,"column":5}},{"start":{},"end":{}}],"line":212},"44":{"loc":{"start":{"line":212,"column":8},"end":{"line":212,"column":93}},"type":"binary-expr","locations":[{"start":{"line":212,"column":8},"end":{"line":212,"column":44}},{"start":{"line":212,"column":48},"end":{"line":212,"column":93}}],"line":212}},"s":{"0":4,"1":4,"2":4,"3":4,"4":4,"5":4,"6":4,"7":4,"8":23,"9":23,"10":1,"11":1,"12":9,"13":9,"14":1,"15":8,"16":8,"17":1,"18":1,"19":7,"20":7,"21":2,"22":1,"23":1,"24":1,"25":1,"26":1,"27":1,"28":1,"29":1,"30":1,"31":1,"32":1,"33":2,"34":5,"35":2,"36":0,"37":0,"38":0,"39":0,"40":0,"41":0,"42":0,"43":0,"44":0,"45":0,"46":2,"47":2,"48":3,"49":2,"50":1,"51":1,"52":1,"53":1,"54":1,"55":1,"56":1,"57":1,"58":1,"59":1,"60":1,"61":2,"62":1,"63":4,"64":4,"65":0,"66":4,"67":4,"68":4,"69":1,"70":1,"71":3,"72":1,"73":1,"74":2,"75":2,"76":1,"77":1,"78":1,"79":1,"80":1,"81":1,"82":1,"83":1,"84":1,"85":4,"86":4,"87":0,"88":0,"89":4,"90":4,"91":1,"92":1,"93":0,"94":0,"95":1,"96":1,"97":0,"98":0,"99":0,"100":1,"101":3,"102":1,"103":1,"104":1,"105":0,"106":0,"107":1,"108":1,"109":0,"110":0,"111":1,"112":1,"113":1,"114":1,"115":0,"116":1,"117":2,"118":1,"119":1,"120":1,"121":0,"122":0,"123":1,"124":1,"125":0,"126":0,"127":1,"128":1,"129":1,"130":1,"131":0,"132":0,"133":1,"134":1,"135":1,"136":1,"137":0,"138":1,"139":1,"140":1,"141":1,"142":0,"143":0,"144":1,"145":1,"146":1,"147":0,"148":0,"149":1,"150":1,"151":1,"152":1,"153":0,"154":1,"155":1,"156":1,"157":1,"158":1,"159":0,"160":4},"f":{"0":23,"1":1,"2":1,"3":9,"4":4,"5":0,"6":4,"7":0,"8":1},"b":{"0":[1,8],"1":[1,7],"2":[2,5],"3":[1,1],"4":[2,2,1],"5":[2,3],"6":[0,2],"7":[2,2,0],"8":[2,1],"9":[1,1],"10":[2,2,1],"11":[0,4],"12":[1,3],"13":[4,4],"14":[1,2],"15":[3,1],"16":[1,1],"17":[0,4],"18":[1,3],"19":[0,1],"20":[1,0],"21":[0,0],"22":[0,0],"23":[1,2],"24":[0,1],"25":[1,1],"26":[0,1],"27":[1,0],"28":[0,1],"29":[1,1],"30":[1,1],"31":[0,1],"32":[1,1],"33":[0,1],"34":[0,1],"35":[0,1],"36":[1,1],"37":[1,0],"38":[0,1],"39":[0,1],"40":[1,1],"41":[0,1],"42":[1,1],"43":[1,0],"44":[1,1]},"_coverageSchema":"1a1c01bbd47fc00a2c39e90264f33305004495a9","hash":"6784493f0c07fa729c6652880c920148378d7e2b"}
,"C:\\Users\\p8426\\Downloads\\사진1\\ghld\\backend\\db.js": {"path":"C:\\Users\\p8426\\Downloads\\사진1\\ghld\\backend\\db.js","statementMap":{"0":{"start":{"line":1,"column":17},"end":{"line":1,"column":36}},"1":{"start":{"line":4,"column":17},"end":{"line":4,"column":79}},"2":{"start":{"line":6,"column":0},"end":{"line":8,"column":3}},"3":{"start":{"line":10,"column":0},"end":{"line":12,"column":3}},"4":{"start":{"line":11,"column":2},"end":{"line":11,"column":35}},"5":{"start":{"line":13,"column":0},"end":{"line":15,"column":3}},"6":{"start":{"line":14,"column":2},"end":{"line":14,"column":50}}},"fnMap":{"0":{"name":"(anonymous_0)","decl":{"start":{"line":10,"column":36},"end":{"line":10,"column":37}},"loc":{"start":{"line":10,"column":42},"end":{"line":12,"column":1}},"line":10},"1":{"name":"(anonymous_1)","decl":{"start":{"line":13,"column":32},"end":{"line":13,"column":33}},"loc":{"start":{"line":13,"column":41},"end":{"line":15,"column":1}},"line":13}},"branchMap":{"0":{"loc":{"start":{"line":4,"column":17},"end":{"line":4,"column":79}},"type":"binary-expr","locations":[{"start":{"line":4,"column":17},"end":{"line":4,"column":40}},{"start":{"line":4,"column":44},"end":{"line":4,"column":79}}],"line":4}},"s":{"0":3,"1":3,"2":3,"3":3,"4":2,"5":3,"6":0},"f":{"0":2,"1":0},"b":{"0":[3,3]},"_coverageSchema":"1a1c01bbd47fc00a2c39e90264f33305004495a9","hash":"a38c255fa18479d2e587a7e5e6b7231310cfd5a9"}
,"C:\\Users\\p8426\\Downloads\\사진1\\ghld\\backend\\monsterSpawner.js": {"path":"C:\\Users\\p8426\\Downloads\\사진1\\ghld\\backend\\monsterSpawner.js","statementMap":{"0":{"start":{"line":2,"column":22},"end":{"line":2,"column":43}},"1":{"start":{"line":5,"column":2},"end":{"line":22,"column":12}},"2":{"start":{"line":6,"column":17},"end":{"line":6,"column":37}},"3":{"start":{"line":7,"column":4},"end":{"line":21,"column":5}},"4":{"start":{"line":9,"column":6},"end":{"line":9,"column":58}},"5":{"start":{"line":9,"column":48},"end":{"line":9,"column":56}},"6":{"start":{"line":10,"column":6},"end":{"line":20,"column":7}},"7":{"start":{"line":11,"column":19},"end":{"line":11,"column":33}},"8":{"start":{"line":12,"column":8},"end":{"line":12,"column":67}},"9":{"start":{"line":12,"column":44},"end":{"line":12,"column":67}},"10":{"start":{"line":13,"column":8},"end":{"line":13,"column":63}},"11":{"start":{"line":13,"column":42},"end":{"line":13,"column":63}},"12":{"start":{"line":14,"column":8},"end":{"line":17,"column":9}},"13":{"start":{"line":15,"column":20},"end":{"line":15,"column":84}},"14":{"start":{"line":16,"column":10},"end":{"line":16,"column":32}},"15":{"start":{"line":18,"column":28},"end":{"line":18,"column":50}},"16":{"start":{"line":19,"column":8},"end":{"line":19,"column":117}},"17":{"start":{"line":19,"column":38},"end":{"line":19,"column":115}},"18":{"start":{"line":24,"column":0},"end":{"line":24,"column":36}}},"fnMap":{"0":{"name":"respawnMonster","decl":{"start":{"line":4,"column":9},"end":{"line":4,"column":23}},"loc":{"start":{"line":4,"column":167},"end":{"line":23,"column":1}},"line":4},"1":{"name":"(anonymous_1)","decl":{"start":{"line":5,"column":13},"end":{"line":5,"column":14}},"loc":{"start":{"line":5,"column":19},"end":{"line":22,"column":3}},"line":5},"2":{"name":"(anonymous_2)","decl":{"start":{"line":9,"column":43},"end":{"line":9,"column":44}},"loc":{"start":{"line":9,"column":48},"end":{"line":9,"column":56}},"line":9},"3":{"name":"(anonymous_3)","decl":{"start":{"line":19,"column":28},"end":{"line":19,"column":29}},"loc":{"start":{"line":19,"column":38},"end":{"line":19,"column":115}},"line":19}},"branchMap":{"0":{"loc":{"start":{"line":7,"column":4},"end":{"line":21,"column":5}},"type":"if","locations":[{"start":{"line":7,"column":4},"end":{"line":21,"column":5}},{"start":{},"end":{}}],"line":7},"1":{"loc":{"start":{"line":10,"column":6},"end":{"line":20,"column":7}},"type":"if","locations":[{"start":{"line":10,"column":6},"end":{"line":20,"column":7}},{"start":{},"end":{}}],"line":10},"2":{"loc":{"start":{"line":12,"column":8},"end":{"line":12,"column":67}},"type":"if","locations":[{"start":{"line":12,"column":8},"end":{"line":12,"column":67}},{"start":{},"end":{}}],"line":12},"3":{"loc":{"start":{"line":13,"column":8},"end":{"line":13,"column":63}},"type":"if","locations":[{"start":{"line":13,"column":8},"end":{"line":13,"column":63}},{"start":{},"end":{}}],"line":13},"4":{"loc":{"start":{"line":14,"column":8},"end":{"line":17,"column":9}},"type":"if","locations":[{"start":{"line":14,"column":8},"end":{"line":17,"column":9}},{"start":{},"end":{}}],"line":14}},"s":{"0":3,"1":4,"2":4,"3":4,"4":4,"5":1,"6":4,"7":3,"8":3,"9":0,"10":3,"11":0,"12":3,"13":2,"14":2,"15":3,"16":3,"17":2,"18":3},"f":{"0":4,"1":4,"2":1,"3":2},"b":{"0":[4,0],"1":[3,1],"2":[0,3],"3":[0,3],"4":[2,1]},"_coverageSchema":"1a1c01bbd47fc00a2c39e90264f33305004495a9","hash":"6a5b15b38638ab5edd9c4fe18ad12be99856716e"}
,"C:\\Users\\p8426\\Downloads\\사진1\\ghld\\backend\\playerManager.js": {"path":"C:\\Users\\p8426\\Downloads\\사진1\\ghld\\backend\\playerManager.js","statementMap":{"0":{"start":{"line":4,"column":4},"end":{"line":4,"column":22}},"1":{"start":{"line":7,"column":4},"end":{"line":7,"column":35}},"2":{"start":{"line":10,"column":4},"end":{"line":10,"column":30}},"3":{"start":{"line":13,"column":4},"end":{"line":13,"column":30}},"4":{"start":{"line":16,"column":4},"end":{"line":16,"column":24}},"5":{"start":{"line":20,"column":0},"end":{"line":20,"column":37}}},"fnMap":{"0":{"name":"(anonymous_0)","decl":{"start":{"line":3,"column":2},"end":{"line":3,"column":3}},"loc":{"start":{"line":3,"column":16},"end":{"line":5,"column":3}},"line":3},"1":{"name":"(anonymous_1)","decl":{"start":{"line":6,"column":2},"end":{"line":6,"column":3}},"loc":{"start":{"line":6,"column":29},"end":{"line":8,"column":3}},"line":6},"2":{"name":"(anonymous_2)","decl":{"start":{"line":9,"column":2},"end":{"line":9,"column":3}},"loc":{"start":{"line":9,"column":21},"end":{"line":11,"column":3}},"line":9},"3":{"name":"(anonymous_3)","decl":{"start":{"line":12,"column":2},"end":{"line":12,"column":3}},"loc":{"start":{"line":12,"column":18},"end":{"line":14,"column":3}},"line":12},"4":{"name":"(anonymous_4)","decl":{"start":{"line":15,"column":2},"end":{"line":15,"column":3}},"loc":{"start":{"line":15,"column":18},"end":{"line":17,"column":3}},"line":15}},"branchMap":{},"s":{"0":4,"1":6,"2":1,"3":2,"4":3,"5":4},"f":{"0":4,"1":6,"2":1,"3":2,"4":3},"b":{},"_coverageSchema":"1a1c01bbd47fc00a2c39e90264f33305004495a9","hash":"8084189b5854d630f9c3c5e815e8b8ec23d8898e"}
,"C:\\Users\\p8426\\Downloads\\사진1\\ghld\\backend\\roomManager.js": {"path":"C:\\Users\\p8426\\Downloads\\사진1\\ghld\\backend\\roomManager.js","statementMap":{"0":{"start":{"line":1,"column":13},"end":{"line":1,"column":36}},"1":{"start":{"line":7,"column":4},"end":{"line":7,"column":20}},"2":{"start":{"line":10,"column":4},"end":{"line":10,"column":51}},"3":{"start":{"line":10,"column":28},"end":{"line":10,"column":51}},"4":{"start":{"line":11,"column":4},"end":{"line":11,"column":57}},"5":{"start":{"line":11,"column":31},"end":{"line":11,"column":57}},"6":{"start":{"line":12,"column":4},"end":{"line":12,"column":115}},"7":{"start":{"line":12,"column":34},"end":{"line":12,"column":115}},"8":{"start":{"line":13,"column":4},"end":{"line":13,"column":35}},"9":{"start":{"line":16,"column":4},"end":{"line":16,"column":52}},"10":{"start":{"line":19,"column":4},"end":{"line":19,"column":55}},"11":{"start":{"line":22,"column":4},"end":{"line":22,"column":57}},"12":{"start":{"line":26,"column":0},"end":{"line":26,"column":35}}},"fnMap":{"0":{"name":"(anonymous_0)","decl":{"start":{"line":5,"column":2},"end":{"line":5,"column":3}},"loc":{"start":{"line":5,"column":16},"end":{"line":8,"column":3}},"line":5},"1":{"name":"(anonymous_1)","decl":{"start":{"line":9,"column":2},"end":{"line":9,"column":3}},"loc":{"start":{"line":9,"column":23},"end":{"line":14,"column":3}},"line":9},"2":{"name":"(anonymous_2)","decl":{"start":{"line":15,"column":2},"end":{"line":15,"column":3}},"loc":{"start":{"line":15,"column":43},"end":{"line":17,"column":3}},"line":15},"3":{"name":"(anonymous_3)","decl":{"start":{"line":18,"column":2},"end":{"line":18,"column":3}},"loc":{"start":{"line":18,"column":48},"end":{"line":20,"column":3}},"line":18},"4":{"name":"(anonymous_4)","decl":{"start":{"line":21,"column":2},"end":{"line":21,"column":3}},"loc":{"start":{"line":21,"column":32},"end":{"line":23,"column":3}},"line":21}},"branchMap":{"0":{"loc":{"start":{"line":10,"column":4},"end":{"line":10,"column":51}},"type":"if","locations":[{"start":{"line":10,"column":4},"end":{"line":10,"column":51}},{"start":{},"end":{}}],"line":10},"1":{"loc":{"start":{"line":11,"column":4},"end":{"line":11,"column":57}},"type":"if","locations":[{"start":{"line":11,"column":4},"end":{"line":11,"column":57}},{"start":{},"end":{}}],"line":11},"2":{"loc":{"start":{"line":12,"column":4},"end":{"line":12,"column":115}},"type":"if","locations":[{"start":{"line":12,"column":4},"end":{"line":12,"column":115}},{"start":{},"end":{}}],"line":12}},"s":{"0":5,"1":5,"2":15,"3":6,"4":15,"5":8,"6":15,"7":8,"8":15,"9":6,"10":3,"11":5,"12":5},"f":{"0":5,"1":15,"2":6,"3":3,"4":5},"b":{"0":[6,9],"1":[8,7],"2":[8,7]},"_coverageSchema":"1a1c01bbd47fc00a2c39e90264f33305004495a9","hash":"3de6d3caa659af261149909b42b51cefd06f1596"}
,"C:\\Users\\p8426\\Downloads\\사진1\\ghld\\backend\\server.js": {"path":"C:\\Users\\p8426\\Downloads\\사진1\\ghld\\backend\\server.js","statementMap":{"0":{"start":{"line":1,"column":16},"end":{"line":1,"column":34}},"1":{"start":{"line":2,"column":13},"end":{"line":2,"column":28}},"2":{"start":{"line":3,"column":28},"end":{"line":3,"column":41}},"3":{"start":{"line":4,"column":13},"end":{"line":4,"column":28}},"4":{"start":{"line":5,"column":15},"end":{"line":5,"column":41}},"5":{"start":{"line":6,"column":82},"end":{"line":6,"column":105}},"6":{"start":{"line":7,"column":50},"end":{"line":7,"column":71}},"7":{"start":{"line":8,"column":16},"end":{"line":8,"column":43}},"8":{"start":{"line":16,"column":4},"end":{"line":16,"column":32}},"9":{"start":{"line":17,"column":26},"end":{"line":17,"column":45}},"10":{"start":{"line":18,"column":27},"end":{"line":18,"column":54}},"11":{"start":{"line":19,"column":0},"end":{"line":19,"column":16}},"12":{"start":{"line":20,"column":19},"end":{"line":20,"column":43}},"13":{"start":{"line":21,"column":12},"end":{"line":21,"column":35}},"14":{"start":{"line":22,"column":15},"end":{"line":22,"column":32}},"15":{"start":{"line":23,"column":19},"end":{"line":23,"column":49}},"16":{"start":{"line":24,"column":13},"end":{"line":24,"column":37}},"17":{"start":{"line":33,"column":4},"end":{"line":33,"column":25}},"18":{"start":{"line":34,"column":15},"end":{"line":34,"column":46}},"19":{"start":{"line":35,"column":21},"end":{"line":35,"column":58}},"20":{"start":{"line":36,"column":21},"end":{"line":36,"column":47}},"21":{"start":{"line":37,"column":19},"end":{"line":37,"column":43}},"22":{"start":{"line":38,"column":21},"end":{"line":38,"column":47}},"23":{"start":{"line":39,"column":19},"end":{"line":39,"column":43}},"24":{"start":{"line":40,"column":22},"end":{"line":40,"column":48}},"25":{"start":{"line":41,"column":20},"end":{"line":41,"column":44}},"26":{"start":{"line":42,"column":20},"end":{"line":42,"column":53}},"27":{"start":{"line":43,"column":22},"end":{"line":43,"column":57}},"28":{"start":{"line":44,"column":26},"end":{"line":44,"column":47}},"29":{"start":{"line":45,"column":26},"end":{"line":45,"column":65}},"30":{"start":{"line":47,"column":12},"end":{"line":47,"column":21}},"31":{"start":{"line":48,"column":0},"end":{"line":48,"column":16}},"32":{"start":{"line":49,"column":0},"end":{"line":49,"column":24}},"33":{"start":{"line":50,"column":0},"end":{"line":50,"column":16}},"34":{"start":{"line":51,"column":0},"end":{"line":51,"column":33}},"35":{"start":{"line":52,"column":0},"end":{"line":52,"column":37}},"36":{"start":{"line":53,"column":0},"end":{"line":53,"column":33}},"37":{"start":{"line":54,"column":0},"end":{"line":54,"column":37}},"38":{"start":{"line":55,"column":0},"end":{"line":55,"column":33}},"39":{"start":{"line":56,"column":0},"end":{"line":56,"column":22}},"40":{"start":{"line":57,"column":15},"end":{"line":57,"column":37}},"41":{"start":{"line":58,"column":12},"end":{"line":58,"column":43}},"42":{"start":{"line":59,"column":13},"end":{"line":59,"column":37}},"43":{"start":{"line":61,"column":22},"end":{"line":61,"column":24}},"44":{"start":{"line":64,"column":2},"end":{"line":66,"column":24}},"45":{"start":{"line":65,"column":19},"end":{"line":65,"column":94}},"46":{"start":{"line":66,"column":16},"end":{"line":66,"column":22}},"47":{"start":{"line":106,"column":18},"end":{"line":106,"column":28}},"48":{"start":{"line":107,"column":2},"end":{"line":109,"column":3}},"49":{"start":{"line":108,"column":4},"end":{"line":108,"column":124}},"50":{"start":{"line":110,"column":2},"end":{"line":112,"column":3}},"51":{"start":{"line":111,"column":4},"end":{"line":111,"column":70}},"52":{"start":{"line":113,"column":2},"end":{"line":115,"column":3}},"53":{"start":{"line":114,"column":4},"end":{"line":114,"column":69}},"54":{"start":{"line":116,"column":2},"end":{"line":118,"column":3}},"55":{"start":{"line":117,"column":4},"end":{"line":117,"column":69}},"56":{"start":{"line":119,"column":2},"end":{"line":121,"column":3}},"57":{"start":{"line":120,"column":4},"end":{"line":120,"column":68}},"58":{"start":{"line":122,"column":2},"end":{"line":124,"column":3}},"59":{"start":{"line":123,"column":4},"end":{"line":123,"column":42}},"60":{"start":{"line":125,"column":2},"end":{"line":127,"column":3}},"61":{"start":{"line":126,"column":4},"end":{"line":126,"column":43}},"62":{"start":{"line":128,"column":2},"end":{"line":130,"column":3}},"63":{"start":{"line":129,"column":4},"end":{"line":129,"column":42}},"64":{"start":{"line":131,"column":2},"end":{"line":133,"column":3}},"65":{"start":{"line":132,"column":4},"end":{"line":132,"column":43}},"66":{"start":{"line":135,"column":2},"end":{"line":138,"column":3}},"67":{"start":{"line":136,"column":31},"end":{"line":136,"column":49}},"68":{"start":{"line":137,"column":4},"end":{"line":137,"column":46}},"69":{"start":{"line":140,"column":2},"end":{"line":140,"column":45}},"70":{"start":{"line":145,"column":2},"end":{"line":150,"column":4}},"71":{"start":{"line":155,"column":17},"end":{"line":155,"column":52}},"72":{"start":{"line":156,"column":2},"end":{"line":156,"column":22}},"73":{"start":{"line":156,"column":15},"end":{"line":156,"column":22}},"74":{"start":{"line":157,"column":2},"end":{"line":190,"column":3}},"75":{"start":{"line":158,"column":18},"end":{"line":158,"column":64}},"76":{"start":{"line":159,"column":4},"end":{"line":159,"column":23}},"77":{"start":{"line":159,"column":16},"end":{"line":159,"column":23}},"78":{"start":{"line":160,"column":4},"end":{"line":160,"column":31}},"79":{"start":{"line":161,"column":4},"end":{"line":161,"column":37}},"80":{"start":{"line":162,"column":4},"end":{"line":162,"column":25}},"81":{"start":{"line":163,"column":4},"end":{"line":163,"column":31}},"82":{"start":{"line":164,"column":4},"end":{"line":164,"column":25}},"83":{"start":{"line":165,"column":4},"end":{"line":165,"column":31}},"84":{"start":{"line":166,"column":4},"end":{"line":166,"column":27}},"85":{"start":{"line":167,"column":4},"end":{"line":167,"column":27}},"86":{"start":{"line":168,"column":4},"end":{"line":168,"column":27}},"87":{"start":{"line":169,"column":4},"end":{"line":169,"column":27}},"88":{"start":{"line":170,"column":4},"end":{"line":170,"column":27}},"89":{"start":{"line":171,"column":4},"end":{"line":171,"column":29}},"90":{"start":{"line":172,"column":4},"end":{"line":172,"column":39}},"91":{"start":{"line":173,"column":4},"end":{"line":173,"column":33}},"92":{"start":{"line":174,"column":4},"end":{"line":174,"column":39}},"93":{"start":{"line":175,"column":4},"end":{"line":175,"column":33}},"94":{"start":{"line":176,"column":4},"end":{"line":176,"column":39}},"95":{"start":{"line":177,"column":4},"end":{"line":177,"column":33}},"96":{"start":{"line":178,"column":4},"end":{"line":178,"column":39}},"97":{"start":{"line":179,"column":4},"end":{"line":179,"column":43}},"98":{"start":{"line":180,"column":4},"end":{"line":180,"column":41}},"99":{"start":{"line":181,"column":4},"end":{"line":181,"column":33}},"100":{"start":{"line":182,"column":4},"end":{"line":182,"column":23}},"101":{"start":{"line":184,"column":4},"end":{"line":189,"column":5}},"102":{"start":{"line":185,"column":6},"end":{"line":185,"column":64}},"103":{"start":{"line":188,"column":6},"end":{"line":188,"column":51}},"104":{"start":{"line":194,"column":24},"end":{"line":202,"column":1}},"105":{"start":{"line":205,"column":20},"end":{"line":209,"column":2}},"106":{"start":{"line":210,"column":22},"end":{"line":214,"column":2}},"107":{"start":{"line":215,"column":0},"end":{"line":215,"column":46}},"108":{"start":{"line":217,"column":0},"end":{"line":470,"column":3}},"109":{"start":{"line":218,"column":19},"end":{"line":218,"column":21}},"110":{"start":{"line":220,"column":2},"end":{"line":452,"column":5}},"111":{"start":{"line":222,"column":4},"end":{"line":227,"column":5}},"112":{"start":{"line":223,"column":6},"end":{"line":223,"column":33}},"113":{"start":{"line":225,"column":6},"end":{"line":225,"column":74}},"114":{"start":{"line":226,"column":6},"end":{"line":226,"column":13}},"115":{"start":{"line":229,"column":4},"end":{"line":365,"column":5}},"116":{"start":{"line":230,"column":30},"end":{"line":230,"column":34}},"117":{"start":{"line":231,"column":6},"end":{"line":231,"column":52}},"118":{"start":{"line":232,"column":6},"end":{"line":237,"column":7}},"119":{"start":{"line":233,"column":8},"end":{"line":233,"column":37}},"120":{"start":{"line":234,"column":8},"end":{"line":234,"column":96}},"121":{"start":{"line":235,"column":8},"end":{"line":235,"column":19}},"122":{"start":{"line":236,"column":8},"end":{"line":236,"column":15}},"123":{"start":{"line":239,"column":6},"end":{"line":252,"column":7}},"124":{"start":{"line":240,"column":8},"end":{"line":240,"column":44}},"125":{"start":{"line":241,"column":8},"end":{"line":246,"column":9}},"126":{"start":{"line":242,"column":10},"end":{"line":242,"column":70}},"127":{"start":{"line":243,"column":10},"end":{"line":243,"column":102}},"128":{"start":{"line":244,"column":10},"end":{"line":244,"column":21}},"129":{"start":{"line":245,"column":10},"end":{"line":245,"column":17}},"130":{"start":{"line":248,"column":8},"end":{"line":248,"column":42}},"131":{"start":{"line":249,"column":8},"end":{"line":249,"column":97}},"132":{"start":{"line":250,"column":8},"end":{"line":250,"column":19}},"133":{"start":{"line":251,"column":8},"end":{"line":251,"column":15}},"134":{"start":{"line":253,"column":6},"end":{"line":253,"column":24}},"135":{"start":{"line":254,"column":6},"end":{"line":300,"column":11}},"136":{"start":{"line":255,"column":20},"end":{"line":255,"column":72}},"137":{"start":{"line":256,"column":8},"end":{"line":269,"column":9}},"138":{"start":{"line":257,"column":10},"end":{"line":257,"column":79}},"139":{"start":{"line":258,"column":10},"end":{"line":266,"column":13}},"140":{"start":{"line":268,"column":10},"end":{"line":268,"column":52}},"141":{"start":{"line":270,"column":23},"end":{"line":270,"column":49}},"142":{"start":{"line":271,"column":8},"end":{"line":271,"column":35}},"143":{"start":{"line":272,"column":8},"end":{"line":272,"column":41}},"144":{"start":{"line":273,"column":8},"end":{"line":273,"column":29}},"145":{"start":{"line":274,"column":8},"end":{"line":274,"column":35}},"146":{"start":{"line":275,"column":8},"end":{"line":275,"column":29}},"147":{"start":{"line":276,"column":8},"end":{"line":276,"column":35}},"148":{"start":{"line":277,"column":8},"end":{"line":277,"column":31}},"149":{"start":{"line":278,"column":8},"end":{"line":278,"column":31}},"150":{"start":{"line":279,"column":8},"end":{"line":279,"column":31}},"151":{"start":{"line":280,"column":8},"end":{"line":280,"column":31}},"152":{"start":{"line":281,"column":8},"end":{"line":281,"column":31}},"153":{"start":{"line":282,"column":8},"end":{"line":282,"column":33}},"154":{"start":{"line":283,"column":8},"end":{"line":283,"column":43}},"155":{"start":{"line":284,"column":8},"end":{"line":284,"column":42}},"156":{"start":{"line":285,"column":8},"end":{"line":285,"column":49}},"157":{"start":{"line":286,"column":8},"end":{"line":286,"column":42}},"158":{"start":{"line":287,"column":8},"end":{"line":287,"column":49}},"159":{"start":{"line":288,"column":8},"end":{"line":288,"column":42}},"160":{"start":{"line":289,"column":8},"end":{"line":289,"column":49}},"161":{"start":{"line":290,"column":8},"end":{"line":290,"column":55}},"162":{"start":{"line":291,"column":8},"end":{"line":291,"column":53}},"163":{"start":{"line":292,"column":8},"end":{"line":292,"column":52}},"164":{"start":{"line":293,"column":8},"end":{"line":293,"column":97}},"165":{"start":{"line":294,"column":8},"end":{"line":294,"column":59}},"166":{"start":{"line":295,"column":8},"end":{"line":295,"column":100}},"167":{"start":{"line":296,"column":8},"end":{"line":296,"column":59}},"168":{"start":{"line":297,"column":8},"end":{"line":297,"column":63}},"169":{"start":{"line":299,"column":8},"end":{"line":299,"column":108}},"170":{"start":{"line":301,"column":11},"end":{"line":365,"column":5}},"171":{"start":{"line":303,"column":21},"end":{"line":303,"column":56}},"172":{"start":{"line":304,"column":6},"end":{"line":304,"column":26}},"173":{"start":{"line":304,"column":19},"end":{"line":304,"column":26}},"174":{"start":{"line":305,"column":18},"end":{"line":305,"column":37}},"175":{"start":{"line":307,"column":6},"end":{"line":323,"column":7}},"176":{"start":{"line":309,"column":8},"end":{"line":321,"column":9}},"177":{"start":{"line":310,"column":10},"end":{"line":310,"column":107}},"178":{"start":{"line":311,"column":10},"end":{"line":311,"column":27}},"179":{"start":{"line":312,"column":10},"end":{"line":312,"column":43}},"180":{"start":{"line":313,"column":10},"end":{"line":313,"column":102}},"181":{"start":{"line":314,"column":10},"end":{"line":314,"column":54}},"182":{"start":{"line":315,"column":10},"end":{"line":315,"column":81}},"183":{"start":{"line":316,"column":10},"end":{"line":316,"column":32}},"184":{"start":{"line":317,"column":10},"end":{"line":317,"column":36}},"185":{"start":{"line":318,"column":10},"end":{"line":318,"column":100}},"186":{"start":{"line":320,"column":10},"end":{"line":320,"column":119}},"187":{"start":{"line":322,"column":8},"end":{"line":322,"column":15}},"188":{"start":{"line":325,"column":6},"end":{"line":341,"column":7}},"189":{"start":{"line":327,"column":8},"end":{"line":339,"column":9}},"190":{"start":{"line":328,"column":10},"end":{"line":328,"column":107}},"191":{"start":{"line":329,"column":10},"end":{"line":329,"column":27}},"192":{"start":{"line":330,"column":10},"end":{"line":330,"column":43}},"193":{"start":{"line":331,"column":10},"end":{"line":331,"column":102}},"194":{"start":{"line":332,"column":10},"end":{"line":332,"column":54}},"195":{"start":{"line":333,"column":10},"end":{"line":333,"column":81}},"196":{"start":{"line":334,"column":10},"end":{"line":334,"column":32}},"197":{"start":{"line":335,"column":10},"end":{"line":335,"column":36}},"198":{"start":{"line":336,"column":10},"end":{"line":336,"column":106}},"199":{"start":{"line":338,"column":10},"end":{"line":338,"column":116}},"200":{"start":{"line":340,"column":8},"end":{"line":340,"column":15}},"201":{"start":{"line":343,"column":6},"end":{"line":363,"column":9}},"202":{"start":{"line":364,"column":6},"end":{"line":364,"column":13}},"203":{"start":{"line":366,"column":4},"end":{"line":385,"column":5}},"204":{"start":{"line":367,"column":6},"end":{"line":383,"column":9}},"205":{"start":{"line":384,"column":6},"end":{"line":384,"column":13}},"206":{"start":{"line":386,"column":4},"end":{"line":402,"column":5}},"207":{"start":{"line":387,"column":6},"end":{"line":400,"column":9}},"208":{"start":{"line":401,"column":6},"end":{"line":401,"column":13}},"209":{"start":{"line":403,"column":4},"end":{"line":421,"column":5}},"210":{"start":{"line":404,"column":6},"end":{"line":419,"column":9}},"211":{"start":{"line":420,"column":6},"end":{"line":420,"column":13}},"212":{"start":{"line":422,"column":4},"end":{"line":441,"column":5}},"213":{"start":{"line":423,"column":6},"end":{"line":439,"column":9}},"214":{"start":{"line":440,"column":6},"end":{"line":440,"column":13}},"215":{"start":{"line":442,"column":4},"end":{"line":451,"column":5}},"216":{"start":{"line":443,"column":6},"end":{"line":443,"column":76}},"217":{"start":{"line":444,"column":11},"end":{"line":451,"column":5}},"218":{"start":{"line":445,"column":6},"end":{"line":445,"column":81}},"219":{"start":{"line":446,"column":11},"end":{"line":451,"column":5}},"220":{"start":{"line":447,"column":6},"end":{"line":447,"column":120}},"221":{"start":{"line":448,"column":11},"end":{"line":451,"column":5}},"222":{"start":{"line":449,"column":6},"end":{"line":449,"column":184}},"223":{"start":{"line":450,"column":6},"end":{"line":450,"column":13}},"224":{"start":{"line":454,"column":2},"end":{"line":469,"column":5}},"225":{"start":{"line":456,"column":4},"end":{"line":464,"column":5}},"226":{"start":{"line":457,"column":24},"end":{"line":457,"column":65}},"227":{"start":{"line":458,"column":20},"end":{"line":458,"column":66}},"228":{"start":{"line":459,"column":20},"end":{"line":459,"column":66}},"229":{"start":{"line":460,"column":6},"end":{"line":460,"column":45}},"230":{"start":{"line":461,"column":6},"end":{"line":461,"column":57}},"231":{"start":{"line":462,"column":6},"end":{"line":462,"column":95}},"232":{"start":{"line":463,"column":6},"end":{"line":463,"column":136}},"233":{"start":{"line":465,"column":4},"end":{"line":468,"column":5}},"234":{"start":{"line":466,"column":6},"end":{"line":466,"column":49}},"235":{"start":{"line":467,"column":6},"end":{"line":467,"column":41}},"236":{"start":{"line":473,"column":0},"end":{"line":477,"column":10}},"237":{"start":{"line":474,"column":2},"end":{"line":476,"column":5}},"238":{"start":{"line":475,"column":4},"end":{"line":475,"column":47}},"239":{"start":{"line":479,"column":0},"end":{"line":484,"column":1}},"240":{"start":{"line":480,"column":2},"end":{"line":480,"column":19}},"241":{"start":{"line":481,"column":2},"end":{"line":483,"column":5}},"242":{"start":{"line":482,"column":4},"end":{"line":482,"column":53}},"243":{"start":{"line":486,"column":0},"end":{"line":494,"column":2}}},"fnMap":{"0":{"name":"getPlayersInRoom","decl":{"start":{"line":63,"column":9},"end":{"line":63,"column":25}},"loc":{"start":{"line":63,"column":39},"end":{"line":67,"column":1}},"line":63},"1":{"name":"(anonymous_1)","decl":{"start":{"line":65,"column":12},"end":{"line":65,"column":13}},"loc":{"start":{"line":65,"column":19},"end":{"line":65,"column":94}},"line":65},"2":{"name":"(anonymous_2)","decl":{"start":{"line":66,"column":9},"end":{"line":66,"column":10}},"loc":{"start":{"line":66,"column":16},"end":{"line":66,"column":22}},"line":66},"3":{"name":"parseChatCommand","decl":{"start":{"line":105,"column":9},"end":{"line":105,"column":25}},"loc":{"start":{"line":105,"column":31},"end":{"line":141,"column":1}},"line":105},"4":{"name":"respawnMonsterWithDeps","decl":{"start":{"line":144,"column":9},"end":{"line":144,"column":31}},"loc":{"start":{"line":144,"column":45},"end":{"line":151,"column":1}},"line":144},"5":{"name":"savePlayerData","decl":{"start":{"line":154,"column":15},"end":{"line":154,"column":29}},"loc":{"start":{"line":154,"column":42},"end":{"line":191,"column":1}},"line":154},"6":{"name":"(anonymous_6)","decl":{"start":{"line":217,"column":21},"end":{"line":217,"column":22}},"loc":{"start":{"line":217,"column":29},"end":{"line":470,"column":1}},"line":217},"7":{"name":"(anonymous_7)","decl":{"start":{"line":220,"column":19},"end":{"line":220,"column":20}},"loc":{"start":{"line":220,"column":38},"end":{"line":452,"column":3}},"line":220},"8":{"name":"(anonymous_8)","decl":{"start":{"line":254,"column":7},"end":{"line":254,"column":8}},"loc":{"start":{"line":254,"column":19},"end":{"line":300,"column":7}},"line":254},"9":{"name":"(anonymous_9)","decl":{"start":{"line":454,"column":17},"end":{"line":454,"column":18}},"loc":{"start":{"line":454,"column":23},"end":{"line":469,"column":3}},"line":454},"10":{"name":"(anonymous_10)","decl":{"start":{"line":473,"column":12},"end":{"line":473,"column":13}},"loc":{"start":{"line":473,"column":18},"end":{"line":477,"column":1}},"line":473},"11":{"name":"(anonymous_11)","decl":{"start":{"line":474,"column":53},"end":{"line":474,"column":54}},"loc":{"start":{"line":474,"column":67},"end":{"line":476,"column":3}},"line":474},"12":{"name":"(anonymous_12)","decl":{"start":{"line":475,"column":37},"end":{"line":475,"column":38}},"loc":{"start":{"line":475,"column":43},"end":{"line":475,"column":45}},"line":475},"13":{"name":"(anonymous_13)","decl":{"start":{"line":481,"column":22},"end":{"line":481,"column":23}},"loc":{"start":{"line":481,"column":28},"end":{"line":483,"column":3}},"line":481}},"branchMap":{"0":{"loc":{"start":{"line":59,"column":13},"end":{"line":59,"column":37}},"type":"binary-expr","locations":[{"start":{"line":59,"column":13},"end":{"line":59,"column":29}},{"start":{"line":59,"column":33},"end":{"line":59,"column":37}}],"line":59},"1":{"loc":{"start":{"line":65,"column":19},"end":{"line":65,"column":94}},"type":"binary-expr","locations":[{"start":{"line":65,"column":19},"end":{"line":65,"column":36}},{"start":{"line":65,"column":40},"end":{"line":65,"column":50}},{"start":{"line":65,"column":54},"end":{"line":65,"column":72}},{"start":{"line":65,"column":76},"end":{"line":65,"column":94}}],"line":65},"2":{"loc":{"start":{"line":107,"column":2},"end":{"line":109,"column":3}},"type":"if","locations":[{"start":{"line":107,"column":2},"end":{"line":109,"column":3}},{"start":{},"end":{}}],"line":107},"3":{"loc":{"start":{"line":110,"column":2},"end":{"line":112,"column":3}},"type":"if","locations":[{"start":{"line":110,"column":2},"end":{"line":112,"column":3}},{"start":{},"end":{}}],"line":110},"4":{"loc":{"start":{"line":113,"column":2},"end":{"line":115,"column":3}},"type":"if","locations":[{"start":{"line":113,"column":2},"end":{"line":115,"column":3}},{"start":{},"end":{}}],"line":113},"5":{"loc":{"start":{"line":116,"column":2},"end":{"line":118,"column":3}},"type":"if","locations":[{"start":{"line":116,"column":2},"end":{"line":118,"column":3}},{"start":{},"end":{}}],"line":116},"6":{"loc":{"start":{"line":119,"column":2},"end":{"line":121,"column":3}},"type":"if","locations":[{"start":{"line":119,"column":2},"end":{"line":121,"column":3}},{"start":{},"end":{}}],"line":119},"7":{"loc":{"start":{"line":122,"column":2},"end":{"line":124,"column":3}},"type":"if","locations":[{"start":{"line":122,"column":2},"end":{"line":124,"column":3}},{"start":{},"end":{}}],"line":122},"8":{"loc":{"start":{"line":125,"column":2},"end":{"line":127,"column":3}},"type":"if","locations":[{"start":{"line":125,"column":2},"end":{"line":127,"column":3}},{"start":{},"end":{}}],"line":125},"9":{"loc":{"start":{"line":128,"column":2},"end":{"line":130,"column":3}},"type":"if","locations":[{"start":{"line":128,"column":2},"end":{"line":130,"column":3}},{"start":{},"end":{}}],"line":128},"10":{"loc":{"start":{"line":131,"column":2},"end":{"line":133,"column":3}},"type":"if","locations":[{"start":{"line":131,"column":2},"end":{"line":133,"column":3}},{"start":{},"end":{}}],"line":131},"11":{"loc":{"start":{"line":135,"column":2},"end":{"line":138,"column":3}},"type":"if","locations":[{"start":{"line":135,"column":2},"end":{"line":138,"column":3}},{"start":{},"end":{}}],"line":135},"12":{"loc":{"start":{"line":156,"column":2},"end":{"line":156,"column":22}},"type":"if","locations":[{"start":{"line":156,"column":2},"end":{"line":156,"column":22}},{"start":{},"end":{}}],"line":156},"13":{"loc":{"start":{"line":159,"column":4},"end":{"line":159,"column":23}},"type":"if","locations":[{"start":{"line":159,"column":4},"end":{"line":159,"column":23}},{"start":{},"end":{}}],"line":159},"14":{"loc":{"start":{"line":184,"column":4},"end":{"line":189,"column":5}},"type":"if","locations":[{"start":{"line":184,"column":4},"end":{"line":189,"column":5}},{"start":{"line":187,"column":11},"end":{"line":189,"column":5}}],"line":184},"15":{"loc":{"start":{"line":229,"column":4},"end":{"line":365,"column":5}},"type":"if","locations":[{"start":{"line":229,"column":4},"end":{"line":365,"column":5}},{"start":{"line":301,"column":11},"end":{"line":365,"column":5}}],"line":229},"16":{"loc":{"start":{"line":232,"column":6},"end":{"line":237,"column":7}},"type":"if","locations":[{"start":{"line":232,"column":6},"end":{"line":237,"column":7}},{"start":{},"end":{}}],"line":232},"17":{"loc":{"start":{"line":241,"column":8},"end":{"line":246,"column":9}},"type":"if","locations":[{"start":{"line":241,"column":8},"end":{"line":246,"column":9}},{"start":{},"end":{}}],"line":241},"18":{"loc":{"start":{"line":256,"column":8},"end":{"line":269,"column":9}},"type":"if","locations":[{"start":{"line":256,"column":8},"end":{"line":269,"column":9}},{"start":{"line":267,"column":15},"end":{"line":269,"column":9}}],"line":256},"19":{"loc":{"start":{"line":284,"column":24},"end":{"line":284,"column":41}},"type":"binary-expr","locations":[{"start":{"line":284,"column":24},"end":{"line":284,"column":36}},{"start":{"line":284,"column":40},"end":{"line":284,"column":41}}],"line":284},"20":{"loc":{"start":{"line":285,"column":27},"end":{"line":285,"column":48}},"type":"binary-expr","locations":[{"start":{"line":285,"column":27},"end":{"line":285,"column":42}},{"start":{"line":285,"column":46},"end":{"line":285,"column":48}}],"line":285},"21":{"loc":{"start":{"line":286,"column":24},"end":{"line":286,"column":41}},"type":"binary-expr","locations":[{"start":{"line":286,"column":24},"end":{"line":286,"column":36}},{"start":{"line":286,"column":40},"end":{"line":286,"column":41}}],"line":286},"22":{"loc":{"start":{"line":287,"column":27},"end":{"line":287,"column":48}},"type":"binary-expr","locations":[{"start":{"line":287,"column":27},"end":{"line":287,"column":42}},{"start":{"line":287,"column":46},"end":{"line":287,"column":48}}],"line":287},"23":{"loc":{"start":{"line":288,"column":24},"end":{"line":288,"column":41}},"type":"binary-expr","locations":[{"start":{"line":288,"column":24},"end":{"line":288,"column":36}},{"start":{"line":288,"column":40},"end":{"line":288,"column":41}}],"line":288},"24":{"loc":{"start":{"line":289,"column":27},"end":{"line":289,"column":48}},"type":"binary-expr","locations":[{"start":{"line":289,"column":27},"end":{"line":289,"column":42}},{"start":{"line":289,"column":46},"end":{"line":289,"column":48}}],"line":289},"25":{"loc":{"start":{"line":290,"column":29},"end":{"line":290,"column":54}},"type":"binary-expr","locations":[{"start":{"line":290,"column":29},"end":{"line":290,"column":46}},{"start":{"line":290,"column":50},"end":{"line":290,"column":54}}],"line":290},"26":{"loc":{"start":{"line":291,"column":28},"end":{"line":291,"column":52}},"type":"binary-expr","locations":[{"start":{"line":291,"column":28},"end":{"line":291,"column":44}},{"start":{"line":291,"column":48},"end":{"line":291,"column":52}}],"line":291},"27":{"loc":{"start":{"line":301,"column":11},"end":{"line":365,"column":5}},"type":"if","locations":[{"start":{"line":301,"column":11},"end":{"line":365,"column":5}},{"start":{},"end":{}}],"line":301},"28":{"loc":{"start":{"line":304,"column":6},"end":{"line":304,"column":26}},"type":"if","locations":[{"start":{"line":304,"column":6},"end":{"line":304,"column":26}},{"start":{},"end":{}}],"line":304},"29":{"loc":{"start":{"line":307,"column":6},"end":{"line":323,"column":7}},"type":"if","locations":[{"start":{"line":307,"column":6},"end":{"line":323,"column":7}},{"start":{},"end":{}}],"line":307},"30":{"loc":{"start":{"line":309,"column":8},"end":{"line":321,"column":9}},"type":"if","locations":[{"start":{"line":309,"column":8},"end":{"line":321,"column":9}},{"start":{"line":319,"column":15},"end":{"line":321,"column":9}}],"line":309},"31":{"loc":{"start":{"line":309,"column":12},"end":{"line":309,"column":84}},"type":"binary-expr","locations":[{"start":{"line":309,"column":12},"end":{"line":309,"column":30}},{"start":{"line":309,"column":34},"end":{"line":309,"column":57}},{"start":{"line":309,"column":61},"end":{"line":309,"column":84}}],"line":309},"32":{"loc":{"start":{"line":325,"column":6},"end":{"line":341,"column":7}},"type":"if","locations":[{"start":{"line":325,"column":6},"end":{"line":341,"column":7}},{"start":{},"end":{}}],"line":325},"33":{"loc":{"start":{"line":327,"column":8},"end":{"line":339,"column":9}},"type":"if","locations":[{"start":{"line":327,"column":8},"end":{"line":339,"column":9}},{"start":{"line":337,"column":15},"end":{"line":339,"column":9}}],"line":327},"34":{"loc":{"start":{"line":327,"column":12},"end":{"line":327,"column":84}},"type":"binary-expr","locations":[{"start":{"line":327,"column":12},"end":{"line":327,"column":30}},{"start":{"line":327,"column":34},"end":{"line":327,"column":57}},{"start":{"line":327,"column":61},"end":{"line":327,"column":84}}],"line":327},"35":{"loc":{"start":{"line":366,"column":4},"end":{"line":385,"column":5}},"type":"if","locations":[{"start":{"line":366,"column":4},"end":{"line":385,"column":5}},{"start":{},"end":{}}],"line":366},"36":{"loc":{"start":{"line":386,"column":4},"end":{"line":402,"column":5}},"type":"if","locations":[{"start":{"line":386,"column":4},"end":{"line":402,"column":5}},{"start":{},"end":{}}],"line":386},"37":{"loc":{"start":{"line":403,"column":4},"end":{"line":421,"column":5}},"type":"if","locations":[{"start":{"line":403,"column":4},"end":{"line":421,"column":5}},{"start":{},"end":{}}],"line":403},"38":{"loc":{"start":{"line":422,"column":4},"end":{"line":441,"column":5}},"type":"if","locations":[{"start":{"line":422,"column":4},"end":{"line":441,"column":5}},{"start":{},"end":{}}],"line":422},"39":{"loc":{"start":{"line":442,"column":4},"end":{"line":451,"column":5}},"type":"if","locations":[{"start":{"line":442,"column":4},"end":{"line":451,"column":5}},{"start":{"line":444,"column":11},"end":{"line":451,"column":5}}],"line":442},"40":{"loc":{"start":{"line":444,"column":11},"end":{"line":451,"column":5}},"type":"if","locations":[{"start":{"line":444,"column":11},"end":{"line":451,"column":5}},{"start":{"line":446,"column":11},"end":{"line":451,"column":5}}],"line":444},"41":{"loc":{"start":{"line":446,"column":11},"end":{"line":451,"column":5}},"type":"if","locations":[{"start":{"line":446,"column":11},"end":{"line":451,"column":5}},{"start":{"line":448,"column":11},"end":{"line":451,"column":5}}],"line":446},"42":{"loc":{"start":{"line":448,"column":11},"end":{"line":451,"column":5}},"type":"if","locations":[{"start":{"line":448,"column":11},"end":{"line":451,"column":5}},{"start":{},"end":{}}],"line":448},"43":{"loc":{"start":{"line":456,"column":4},"end":{"line":464,"column":5}},"type":"if","locations":[{"start":{"line":456,"column":4},"end":{"line":464,"column":5}},{"start":{},"end":{}}],"line":456},"44":{"loc":{"start":{"line":456,"column":8},"end":{"line":456,"column":57}},"type":"binary-expr","locations":[{"start":{"line":456,"column":8},"end":{"line":456,"column":18}},{"start":{"line":456,"column":22},"end":{"line":456,"column":57}}],"line":456},"45":{"loc":{"start":{"line":465,"column":4},"end":{"line":468,"column":5}},"type":"if","locations":[{"start":{"line":465,"column":4},"end":{"line":468,"column":5}},{"start":{},"end":{}}],"line":465},"46":{"loc":{"start":{"line":479,"column":0},"end":{"line":484,"column":1}},"type":"if","locations":[{"start":{"line":479,"column":0},"end":{"line":484,"column":1}},{"start":{},"end":{}}],"line":479}},"s":{"0":3,"1":3,"2":3,"3":3,"4":3,"5":3,"6":3,"7":3,"8":3,"9":3,"10":3,"11":3,"12":3,"13":3,"14":3,"15":3,"16":3,"17":3,"18":3,"19":3,"20":3,"21":3,"22":3,"23":3,"24":3,"25":3,"26":3,"27":3,"28":3,"29":3,"30":3,"31":3,"32":3,"33":3,"34":3,"35":3,"36":3,"37":3,"38":3,"39":3,"40":3,"41":3,"42":3,"43":3,"44":0,"45":0,"46":0,"47":10,"48":10,"49":1,"50":9,"51":1,"52":8,"53":1,"54":7,"55":1,"56":6,"57":1,"58":5,"59":1,"60":4,"61":1,"62":3,"63":1,"64":2,"65":1,"66":1,"67":0,"68":0,"69":1,"70":1,"71":5,"72":5,"73":1,"74":4,"75":4,"76":2,"77":1,"78":1,"79":1,"80":1,"81":1,"82":1,"83":1,"84":1,"85":1,"86":1,"87":1,"88":1,"89":1,"90":1,"91":1,"92":1,"93":1,"94":1,"95":1,"96":1,"97":1,"98":1,"99":1,"100":1,"101":2,"102":1,"103":1,"104":3,"105":3,"106":3,"107":3,"108":3,"109":0,"110":0,"111":0,"112":0,"113":0,"114":0,"115":0,"116":0,"117":0,"118":0,"119":0,"120":0,"121":0,"122":0,"123":0,"124":0,"125":0,"126":0,"127":0,"128":0,"129":0,"130":0,"131":0,"132":0,"133":0,"134":0,"135":0,"136":0,"137":0,"138":0,"139":0,"140":0,"141":0,"142":0,"143":0,"144":0,"145":0,"146":0,"147":0,"148":0,"149":0,"150":0,"151":0,"152":0,"153":0,"154":0,"155":0,"156":0,"157":0,"158":0,"159":0,"160":0,"161":0,"162":0,"163":0,"164":0,"165":0,"166":0,"167":0,"168":0,"169":0,"170":0,"171":0,"172":0,"173":0,"174":0,"175":0,"176":0,"177":0,"178":0,"179":0,"180":0,"181":0,"182":0,"183":0,"184":0,"185":0,"186":0,"187":0,"188":0,"189":0,"190":0,"191":0,"192":0,"193":0,"194":0,"195":0,"196":0,"197":0,"198":0,"199":0,"200":0,"201":0,"202":0,"203":0,"204":0,"205":0,"206":0,"207":0,"208":0,"209":0,"210":0,"211":0,"212":0,"213":0,"214":0,"215":0,"216":0,"217":0,"218":0,"219":0,"220":0,"221":0,"222":0,"223":0,"224":0,"225":0,"226":0,"227":0,"228":0,"229":0,"230":0,"231":0,"232":0,"233":0,"234":0,"235":0,"236":3,"237":0,"238":0,"239":3,"240":0,"241":0,"242":0,"243":3},"f":{"0":0,"1":0,"2":0,"3":10,"4":1,"5":5,"6":0,"7":0,"8":0,"9":0,"10":0,"11":0,"12":0,"13":0},"b":{"0":[3,3],"1":[0,0,0,0],"2":[1,9],"3":[1,8],"4":[1,7],"5":[1,6],"6":[1,5],"7":[1,4],"8":[1,3],"9":[1,2],"10":[1,1],"11":[0,1],"12":[1,4],"13":[1,1],"14":[1,1],"15":[0,0],"16":[0,0],"17":[0,0],"18":[0,0],"19":[0,0],"20":[0,0],"21":[0,0],"22":[0,0],"23":[0,0],"24":[0,0],"25":[0,0],"26":[0,0],"27":[0,0],"28":[0,0],"29":[0,0],"30":[0,0],"31":[0,0,0],"32":[0,0],"33":[0,0],"34":[0,0,0],"35":[0,0],"36":[0,0],"37":[0,0],"38":[0,0],"39":[0,0],"40":[0,0],"41":[0,0],"42":[0,0],"43":[0,0],"44":[0,0],"45":[0,0],"46":[0,3]},"_coverageSchema":"1a1c01bbd47fc00a2c39e90264f33305004495a9","hash":"a03e0d453369e9ddc2906fd962cb1fc22a9e9f9b"}
,"C:\\Users\\p8426\\Downloads\\사진1\\ghld\\backend\\controllers\\BattleController.js": {"path":"C:\\Users\\p8426\\Downloads\\사진1\\ghld\\backend\\controllers\\BattleController.js","statementMap":{"0":{"start":{"line":5,"column":19},"end":{"line":5,"column":50}},"1":{"start":{"line":6,"column":20},"end":{"line":6,"column":42}},"2":{"start":{"line":7,"column":26},"end":{"line":7,"column":46}},"3":{"start":{"line":8,"column":30},"end":{"line":8,"column":59}},"4":{"start":{"line":10,"column":25},"end":{"line":59,"column":1}},"5":{"start":{"line":15,"column":4},"end":{"line":57,"column":5}},"6":{"start":{"line":16,"column":41},"end":{"line":16,"column":49}},"7":{"start":{"line":17,"column":6},"end":{"line":19,"column":7}},"8":{"start":{"line":18,"column":8},"end":{"line":18,"column":61}},"9":{"start":{"line":21,"column":20},"end":{"line":21,"column":73}},"10":{"start":{"line":22,"column":6},"end":{"line":22,"column":72}},"11":{"start":{"line":22,"column":18},"end":{"line":22,"column":72}},"12":{"start":{"line":24,"column":19},"end":{"line":24,"column":39}},"13":{"start":{"line":25,"column":6},"end":{"line":25,"column":72}},"14":{"start":{"line":25,"column":17},"end":{"line":25,"column":72}},"15":{"start":{"line":26,"column":19},"end":{"line":26,"column":69}},"16":{"start":{"line":26,"column":50},"end":{"line":26,"column":68}},"17":{"start":{"line":27,"column":6},"end":{"line":27,"column":76}},"18":{"start":{"line":27,"column":23},"end":{"line":27,"column":76}},"19":{"start":{"line":29,"column":21},"end":{"line":29,"column":81}},"20":{"start":{"line":30,"column":22},"end":{"line":30,"column":41}},"21":{"start":{"line":32,"column":21},"end":{"line":32,"column":73}},"22":{"start":{"line":34,"column":6},"end":{"line":34,"column":31}},"23":{"start":{"line":35,"column":6},"end":{"line":35,"column":27}},"24":{"start":{"line":36,"column":6},"end":{"line":36,"column":33}},"25":{"start":{"line":37,"column":6},"end":{"line":37,"column":29}},"26":{"start":{"line":38,"column":6},"end":{"line":38,"column":29}},"27":{"start":{"line":39,"column":6},"end":{"line":39,"column":29}},"28":{"start":{"line":40,"column":6},"end":{"line":40,"column":35}},"29":{"start":{"line":41,"column":6},"end":{"line":41,"column":41}},"30":{"start":{"line":42,"column":6},"end":{"line":42,"column":35}},"31":{"start":{"line":43,"column":6},"end":{"line":43,"column":41}},"32":{"start":{"line":44,"column":6},"end":{"line":44,"column":35}},"33":{"start":{"line":45,"column":6},"end":{"line":45,"column":41}},"34":{"start":{"line":46,"column":6},"end":{"line":46,"column":45}},"35":{"start":{"line":47,"column":6},"end":{"line":47,"column":43}},"36":{"start":{"line":48,"column":6},"end":{"line":48,"column":25}},"37":{"start":{"line":50,"column":6},"end":{"line":50,"column":76}},"38":{"start":{"line":52,"column":6},"end":{"line":54,"column":7}},"39":{"start":{"line":53,"column":8},"end":{"line":53,"column":53}},"40":{"start":{"line":56,"column":6},"end":{"line":56,"column":16}},"41":{"start":{"line":61,"column":0},"end":{"line":61,"column":34}}},"fnMap":{"0":{"name":"(anonymous_0)","decl":{"start":{"line":14,"column":2},"end":{"line":14,"column":3}},"loc":{"start":{"line":14,"column":31},"end":{"line":58,"column":3}},"line":14},"1":{"name":"(anonymous_1)","decl":{"start":{"line":26,"column":43},"end":{"line":26,"column":44}},"loc":{"start":{"line":26,"column":50},"end":{"line":26,"column":68}},"line":26}},"branchMap":{"0":{"loc":{"start":{"line":17,"column":6},"end":{"line":19,"column":7}},"type":"if","locations":[{"start":{"line":17,"column":6},"end":{"line":19,"column":7}},{"start":{},"end":{}}],"line":17},"1":{"loc":{"start":{"line":17,"column":10},"end":{"line":17,"column":63}},"type":"binary-expr","locations":[{"start":{"line":17,"column":10},"end":{"line":17,"column":20}},{"start":{"line":17,"column":24},"end":{"line":17,"column":33}},{"start":{"line":17,"column":37},"end":{"line":17,"column":46}},{"start":{"line":17,"column":50},"end":{"line":17,"column":63}}],"line":17},"2":{"loc":{"start":{"line":22,"column":6},"end":{"line":22,"column":72}},"type":"if","locations":[{"start":{"line":22,"column":6},"end":{"line":22,"column":72}},{"start":{},"end":{}}],"line":22},"3":{"loc":{"start":{"line":25,"column":6},"end":{"line":25,"column":72}},"type":"if","locations":[{"start":{"line":25,"column":6},"end":{"line":25,"column":72}},{"start":{},"end":{}}],"line":25},"4":{"loc":{"start":{"line":27,"column":6},"end":{"line":27,"column":76}},"type":"if","locations":[{"start":{"line":27,"column":6},"end":{"line":27,"column":76}},{"start":{},"end":{}}],"line":27},"5":{"loc":{"start":{"line":29,"column":39},"end":{"line":29,"column":80}},"type":"cond-expr","locations":[{"start":{"line":29,"column":56},"end":{"line":29,"column":72}},{"start":{"line":29,"column":75},"end":{"line":29,"column":80}}],"line":29},"6":{"loc":{"start":{"line":52,"column":6},"end":{"line":54,"column":7}},"type":"if","locations":[{"start":{"line":52,"column":6},"end":{"line":54,"column":7}},{"start":{},"end":{}}],"line":52},"7":{"loc":{"start":{"line":52,"column":10},"end":{"line":52,"column":43}},"type":"binary-expr","locations":[{"start":{"line":52,"column":10},"end":{"line":52,"column":16}},{"start":{"line":52,"column":20},"end":{"line":52,"column":43}}],"line":52}},"s":{"0":4,"1":4,"2":4,"3":4,"4":4,"5":6,"6":6,"7":6,"8":1,"9":5,"10":4,"11":1,"12":3,"13":3,"14":1,"15":2,"16":1,"17":2,"18":1,"19":1,"20":1,"21":1,"22":1,"23":1,"24":1,"25":1,"26":1,"27":1,"28":1,"29":1,"30":1,"31":1,"32":1,"33":1,"34":1,"35":1,"36":1,"37":1,"38":1,"39":0,"40":1,"41":4},"f":{"0":6,"1":1},"b":{"0":[1,5],"1":[6,5,5,5],"2":[1,3],"3":[1,2],"4":[1,1],"5":[1,0],"6":[0,1],"7":[1,0]},"_coverageSchema":"1a1c01bbd47fc00a2c39e90264f33305004495a9","hash":"e40a49cbb7361fe80edbd27fb876d65f9d3faba1"}
[...]
:{"line":71,"column":102}},"53":{"start":{"line":72,"column":6},"end":{"line":72,"column":13}},"54":{"start":{"line":74,"column":22},"end":{"line":74,"column":55}},"55":{"start":{"line":75,"column":4},"end":{"line":75,"column":29}},"56":{"start":{"line":76,"column":4},"end":{"line":76,"column":36}},"57":{"start":{"line":77,"column":4},"end":{"line":77,"column":58}},"58":{"start":{"line":78,"column":4},"end":{"line":78,"column":31}},"59":{"start":{"line":79,"column":4},"end":{"line":79,"column":35}},"60":{"start":{"line":80,"column":4},"end":{"line":80,"column":119}},"61":{"start":{"line":84,"column":0},"end":{"line":84,"column":29}}},"fnMap":{"0":{"name":"(anonymous_0)","decl":{"start":{"line":7,"column":2},"end":{"line":7,"column":3}},"loc":{"start":{"line":7,"column":68},"end":{"line":11,"column":3}},"line":7},"1":{"name":"(anonymous_1)","decl":{"start":{"line":16,"column":2},"end":{"line":16,"column":3}},"loc":{"start":{"line":16,"column":75},"end":{"line":45,"column":3}},"line":16},"2":{"name":"(anonymous_2)","decl":{"start":{"line":28,"column":39},"end":{"line":28,"column":40}},"loc":{"start":{"line":28,"column":49},"end":{"line":28,"column":71}},"line":28},"3":{"name":"(anonymous_3)","decl":{"start":{"line":41,"column":48},"end":{"line":41,"column":49}},"loc":{"start":{"line":41,"column":54},"end":{"line":41,"column":56}},"line":41},"4":{"name":"(anonymous_4)","decl":{"start":{"line":50,"column":2},"end":{"line":50,"column":3}},"loc":{"start":{"line":50,"column":76},"end":{"line":81,"column":3}},"line":50},"5":{"name":"(anonymous_5)","decl":{"start":{"line":60,"column":43},"end":{"line":60,"column":44}},"loc":{"start":{"line":60,"column":53},"end":{"line":60,"column":75}},"line":60},"6":{"name":"(anonymous_6)","decl":{"start":{"line":67,"column":39},"end":{"line":67,"column":40}},"loc":{"start":{"line":67,"column":49},"end":{"line":67,"column":71}},"line":67},"7":{"name":"(anonymous_7)","decl":{"start":{"line":77,"column":48},"end":{"line":77,"column":49}},"loc":{"start":{"line":77,"column":54},"end":{"line":77,"column":56}},"line":77}},"branchMap":{"0":{"loc":{"start":{"line":18,"column":4},"end":{"line":18,"column":59}},"type":"if","locations":[{"start":{"line":18,"column":4},"end":{"line":18,"column":59}},{"start":{},"end":{}}],"line":18},"1":{"loc":{"start":{"line":21,"column":4},"end":{"line":24,"column":5}},"type":"if","locations":[{"start":{"line":21,"column":4},"end":{"line":24,"column":5}},{"start":{},"end":{}}],"line":21},"2":{"loc":{"start":{"line":29,"column":6},"end":{"line":29,"column":27}},"type":"if","locations":[{"start":{"line":29,"column":6},"end":{"line":29,"column":27}},{"start":{},"end":{}}],"line":29},"3":{"loc":{"start":{"line":31,"column":4},"end":{"line":34,"column":5}},"type":"if","locations":[{"start":{"line":31,"column":4},"end":{"line":34,"column":5}},{"start":{},"end":{}}],"line":31},"4":{"loc":{"start":{"line":35,"column":4},"end":{"line":38,"column":5}},"type":"if","locations":[{"start":{"line":35,"column":4},"end":{"line":38,"column":5}},{"start":{},"end":{}}],"line":35},"5":{"loc":{"start":{"line":52,"column":4},"end":{"line":52,"column":24}},"type":"if","locations":[{"start":{"line":52,"column":4},"end":{"line":52,"column":24}},{"start":{},"end":{}}],"line":52},"6":{"loc":{"start":{"line":55,"column":4},"end":{"line":58,"column":5}},"type":"if","locations":[{"start":{"line":55,"column":4},"end":{"line":58,"column":5}},{"start":{},"end":{}}],"line":55},"7":{"loc":{"start":{"line":61,"column":4},"end":{"line":64,"column":5}},"type":"if","locations":[{"start":{"line":61,"column":4},"end":{"line":64,"column":5}},{"start":{},"end":{}}],"line":61},"8":{"loc":{"start":{"line":68,"column":6},"end":{"line":68,"column":27}},"type":"if","locations":[{"start":{"line":68,"column":6},"end":{"line":68,"column":27}},{"start":{},"end":{}}],"line":68},"9":{"loc":{"start":{"line":70,"column":4},"end":{"line":73,"column":5}},"type":"if","locations":[{"start":{"line":70,"column":4},"end":{"line":73,"column":5}},{"start":{},"end":{}}],"line":70}},"s":{"0":11,"1":11,"2":11,"3":4,"4":4,"5":0,"6":0,"7":4,"8":4,"9":4,"10":1,"11":1,"12":3,"13":3,"14":3,"15":4,"16":4,"17":4,"18":2,"19":3,"20":1,"21":1,"22":2,"23":1,"24":1,"25":1,"26":1,"27":1,"28":1,"29":1,"30":1,"31":4,"32":4,"33":0,"34":4,"35":4,"36":4,"37":1,"38":1,"39":3,"40":3,"41":2,"42":3,"43":1,"44":1,"45":2,"46":2,"47":3,"48":3,"49":3,"50":1,"51":2,"52":1,"53":1,"54":1,"55":1,"56":1,"57":1,"58":1,"59":1,"60":1,"61":5},"f":{"0":11,"1":4,"2":4,"3":0,"4":4,"5":2,"6":3,"7":0},"b":{"0":[0,4],"1":[1,3],"2":[2,2],"3":[1,2],"4":[1,1],"5":[0,4],"6":[1,3],"7":[1,2],"8":[1,2],"9":[1,1]},"_coverageSchema":"1a1c01bbd47fc00a2c39e90264f33305004495a9","hash":"bf53907357a34687e03776c2e5230288928cc4a5"}
,"C:\\Users\\p8426\\Downloads\\사진1\\ghld\\backend\\utils\\Room.js": {"path":"C:\\Users\\p8426\\Downloads\\사진1\\ghld\\backend\\utils\\Room.js","statementMap":{"0":{"start":{"line":3,"column":4},"end":{"line":3,"column":15}},"1":{"start":{"line":4,"column":4},"end":{"line":4,"column":15}},"2":{"start":{"line":5,"column":4},"end":{"line":5,"column":21}},"3":{"start":{"line":6,"column":4},"end":{"line":6,"column":21}},"4":{"start":{"line":7,"column":4},"end":{"line":7,"column":35}},"5":{"start":{"line":8,"column":4},"end":{"line":8,"column":23}},"6":{"start":{"line":9,"column":4},"end":{"line":9,"column":29}},"7":{"start":{"line":10,"column":4},"end":{"line":10,"column":20}},"8":{"start":{"line":11,"column":4},"end":{"line":11,"column":23}},"9":{"start":{"line":13,"column":26},"end":{"line":13,"column":55}},"10":{"start":{"line":14,"column":29},"end":{"line":14,"column":61}},"11":{"start":{"line":15,"column":26},"end":{"line":15,"column":62}},"12":{"start":{"line":16,"column":18},"end":{"line":16,"column":40}},"13":{"start":{"line":17,"column":25},"end":{"line":17,"column":82}},"14":{"start":{"line":17,"column":61},"end":{"line":17,"column":80}},"15":{"start":{"line":18,"column":24},"end":{"line":18,"column":52}},"16":{"start":{"line":19,"column":29},"end":{"line":19,"column":91}},"17":{"start":{"line":19,"column":71},"end":{"line":19,"column":89}},"18":{"start":{"line":21,"column":0},"end":{"line":21,"column":22}}},"fnMap":{"0":{"name":"(anonymous_0)","decl":{"start":{"line":2,"column":2},"end":{"line":2,"column":3}},"loc":{"start":{"line":2,"column":52},"end":{"line":12,"column":3}},"line":2},"1":{"name":"(anonymous_1)","decl":{"start":{"line":13,"column":2},"end":{"line":13,"column":3}},"loc":{"start":{"line":13,"column":24},"end":{"line":13,"column":57}},"line":13},"2":{"name":"(anonymous_2)","decl":{"start":{"line":14,"column":2},"end":{"line":14,"column":3}},"loc":{"start":{"line":14,"column":27},"end":{"line":14,"column":63}},"line":14},"3":{"name":"(anonymous_3)","decl":{"start":{"line":15,"column":2},"end":{"line":15,"column":3}},"loc":{"start":{"line":15,"column":24},"end":{"line":15,"column":64}},"line":15},"4":{"name":"(anonymous_4)","decl":{"start":{"line":16,"column":2},"end":{"line":16,"column":3}},"loc":{"start":{"line":16,"column":16},"end":{"line":16,"column":42}},"line":16},"5":{"name":"(anonymous_5)","decl":{"start":{"line":17,"column":2},"end":{"line":17,"column":3}},"loc":{"start":{"line":17,"column":23},"end":{"line":17,"column":84}},"line":17},"6":{"name":"(anonymous_6)","decl":{"start":{"line":17,"column":56},"end":{"line":17,"column":57}},"loc":{"start":{"line":17,"column":61},"end":{"line":17,"column":80}},"line":17},"7":{"name":"(anonymous_7)","decl":{"start":{"line":18,"column":2},"end":{"line":18,"column":3}},"loc":{"start":{"line":18,"column":22},"end":{"line":18,"column":54}},"line":18},"8":{"name":"(anonymous_8)","decl":{"start":{"line":19,"column":2},"end":{"line":19,"column":3}},"loc":{"start":{"line":19,"column":27},"end":{"line":19,"column":93}},"line":19},"9":{"name":"(anonymous_9)","decl":{"start":{"line":19,"column":66},"end":{"line":19,"column":67}},"loc":{"start":{"line":19,"column":71},"end":{"line":19,"column":89}},"line":19}},"branchMap":{},"s":{"0":8513,"1":8513,"2":8513,"3":8513,"4":8513,"5":8513,"6":8513,"7":8513,"8":8513,"9":9,"10":5,"11":2,"12":1,"13":2,"14":1,"15":1,"16":2,"17":1,"18":11},"f":{"0":8513,"1":9,"2":5,"3":2,"4":1,"5":2,"6":1,"7":1,"8":2,"9":1},"b":{},"_coverageSchema":"1a1c01bbd47fc00a2c39e90264f33305004495a9","hash":"2a31b2a42f5b68376bfd26283825b8a3325a33a1"}
,"C:\\Users\\p8426\\Downloads\\사진1\\ghld\\backend\\utils\\broadcast.js": {"path":"C:\\Users\\p8426\\Downloads\\사진1\\ghld\\backend\\utils\\broadcast.js","statementMap":{"0":{"start":{"line":10,"column":52},"end":{"line":10,"column":74}},"1":{"start":{"line":11,"column":15},"end":{"line":11,"column":42}},"2":{"start":{"line":12,"column":22},"end":{"line":12,"column":24}},"3":{"start":{"line":13,"column":13},"end":{"line":13,"column":30}},"4":{"start":{"line":19,"column":14},"end":{"line":19,"column":33}},"5":{"start":{"line":20,"column":2},"end":{"line":24,"column":5}},"6":{"start":{"line":21,"column":4},"end":{"line":23,"column":5}},"7":{"start":{"line":22,"column":6},"end":{"line":22,"column":23}},"8":{"start":{"line":31,"column":2},"end":{"line":31,"column":66}},"9":{"start":{"line":38,"column":19},"end":{"line":38,"column":34}},"10":{"start":{"line":39,"column":16},"end":{"line":39,"column":33}},"11":{"start":{"line":40,"column":15},"end":{"line":40,"column":35}},"12":{"start":{"line":41,"column":2},"end":{"line":44,"column":3}},"13":{"start":{"line":42,"column":4},"end":{"line":42,"column":83}},"14":{"start":{"line":43,"column":4},"end":{"line":43,"column":11}},"15":{"start":{"line":45,"column":21},"end":{"line":45,"column":50}},"16":{"start":{"line":47,"column":16},"end":{"line":47,"column":25}},"17":{"start":{"line":48,"column":2},"end":{"line":48,"column":43}},"18":{"start":{"line":48,"column":19},"end":{"line":48,"column":43}},"19":{"start":{"line":50,"column":15},"end":{"line":50,"column":16}},"20":{"start":{"line":51,"column":22},"end":{"line":51,"column":24}},"21":{"start":{"line":52,"column":2},"end":{"line":59,"column":3}},"22":{"start":{"line":52,"column":16},"end":{"line":52,"column":24}},"23":{"start":{"line":53,"column":4},"end":{"line":58,"column":5}},"24":{"start":{"line":53,"column":18},"end":{"line":53,"column":26}},"25":{"start":{"line":54,"column":6},"end":{"line":57,"column":7}},"26":{"start":{"line":55,"column":18},"end":{"line":55,"column":40}},"27":{"start":{"line":56,"column":8},"end":{"line":56,"column":64}},"28":{"start":{"line":56,"column":15},"end":{"line":56,"column":64}},"29":{"start":{"line":61,"column":18},"end":{"line":61,"column":20}},"30":{"start":{"line":62,"column":2},"end":{"line":69,"column":3}},"31":{"start":{"line":62,"column":16},"end":{"line":62,"column":17}},"32":{"start":{"line":63,"column":16},"end":{"line":63,"column":18}},"33":{"start":{"line":64,"column":4},"end":{"line":67,"column":5}},"34":{"start":{"line":64,"column":18},"end":{"line":64,"column":19}},"35":{"start":{"line":65,"column":16},"end":{"line":65,"column":38}},"36":{"start":{"line":66,"column":6},"end":{"line":66,"column":45}},"37":{"start":{"line":68,"column":4},"end":{"line":68,"column":22}},"38":{"start":{"line":70,"column":2},"end":{"line":90,"column":4}},"39":{"start":{"line":91,"column":2},"end":{"line":98,"column":3}},"40":{"start":{"line":92,"column":4},"end":{"line":97,"column":6}},"41":{"start":{"line":105,"column":2},"end":{"line":109,"column":5}},"42":{"start":{"line":106,"column":4},"end":{"line":108,"column":5}},"43":{"start":{"line":107,"column":6},"end":{"line":107,"column":73}},"44":{"start":{"line":116,"column":2},"end":{"line":121,"column":4}},"45":{"start":{"line":128,"column":15},"end":{"line":145,"column":3}},"46":{"start":{"line":146,"column":2},"end":{"line":146,"column":62}},"47":{"start":{"line":149,"column":0},"end":{"line":149,"column":126}}},"fnMap":{"0":{"name":"broadcast","decl":{"start":{"line":18,"column":9},"end":{"line":18,"column":18}},"loc":{"start":{"line":18,"column":29},"end":{"line":25,"column":1}},"line":18},"1":{"name":"(anonymous_1)","decl":{"start":{"line":20,"column":22},"end":{"line":20,"column":23}},"loc":{"start":{"line":20,"column":34},"end":{"line":24,"column":3}},"line":20},"2":{"name":"sendPlayerList","decl":{"start":{"line":30,"column":9},"end":{"line":30,"column":23}},"loc":{"start":{"line":30,"column":38},"end":{"line":32,"column":1}},"line":30},"3":{"name":"sendRoomInfo","decl":{"start":{"line":37,"column":9},"end":{"line":37,"column":21}},"loc":{"start":{"line":37,"column":81},"end":{"line":99,"column":1}},"line":37},"4":{"name":"sendRoomInfoToAllInRoom","decl":{"start":{"line":104,"column":9},"end":{"line":104,"column":32}},"loc":{"start":{"line":104,"column":106},"end":{"line":110,"column":1}},"line":104},"5":{"name":"(anonymous_5)","decl":{"start":{"line":105,"column":33},"end":{"line":105,"column":34}},"loc":{"start":{"line":105,"column":40},"end":{"line":109,"column":3}},"line":105},"6":{"name":"sendInventory","decl":{"start":{"line":115,"column":9},"end":{"line":115,"column":22}},"loc":{"start":{"line":115,"column":31},"end":{"line":122,"column":1}},"line":115},"7":{"name":"sendCharacterInfo","decl":{"start":{"line":127,"column":9},"end":{"line":127,"column":26}},"loc":{"start":{"line":127,"column":35},"end":{"line":147,"column":1}},"line":127}},"branchMap":{"0":{"loc":{"start":{"line":21,"column":4},"end":{"line":23,"column":5}},"type":"if","locations":[{"start":{"line":21,"column":4},"end":{"line":23,"column":5}},{"start":{},"end":{}}],"line":21},"1":{"loc":{"start":{"line":39,"column":16},"end":{"line":39,"column":33}},"type":"binary-expr","locations":[{"start":{"line":39,"column":16},"end":{"line":39,"column":28}},{"start":{"line":39,"column":32},"end":{"line":39,"column":33}}],"line":39},"2":{"loc":{"start":{"line":41,"column":2},"end":{"line":44,"column":3}},"type":"if","locations":[{"start":{"line":41,"column":2},"end":{"line":44,"column":3}},{"start":{},"end":{}}],"line":41},"3":{"loc":{"start":{"line":48,"column":2},"end":{"line":48,"column":43}},"type":"if","locations":[{"start":{"line":48,"column":2},"end":{"line":48,"column":43}},{"start":{},"end":{}}],"line":48},"4":{"loc":{"start":{"line":54,"column":6},"end":{"line":57,"column":7}},"type":"if","locations":[{"start":{"line":54,"column":6},"end":{"line":57,"column":7}},{"start":{},"end":{}}],"line":54},"5":{"loc":{"start":{"line":54,"column":10},"end":{"line":54,"column":60}},"type":"binary-expr","locations":[{"start":{"line":54,"column":10},"end":{"line":54,"column":17}},{"start":{"line":54,"column":21},"end":{"line":54,"column":33}},{"start":{"line":54,"column":37},"end":{"line":54,"column":44}},{"start":{"line":54,"column":48},"end":{"line":54,"column":60}}],"line":54},"6":{"loc":{"start":{"line":56,"column":8},"end":{"line":56,"column":64}},"type":"if","locations":[{"start":{"line":56,"column":8},"end":{"line":56,"column":64}},{"start":{},"end":{}}],"line":56},"7":{"loc":{"start":{"line":66,"column":15},"end":{"line":66,"column":43}},"type":"cond-expr","locations":[{"start":{"line":66,"column":19},"end":{"line":66,"column":25}},{"start":{"line":66,"column":28},"end":{"line":66,"column":43}}],"line":66},"8":{"loc":{"start":{"line":85,"column":12},"end":{"line":85,"column":55}},"type":"cond-expr","locations":[{"start":{"line":85,"column":26},"end":{"line":85,"column":50}},{"start":{"line":85,"column":53},"end":{"line":85,"column":55}}],"line":85},"9":{"loc":{"start":{"line":91,"column":2},"end":{"line":98,"column":3}},"type":"if","locations":[{"start":{"line":91,"column":2},"end":{"line":98,"column":3}},{"start":{},"end":{}}],"line":91},"10":{"loc":{"start":{"line":106,"column":4},"end":{"line":108,"column":5}},"type":"if","locations":[{"start":{"line":106,"column":4},"end":{"line":108,"column":5}},{"start":{},"end":{}}],"line":106},"11":{"loc":{"start":{"line":106,"column":8},"end":{"line":106,"column":88}},"type":"binary-expr","locations":[{"start":{"line":106,"column":8},"end":{"line":106,"column":9}},{"start":{"line":106,"column":13},"end":{"line":106,"column":30}},{"start":{"line":106,"column":34},"end":{"line":106,"column":44}},{"start":{"line":106,"column":48},"end":{"line":106,"column":66}},{"start":{"line":106,"column":70},"end":{"line":106,"column":88}}],"line":106},"12":{"loc":{"start":{"line":136,"column":9},"end":{"line":136,"column":75}},"type":"cond-expr","locations":[{"start":{"line":136,"column":47},"end":{"line":136,"column":62}},{"start":{"line":136,"column":65},"end":{"line":136,"column":75}}],"line":136},"13":{"loc":{"start":{"line":137,"column":9},"end":{"line":137,"column":75}},"type":"cond-expr","locations":[{"start":{"line":137,"column":47},"end":{"line":137,"column":62}},{"start":{"line":137,"column":65},"end":{"line":137,"column":75}}],"line":137}},"s":{"0":6,"1":6,"2":6,"3":6,"4":3,"5":3,"6":4,"7":3,"8":1,"9":5,"10":5,"11":5,"12":5,"13":2,"14":2,"15":3,"16":3,"17":3,"18":0,"19":3,"20":3,"21":3,"22":3,"23":15,"24":15,"25":75,"26":48,"27":48,"28":48,"29":3,"30":3,"31":3,"32":15,"33":15,"34":15,"35":75,"36":75,"37":15,"38":3,"39":3,"40":1,"41":3,"42":4,"43":4,"44":1,"45":1,"46":1,"47":6},"f":{"0":3,"1":4,"2":1,"3":5,"4":3,"5":4,"6":1,"7":1},"b":{"0":[3,1],"1":[5,0],"2":[2,3],"3":[0,3],"4":[48,27],"5":[75,60,60,48],"6":[48,0],"7":[75,0],"8":[3,0],"9":[1,2],"10":[4,0],"11":[4,4,4,4,4],"12":[1,0],"13":[1,0]},"_coverageSchema":"1a1c01bbd47fc00a2c39e90264f33305004495a9","hash":"4fa3e53c56536a23f7f6168db44c21059e89f9d9"}
,"C:\\Users\\p8426\\Downloads\\사진1\\ghld\\backend\\utils\\expUtils.js": {"path":"C:\\Users\\p8426\\Downloads\\사진1\\ghld\\backend\\utils\\expUtils.js","statementMap":{"0":{"start":{"line":8,"column":22},"end":{"line":8,"column":26}},"1":{"start":{"line":14,"column":2},"end":{"line":14,"column":36}},"2":{"start":{"line":22,"column":2},"end":{"line":22,"column":61}},"3":{"start":{"line":22,"column":40},"end":{"line":22,"column":61}},"4":{"start":{"line":23,"column":2},"end":{"line":23,"column":74}},"5":{"start":{"line":30,"column":2},"end":{"line":30,"column":42}},"6":{"start":{"line":30,"column":33},"end":{"line":30,"column":42}},"7":{"start":{"line":31,"column":14},"end":{"line":31,"column":44}},"8":{"start":{"line":32,"column":14},"end":{"line":32,"column":44}},"9":{"start":{"line":33,"column":2},"end":{"line":33,"column":59}},"10":{"start":{"line":36,"column":0},"end":{"line":36,"column":80}}},"fnMap":{"0":{"name":"calcNextStatExp","decl":{"start":{"line":13,"column":9},"end":{"line":13,"column":24}},"loc":{"start":{"line":13,"column":31},"end":{"line":15,"column":1}},"line":13},"1":{"name":"calcExpBonus","decl":{"start":{"line":21,"column":9},"end":{"line":21,"column":21}},"loc":{"start":{"line":21,"column":35},"end":{"line":24,"column":1}},"line":21},"2":{"name":"calcGoldDrop","decl":{"start":{"line":29,"column":9},"end":{"line":29,"column":21}},"loc":{"start":{"line":29,"column":31},"end":{"line":34,"column":1}},"line":29}},"branchMap":{"0":{"loc":{"start":{"line":22,"column":2},"end":{"line":22,"column":61}},"type":"if","locations":[{"start":{"line":22,"column":2},"end":{"line":22,"column":61}},{"start":{},"end":{}}],"line":22},"1":{"loc":{"start":{"line":22,"column":6},"end":{"line":22,"column":38}},"type":"binary-expr","locations":[{"start":{"line":22,"column":6},"end":{"line":22,"column":18}},{"start":{"line":22,"column":22},"end":{"line":22,"column":38}}],"line":22},"2":{"loc":{"start":{"line":30,"column":2},"end":{"line":30,"column":42}},"type":"if","locations":[{"start":{"line":30,"column":2},"end":{"line":30,"column":42}},{"start":{},"end":{}}],"line":30},"3":{"loc":{"start":{"line":30,"column":6},"end":{"line":30,"column":31}},"type":"binary-expr","locations":[{"start":{"line":30,"column":6},"end":{"line":30,"column":14}},{"start":{"line":30,"column":18},"end":{"line":30,"column":31}}],"line":30}},"s":{"0":9,"1":6,"2":11,"3":0,"4":11,"5":7,"6":1,"7":6,"8":6,"9":6,"10":9},"f":{"0":6,"1":11,"2":7},"b":{"0":[0,11],"1":[11,11],"2":[1,6],"3":[7,7]},"_coverageSchema":"1a1c01bbd47fc00a2c39e90264f33305004495a9","hash":"dc08fe57c8ca31f607f6f42c302333f9521bf574"}
}
