TN:
SF:battle.js
FN:6,processBattle
FN:41,(anonymous_1)
FNF:2
FNH:0
FNDA:0,processBattle
FNDA:0,(anonymous_1)
DA:2,4
DA:3,4
DA:4,4
DA:7,0
DA:9,0
DA:10,0
DA:12,0
DA:14,0
DA:15,0
DA:28,0
DA:29,0
DA:30,0
DA:33,0
DA:34,0
DA:36,0
DA:37,0
DA:38,0
DA:40,0
DA:41,0
DA:42,0
DA:43,0
DA:44,0
DA:54,0
DA:56,0
DA:57,0
DA:58,0
DA:70,0
DA:71,0
DA:72,0
DA:81,0
DA:82,0
DA:83,0
DA:92,0
DA:93,0
DA:96,0
DA:99,4
LF:36
LH:4
BRDA:9,0,0,0
BRDA:9,0,1,0
BRDA:9,1,0,0
BRDA:9,1,1,0
BRDA:12,2,0,0
BRDA:12,2,1,0
BRDA:29,3,0,0
BRDA:29,3,1,0
BRDA:33,4,0,0
BRDA:33,4,1,0
BRDA:34,5,0,0
BRDA:34,5,1,0
BRDA:40,6,0,0
BRDA:40,6,1,0
BRDA:40,7,0,0
BRDA:40,7,1,0
BRDA:71,8,0,0
BRDA:71,8,1,0
BRDA:81,9,0,0
BRDA:81,9,1,0
BRF:20
BRH:0
end_of_record
TN:
SF:commands.js
FN:14,setupCommands
FN:19,handleBuyCommand
FN:23,handleSellCommand
FN:27,handleTeleportCommand
FN:89,handleInnCommand
FN:110,(anonymous_5)
FN:116,handleAdminCommand
FN:134,(anonymous_7)
FN:178,(anonymous_8)
FNF:9
FNH:7
FNDA:23,setupCommands
FNDA:1,handleBuyCommand
FNDA:1,handleSellCommand
FNDA:9,handleTeleportCommand
FNDA:4,handleInnCommand
FNDA:0,(anonymous_5)
FNDA:4,handleAdminCommand
FNDA:0,(anonymous_7)
FNDA:1,(anonymous_8)
DA:4,4
DA:5,4
DA:6,4
DA:7,4
DA:8,4
DA:9,4
DA:10,4
DA:12,4
DA:15,23
DA:16,23
DA:20,1
DA:24,1
DA:28,9
DA:29,9
DA:30,8
DA:31,8
DA:32,1
DA:33,1
DA:35,7
DA:36,7
DA:37,2
DA:38,1
DA:39,1
DA:40,1
DA:41,1
DA:42,1
DA:43,1
DA:44,1
DA:45,1
DA:46,1
DA:47,1
DA:49,1
DA:51,2
DA:52,5
DA:53,2
DA:54,0
DA:55,0
DA:56,0
DA:57,0
DA:58,0
DA:59,0
DA:60,0
DA:61,0
DA:62,0
DA:63,0
DA:65,2
DA:67,2
DA:68,3
DA:69,2
DA:70,1
DA:71,1
DA:72,1
DA:73,1
DA:74,1
DA:75,1
DA:76,1
DA:77,1
DA:78,1
DA:79,1
DA:81,1
DA:83,2
DA:85,1
DA:90,4
DA:91,4
DA:92,4
DA:93,4
DA:94,4
DA:95,1
DA:96,1
DA:98,3
DA:99,1
DA:100,1
DA:102,2
DA:103,2
DA:104,1
DA:105,1
DA:107,1
DA:108,1
DA:109,1
DA:110,1
DA:111,1
DA:112,1
DA:113,1
DA:118,4
DA:119,4
DA:120,0
DA:121,0
DA:123,4
DA:125,4
DA:126,1
DA:127,1
DA:128,0
DA:129,0
DA:131,1
DA:132,1
DA:134,0
DA:135,0
DA:136,0
DA:140,1
DA:143,3
DA:144,1
DA:145,1
DA:146,1
DA:147,0
DA:148,0
DA:150,1
DA:151,1
DA:152,0
DA:153,0
DA:155,1
DA:156,1
DA:157,1
DA:158,1
DA:159,0
DA:161,1
DA:164,2
DA:165,1
DA:166,1
DA:167,1
DA:168,0
DA:169,0
DA:171,1
DA:172,1
DA:173,0
DA:174,0
DA:177,1
DA:178,1
DA:179,1
DA:180,0
DA:181,0
DA:183,1
DA:184,1
DA:185,1
DA:186,1
DA:187,0
DA:189,1
DA:192,1
DA:193,1
DA:194,1
DA:195,0
DA:196,0
DA:198,1
DA:199,1
DA:200,1
DA:201,0
DA:202,0
DA:205,1
DA:206,1
DA:207,1
DA:208,1
DA:209,0
DA:212,1
DA:213,1
DA:214,1
DA:215,1
DA:217,1
DA:219,0
DA:222,4
LF:158
LH:123
BRDA:29,0,0,1
BRDA:29,0,1,8
BRDA:31,1,0,1
BRDA:31,1,1,7
BRDA:36,2,0,2
BRDA:36,2,1,5
BRDA:37,3,0,1
BRDA:37,3,1,1
BRDA:37,4,0,2
BRDA:37,4,1,2
BRDA:37,4,2,1
BRDA:52,5,0,2
BRDA:52,5,1,3
BRDA:53,6,0,0
BRDA:53,6,1,2
BRDA:53,7,0,2
BRDA:53,7,1,2
BRDA:53,7,2,0
BRDA:68,8,0,2
BRDA:68,8,1,1
BRDA:69,9,0,1
BRDA:69,9,1,1
BRDA:69,10,0,2
BRDA:69,10,1,2
BRDA:69,10,2,1
BRDA:91,11,0,0
BRDA:91,11,1,4
BRDA:94,12,0,1
BRDA:94,12,1,3
BRDA:94,13,0,4
BRDA:94,13,1,4
BRDA:98,14,0,1
BRDA:98,14,1,2
BRDA:98,15,0,3
BRDA:98,15,1,1
BRDA:103,16,0,1
BRDA:103,16,1,1
BRDA:119,17,0,0
BRDA:119,17,1,4
BRDA:125,18,0,1
BRDA:125,18,1,3
BRDA:127,19,0,0
BRDA:127,19,1,1
BRDA:131,20,0,1
BRDA:131,20,1,0
BRDA:135,21,0,0
BRDA:135,21,1,0
BRDA:135,22,0,0
BRDA:135,22,1,0
BRDA:143,23,0,1
BRDA:143,23,1,2
BRDA:146,24,0,0
BRDA:146,24,1,1
BRDA:146,25,0,1
BRDA:146,25,1,1
BRDA:151,26,0,0
BRDA:151,26,1,1
BRDA:155,27,0,1
BRDA:155,27,1,0
BRDA:158,28,0,0
BRDA:158,28,1,1
BRDA:158,29,0,1
BRDA:158,29,1,1
BRDA:164,30,0,1
BRDA:164,30,1,1
BRDA:167,31,0,0
BRDA:167,31,1,1
BRDA:167,32,0,1
BRDA:167,32,1,1
BRDA:172,33,0,0
BRDA:172,33,1,1
BRDA:179,34,0,0
BRDA:179,34,1,1
BRDA:186,35,0,0
BRDA:186,35,1,1
BRDA:186,36,0,1
BRDA:186,36,1,1
BRDA:192,37,0,1
BRDA:192,37,1,0
BRDA:194,38,0,0
BRDA:194,38,1,1
BRDA:200,39,0,0
BRDA:200,39,1,1
BRDA:200,40,0,1
BRDA:200,40,1,1
BRDA:208,41,0,0
BRDA:208,41,1,1
BRDA:208,42,0,1
BRDA:208,42,1,1
BRDA:212,43,0,1
BRDA:212,43,1,0
BRDA:212,44,0,1
BRDA:212,44,1,1
BRF:93
BRH:70
end_of_record
TN:
SF:db.js
FN:10,(anonymous_0)
FN:13,(anonymous_1)
FNF:2
FNH:1
FNDA:2,(anonymous_0)
FNDA:0,(anonymous_1)
DA:1,3
DA:4,3
DA:6,3
DA:10,3
DA:11,2
DA:13,3
DA:14,0
LF:7
LH:6
BRDA:4,0,0,3
BRDA:4,0,1,3
BRF:2
BRH:2
end_of_record
TN:
SF:monsterSpawner.js
FN:4,respawnMonster
FN:5,(anonymous_1)
FN:9,(anonymous_2)
FN:19,(anonymous_3)
FNF:4
FNH:4
FNDA:4,respawnMonster
FNDA:4,(anonymous_1)
FNDA:1,(anonymous_2)
FNDA:2,(anonymous_3)
DA:2,3
DA:5,4
DA:6,4
DA:7,4
DA:9,4
DA:10,4
DA:11,3
DA:12,3
DA:13,3
DA:14,3
DA:15,2
DA:16,2
DA:18,3
DA:19,3
DA:24,3
LF:15
LH:15
BRDA:7,0,0,4
BRDA:7,0,1,0
BRDA:10,1,0,3
BRDA:10,1,1,1
BRDA:12,2,0,0
BRDA:12,2,1,3
BRDA:13,3,0,0
BRDA:13,3,1,3
BRDA:14,4,0,2
BRDA:14,4,1,1
BRF:10
BRH:7
end_of_record
TN:
SF:playerManager.js
FN:3,(anonymous_0)
FN:6,(anonymous_1)
FN:9,(anonymous_2)
FN:12,(anonymous_3)
FN:15,(anonymous_4)
FNF:5
FNH:5
FNDA:4,(anonymous_0)
FNDA:6,(anonymous_1)
FNDA:1,(anonymous_2)
FNDA:2,(anonymous_3)
FNDA:3,(anonymous_4)
DA:4,4
DA:7,6
DA:10,1
DA:13,2
DA:16,3
DA:20,4
LF:6
LH:6
BRF:0
BRH:0
end_of_record
TN:
SF:roomManager.js
FN:5,(anonymous_0)
FN:9,(anonymous_1)
FN:15,(anonymous_2)
FN:18,(anonymous_3)
FN:21,(anonymous_4)
FNF:5
FNH:5
FNDA:5,(anonymous_0)
FNDA:15,(anonymous_1)
FNDA:6,(anonymous_2)
FNDA:3,(anonymous_3)
FNDA:5,(anonymous_4)
DA:1,5
DA:7,5
DA:10,15
DA:11,15
DA:12,15
DA:13,15
DA:16,6
DA:19,3
DA:22,5
DA:26,5
LF:10
LH:10
BRDA:10,0,0,6
BRDA:10,0,1,9
BRDA:11,1,0,8
BRDA:11,1,1,7
BRDA:12,2,0,8
BRDA:12,2,1,7
BRF:6
BRH:6
end_of_record
TN:
SF:server.js
FN:63,getPlayersInRoom
FN:65,(anonymous_1)
FN:66,(anonymous_2)
FN:105,parseChatCommand
FN:144,respawnMonsterWithDeps
FN:154,savePlayerData
FN:217,(anonymous_6)
FN:220,(anonymous_7)
FN:254,(anonymous_8)
FN:454,(anonymous_9)
FN:473,(anonymous_10)
FN:474,(anonymous_11)
FN:475,(anonymous_12)
FN:481,(anonymous_13)
FNF:14
FNH:3
FNDA:0,getPlayersInRoom
FNDA:0,(anonymous_1)
FNDA:0,(anonymous_2)
FNDA:10,parseChatCommand
FNDA:1,respawnMonsterWithDeps
FNDA:5,savePlayerData
FNDA:0,(anonymous_6)
FNDA:0,(anonymous_7)
FNDA:0,(anonymous_8)
FNDA:0,(anonymous_9)
FNDA:0,(anonymous_10)
FNDA:0,(anonymous_11)
FNDA:0,(anonymous_12)
FNDA:0,(anonymous_13)
DA:1,3
DA:2,3
DA:3,3
DA:4,3
DA:5,3
DA:6,3
DA:7,3
DA:8,3
DA:16,3
DA:17,3
DA:18,3
DA:19,3
DA:20,3
DA:21,3
DA:22,3
DA:23,3
DA:24,3
DA:33,3
DA:34,3
DA:35,3
DA:36,3
DA:37,3
DA:38,3
DA:39,3
DA:40,3
DA:41,3
DA:42,3
DA:43,3
DA:44,3
DA:45,3
DA:47,3
DA:48,3
DA:49,3
DA:50,3
DA:51,3
DA:52,3
DA:53,3
DA:54,3
DA:55,3
DA:56,3
DA:57,3
DA:58,3
DA:59,3
DA:61,3
DA:64,0
DA:65,0
DA:66,0
DA:106,10
DA:107,10
DA:108,1
DA:110,9
DA:111,1
DA:113,8
DA:114,1
DA:116,7
DA:117,1
DA:119,6
DA:120,1
DA:122,5
DA:123,1
DA:125,4
DA:126,1
DA:128,3
DA:129,1
DA:131,2
DA:132,1
DA:135,1
DA:136,0
DA:137,0
DA:140,1
DA:145,1
DA:155,5
DA:156,5
DA:157,4
DA:158,4
DA:159,2
DA:160,1
DA:161,1
DA:162,1
DA:163,1
DA:164,1
DA:165,1
DA:166,1
DA:167,1
DA:168,1
DA:169,1
DA:170,1
DA:171,1
DA:172,1
DA:173,1
DA:174,1
DA:175,1
DA:176,1
DA:177,1
DA:178,1
DA:179,1
DA:180,1
DA:181,1
DA:182,1
DA:184,2
DA:185,1
DA:188,1
DA:194,3
DA:205,3
DA:210,3
DA:215,3
DA:217,3
DA:218,0
DA:220,0
DA:222,0
DA:223,0
DA:225,0
DA:226,0
DA:229,0
DA:230,0
DA:231,0
DA:232,0
DA:233,0
DA:234,0
DA:235,0
DA:236,0
DA:239,0
DA:240,0
DA:241,0
DA:242,0
DA:243,0
DA:244,0
DA:245,0
DA:248,0
DA:249,0
DA:250,0
DA:251,0
DA:253,0
DA:254,0
DA:255,0
DA:256,0
DA:257,0
DA:258,0
DA:268,0
DA:270,0
DA:271,0
DA:272,0
DA:273,0
DA:274,0
DA:275,0
DA:276,0
DA:277,0
DA:278,0
DA:279,0
DA:280,0
DA:281,0
DA:282,0
DA:283,0
DA:284,0
DA:285,0
DA:286,0
DA:287,0
DA:288,0
DA:289,0
DA:290,0
DA:291,0
DA:292,0
DA:293,0
DA:294,0
DA:295,0
DA:296,0
DA:297,0
DA:299,0
DA:301,0
DA:303,0
DA:304,0
DA:305,0
DA:307,0
DA:309,0
DA:310,0
DA:311,0
DA:312,0
DA:313,0
DA:314,0
DA:315,0
DA:316,0
DA:317,0
DA:318,0
DA:320,0
DA:322,0
DA:325,0
DA:327,0
DA:328,0
DA:329,0
DA:330,0
DA:331,0
DA:332,0
DA:333,0
DA:334,0
DA:335,0
DA:336,0
DA:338,0
DA:340,0
DA:343,0
DA:364,0
DA:366,0
DA:367,0
DA:384,0
DA:386,0
DA:387,0
DA:401,0
DA:403,0
DA:404,0
DA:420,0
DA:422,0
DA:423,0
DA:440,0
DA:442,0
DA:443,0
DA:444,0
DA:445,0
DA:446,0
DA:447,0
DA:448,0
DA:449,0
DA:450,0
DA:454,0
DA:456,0
DA:457,0
DA:458,0
DA:459,0
DA:460,0
DA:461,0
DA:462,0
DA:463,0
DA:465,0
DA:466,0
DA:467,0
DA:473,3
DA:474,0
DA:475,0
DA:479,3
DA:480,0
DA:481,0
DA:482,0
DA:486,3
LF:241
LH:105
BRDA:59,0,0,3
BRDA:59,0,1,3
BRDA:65,1,0,0
BRDA:65,1,1,0
BRDA:65,1,2,0
BRDA:65,1,3,0
BRDA:107,2,0,1
BRDA:107,2,1,9
BRDA:110,3,0,1
BRDA:110,3,1,8
BRDA:113,4,0,1
BRDA:113,4,1,7
BRDA:116,5,0,1
BRDA:116,5,1,6
BRDA:119,6,0,1
BRDA:119,6,1,5
BRDA:122,7,0,1
BRDA:122,7,1,4
BRDA:125,8,0,1
BRDA:125,8,1,3
BRDA:128,9,0,1
BRDA:128,9,1,2
BRDA:131,10,0,1
BRDA:131,10,1,1
BRDA:135,11,0,0
BRDA:135,11,1,1
BRDA:156,12,0,1
BRDA:156,12,1,4
BRDA:159,13,0,1
BRDA:159,13,1,1
BRDA:184,14,0,1
BRDA:184,14,1,1
BRDA:229,15,0,0
BRDA:229,15,1,0
BRDA:232,16,0,0
BRDA:232,16,1,0
BRDA:241,17,0,0
BRDA:241,17,1,0
BRDA:256,18,0,0
BRDA:256,18,1,0
BRDA:284,19,0,0
BRDA:284,19,1,0
BRDA:285,20,0,0
BRDA:285,20,1,0
BRDA:286,21,0,0
BRDA:286,21,1,0
BRDA:287,22,0,0
BRDA:287,22,1,0
BRDA:288,23,0,0
BRDA:288,23,1,0
BRDA:289,24,0,0
BRDA:289,24,1,0
BRDA:290,25,0,0
BRDA:290,25,1,0
BRDA:291,26,0,0
BRDA:291,26,1,0
BRDA:301,27,0,0
BRDA:301,27,1,0
BRDA:304,28,0,0
BRDA:304,28,1,0
BRDA:307,29,0,0
BRDA:307,29,1,0
BRDA:309,30,0,0
BRDA:309,30,1,0
BRDA:309,31,0,0
BRDA:309,31,1,0
BRDA:309,31,2,0
BRDA:325,32,0,0
BRDA:325,32,1,0
BRDA:327,33,0,0
BRDA:327,33,1,0
BRDA:327,34,0,0
BRDA:327,34,1,0
BRDA:327,34,2,0
BRDA:366,35,0,0
BRDA:366,35,1,0
BRDA:386,36,0,0
BRDA:386,36,1,0
BRDA:403,37,0,0
BRDA:403,37,1,0
BRDA:422,38,0,0
BRDA:422,38,1,0
BRDA:442,39,0,0
BRDA:442,39,1,0
BRDA:444,40,0,0
BRDA:444,40,1,0
BRDA:446,41,0,0
BRDA:446,41,1,0
BRDA:448,42,0,0
BRDA:448,42,1,0
BRDA:456,43,0,0
BRDA:456,43,1,0
BRDA:456,44,0,0
BRDA:456,44,1,0
BRDA:465,45,0,0
BRDA:465,45,1,0
BRDA:479,46,0,0
BRDA:479,46,1,3
BRF:98
BRH:28
end_of_record
TN:
SF:controllers\BattleController.js
FN:14,(anonymous_0)
FN:26,(anonymous_1)
FNF:2
FNH:2
FNDA:6,(anonymous_0)
FNDA:1,(anonymous_1)
DA:5,4
DA:6,4
DA:7,4
DA:8,4
DA:10,4
DA:15,6
DA:16,6
DA:17,6
DA:18,1
DA:21,5
DA:22,4
DA:24,3
DA:25,3
DA:26,2
DA:27,2
DA:29,1
DA:30,1
DA:32,1
DA:34,1
DA:35,1
DA:36,1
DA:37,1
DA:38,1
DA:39,1
DA:40,1
DA:41,1
DA:42,1
DA:43,1
DA:44,1
DA:45,1
DA:46,1
DA:47,1
DA:48,1
DA:50,1
DA:52,1
DA:53,0
DA:56,1
DA:61,4
LF:38
LH:37
BRDA:17,0,0,1
BRDA:17,0,1,5
BRDA:17,1,0,6
BRDA:17,1,1,5
BRDA:17,1,2,5
BRDA:17,1,3,5
BRDA:22,2,0,1
BRDA:22,2,1,3
BRDA:25,3,0,1
BRDA:25,3,1,2
BRDA:27,4,0,1
BRDA:27,4,1,1
BRDA:29,5,0,1
BRDA:29,5,1,0
BRDA:52,6,0,0
BRDA:52,6,1,1
BRDA:52,7,0,1
BRDA:52,7,1,0
BRF:18
BRH:15
end_of_record
TN:
SF:controllers\PlayerController.js
FN:4,(anonymous_0)
FN:7,(anonymous_1)
FN:10,(anonymous_2)
FNF:3
FNH:3
FNDA:4,(anonymous_0)
FNDA:1,(anonymous_1)
FNDA:1,(anonymous_2)
DA:1,4
DA:3,4
DA:5,4
DA:8,1
DA:11,1
DA:15,4
LF:6
LH:6
BRF:0
BRH:0
end_of_record
TN:
SF:controllers\PlayerRestController.js
FN:12,(anonymous_0)
FN:41,(anonymous_1)
FNF:2
FNH:2
FNDA:4,(anonymous_0)
FNDA:4,(anonymous_1)
DA:6,4
DA:8,4
DA:13,4
DA:14,4
DA:15,3
DA:16,2
DA:35,1
DA:42,4
DA:43,4
DA:44,3
DA:45,2
DA:47,1
DA:52,4
LF:13
LH:13
BRDA:15,0,0,1
BRDA:15,0,1,2
BRDA:44,1,0,1
BRDA:44,1,1,2
BRF:4
BRH:4
end_of_record
TN:
SF:data\items.js
FNF:0
FNH:0
DA:1,13
DA:7,13
DA:14,13
DA:20,13
DA:27,13
DA:28,13
DA:29,13
DA:30,13
DA:31,13
DA:32,13
DA:33,13
DA:34,13
DA:35,13
DA:36,13
DA:37,13
DA:38,13
DA:39,13
DA:40,13
DA:41,13
DA:42,13
DA:43,13
DA:44,13
DA:45,13
DA:46,13
DA:47,13
DA:49,13
DA:55,13
DA:56,13
DA:57,13
DA:58,13
DA:60,13
DA:93,13
DA:108,13
DA:126,13
LF:34
LH:34
BRF:0
BRH:0
end_of_record
TN:
SF:data\map.js
FN:145,(anonymous_0)
FN:151,(anonymous_1)
FN:157,(anonymous_2)
FN:161,getRandomMonsterPositions
FN:167,(anonymous_4)
FN:168,(anonymous_5)
FN:181,(anonymous_6)
FN:182,(anonymous_7)
FN:183,(anonymous_8)
FN:211,(anonymous_9)
FN:213,(anonymous_10)
FN:215,(anonymous_11)
FN:219,(anonymous_12)
FN:230,(anonymous_13)
FN:239,getRoom
FN:241,(anonymous_15)
FNF:16
FNH:14
FNDA:81,(anonymous_0)
FNDA:80,(anonymous_1)
FNDA:80,(anonymous_2)
FNDA:24,getRandomMonsterPositions
FNDA:252526,(anonymous_4)
FNDA:452327,(anonymous_5)
FNDA:35920,(anonymous_6)
FNDA:35920,(anonymous_7)
FNDA:35920,(anonymous_8)
FNDA:650686,(anonymous_9)
FNDA:598064,(anonymous_10)
FNDA:517958,(anonymous_11)
FNDA:11905,(anonymous_12)
FNDA:456,(anonymous_13)
FNDA:0,getRoom
FNDA:0,(anonymous_15)
DA:1,8
DA:2,8
DA:3,8
DA:5,8
DA:6,8
DA:8,8
DA:20,8
DA:26,8
DA:27,8
DA:28,72
DA:30,648
DA:31,648
DA:32,8
DA:33,8
DA:34,8
DA:35,8
DA:36,640
DA:37,216
DA:38,216
DA:39,216
DA:40,216
DA:41,216
DA:42,216
DA:43,216
DA:44,216
DA:45,424
DA:46,216
DA:47,216
DA:48,216
DA:49,216
DA:50,216
DA:51,216
DA:52,216
DA:53,216
DA:55,208
DA:56,208
DA:57,208
DA:58,208
DA:60,648
DA:61,648
DA:62,648
DA:63,576
DA:64,576
DA:65,576
DA:66,576
DA:67,576
DA:69,648
DA:74,8
DA:75,8
DA:76,8
DA:77,72
DA:79,648
DA:80,648
DA:81,256
DA:82,256
DA:83,256
DA:84,392
DA:86,192
DA:87,8
DA:88,8
DA:89,8
DA:91,184
DA:92,184
DA:93,184
DA:95,184
DA:96,184
DA:98,200
DA:99,72
DA:100,72
DA:101,72
DA:103,72
DA:104,72
DA:105,128
DA:106,24
DA:107,24
DA:108,24
DA:110,24
DA:111,24
DA:113,104
DA:114,104
DA:115,104
DA:117,104
DA:118,104
DA:120,648
DA:121,648
DA:122,648
DA:126,8
DA:127,8
DA:134,8
DA:136,8
DA:137,8
DA:138,8
DA:139,8
DA:140,8
DA:142,8
DA:143,41
DA:144,41
DA:145,81
DA:148,8
DA:149,40
DA:150,40
DA:151,80
DA:154,8
DA:155,40
DA:156,40
DA:157,80
DA:159,8
DA:162,24
DA:163,24
DA:164,4196
DA:165,4196
DA:166,4196
DA:167,252526
DA:168,452327
DA:170,3120
DA:173,24
DA:175,8
DA:176,8
DA:177,8
DA:178,8
DA:179,240
DA:181,35920
DA:182,35920
DA:183,35920
DA:185,7200
DA:186,8
DA:187,8
DA:188,8
DA:191,7192
DA:192,7192
DA:193,6167
DA:195,7192
DA:196,1256
DA:197,1256
DA:198,1256
DA:201,5936
DA:202,5936
DA:203,40
DA:204,40
DA:205,5896
DA:206,40
DA:207,40
DA:208,5856
DA:209,40
DA:210,40
DA:211,650686
DA:212,790
DA:213,598064
DA:214,853
DA:215,517958
DA:216,945
DA:219,11905
DA:220,5936
DA:221,5936
DA:222,5936
DA:223,5936
DA:224,5936
DA:225,5936
DA:230,456
DA:231,8
DA:232,8
DA:233,8
DA:234,8
DA:238,8
DA:240,0
DA:241,0
DA:244,8
LF:167
LH:165
BRDA:31,0,0,8
BRDA:31,0,1,640
BRDA:31,1,0,648
BRDA:31,1,1,72
BRDA:36,2,0,216
BRDA:36,2,1,424
BRDA:41,3,0,8
BRDA:41,3,1,208
BRDA:41,4,0,216
BRDA:41,4,1,72
BRDA:42,5,0,8
BRDA:42,5,1,208
BRDA:42,6,0,216
BRDA:42,6,1,72
BRDA:43,7,0,8
BRDA:43,7,1,208
BRDA:43,8,0,216
BRDA:43,8,1,72
BRDA:44,9,0,8
BRDA:44,9,1,208
BRDA:44,10,0,216
BRDA:44,10,1,72
BRDA:45,11,0,216
BRDA:45,11,1,208
BRDA:50,12,0,8
BRDA:50,12,1,208
BRDA:50,13,0,216
BRDA:50,13,1,72
BRDA:51,14,0,8
BRDA:51,14,1,208
BRDA:51,15,0,216
BRDA:51,15,1,72
BRDA:52,16,0,8
BRDA:52,16,1,208
BRDA:52,17,0,216
BRDA:52,17,1,72
BRDA:53,18,0,8
BRDA:53,18,1,208
BRDA:53,19,0,216
BRDA:53,19,1,72
BRDA:62,20,0,576
BRDA:62,20,1,72
BRDA:62,21,0,648
BRDA:62,21,1,584
BRDA:64,22,0,184
BRDA:64,22,1,392
BRDA:65,23,0,184
BRDA:65,23,1,392
BRDA:80,24,0,256
BRDA:80,24,1,392
BRDA:80,25,0,648
BRDA:80,25,1,576
BRDA:80,25,2,504
BRDA:80,25,3,448
BRDA:84,26,0,192
BRDA:84,26,1,200
BRDA:84,27,0,392
BRDA:84,27,1,336
BRDA:84,27,2,280
BRDA:84,27,3,240
BRDA:86,28,0,8
BRDA:86,28,1,184
BRDA:86,29,0,192
BRDA:86,29,1,16
BRDA:95,30,0,133
BRDA:95,30,1,51
BRDA:96,31,0,55
BRDA:96,31,1,129
BRDA:98,32,0,72
BRDA:98,32,1,128
BRDA:98,33,0,200
BRDA:98,33,1,160
BRDA:98,33,2,120
BRDA:98,33,3,96
BRDA:103,34,0,50
BRDA:103,34,1,22
BRDA:104,35,0,33
BRDA:104,35,1,39
BRDA:105,36,0,24
BRDA:105,36,1,104
BRDA:105,37,0,128
BRDA:105,37,1,40
BRDA:105,37,2,24
BRDA:110,38,0,17
BRDA:110,38,1,7
BRDA:111,39,0,10
BRDA:111,39,1,14
BRDA:117,40,0,67
BRDA:117,40,1,37
BRDA:118,41,0,27
BRDA:118,41,1,77
BRDA:145,42,0,40
BRDA:145,42,1,1
BRDA:145,43,0,81
BRDA:145,43,1,5
BRDA:151,44,0,40
BRDA:151,44,1,0
BRDA:151,45,0,80
BRDA:151,45,1,6
BRDA:157,46,0,40
BRDA:157,46,1,0
BRDA:157,47,0,80
BRDA:157,47,1,3
BRDA:166,48,0,3120
BRDA:166,48,1,1076
BRDA:167,49,0,4196
BRDA:167,49,1,3204
BRDA:167,50,0,252526
BRDA:167,50,1,8500
BRDA:168,51,0,452327
BRDA:168,51,1,15020
BRDA:181,52,0,35920
BRDA:181,52,1,1196
BRDA:182,53,0,35920
BRDA:182,53,1,1194
BRDA:183,54,0,35920
BRDA:183,54,1,1197
BRDA:185,55,0,8
BRDA:185,55,1,7192
BRDA:185,56,0,7200
BRDA:185,56,1,240
BRDA:192,57,0,6167
BRDA:192,57,1,1025
BRDA:192,58,0,7192
BRDA:192,58,1,7152
BRDA:192,58,2,7112
BRDA:192,58,3,7072
BRDA:192,58,4,7064
BRDA:192,58,5,7057
BRDA:192,58,6,6836
BRDA:192,58,7,6607
BRDA:192,58,8,6387
BRDA:192,59,0,7072
BRDA:192,59,1,229
BRDA:192,60,0,7064
BRDA:192,60,1,235
BRDA:193,61,0,1256
BRDA:193,61,1,4911
BRDA:195,62,0,1256
BRDA:195,62,1,5936
BRDA:202,63,0,40
BRDA:202,63,1,5896
BRDA:205,64,0,40
BRDA:205,64,1,5856
BRDA:208,65,0,40
BRDA:208,65,1,5816
BRDA:211,66,0,790
BRDA:211,66,1,5026
BRDA:211,67,0,650686
BRDA:211,67,1,21931
BRDA:213,68,0,853
BRDA:213,68,1,4173
BRDA:213,69,0,598064
BRDA:213,69,1,20182
BRDA:215,70,0,945
BRDA:215,70,1,3228
BRDA:215,71,0,517958
BRDA:215,71,1,17589
BRDA:219,72,0,11905
BRDA:219,72,1,11905
BRDA:230,73,0,456
BRDA:230,73,1,56
BRDA:231,74,0,8
BRDA:231,74,1,0
BRDA:240,75,0,0
BRDA:240,75,1,0
BRDA:241,76,0,0
BRDA:241,76,1,0
BRF:168
BRH:161
end_of_record
TN:
SF:middlewares\auth.js
FN:4,(anonymous_0)
FNF:1
FNH:1
FNDA:7,(anonymous_0)
DA:1,4
DA:2,4
DA:4,4
DA:5,7
DA:6,7
DA:7,2
DA:9,5
DA:10,5
DA:11,5
DA:12,4
DA:13,4
DA:15,1
DA:19,4
LF:13
LH:13
BRDA:6,0,0,2
BRDA:6,0,1,5
BRDA:6,1,0,7
BRDA:6,1,1,6
BRF:4
BRH:4
end_of_record
TN:
SF:middlewares\errorHandler.js
FN:1,(anonymous_0)
FNF:1
FNH:1
FNDA:3,(anonymous_0)
DA:1,4
DA:2,3
DA:3,3
DA:4,3
DA:10,4
LF:5
LH:5
BRDA:2,0,0,3
BRDA:2,0,1,2
BRDA:5,1,0,2
BRDA:5,1,1,1
BRDA:6,2,0,3
BRDA:6,2,1,2
BRF:6
BRH:6
end_of_record
TN:
SF:middlewares\logger.js
FN:1,(anonymous_0)
FN:3,(anonymous_1)
FNF:2
FNH:2
FNDA:7,(anonymous_0)
FNDA:7,(anonymous_1)
DA:1,3
DA:2,7
DA:3,7
DA:4,7
DA:5,7
DA:7,7
DA:10,3
LF:7
LH:7
BRF:0
BRH:0
end_of_record
TN:
SF:models\Monster.js
FN:5,(anonymous_0)
FNF:1
FNH:1
FNDA:3748,(anonymous_0)
DA:6,3748
DA:7,3748
DA:8,3748
DA:9,3748
DA:10,3748
DA:11,3748
DA:12,3748
DA:13,3748
DA:17,9
LF:9
LH:9
BRDA:9,0,0,3748
BRDA:9,0,1,4
BRDA:10,1,0,3748
BRDA:10,1,1,4
BRDA:11,2,0,3748
BRDA:11,2,1,4
BRDA:13,3,0,1
BRDA:13,3,1,3747
BRF:8
BRH:8
end_of_record
TN:
SF:models\Player.js
FN:11,(anonymous_0)
FN:37,(anonymous_1)
FN:47,(anonymous_2)
FN:57,(anonymous_3)
FN:67,(anonymous_4)
FN:75,(anonymous_5)
FN:84,(anonymous_6)
FN:98,(anonymous_7)
FN:108,(anonymous_8)
FN:111,(anonymous_9)
FN:130,(anonymous_10)
FN:132,(anonymous_11)
FNF:12
FNH:12
FNDA:12,(anonymous_0)
FNDA:3,(anonymous_1)
FNDA:3,(anonymous_2)
FNDA:3,(anonymous_3)
FNDA:6,(anonymous_4)
FNDA:3,(anonymous_5)
FNDA:3,(anonymous_6)
FNDA:3,(anonymous_7)
FNDA:5,(anonymous_8)
FNDA:3,(anonymous_9)
FNDA:5,(anonymous_10)
FNDA:4,(anonymous_11)
DA:6,7
DA:7,7
DA:8,7
DA:12,12
DA:13,12
DA:14,12
DA:15,12
DA:16,12
DA:17,12
DA:18,12
DA:19,12
DA:20,12
DA:21,12
DA:22,12
DA:23,12
DA:24,12
DA:25,12
DA:26,12
DA:27,12
DA:28,12
DA:29,12
DA:30,12
DA:31,12
DA:32,12
DA:33,12
DA:34,12
DA:38,3
DA:39,3
DA:40,2
DA:41,2
DA:42,2
DA:43,2
DA:48,3
DA:49,3
DA:50,2
DA:51,2
DA:52,2
DA:53,2
DA:58,3
DA:59,3
DA:60,2
DA:61,2
DA:62,2
DA:63,2
DA:68,6
DA:69,3
DA:70,3
DA:71,2
DA:76,3
DA:77,1
DA:78,2
DA:79,1
DA:85,3
DA:86,1
DA:88,2
DA:89,2
DA:90,2
DA:91,2
DA:92,2
DA:94,2
DA:99,3
DA:100,3
DA:101,2
DA:102,2
DA:103,2
DA:105,3
DA:109,5
DA:110,3
DA:111,3
DA:113,3
DA:114,2
DA:115,2
DA:116,2
DA:117,2
DA:118,2
DA:119,2
DA:120,1
DA:122,2
DA:123,2
DA:126,3
DA:127,3
DA:131,5
DA:132,4
DA:137,7
LF:84
LH:84
BRDA:37,0,0,2
BRDA:47,1,0,2
BRDA:57,2,0,2
BRDA:68,3,0,3
BRDA:68,3,1,3
BRDA:70,4,0,2
BRDA:70,4,1,1
BRDA:76,5,0,1
BRDA:76,5,1,2
BRDA:78,6,0,1
BRDA:78,6,1,1
BRDA:85,7,0,1
BRDA:85,7,1,2
BRDA:85,8,0,3
BRDA:85,8,1,3
BRDA:89,9,0,2
BRDA:89,9,1,0
BRDA:90,10,0,2
BRDA:90,10,1,1
BRDA:91,11,0,2
BRDA:91,11,1,1
BRDA:92,12,0,2
BRDA:92,12,1,1
BRDA:100,13,0,2
BRDA:100,13,1,1
BRDA:101,14,0,2
BRDA:101,14,1,1
BRDA:102,15,0,2
BRDA:102,15,1,1
BRDA:103,16,0,2
BRDA:103,16,1,1
BRDA:109,17,0,3
BRDA:109,17,1,2
BRDA:109,18,0,5
BRDA:109,18,1,4
BRDA:111,19,0,3
BRDA:111,19,1,3
BRDA:111,19,2,3
BRDA:113,20,0,2
BRDA:113,20,1,1
BRDA:119,21,0,1
BRDA:119,21,1,1
BRDA:132,22,0,4
BRDA:132,22,1,4
BRDA:132,22,2,4
BRF:45
BRH:44
end_of_record
TN:
SF:models\PlayerData.js
FNF:0
FNH:0
DA:1,4
DA:2,4
DA:28,4
LF:3
LH:3
BRF:0
BRH:0
end_of_record
TN:
SF:models\User.js
FNF:0
FNH:0
DA:1,3
DA:2,3
DA:10,3
LF:3
LH:3
BRF:0
BRH:0
end_of_record
TN:
SF:routes\auth.js
FN:10,(anonymous_0)
FN:48,(anonymous_1)
FN:63,(anonymous_2)
FNF:3
FNH:2
FNDA:2,(anonymous_0)
FNDA:2,(anonymous_1)
FNDA:0,(anonymous_2)
DA:1,3
DA:2,3
DA:3,3
DA:4,3
DA:5,3
DA:6,3
DA:7,3
DA:8,3
DA:10,3
DA:11,2
DA:12,2
DA:13,2
DA:14,2
DA:15,2
DA:16,2
DA:17,2
DA:42,2
DA:44,0
DA:48,3
DA:49,2
DA:50,2
DA:51,2
DA:52,2
DA:53,2
DA:54,2
DA:55,2
DA:56,2
DA:57,2
DA:58,2
DA:59,2
DA:63,3
DA:64,0
DA:67,3
LF:33
LH:31
BRDA:12,0,0,0
BRDA:12,0,1,2
BRDA:12,1,0,2
BRDA:12,1,1,2
BRDA:14,2,0,2
BRDA:14,2,1,2
BRDA:51,3,0,0
BRDA:51,3,1,2
BRDA:53,4,0,0
BRDA:53,4,1,2
BRDA:55,5,0,2
BRDA:55,5,1,2
BRF:12
BRH:9
end_of_record
TN:
SF:routes\battle.js
FNF:0
FNH:0
DA:1,3
DA:2,3
DA:3,3
DA:4,3
DA:7,3
DA:9,3
LF:6
LH:6
BRF:0
BRH:0
end_of_record
TN:
SF:routes\docs.js
FNF:0
FNH:0
DA:1,3
DA:2,3
DA:3,3
DA:4,3
DA:6,3
DA:21,3
DA:23,3
DA:25,3
LF:8
LH:8
BRF:0
BRH:0
end_of_record
TN:
SF:routes\player.js
FNF:0
FNH:0
DA:1,3
DA:2,3
DA:3,3
DA:4,3
DA:7,3
DA:9,3
DA:11,3
LF:7
LH:7
BRF:0
BRH:0
end_of_record
TN:
SF:routes\shop.js
FN:7,(anonymous_0)
FNF:1
FNH:1
FNDA:1,(anonymous_0)
DA:1,3
DA:2,3
DA:3,3
DA:4,3
DA:7,3
DA:8,1
DA:11,3
LF:7
LH:7
BRF:0
BRH:0
end_of_record
TN:
SF:services\BattleService.js
FN:12,(anonymous_0)
FN:47,(anonymous_1)
FN:64,(anonymous_2)
FN:70,(anonymous_3)
FNF:4
FNH:4
FNDA:12,(anonymous_0)
FNDA:7,(anonymous_1)
FNDA:4,(anonymous_2)
FNDA:28,(anonymous_3)
DA:5,5
DA:6,5
DA:13,12
DA:15,12
DA:16,1
DA:18,11
DA:20,12
DA:21,12
DA:34,12
DA:35,12
DA:36,11
DA:39,12
DA:40,12
DA:42,12
DA:43,12
DA:44,12
DA:46,12
DA:47,7
DA:48,7
DA:49,7
DA:50,7
DA:60,7
DA:62,7
DA:63,4
DA:64,4
DA:65,4
DA:66,4
DA:68,2
DA:69,2
DA:70,28
DA:71,6
DA:73,2
DA:74,1
DA:75,1
DA:85,5
DA:86,5
DA:87,5
DA:99,5
DA:100,5
DA:101,1
DA:110,5
DA:111,1
DA:112,1
DA:121,1
DA:122,1
DA:125,12
DA:129,5
LF:47
LH:47
BRDA:15,0,0,1
BRDA:15,0,1,11
BRDA:15,1,0,12
BRDA:15,1,1,1
BRDA:18,2,0,11
BRDA:18,2,1,0
BRDA:35,3,0,11
BRDA:35,3,1,1
BRDA:39,4,0,11
BRDA:39,4,1,1
BRDA:40,5,0,11
BRDA:40,5,1,1
BRDA:46,6,0,7
BRDA:46,6,1,5
BRDA:46,7,0,12
BRDA:46,7,1,7
BRDA:62,8,0,4
BRDA:62,8,1,3
BRDA:62,9,0,7
BRDA:62,9,1,7
BRDA:65,10,0,2
BRDA:65,10,1,2
BRDA:65,11,0,4
BRDA:65,11,1,3
BRDA:66,12,0,2
BRDA:66,12,1,2
BRDA:71,13,0,1
BRDA:71,13,1,5
BRDA:73,14,0,1
BRDA:73,14,1,1
BRDA:100,15,0,1
BRDA:100,15,1,4
BRDA:110,16,0,1
BRDA:110,16,1,4
BRF:34
BRH:33
end_of_record
TN:
SF:services\PlayerGameService.js
FN:4,(anonymous_0)
FN:44,(anonymous_1)
FN:59,(anonymous_2)
FN:76,(anonymous_3)
FN:115,(anonymous_4)
FN:120,(anonymous_5)
FN:143,(anonymous_6)
FN:148,(anonymous_7)
FN:159,(anonymous_8)
FN:174,(anonymous_9)
FN:179,(anonymous_10)
FN:188,(anonymous_11)
FN:190,(anonymous_12)
FN:216,(anonymous_13)
FN:240,(anonymous_14)
FN:250,(anonymous_15)
FN:254,getOptionStr
FN:277,(anonymous_17)
FN:289,(anonymous_18)
FN:307,(anonymous_19)
FNF:20
FNH:14
FNDA:7,(anonymous_0)
FNDA:5,(anonymous_1)
FNDA:2,(anonymous_2)
FNDA:2,(anonymous_3)
FNDA:3,(anonymous_4)
FNDA:1,(anonymous_5)
FNDA:5,(anonymous_6)
FNDA:3,(anonymous_7)
FNDA:1,(anonymous_8)
FNDA:7,(anonymous_9)
FNDA:5,(anonymous_10)
FNDA:3,(anonymous_11)
FNDA:2,(anonymous_12)
FNDA:1,(anonymous_13)
FNDA:0,(anonymous_14)
FNDA:0,(anonymous_15)
FNDA:0,getOptionStr
FNDA:0,(anonymous_17)
FNDA:0,(anonymous_18)
FNDA:0,(anonymous_19)
DA:3,4
DA:5,7
DA:6,7
DA:7,6
DA:8,6
DA:9,6
DA:10,6
DA:11,6
DA:12,6
DA:16,5
DA:17,5
DA:18,1
DA:19,1
DA:21,4
DA:22,4
DA:23,4
DA:24,4
DA:25,1
DA:26,1
DA:27,1
DA:29,4
DA:30,4
DA:31,1
DA:36,1
DA:37,1
DA:38,1
DA:41,1
DA:45,5
DA:46,5
DA:47,5
DA:48,4
DA:49,4
DA:50,1
DA:51,1
DA:53,3
DA:54,1
DA:55,1
DA:57,2
DA:58,1
DA:59,1
DA:60,2
DA:61,2
DA:64,1
DA:66,1
DA:67,0
DA:68,0
DA:69,0
DA:71,1
DA:72,1
DA:73,1
DA:77,2
DA:78,2
DA:79,2
DA:80,2
DA:81,0
DA:82,0
DA:84,2
DA:85,1
DA:86,0
DA:96,1
DA:112,1
DA:116,3
DA:117,3
DA:118,2
DA:119,2
DA:120,2
DA:121,2
DA:122,1
DA:123,1
DA:124,1
DA:125,1
DA:126,1
DA:127,1
DA:128,1
DA:129,1
DA:130,0
DA:135,0
DA:136,0
DA:137,0
DA:140,1
DA:144,5
DA:145,5
DA:146,4
DA:147,4
DA:148,4
DA:149,4
DA:150,3
DA:151,3
DA:152,3
DA:153,3
DA:154,3
DA:156,0
DA:158,3
DA:159,1
DA:160,1
DA:161,1
DA:164,1
DA:165,2
DA:166,1
DA:168,3
DA:169,3
DA:171,1
DA:175,7
DA:176,7
DA:177,6
DA:178,6
DA:179,6
DA:180,6
DA:181,1
DA:182,1
DA:184,5
DA:185,1
DA:186,1
DA:188,4
DA:189,3
DA:190,3
DA:191,3
DA:192,1
DA:193,1
DA:194,1
DA:195,1
DA:197,2
DA:198,2
DA:199,2
DA:200,2
DA:205,2
DA:206,2
DA:207,2
DA:209,0
DA:211,2
DA:212,2
DA:213,2
DA:214,2
DA:215,1
DA:216,1
DA:217,1
DA:218,1
DA:221,1
DA:223,2
DA:224,1
DA:230,2
DA:235,2
DA:238,4
DA:241,0
DA:242,0
DA:244,0
DA:248,0
DA:251,0
DA:252,0
DA:253,0
DA:255,0
DA:256,0
DA:257,0
DA:258,0
DA:259,0
DA:260,0
DA:261,0
DA:263,0
DA:264,0
DA:265,0
DA:267,0
DA:269,0
DA:270,0
DA:271,0
DA:273,0
DA:275,0
DA:278,0
DA:279,0
DA:280,0
DA:281,0
DA:282,0
DA:283,0
DA:284,0
DA:286,0
DA:287,0
DA:288,0
DA:289,0
DA:290,0
DA:291,0
DA:292,0
DA:293,0
DA:294,0
DA:295,0
DA:296,0
DA:297,0
DA:298,0
DA:299,0
DA:301,0
DA:303,0
DA:304,0
DA:305,0
DA:308,0
DA:309,0
DA:310,0
DA:311,0
DA:312,0
DA:313,0
DA:314,0
DA:315,0
DA:317,0
DA:321,4
LF:201
LH:132
BRDA:6,0,0,1
BRDA:6,0,1,6
BRDA:11,1,0,1
BRDA:11,1,1,5
BRDA:12,2,0,5
BRDA:12,2,1,1
BRDA:13,3,0,6
BRDA:13,3,1,6
BRDA:13,3,2,6
BRDA:13,3,3,5
BRDA:13,3,4,5
BRDA:13,3,5,5
BRDA:17,4,0,1
BRDA:17,4,1,4
BRDA:17,5,0,5
BRDA:17,5,1,5
BRDA:24,6,0,1
BRDA:24,6,1,3
BRDA:30,7,0,1
BRDA:30,7,1,3
BRDA:47,8,0,1
BRDA:47,8,1,4
BRDA:49,9,0,1
BRDA:49,9,1,3
BRDA:53,10,0,1
BRDA:53,10,1,2
BRDA:57,11,0,1
BRDA:57,11,1,1
BRDA:60,12,0,2
BRDA:60,12,1,0
BRDA:60,13,0,2
BRDA:60,13,1,2
BRDA:60,13,2,2
BRDA:66,14,0,0
BRDA:66,14,1,1
BRDA:71,15,0,1
BRDA:71,15,1,0
BRDA:79,16,0,2
BRDA:79,16,1,2
BRDA:80,17,0,0
BRDA:80,17,1,2
BRDA:84,18,0,1
BRDA:84,18,1,1
BRDA:85,19,0,0
BRDA:85,19,1,1
BRDA:117,20,0,1
BRDA:117,20,1,2
BRDA:121,21,0,1
BRDA:121,21,1,1
BRDA:129,22,0,0
BRDA:129,22,1,1
BRDA:145,23,0,1
BRDA:145,23,1,4
BRDA:149,24,0,3
BRDA:149,24,1,1
BRDA:153,25,0,3
BRDA:153,25,1,0
BRDA:158,26,0,1
BRDA:158,26,1,2
BRDA:160,27,0,1
BRDA:160,27,1,0
BRDA:160,28,0,1
BRDA:160,28,1,1
BRDA:160,28,2,1
BRDA:165,29,0,1
BRDA:165,29,1,1
BRDA:176,30,0,1
BRDA:176,30,1,6
BRDA:180,31,0,1
BRDA:180,31,1,5
BRDA:184,32,0,1
BRDA:184,32,1,4
BRDA:191,33,0,1
BRDA:191,33,1,2
BRDA:191,34,0,3
BRDA:191,34,1,2
BRDA:206,35,0,2
BRDA:206,35,1,0
BRDA:211,36,0,2
BRDA:211,36,1,0
BRDA:211,37,0,2
BRDA:211,37,1,1
BRDA:214,38,0,1
BRDA:214,38,1,1
BRDA:217,39,0,1
BRDA:217,39,1,0
BRDA:217,40,0,1
BRDA:217,40,1,1
BRDA:217,40,2,1
BRDA:223,41,0,1
BRDA:223,41,1,1
BRDA:242,42,0,0
BRDA:242,42,1,0
BRDA:252,43,0,0
BRDA:252,43,1,0
BRDA:255,44,0,0
BRDA:255,44,1,0
BRDA:257,45,0,0
BRDA:257,45,1,0
BRDA:258,46,0,0
BRDA:258,46,1,0
BRDA:259,47,0,0
BRDA:259,47,1,0
BRDA:260,48,0,0
BRDA:260,48,1,0
BRDA:261,49,0,0
BRDA:261,49,1,0
BRDA:263,50,0,0
BRDA:263,50,1,0
BRDA:265,51,0,0
BRDA:265,51,1,0
BRDA:269,52,0,0
BRDA:269,52,1,0
BRDA:271,53,0,0
BRDA:271,53,1,0
BRDA:279,54,0,0
BRDA:279,54,1,0
BRDA:282,55,0,0
BRDA:282,55,1,0
BRDA:291,56,0,0
BRDA:291,56,1,0
BRDA:292,57,0,0
BRDA:292,57,1,0
BRDA:293,58,0,0
BRDA:293,58,1,0
BRDA:294,59,0,0
BRDA:294,59,1,0
BRDA:295,60,0,0
BRDA:295,60,1,0
BRDA:295,61,0,0
BRDA:295,61,1,0
BRDA:298,62,0,0
BRDA:298,62,1,0
BRDA:308,63,0,0
BRDA:308,63,1,0
BRDA:308,64,0,0
BRDA:308,64,1,0
BRF:137
BRH:80
end_of_record
TN:
SF:services\PlayerService.js
FN:9,(anonymous_0)
FN:18,(anonymous_1)
FN:22,(anonymous_2)
FN:33,(anonymous_3)
FN:45,(anonymous_4)
FN:55,(anonymous_5)
FN:62,(anonymous_6)
FNF:7
FNH:4
FNDA:11,(anonymous_0)
FNDA:4,(anonymous_1)
FNDA:6,(anonymous_2)
FNDA:0,(anonymous_3)
FNDA:4,(anonymous_4)
FNDA:0,(anonymous_5)
FNDA:0,(anonymous_6)
DA:6,4
DA:10,11
DA:11,11
DA:12,11
DA:19,4
DA:20,4
DA:21,3
DA:22,6
DA:23,3
DA:24,1
DA:25,1
DA:27,2
DA:28,2
DA:29,1
DA:30,1
DA:31,1
DA:32,1
DA:33,1
DA:34,1
DA:35,1
DA:36,1
DA:38,1
DA:46,4
DA:47,4
DA:48,3
DA:49,3
DA:50,3
DA:51,3
DA:52,3
DA:53,1
DA:54,1
DA:55,1
DA:56,1
DA:57,1
DA:58,1
DA:59,2
DA:60,0
DA:61,0
DA:62,0
DA:63,0
DA:64,0
DA:65,0
DA:67,2
DA:72,4
LF:44
LH:38
BRDA:20,0,0,1
BRDA:20,0,1,3
BRDA:23,1,0,1
BRDA:23,1,1,2
BRDA:28,2,0,1
BRDA:28,2,1,1
BRDA:28,3,0,2
BRDA:28,3,1,1
BRDA:29,4,0,0
BRDA:29,4,1,1
BRDA:29,5,0,1
BRDA:29,5,1,1
BRDA:30,6,0,0
BRDA:30,6,1,1
BRDA:30,7,0,1
BRDA:30,7,1,0
BRDA:47,8,0,1
BRDA:47,8,1,3
BRDA:50,9,0,2
BRDA:50,9,1,1
BRDA:51,10,0,0
BRDA:51,10,1,3
BRDA:52,11,0,1
BRDA:52,11,1,2
BRDA:52,12,0,3
BRDA:52,12,1,2
BRDA:59,13,0,0
BRDA:59,13,1,2
BRDA:59,14,0,2
BRDA:59,14,1,0
BRF:30
BRH:24
end_of_record
TN:
SF:services\ShopService.js
FN:7,(anonymous_0)
FN:16,(anonymous_1)
FN:28,(anonymous_2)
FN:41,(anonymous_3)
FN:50,(anonymous_4)
FN:60,(anonymous_5)
FN:67,(anonymous_6)
FN:77,(anonymous_7)
FNF:8
FNH:6
FNDA:11,(anonymous_0)
FNDA:4,(anonymous_1)
FNDA:4,(anonymous_2)
FNDA:0,(anonymous_3)
FNDA:4,(anonymous_4)
FNDA:2,(anonymous_5)
FNDA:3,(anonymous_6)
FNDA:0,(anonymous_7)
DA:8,11
DA:9,11
DA:10,11
DA:17,4
DA:18,4
DA:19,4
DA:20,4
DA:21,4
DA:22,1
DA:23,1
DA:25,3
DA:26,3
DA:27,3
DA:28,4
DA:29,4
DA:31,3
DA:32,1
DA:33,1
DA:35,2
DA:36,1
DA:37,1
DA:39,1
DA:40,1
DA:41,1
DA:42,1
DA:43,1
DA:44,1
DA:51,4
DA:52,4
DA:53,4
DA:54,4
DA:55,4
DA:56,1
DA:57,1
DA:59,3
DA:60,3
DA:61,3
DA:62,1
DA:63,1
DA:65,2
DA:66,2
DA:67,3
DA:68,3
DA:70,2
DA:71,1
DA:72,1
DA:74,1
DA:75,1
DA:76,1
DA:77,1
DA:78,1
DA:79,1
DA:80,1
DA:84,5
LF:54
LH:54
BRDA:18,0,0,0
BRDA:18,0,1,4
BRDA:21,1,0,1
BRDA:21,1,1,3
BRDA:29,2,0,2
BRDA:29,2,1,2
BRDA:31,3,0,1
BRDA:31,3,1,2
BRDA:35,4,0,1
BRDA:35,4,1,1
BRDA:52,5,0,0
BRDA:52,5,1,4
BRDA:55,6,0,1
BRDA:55,6,1,3
BRDA:61,7,0,1
BRDA:61,7,1,2
BRDA:68,8,0,1
BRDA:68,8,1,2
BRDA:70,9,0,1
BRDA:70,9,1,1
BRF:20
BRH:18
end_of_record
TN:
SF:utils\Room.js
FN:2,(anonymous_0)
FN:13,(anonymous_1)
FN:14,(anonymous_2)
FN:15,(anonymous_3)
FN:16,(anonymous_4)
FN:17,(anonymous_5)
FN:17,(anonymous_6)
FN:18,(anonymous_7)
FN:19,(anonymous_8)
FN:19,(anonymous_9)
FNF:10
FNH:10
FNDA:8513,(anonymous_0)
FNDA:9,(anonymous_1)
FNDA:5,(anonymous_2)
FNDA:2,(anonymous_3)
FNDA:1,(anonymous_4)
FNDA:2,(anonymous_5)
FNDA:1,(anonymous_6)
FNDA:1,(anonymous_7)
FNDA:2,(anonymous_8)
FNDA:1,(anonymous_9)
DA:3,8513
DA:4,8513
DA:5,8513
DA:6,8513
DA:7,8513
DA:8,8513
DA:9,8513
DA:10,8513
DA:11,8513
DA:13,9
DA:14,5
DA:15,2
DA:16,1
DA:17,2
DA:18,1
DA:19,2
DA:21,11
LF:17
LH:17
BRF:0
BRH:0
end_of_record
TN:
SF:utils\broadcast.js
FN:18,broadcast
FN:20,(anonymous_1)
FN:30,sendPlayerList
FN:37,sendRoomInfo
FN:104,sendRoomInfoToAllInRoom
FN:105,(anonymous_5)
FN:115,sendInventory
FN:127,sendCharacterInfo
FNF:8
FNH:8
FNDA:3,broadcast
FNDA:4,(anonymous_1)
FNDA:1,sendPlayerList
FNDA:5,sendRoomInfo
FNDA:3,sendRoomInfoToAllInRoom
FNDA:4,(anonymous_5)
FNDA:1,sendInventory
FNDA:1,sendCharacterInfo
DA:10,6
DA:11,6
DA:12,6
DA:13,6
DA:19,3
DA:20,3
DA:21,4
DA:22,3
DA:31,1
DA:38,5
DA:39,5
DA:40,5
DA:41,5
DA:42,2
DA:43,2
DA:45,3
DA:47,3
DA:48,3
DA:50,3
DA:51,3
DA:52,3
DA:53,15
DA:54,75
DA:55,48
DA:56,48
DA:61,3
DA:62,3
DA:63,15
DA:64,15
DA:65,75
DA:66,75
DA:68,15
DA:70,3
DA:91,3
DA:92,1
DA:105,3
DA:106,4
DA:107,4
DA:116,1
DA:128,1
DA:146,1
DA:149,6
LF:42
LH:42
BRDA:21,0,0,3
BRDA:21,0,1,1
BRDA:39,1,0,5
BRDA:39,1,1,0
BRDA:41,2,0,2
BRDA:41,2,1,3
BRDA:48,3,0,0
BRDA:48,3,1,3
BRDA:54,4,0,48
BRDA:54,4,1,27
BRDA:54,5,0,75
BRDA:54,5,1,60
BRDA:54,5,2,60
BRDA:54,5,3,48
BRDA:56,6,0,48
BRDA:56,6,1,0
BRDA:66,7,0,75
BRDA:66,7,1,0
BRDA:85,8,0,3
BRDA:85,8,1,0
BRDA:91,9,0,1
BRDA:91,9,1,2
BRDA:106,10,0,4
BRDA:106,10,1,0
BRDA:106,11,0,4
BRDA:106,11,1,4
BRDA:106,11,2,4
BRDA:106,11,3,4
BRDA:106,11,4,4
BRDA:136,12,0,1
BRDA:136,12,1,0
BRDA:137,13,0,1
BRDA:137,13,1,0
BRF:33
BRH:25
end_of_record
TN:
SF:utils\expUtils.js
FN:13,calcNextStatExp
FN:21,calcExpBonus
FN:29,calcGoldDrop
FNF:3
FNH:3
FNDA:6,calcNextStatExp
FNDA:11,calcExpBonus
FNDA:7,calcGoldDrop
DA:8,9
DA:14,6
DA:22,11
DA:23,11
DA:30,7
DA:31,6
DA:32,6
DA:33,6
DA:36,9
LF:9
LH:9
BRDA:22,0,0,0
BRDA:22,0,1,11
BRDA:22,1,0,11
BRDA:22,1,1,11
BRDA:30,2,0,1
BRDA:30,2,1,6
BRDA:30,3,0,7
BRDA:30,3,1,7
BRF:8
BRH:7
end_of_record
