<?xml version="1.0" encoding="UTF-8"?>
<coverage generated="1746461863833" clover="3.2.0">
  <project timestamp="1746461863833" name="All files">
    <metrics statements="320" coveredstatements="305" conditionals="229" coveredconditionals="207" methods="42" coveredmethods="29" elements="591" coveredelements="541" complexity="0" loc="320" ncloc="320" packages="3" files="6" classes="6"/>
    <package name="data">
      <metrics statements="201" coveredstatements="199" conditionals="168" coveredconditionals="159" methods="16" coveredmethods="14"/>
      <file name="items.js" path="C:\Users\p8426\Downloads\사진1\ghld\backend\data\items.js">
        <metrics statements="34" coveredstatements="34" conditionals="0" coveredconditionals="0" methods="0" coveredmethods="0"/>
        <line num="1" count="1" type="stmt"/>
        <line num="7" count="1" type="stmt"/>
        <line num="14" count="1" type="stmt"/>
        <line num="20" count="1" type="stmt"/>
        <line num="27" count="1" type="stmt"/>
        <line num="28" count="1" type="stmt"/>
        <line num="29" count="1" type="stmt"/>
        <line num="30" count="1" type="stmt"/>
        <line num="31" count="1" type="stmt"/>
        <line num="32" count="1" type="stmt"/>
        <line num="33" count="1" type="stmt"/>
        <line num="34" count="1" type="stmt"/>
        <line num="35" count="1" type="stmt"/>
        <line num="36" count="1" type="stmt"/>
        <line num="37" count="1" type="stmt"/>
        <line num="38" count="1" type="stmt"/>
        <line num="39" count="1" type="stmt"/>
        <line num="40" count="1" type="stmt"/>
        <line num="41" count="1" type="stmt"/>
        <line num="42" count="1" type="stmt"/>
        <line num="43" count="1" type="stmt"/>
        <line num="44" count="1" type="stmt"/>
        <line num="45" count="1" type="stmt"/>
        <line num="46" count="1" type="stmt"/>
        <line num="47" count="1" type="stmt"/>
        <line num="49" count="1" type="stmt"/>
        <line num="55" count="1" type="stmt"/>
        <line num="56" count="1" type="stmt"/>
        <line num="57" count="1" type="stmt"/>
        <line num="58" count="1" type="stmt"/>
        <line num="60" count="1" type="stmt"/>
        <line num="93" count="1" type="stmt"/>
        <line num="108" count="1" type="stmt"/>
        <line num="126" count="1" type="stmt"/>
      </file>
      <file name="map.js" path="C:\Users\p8426\Downloads\사진1\ghld\backend\data\map.js">
        <metrics statements="167" coveredstatements="165" conditionals="168" coveredconditionals="159" methods="16" coveredmethods="14"/>
        <line num="1" count="1" type="stmt"/>
        <line num="2" count="1" type="stmt"/>
        <line num="3" count="1" type="stmt"/>
        <line num="5" count="1" type="stmt"/>
        <line num="6" count="1" type="stmt"/>
        <line num="8" count="1" type="stmt"/>
        <line num="20" count="1" type="stmt"/>
        <line num="26" count="1" type="stmt"/>
        <line num="27" count="1" type="stmt"/>
        <line num="28" count="9" type="stmt"/>
        <line num="30" count="81" type="stmt"/>
        <line num="31" count="81" type="cond" truecount="4" falsecount="0"/>
        <line num="32" count="1" type="stmt"/>
        <line num="33" count="1" type="stmt"/>
        <line num="34" count="1" type="stmt"/>
        <line num="35" count="1" type="stmt"/>
        <line num="36" count="80" type="cond" truecount="2" falsecount="0"/>
        <line num="37" count="27" type="stmt"/>
        <line num="38" count="27" type="stmt"/>
        <line num="39" count="27" type="stmt"/>
        <line num="40" count="27" type="stmt"/>
        <line num="41" count="27" type="cond" truecount="4" falsecount="0"/>
        <line num="42" count="27" type="cond" truecount="4" falsecount="0"/>
        <line num="43" count="27" type="cond" truecount="4" falsecount="0"/>
        <line num="44" count="27" type="cond" truecount="4" falsecount="0"/>
        <line num="45" count="53" type="cond" truecount="2" falsecount="0"/>
        <line num="46" count="27" type="stmt"/>
        <line num="47" count="27" type="stmt"/>
        <line num="48" count="27" type="stmt"/>
        <line num="49" count="27" type="stmt"/>
        <line num="50" count="27" type="cond" truecount="4" falsecount="0"/>
        <line num="51" count="27" type="cond" truecount="4" falsecount="0"/>
        <line num="52" count="27" type="cond" truecount="4" falsecount="0"/>
        <line num="53" count="27" type="cond" truecount="4" falsecount="0"/>
        <line num="55" count="26" type="stmt"/>
        <line num="56" count="26" type="stmt"/>
        <line num="57" count="26" type="stmt"/>
        <line num="58" count="26" type="stmt"/>
        <line num="60" count="81" type="stmt"/>
        <line num="61" count="81" type="stmt"/>
        <line num="62" count="81" type="cond" truecount="4" falsecount="0"/>
        <line num="63" count="72" type="stmt"/>
        <line num="64" count="72" type="cond" truecount="2" falsecount="0"/>
        <line num="65" count="72" type="cond" truecount="2" falsecount="0"/>
        <line num="66" count="72" type="stmt"/>
        <line num="67" count="72" type="stmt"/>
        <line num="69" count="81" type="stmt"/>
        <line num="74" count="1" type="stmt"/>
        <line num="75" count="1" type="stmt"/>
        <line num="76" count="1" type="stmt"/>
        <line num="77" count="9" type="stmt"/>
        <line num="79" count="81" type="stmt"/>
        <line num="80" count="81" type="cond" truecount="6" falsecount="0"/>
        <line num="81" count="32" type="stmt"/>
        <line num="82" count="32" type="stmt"/>
        <line num="83" count="32" type="stmt"/>
        <line num="84" count="49" type="cond" truecount="6" falsecount="0"/>
        <line num="86" count="24" type="cond" truecount="4" falsecount="0"/>
        <line num="87" count="1" type="stmt"/>
        <line num="88" count="1" type="stmt"/>
        <line num="89" count="1" type="stmt"/>
        <line num="91" count="23" type="stmt"/>
        <line num="92" count="23" type="stmt"/>
        <line num="93" count="23" type="stmt"/>
        <line num="95" count="23" type="cond" truecount="2" falsecount="0"/>
        <line num="96" count="23" type="cond" truecount="2" falsecount="0"/>
        <line num="98" count="25" type="cond" truecount="6" falsecount="0"/>
        <line num="99" count="9" type="stmt"/>
        <line num="100" count="9" type="stmt"/>
        <line num="101" count="9" type="stmt"/>
        <line num="103" count="9" type="cond" truecount="2" falsecount="0"/>
        <line num="104" count="9" type="cond" truecount="2" falsecount="0"/>
        <line num="105" count="16" type="cond" truecount="5" falsecount="0"/>
        <line num="106" count="3" type="stmt"/>
        <line num="107" count="3" type="stmt"/>
        <line num="108" count="3" type="stmt"/>
        <line num="110" count="3" type="cond" truecount="2" falsecount="0"/>
        <line num="111" count="3" type="cond" truecount="2" falsecount="0"/>
        <line num="113" count="13" type="stmt"/>
        <line num="114" count="13" type="stmt"/>
        <line num="115" count="13" type="stmt"/>
        <line num="117" count="13" type="cond" truecount="2" falsecount="0"/>
        <line num="118" count="13" type="cond" truecount="2" falsecount="0"/>
        <line num="120" count="81" type="stmt"/>
        <line num="121" count="81" type="stmt"/>
        <line num="122" count="81" type="stmt"/>
        <line num="126" count="1" type="stmt"/>
        <line num="127" count="1" type="stmt"/>
        <line num="134" count="1" type="stmt"/>
        <line num="136" count="1" type="stmt"/>
        <line num="137" count="1" type="stmt"/>
        <line num="138" count="1" type="stmt"/>
        <line num="139" count="1" type="stmt"/>
        <line num="140" count="1" type="stmt"/>
        <line num="142" count="1" type="stmt"/>
        <line num="143" count="5" type="stmt"/>
        <line num="144" count="5" type="stmt"/>
        <line num="145" count="10" type="cond" truecount="3" falsecount="1"/>
        <line num="148" count="1" type="stmt"/>
        <line num="149" count="5" type="stmt"/>
        <line num="150" count="5" type="stmt"/>
        <line num="151" count="10" type="cond" truecount="2" falsecount="2"/>
        <line num="154" count="1" type="stmt"/>
        <line num="155" count="5" type="stmt"/>
        <line num="156" count="5" type="stmt"/>
        <line num="157" count="10" type="cond" truecount="3" falsecount="1"/>
        <line num="159" count="1" type="stmt"/>
        <line num="162" count="3" type="stmt"/>
        <line num="163" count="3" type="stmt"/>
        <line num="164" count="528" type="stmt"/>
        <line num="165" count="528" type="stmt"/>
        <line num="166" count="528" type="cond" truecount="2" falsecount="0"/>
        <line num="167" count="30537" type="cond" truecount="4" falsecount="0"/>
        <line num="168" count="56514" type="cond" truecount="2" falsecount="0"/>
        <line num="170" count="390" type="stmt"/>
        <line num="173" count="3" type="stmt"/>
        <line num="175" count="1" type="stmt"/>
        <line num="176" count="1" type="stmt"/>
        <line num="177" count="1" type="stmt"/>
        <line num="178" count="1" type="stmt"/>
        <line num="179" count="30" type="stmt"/>
        <line num="181" count="4490" type="cond" truecount="2" falsecount="0"/>
        <line num="182" count="4490" type="cond" truecount="2" falsecount="0"/>
        <line num="183" count="4490" type="cond" truecount="2" falsecount="0"/>
        <line num="185" count="900" type="cond" truecount="4" falsecount="0"/>
        <line num="186" count="1" type="stmt"/>
        <line num="187" count="1" type="stmt"/>
        <line num="188" count="1" type="stmt"/>
        <line num="191" count="899" type="stmt"/>
        <line num="192" count="899" type="cond" truecount="15" falsecount="0"/>
        <line num="193" count="771" type="cond" truecount="2" falsecount="0"/>
        <line num="195" count="899" type="cond" truecount="2" falsecount="0"/>
        <line num="196" count="151" type="stmt"/>
        <line num="197" count="151" type="stmt"/>
        <line num="198" count="151" type="stmt"/>
        <line num="201" count="748" type="stmt"/>
        <line num="202" count="748" type="cond" truecount="2" falsecount="0"/>
        <line num="203" count="5" type="stmt"/>
        <line num="204" count="5" type="stmt"/>
        <line num="205" count="743" type="cond" truecount="2" falsecount="0"/>
        <line num="206" count="5" type="stmt"/>
        <line num="207" count="5" type="stmt"/>
        <line num="208" count="738" type="cond" truecount="2" falsecount="0"/>
        <line num="209" count="5" type="stmt"/>
        <line num="210" count="5" type="stmt"/>
        <line num="211" count="82008" type="cond" truecount="4" falsecount="0"/>
        <line num="212" count="99" type="stmt"/>
        <line num="213" count="75433" type="cond" truecount="4" falsecount="0"/>
        <line num="214" count="105" type="stmt"/>
        <line num="215" count="66574" type="cond" truecount="4" falsecount="0"/>
        <line num="216" count="111" type="stmt"/>
        <line num="219" count="1484" type="cond" truecount="2" falsecount="0"/>
        <line num="220" count="748" type="stmt"/>
        <line num="221" count="748" type="stmt"/>
        <line num="222" count="748" type="stmt"/>
        <line num="223" count="748" type="stmt"/>
        <line num="224" count="748" type="stmt"/>
        <line num="225" count="748" type="stmt"/>
        <line num="230" count="57" type="cond" truecount="2" falsecount="0"/>
        <line num="231" count="1" type="cond" truecount="1" falsecount="1"/>
        <line num="232" count="1" type="stmt"/>
        <line num="233" count="1" type="stmt"/>
        <line num="234" count="1" type="stmt"/>
        <line num="238" count="1" type="stmt"/>
        <line num="240" count="0" type="cond" truecount="0" falsecount="2"/>
        <line num="241" count="0" type="cond" truecount="0" falsecount="2"/>
        <line num="244" count="1" type="stmt"/>
      </file>
    </package>
    <package name="models">
      <metrics statements="93" coveredstatements="93" conditionals="53" coveredconditionals="48" methods="13" coveredmethods="13"/>
      <file name="Monster.js" path="C:\Users\p8426\Downloads\사진1\ghld\backend\models\Monster.js">
        <metrics statements="9" coveredstatements="9" conditionals="8" coveredconditionals="4" methods="1" coveredmethods="1"/>
        <line num="6" count="459" type="stmt"/>
        <line num="7" count="459" type="stmt"/>
        <line num="8" count="459" type="stmt"/>
        <line num="9" count="459" type="cond" truecount="1" falsecount="1"/>
        <line num="10" count="459" type="cond" truecount="1" falsecount="1"/>
        <line num="11" count="459" type="cond" truecount="1" falsecount="1"/>
        <line num="12" count="459" type="stmt"/>
        <line num="13" count="459" type="cond" truecount="1" falsecount="1"/>
        <line num="17" count="1" type="stmt"/>
      </file>
      <file name="Player.js" path="C:\Users\p8426\Downloads\사진1\ghld\backend\models\Player.js">
        <metrics statements="84" coveredstatements="84" conditionals="45" coveredconditionals="44" methods="12" coveredmethods="12"/>
        <line num="6" count="1" type="stmt"/>
        <line num="7" count="1" type="stmt"/>
        <line num="8" count="1" type="stmt"/>
        <line num="12" count="12" type="stmt"/>
        <line num="13" count="12" type="stmt"/>
        <line num="14" count="12" type="stmt"/>
        <line num="15" count="12" type="stmt"/>
        <line num="16" count="12" type="stmt"/>
        <line num="17" count="12" type="stmt"/>
        <line num="18" count="12" type="stmt"/>
        <line num="19" count="12" type="stmt"/>
        <line num="20" count="12" type="stmt"/>
        <line num="21" count="12" type="stmt"/>
        <line num="22" count="12" type="stmt"/>
        <line num="23" count="12" type="stmt"/>
        <line num="24" count="12" type="stmt"/>
        <line num="25" count="12" type="stmt"/>
        <line num="26" count="12" type="stmt"/>
        <line num="27" count="12" type="stmt"/>
        <line num="28" count="12" type="stmt"/>
        <line num="29" count="12" type="stmt"/>
        <line num="30" count="12" type="stmt"/>
        <line num="31" count="12" type="stmt"/>
        <line num="32" count="12" type="stmt"/>
        <line num="33" count="12" type="stmt"/>
        <line num="34" count="12" type="stmt"/>
        <line num="38" count="3" type="stmt"/>
        <line num="39" count="3" type="stmt"/>
        <line num="40" count="2" type="stmt"/>
        <line num="41" count="2" type="stmt"/>
        <line num="42" count="2" type="stmt"/>
        <line num="43" count="2" type="stmt"/>
        <line num="48" count="3" type="stmt"/>
        <line num="49" count="3" type="stmt"/>
        <line num="50" count="2" type="stmt"/>
        <line num="51" count="2" type="stmt"/>
        <line num="52" count="2" type="stmt"/>
        <line num="53" count="2" type="stmt"/>
        <line num="58" count="3" type="stmt"/>
        <line num="59" count="3" type="stmt"/>
        <line num="60" count="2" type="stmt"/>
        <line num="61" count="2" type="stmt"/>
        <line num="62" count="2" type="stmt"/>
        <line num="63" count="2" type="stmt"/>
        <line num="68" count="6" type="cond" truecount="2" falsecount="0"/>
        <line num="69" count="3" type="stmt"/>
        <line num="70" count="3" type="cond" truecount="2" falsecount="0"/>
        <line num="71" count="2" type="stmt"/>
        <line num="76" count="3" type="cond" truecount="2" falsecount="0"/>
        <line num="77" count="1" type="stmt"/>
        <line num="78" count="2" type="cond" truecount="2" falsecount="0"/>
        <line num="79" count="1" type="stmt"/>
        <line num="85" count="3" type="cond" truecount="4" falsecount="0"/>
        <line num="86" count="1" type="stmt"/>
        <line num="88" count="2" type="stmt"/>
        <line num="89" count="2" type="cond" truecount="1" falsecount="1"/>
        <line num="90" count="2" type="cond" truecount="2" falsecount="0"/>
        <line num="91" count="2" type="cond" truecount="2" falsecount="0"/>
        <line num="92" count="2" type="cond" truecount="2" falsecount="0"/>
        <line num="94" count="2" type="stmt"/>
        <line num="99" count="3" type="stmt"/>
        <line num="100" count="3" type="cond" truecount="2" falsecount="0"/>
        <line num="101" count="2" type="cond" truecount="2" falsecount="0"/>
        <line num="102" count="2" type="cond" truecount="2" falsecount="0"/>
        <line num="103" count="2" type="cond" truecount="2" falsecount="0"/>
        <line num="105" count="3" type="stmt"/>
        <line num="109" count="5" type="cond" truecount="4" falsecount="0"/>
        <line num="110" count="3" type="stmt"/>
        <line num="111" count="3" type="cond" truecount="3" falsecount="0"/>
        <line num="113" count="3" type="cond" truecount="2" falsecount="0"/>
        <line num="114" count="2" type="stmt"/>
        <line num="115" count="2" type="stmt"/>
        <line num="116" count="2" type="stmt"/>
        <line num="117" count="2" type="stmt"/>
        <line num="118" count="2" type="stmt"/>
        <line num="119" count="2" type="cond" truecount="2" falsecount="0"/>
        <line num="120" count="1" type="stmt"/>
        <line num="122" count="2" type="stmt"/>
        <line num="123" count="2" type="stmt"/>
        <line num="126" count="3" type="stmt"/>
        <line num="127" count="3" type="stmt"/>
        <line num="131" count="5" type="stmt"/>
        <line num="132" count="4" type="cond" truecount="3" falsecount="0"/>
        <line num="137" count="1" type="stmt"/>
      </file>
    </package>
    <package name="utils">
      <metrics statements="26" coveredstatements="13" conditionals="8" coveredconditionals="0" methods="13" coveredmethods="2"/>
      <file name="Room.js" path="C:\Users\p8426\Downloads\사진1\ghld\backend\utils\Room.js">
        <metrics statements="17" coveredstatements="10" conditionals="0" coveredconditionals="0" methods="10" coveredmethods="1"/>
        <line num="3" count="1062" type="stmt"/>
        <line num="4" count="1062" type="stmt"/>
        <line num="5" count="1062" type="stmt"/>
        <line num="6" count="1062" type="stmt"/>
        <line num="7" count="1062" type="stmt"/>
        <line num="8" count="1062" type="stmt"/>
        <line num="9" count="1062" type="stmt"/>
        <line num="10" count="1062" type="stmt"/>
        <line num="11" count="1062" type="stmt"/>
        <line num="13" count="0" type="stmt"/>
        <line num="14" count="0" type="stmt"/>
        <line num="15" count="0" type="stmt"/>
        <line num="16" count="0" type="stmt"/>
        <line num="17" count="0" type="stmt"/>
        <line num="18" count="0" type="stmt"/>
        <line num="19" count="0" type="stmt"/>
        <line num="21" count="1" type="stmt"/>
      </file>
      <file name="expUtils.js" path="C:\Users\p8426\Downloads\사진1\ghld\backend\utils\expUtils.js">
        <metrics statements="9" coveredstatements="3" conditionals="8" coveredconditionals="0" methods="3" coveredmethods="1"/>
        <line num="8" count="1" type="stmt"/>
        <line num="14" count="6" type="stmt"/>
        <line num="22" count="0" type="cond" truecount="0" falsecount="4"/>
        <line num="23" count="0" type="stmt"/>
        <line num="30" count="0" type="cond" truecount="0" falsecount="4"/>
        <line num="31" count="0" type="stmt"/>
        <line num="32" count="0" type="stmt"/>
        <line num="33" count="0" type="stmt"/>
        <line num="36" count="1" type="stmt"/>
      </file>
    </package>
  </project>
</coverage>
