{"C:\\Users\\p8426\\Downloads\\사진1\\ghld\\backend\\data\\items.js": {"path":"C:\\Users\\p8426\\Downloads\\사진1\\ghld\\backend\\data\\items.js","statementMap":{"0":{"start":{"line":1,"column":18},"end":{"line":5,"column":1}},"1":{"start":{"line":7,"column":23},"end":{"line":13,"column":1}},"2":{"start":{"line":14,"column":24},"end":{"line":19,"column":1}},"3":{"start":{"line":20,"column":22},"end":{"line":25,"column":1}},"4":{"start":{"line":27,"column":29},"end":{"line":27,"column":34}},"5":{"start":{"line":28,"column":31},"end":{"line":28,"column":36}},"6":{"start":{"line":29,"column":29},"end":{"line":29,"column":33}},"7":{"start":{"line":30,"column":31},"end":{"line":30,"column":35}},"8":{"start":{"line":31,"column":29},"end":{"line":31,"column":33}},"9":{"start":{"line":32,"column":26},"end":{"line":32,"column":33}},"10":{"start":{"line":33,"column":30},"end":{"line":33,"column":35}},"11":{"start":{"line":34,"column":32},"end":{"line":34,"column":38}},"12":{"start":{"line":35,"column":29},"end":{"line":35,"column":34}},"13":{"start":{"line":36,"column":31},"end":{"line":36,"column":36}},"14":{"start":{"line":37,"column":29},"end":{"line":37,"column":34}},"15":{"start":{"line":38,"column":30},"end":{"line":38,"column":37}},"16":{"start":{"line":39,"column":30},"end":{"line":39,"column":35}},"17":{"start":{"line":40,"column":31},"end":{"line":40,"column":37}},"18":{"start":{"line":41,"column":29},"end":{"line":41,"column":34}},"19":{"start":{"line":42,"column":28},"end":{"line":42,"column":35}},"20":{"start":{"line":43,"column":30},"end":{"line":43,"column":37}},"21":{"start":{"line":44,"column":30},"end":{"line":44,"column":36}},"22":{"start":{"line":45,"column":31},"end":{"line":45,"column":38}},"23":{"start":{"line":46,"column":29},"end":{"line":46,"column":35}},"24":{"start":{"line":47,"column":28},"end":{"line":47,"column":36}},"25":{"start":{"line":49,"column":18},"end":{"line":53,"column":1}},"26":{"start":{"line":55,"column":22},"end":{"line":55,"column":27}},"27":{"start":{"line":56,"column":22},"end":{"line":56,"column":27}},"28":{"start":{"line":57,"column":22},"end":{"line":57,"column":27}},"29":{"start":{"line":58,"column":22},"end":{"line":58,"column":27}},"30":{"start":{"line":60,"column":19},"end":{"line":91,"column":1}},"31":{"start":{"line":93,"column":24},"end":{"line":106,"column":1}},"32":{"start":{"line":108,"column":27},"end":{"line":124,"column":1}},"33":{"start":{"line":126,"column":0},"end":{"line":126,"column":674}}},"fnMap":{},"branchMap":{},"s":{"0":1,"1":1,"2":1,"3":1,"4":1,"5":1,"6":1,"7":1,"8":1,"9":1,"10":1,"11":1,"12":1,"13":1,"14":1,"15":1,"16":1,"17":1,"18":1,"19":1,"20":1,"21":1,"22":1,"23":1,"24":1,"25":1,"26":1,"27":1,"28":1,"29":1,"30":1,"31":1,"32":1,"33":1},"f":{},"b":{},"_coverageSchema":"1a1c01bbd47fc00a2c39e90264f33305004495a9","hash":"a1048d8ac3b9826c3b7cee0d1039652f41c5965d"}
,"C:\\Users\\p8426\\Downloads\\사진1\\ghld\\backend\\data\\map.js": {"path":"C:\\Users\\p8426\\Downloads\\사진1\\ghld\\backend\\data\\map.js","statementMap":{"0":{"start":{"line":1,"column":13},"end":{"line":1,"column":37}},"1":{"start":{"line":2,"column":16},"end":{"line":2,"column":44}},"2":{"start":{"line":3,"column":96},"end":{"line":3,"column":114}},"3":{"start":{"line":5,"column":17},"end":{"line":5,"column":18}},"4":{"start":{"line":6,"column":20},"end":{"line":6,"column":34}},"5":{"start":{"line":8,"column":18},"end":{"line":18,"column":1}},"6":{"start":{"line":20,"column":20},"end":{"line":24,"column":1}},"7":{"start":{"line":26,"column":14},"end":{"line":26,"column":16}},"8":{"start":{"line":27,"column":0},"end":{"line":71,"column":1}},"9":{"start":{"line":27,"column":13},"end":{"line":27,"column":14}},"10":{"start":{"line":28,"column":2},"end":{"line":70,"column":3}},"11":{"start":{"line":28,"column":15},"end":{"line":28,"column":16}},"12":{"start":{"line":30,"column":19},"end":{"line":30,"column":21}},"13":{"start":{"line":31,"column":4},"end":{"line":59,"column":5}},"14":{"start":{"line":32,"column":6},"end":{"line":32,"column":31}},"15":{"start":{"line":33,"column":6},"end":{"line":33,"column":21}},"16":{"start":{"line":34,"column":6},"end":{"line":34,"column":53}},"17":{"start":{"line":35,"column":6},"end":{"line":35,"column":24}},"18":{"start":{"line":36,"column":11},"end":{"line":59,"column":5}},"19":{"start":{"line":37,"column":6},"end":{"line":37,"column":30}},"20":{"start":{"line":38,"column":6},"end":{"line":38,"column":21}},"21":{"start":{"line":39,"column":6},"end":{"line":39,"column":44}},"22":{"start":{"line":40,"column":6},"end":{"line":40,"column":24}},"23":{"start":{"line":41,"column":6},"end":{"line":41,"column":83}},"24":{"start":{"line":41,"column":30},"end":{"line":41,"column":83}},"25":{"start":{"line":42,"column":6},"end":{"line":42,"column":83}},"26":{"start":{"line":42,"column":30},"end":{"line":42,"column":83}},"27":{"start":{"line":43,"column":6},"end":{"line":43,"column":83}},"28":{"start":{"line":43,"column":30},"end":{"line":43,"column":83}},"29":{"start":{"line":44,"column":6},"end":{"line":44,"column":83}},"30":{"start":{"line":44,"column":30},"end":{"line":44,"column":83}},"31":{"start":{"line":45,"column":11},"end":{"line":59,"column":5}},"32":{"start":{"line":46,"column":6},"end":{"line":46,"column":28}},"33":{"start":{"line":47,"column":6},"end":{"line":47,"column":22}},"34":{"start":{"line":48,"column":6},"end":{"line":48,"column":45}},"35":{"start":{"line":49,"column":6},"end":{"line":49,"column":24}},"36":{"start":{"line":50,"column":6},"end":{"line":50,"column":81}},"37":{"start":{"line":50,"column":30},"end":{"line":50,"column":81}},"38":{"start":{"line":51,"column":6},"end":{"line":51,"column":81}},"39":{"start":{"line":51,"column":30},"end":{"line":51,"column":81}},"40":{"start":{"line":52,"column":6},"end":{"line":52,"column":81}},"41":{"start":{"line":52,"column":30},"end":{"line":52,"column":81}},"42":{"start":{"line":53,"column":6},"end":{"line":53,"column":81}},"43":{"start":{"line":53,"column":30},"end":{"line":53,"column":81}},"44":{"start":{"line":55,"column":6},"end":{"line":55,"column":29}},"45":{"start":{"line":56,"column":6},"end":{"line":56,"column":22}},"46":{"start":{"line":57,"column":6},"end":{"line":57,"column":56}},"47":{"start":{"line":58,"column":6},"end":{"line":58,"column":24}},"48":{"start":{"line":60,"column":17},"end":{"line":60,"column":59}},"49":{"start":{"line":61,"column":4},"end":{"line":61,"column":52}},"50":{"start":{"line":61,"column":30},"end":{"line":61,"column":52}},"51":{"start":{"line":62,"column":4},"end":{"line":68,"column":5}},"52":{"start":{"line":63,"column":17},"end":{"line":63,"column":31}},"53":{"start":{"line":64,"column":6},"end":{"line":64,"column":60}},"54":{"start":{"line":64,"column":37},"end":{"line":64,"column":60}},"55":{"start":{"line":65,"column":6},"end":{"line":65,"column":56}},"56":{"start":{"line":65,"column":35},"end":{"line":65,"column":56}},"57":{"start":{"line":66,"column":16},"end":{"line":66,"column":80}},"58":{"start":{"line":67,"column":6},"end":{"line":67,"column":28}},"59":{"start":{"line":69,"column":4},"end":{"line":69,"column":21}},"60":{"start":{"line":74,"column":20},"end":{"line":74,"column":22}},"61":{"start":{"line":75,"column":27},"end":{"line":75,"column":41}},"62":{"start":{"line":76,"column":0},"end":{"line":124,"column":1}},"63":{"start":{"line":76,"column":13},"end":{"line":76,"column":14}},"64":{"start":{"line":77,"column":2},"end":{"line":123,"column":3}},"65":{"start":{"line":77,"column":15},"end":{"line":77,"column":16}},"66":{"start":{"line":79,"column":19},"end":{"line":79,"column":21}},"67":{"start":{"line":80,"column":4},"end":{"line":119,"column":5}},"68":{"start":{"line":81,"column":6},"end":{"line":81,"column":27}},"69":{"start":{"line":82,"column":6},"end":{"line":82,"column":18}},"70":{"start":{"line":83,"column":6},"end":{"line":83,"column":40}},"71":{"start":{"line":84,"column":11},"end":{"line":119,"column":5}},"72":{"start":{"line":86,"column":6},"end":{"line":97,"column":7}},"73":{"start":{"line":87,"column":8},"end":{"line":87,"column":33}},"74":{"start":{"line":88,"column":8},"end":{"line":88,"column":25}},"75":{"start":{"line":89,"column":8},"end":{"line":89,"column":39}},"76":{"start":{"line":91,"column":8},"end":{"line":91,"column":31}},"77":{"start":{"line":92,"column":8},"end":{"line":92,"column":24}},"78":{"start":{"line":93,"column":8},"end":{"line":93,"column":44}},"79":{"start":{"line":95,"column":8},"end":{"line":95,"column":86}},"80":{"start":{"line":95,"column":33},"end":{"line":95,"column":86}},"81":{"start":{"line":96,"column":8},"end":{"line":96,"column":86}},"82":{"start":{"line":96,"column":33},"end":{"line":96,"column":86}},"83":{"start":{"line":98,"column":11},"end":{"line":119,"column":5}},"84":{"start":{"line":99,"column":6},"end":{"line":99,"column":30}},"85":{"start":{"line":100,"column":6},"end":{"line":100,"column":22}},"86":{"start":{"line":101,"column":6},"end":{"line":101,"column":45}},"87":{"start":{"line":103,"column":6},"end":{"line":103,"column":84}},"88":{"start":{"line":103,"column":31},"end":{"line":103,"column":84}},"89":{"start":{"line":104,"column":6},"end":{"line":104,"column":84}},"90":{"start":{"line":104,"column":31},"end":{"line":104,"column":84}},"91":{"start":{"line":105,"column":11},"end":{"line":119,"column":5}},"92":{"start":{"line":106,"column":6},"end":{"line":106,"column":31}},"93":{"start":{"line":107,"column":6},"end":{"line":107,"column":20}},"94":{"start":{"line":108,"column":6},"end":{"line":108,"column":47}},"95":{"start":{"line":110,"column":6},"end":{"line":110,"column":84}},"96":{"start":{"line":110,"column":31},"end":{"line":110,"column":84}},"97":{"start":{"line":111,"column":6},"end":{"line":111,"column":84}},"98":{"start":{"line":111,"column":31},"end":{"line":111,"column":84}},"99":{"start":{"line":113,"column":6},"end":{"line":113,"column":35}},"100":{"start":{"line":114,"column":6},"end":{"line":114,"column":22}},"101":{"start":{"line":115,"column":6},"end":{"line":115,"column":46}},"102":{"start":{"line":117,"column":6},"end":{"line":117,"column":84}},"103":{"start":{"line":117,"column":31},"end":{"line":117,"column":84}},"104":{"start":{"line":118,"column":6},"end":{"line":118,"column":84}},"105":{"start":{"line":118,"column":31},"end":{"line":118,"column":84}},"106":{"start":{"line":120,"column":17},"end":{"line":120,"column":59}},"107":{"start":{"line":121,"column":4},"end":{"line":121,"column":52}},"108":{"start":{"line":121,"column":30},"end":{"line":121,"column":52}},"109":{"start":{"line":122,"column":4},"end":{"line":122,"column":27}},"110":{"start":{"line":126,"column":22},"end":{"line":126,"column":24}},"111":{"start":{"line":127,"column":19},"end":{"line":131,"column":1}},"112":{"start":{"line":134,"column":18},"end":{"line":134,"column":20}},"113":{"start":{"line":136,"column":17},"end":{"line":136,"column":53}},"114":{"start":{"line":137,"column":21},"end":{"line":137,"column":40}},"115":{"start":{"line":138,"column":19},"end":{"line":138,"column":39}},"116":{"start":{"line":139,"column":0},"end":{"line":139,"column":33}},"117":{"start":{"line":140,"column":22},"end":{"line":140,"column":24}},"118":{"start":{"line":140,"column":42},"end":{"line":140,"column":44}},"119":{"start":{"line":140,"column":60},"end":{"line":140,"column":62}},"120":{"start":{"line":142,"column":0},"end":{"line":146,"column":1}},"121":{"start":{"line":143,"column":10},"end":{"line":143,"column":51}},"122":{"start":{"line":144,"column":10},"end":{"line":144,"column":40}},"123":{"start":{"line":145,"column":2},"end":{"line":145,"column":86}},"124":{"start":{"line":145,"column":33},"end":{"line":145,"column":55}},"125":{"start":{"line":145,"column":58},"end":{"line":145,"column":86}},"126":{"start":{"line":148,"column":0},"end":{"line":152,"column":1}},"127":{"start":{"line":149,"column":10},"end":{"line":149,"column":51}},"128":{"start":{"line":150,"column":10},"end":{"line":150,"column":45}},"129":{"start":{"line":151,"column":2},"end":{"line":151,"column":82}},"130":{"start":{"line":151,"column":31},"end":{"line":151,"column":53}},"131":{"start":{"line":151,"column":56},"end":{"line":151,"column":82}},"132":{"start":{"line":154,"column":0},"end":{"line":158,"column":1}},"133":{"start":{"line":155,"column":10},"end":{"line":155,"column":51}},"134":{"start":{"line":156,"column":10},"end":{"line":156,"column":45}},"135":{"start":{"line":157,"column":2},"end":{"line":157,"column":78}},"136":{"start":{"line":157,"column":29},"end":{"line":157,"column":51}},"137":{"start":{"line":157,"column":54},"end":{"line":157,"column":78}},"138":{"start":{"line":159,"column":24},"end":{"line":159,"column":25}},"139":{"start":{"line":159,"column":45},"end":{"line":159,"column":46}},"140":{"start":{"line":159,"column":64},"end":{"line":159,"column":65}},"141":{"start":{"line":162,"column":20},"end":{"line":162,"column":22}},"142":{"start":{"line":163,"column":2},"end":{"line":172,"column":3}},"143":{"start":{"line":164,"column":12},"end":{"line":164,"column":53}},"144":{"start":{"line":165,"column":12},"end":{"line":165,"column":77}},"145":{"start":{"line":166,"column":4},"end":{"line":171,"column":5}},"146":{"start":{"line":167,"column":27},"end":{"line":167,"column":49}},"147":{"start":{"line":168,"column":34},"end":{"line":168,"column":56}},"148":{"start":{"line":170,"column":6},"end":{"line":170,"column":31}},"149":{"start":{"line":173,"column":2},"end":{"line":173,"column":19}},"150":{"start":{"line":175,"column":22},"end":{"line":175,"column":110}},"151":{"start":{"line":176,"column":20},"end":{"line":176,"column":125}},"152":{"start":{"line":177,"column":18},"end":{"line":177,"column":136}},"153":{"start":{"line":178,"column":0},"end":{"line":227,"column":1}},"154":{"start":{"line":178,"column":13},"end":{"line":178,"column":14}},"155":{"start":{"line":179,"column":2},"end":{"line":226,"column":3}},"156":{"start":{"line":179,"column":15},"end":{"line":179,"column":16}},"157":{"start":{"line":181,"column":27},"end":{"line":181,"column":76}},"158":{"start":{"line":181,"column":53},"end":{"line":181,"column":75}},"159":{"start":{"line":182,"column":25},"end":{"line":182,"column":72}},"160":{"start":{"line":182,"column":49},"end":{"line":182,"column":71}},"161":{"start":{"line":183,"column":23},"end":{"line":183,"column":68}},"162":{"start":{"line":183,"column":45},"end":{"line":183,"column":67}},"163":{"start":{"line":185,"column":4},"end":{"line":189,"column":5}},"164":{"start":{"line":186,"column":19},"end":{"line":186,"column":118}},"165":{"start":{"line":187,"column":6},"end":{"line":187,"column":27}},"166":{"start":{"line":188,"column":6},"end":{"line":188,"column":15}},"167":{"start":{"line":191,"column":17},"end":{"line":191,"column":22}},"168":{"start":{"line":192,"column":4},"end":{"line":194,"column":5}},"169":{"start":{"line":193,"column":6},"end":{"line":193,"column":46}},"170":{"start":{"line":193,"column":32},"end":{"line":193,"column":46}},"171":{"start":{"line":195,"column":4},"end":{"line":199,"column":5}},"172":{"start":{"line":196,"column":19},"end":{"line":196,"column":80}},"173":{"start":{"line":197,"column":6},"end":{"line":197,"column":27}},"174":{"start":{"line":198,"column":6},"end":{"line":198,"column":15}},"175":{"start":{"line":201,"column":19},"end":{"line":201,"column":21}},"176":{"start":{"line":202,"column":4},"end":{"line":217,"column":5}},"177":{"start":{"line":203,"column":6},"end":{"line":203,"column":92}},"178":{"start":{"line":204,"column":6},"end":{"line":204,"column":26}},"179":{"start":{"line":205,"column":11},"end":{"line":217,"column":5}},"180":{"start":{"line":206,"column":6},"end":{"line":206,"column":88}},"181":{"start":{"line":207,"column":6},"end":{"line":207,"column":24}},"182":{"start":{"line":208,"column":11},"end":{"line":217,"column":5}},"183":{"start":{"line":209,"column":6},"end":{"line":209,"column":84}},"184":{"start":{"line":210,"column":6},"end":{"line":210,"column":22}},"185":{"start":{"line":211,"column":11},"end":{"line":217,"column":5}},"186":{"start":{"line":211,"column":39},"end":{"line":211,"column":61}},"187":{"start":{"line":212,"column":6},"end":{"line":212,"column":112}},"188":{"start":{"line":213,"column":11},"end":{"line":217,"column":5}},"189":{"start":{"line":213,"column":37},"end":{"line":213,"column":59}},"190":{"start":{"line":214,"column":6},"end":{"line":214,"column":112}},"191":{"start":{"line":215,"column":11},"end":{"line":217,"column":5}},"192":{"start":{"line":215,"column":35},"end":{"line":215,"column":57}},"193":{"start":{"line":216,"column":6},"end":{"line":216,"column":102}},"194":{"start":{"line":219,"column":17},"end":{"line":219,"column":67}},"195":{"start":{"line":219,"column":38},"end":{"line":219,"column":66}},"196":{"start":{"line":220,"column":15},"end":{"line":220,"column":24}},"197":{"start":{"line":221,"column":15},"end":{"line":221,"column":24}},"198":{"start":{"line":222,"column":22},"end":{"line":222,"column":49}},"199":{"start":{"line":223,"column":17},"end":{"line":223,"column":59}},"200":{"start":{"line":224,"column":4},"end":{"line":224,"column":52}},"201":{"start":{"line":224,"column":30},"end":{"line":224,"column":52}},"202":{"start":{"line":225,"column":4},"end":{"line":225,"column":25}},"203":{"start":{"line":230,"column":21},"end":{"line":230,"column":66}},"204":{"start":{"line":230,"column":43},"end":{"line":230,"column":65}},"205":{"start":{"line":231,"column":0},"end":{"line":235,"column":1}},"206":{"start":{"line":232,"column":2},"end":{"line":232,"column":38}},"207":{"start":{"line":233,"column":2},"end":{"line":233,"column":30}},"208":{"start":{"line":234,"column":2},"end":{"line":234,"column":90}},"209":{"start":{"line":238,"column":15},"end":{"line":238,"column":57}},"210":{"start":{"line":240,"column":14},"end":{"line":240,"column":36}},"211":{"start":{"line":241,"column":2},"end":{"line":241,"column":47}},"212":{"start":{"line":241,"column":23},"end":{"line":241,"column":45}},"213":{"start":{"line":244,"column":0},"end":{"line":244,"column":98}}},"fnMap":{"0":{"name":"(anonymous_0)","decl":{"start":{"line":145,"column":28},"end":{"line":145,"column":29}},"loc":{"start":{"line":145,"column":33},"end":{"line":145,"column":55}},"line":145},"1":{"name":"(anonymous_1)","decl":{"start":{"line":151,"column":26},"end":{"line":151,"column":27}},"loc":{"start":{"line":151,"column":31},"end":{"line":151,"column":53}},"line":151},"2":{"name":"(anonymous_2)","decl":{"start":{"line":157,"column":24},"end":{"line":157,"column":25}},"loc":{"start":{"line":157,"column":29},"end":{"line":157,"column":51}},"line":157},"3":{"name":"getRandomMonsterPositions","decl":{"start":{"line":161,"column":9},"end":{"line":161,"column":34}},"loc":{"start":{"line":161,"column":80},"end":{"line":174,"column":1}},"line":161},"4":{"name":"(anonymous_4)","decl":{"start":{"line":167,"column":22},"end":{"line":167,"column":23}},"loc":{"start":{"line":167,"column":27},"end":{"line":167,"column":49}},"line":167},"5":{"name":"(anonymous_5)","decl":{"start":{"line":168,"column":29},"end":{"line":168,"column":30}},"loc":{"start":{"line":168,"column":34},"end":{"line":168,"column":56}},"line":168},"6":{"name":"(anonymous_6)","decl":{"start":{"line":181,"column":48},"end":{"line":181,"column":49}},"loc":{"start":{"line":181,"column":53},"end":{"line":181,"column":75}},"line":181},"7":{"name":"(anonymous_7)","decl":{"start":{"line":182,"column":44},"end":{"line":182,"column":45}},"loc":{"start":{"line":182,"column":49},"end":{"line":182,"column":71}},"line":182},"8":{"name":"(anonymous_8)","decl":{"start":{"line":183,"column":40},"end":{"line":183,"column":41}},"loc":{"start":{"line":183,"column":45},"end":{"line":183,"column":67}},"line":183},"9":{"name":"(anonymous_9)","decl":{"start":{"line":211,"column":34},"end":{"line":211,"column":35}},"loc":{"start":{"line":211,"column":39},"end":{"line":211,"column":61}},"line":211},"10":{"name":"(anonymous_10)","decl":{"start":{"line":213,"column":32},"end":{"line":213,"column":33}},"loc":{"start":{"line":213,"column":37},"end":{"line":213,"column":59}},"line":213},"11":{"name":"(anonymous_11)","decl":{"start":{"line":215,"column":30},"end":{"line":215,"column":31}},"loc":{"start":{"line":215,"column":35},"end":{"line":215,"column":57}},"line":215},"12":{"name":"(anonymous_12)","decl":{"start":{"line":219,"column":33},"end":{"line":219,"column":34}},"loc":{"start":{"line":219,"column":38},"end":{"line":219,"column":66}},"line":219},"13":{"name":"(anonymous_13)","decl":{"start":{"line":230,"column":38},"end":{"line":230,"column":39}},"loc":{"start":{"line":230,"column":43},"end":{"line":230,"column":65}},"line":230},"14":{"name":"getRoom","decl":{"start":{"line":239,"column":9},"end":{"line":239,"column":16}},"loc":{"start":{"line":239,"column":30},"end":{"line":242,"column":1}},"line":239},"15":{"name":"(anonymous_15)","decl":{"start":{"line":241,"column":18},"end":{"line":241,"column":19}},"loc":{"start":{"line":241,"column":23},"end":{"line":241,"column":45}},"line":241}},"branchMap":{"0":{"loc":{"start":{"line":31,"column":4},"end":{"line":59,"column":5}},"type":"if","locations":[{"start":{"line":31,"column":4},"end":{"line":59,"column":5}},{"start":{"line":36,"column":11},"end":{"line":59,"column":5}}],"line":31},"1":{"loc":{"start":{"line":31,"column":8},"end":{"line":31,"column":50}},"type":"binary-expr","locations":[{"start":{"line":31,"column":8},"end":{"line":31,"column":27}},{"start":{"line":31,"column":31},"end":{"line":31,"column":50}}],"line":31},"2":{"loc":{"start":{"line":36,"column":11},"end":{"line":59,"column":5}},"type":"if","locations":[{"start":{"line":36,"column":11},"end":{"line":59,"column":5}},{"start":{"line":45,"column":11},"end":{"line":59,"column":5}}],"line":36},"3":{"loc":{"start":{"line":41,"column":6},"end":{"line":41,"column":83}},"type":"if","locations":[{"start":{"line":41,"column":6},"end":{"line":41,"column":83}},{"start":{},"end":{}}],"line":41},"4":{"loc":{"start":{"line":41,"column":10},"end":{"line":41,"column":28}},"type":"binary-expr","locations":[{"start":{"line":41,"column":10},"end":{"line":41,"column":17}},{"start":{"line":41,"column":21},"end":{"line":41,"column":28}}],"line":41},"5":{"loc":{"start":{"line":42,"column":6},"end":{"line":42,"column":83}},"type":"if","locations":[{"start":{"line":42,"column":6},"end":{"line":42,"column":83}},{"start":{},"end":{}}],"line":42},"6":{"loc":{"start":{"line":42,"column":10},"end":{"line":42,"column":28}},"type":"binary-expr","locations":[{"start":{"line":42,"column":10},"end":{"line":42,"column":17}},{"start":{"line":42,"column":21},"end":{"line":42,"column":28}}],"line":42},"7":{"loc":{"start":{"line":43,"column":6},"end":{"line":43,"column":83}},"type":"if","locations":[{"start":{"line":43,"column":6},"end":{"line":43,"column":83}},{"start":{},"end":{}}],"line":43},"8":{"loc":{"start":{"line":43,"column":10},"end":{"line":43,"column":28}},"type":"binary-expr","locations":[{"start":{"line":43,"column":10},"end":{"line":43,"column":17}},{"start":{"line":43,"column":21},"end":{"line":43,"column":28}}],"line":43},"9":{"loc":{"start":{"line":44,"column":6},"end":{"line":44,"column":83}},"type":"if","locations":[{"start":{"line":44,"column":6},"end":{"line":44,"column":83}},{"start":{},"end":{}}],"line":44},"10":{"loc":{"start":{"line":44,"column":10},"end":{"line":44,"column":28}},"type":"binary-expr","locations":[{"start":{"line":44,"column":10},"end":{"line":44,"column":17}},{"start":{"line":44,"column":21},"end":{"line":44,"column":28}}],"line":44},"11":{"loc":{"start":{"line":45,"column":11},"end":{"line":59,"column":5}},"type":"if","locations":[{"start":{"line":45,"column":11},"end":{"line":59,"column":5}},{"start":{"line":54,"column":11},"end":{"line":59,"column":5}}],"line":45},"12":{"loc":{"start":{"line":50,"column":6},"end":{"line":50,"column":81}},"type":"if","locations":[{"start":{"line":50,"column":6},"end":{"line":50,"column":81}},{"start":{},"end":{}}],"line":50},"13":{"loc":{"start":{"line":50,"column":10},"end":{"line":50,"column":28}},"type":"binary-expr","locations":[{"start":{"line":50,"column":10},"end":{"line":50,"column":17}},{"start":{"line":50,"column":21},"end":{"line":50,"column":28}}],"line":50},"14":{"loc":{"start":{"line":51,"column":6},"end":{"line":51,"column":81}},"type":"if","locations":[{"start":{"line":51,"column":6},"end":{"line":51,"column":81}},{"start":{},"end":{}}],"line":51},"15":{"loc":{"start":{"line":51,"column":10},"end":{"line":51,"column":28}},"type":"binary-expr","locations":[{"start":{"line":51,"column":10},"end":{"line":51,"column":17}},{"start":{"line":51,"column":21},"end":{"line":51,"column":28}}],"line":51},"16":{"loc":{"start":{"line":52,"column":6},"end":{"line":52,"column":81}},"type":"if","locations":[{"start":{"line":52,"column":6},"end":{"line":52,"column":81}},{"start":{},"end":{}}],"line":52},"17":{"loc":{"start":{"line":52,"column":10},"end":{"line":52,"column":28}},"type":"binary-expr","locations":[{"start":{"line":52,"column":10},"end":{"line":52,"column":17}},{"start":{"line":52,"column":21},"end":{"line":52,"column":28}}],"line":52},"18":{"loc":{"start":{"line":53,"column":6},"end":{"line":53,"column":81}},"type":"if","locations":[{"start":{"line":53,"column":6},"end":{"line":53,"column":81}},{"start":{},"end":{}}],"line":53},"19":{"loc":{"start":{"line":53,"column":10},"end":{"line":53,"column":28}},"type":"binary-expr","locations":[{"start":{"line":53,"column":10},"end":{"line":53,"column":17}},{"start":{"line":53,"column":21},"end":{"line":53,"column":28}}],"line":53},"20":{"loc":{"start":{"line":62,"column":4},"end":{"line":68,"column":5}},"type":"if","locations":[{"start":{"line":62,"column":4},"end":{"line":68,"column":5}},{"start":{},"end":{}}],"line":62},"21":{"loc":{"start":{"line":62,"column":8},"end":{"line":62,"column":46}},"type":"binary-expr","locations":[{"start":{"line":62,"column":8},"end":{"line":62,"column":29}},{"start":{"line":62,"column":33},"end":{"line":62,"column":46}}],"line":62},"22":{"loc":{"start":{"line":64,"column":6},"end":{"line":64,"column":60}},"type":"if","locations":[{"start":{"line":64,"column":6},"end":{"line":64,"column":60}},{"start":{},"end":{}}],"line":64},"23":{"loc":{"start":{"line":65,"column":6},"end":{"line":65,"column":56}},"type":"if","locations":[{"start":{"line":65,"column":6},"end":{"line":65,"column":56}},{"start":{},"end":{}}],"line":65},"24":{"loc":{"start":{"line":80,"column":4},"end":{"line":119,"column":5}},"type":"if","locations":[{"start":{"line":80,"column":4},"end":{"line":119,"column":5}},{"start":{"line":84,"column":11},"end":{"line":119,"column":5}}],"line":80},"25":{"loc":{"start":{"line":80,"column":8},"end":{"line":80,"column":48}},"type":"binary-expr","locations":[{"start":{"line":80,"column":8},"end":{"line":80,"column":15}},{"start":{"line":80,"column":19},"end":{"line":80,"column":26}},{"start":{"line":80,"column":30},"end":{"line":80,"column":37}},{"start":{"line":80,"column":41},"end":{"line":80,"column":48}}],"line":80},"26":{"loc":{"start":{"line":84,"column":11},"end":{"line":119,"column":5}},"type":"if","locations":[{"start":{"line":84,"column":11},"end":{"line":119,"column":5}},{"start":{"line":98,"column":11},"end":{"line":119,"column":5}}],"line":84},"27":{"loc":{"start":{"line":84,"column":15},"end":{"line":84,"column":55}},"type":"binary-expr","locations":[{"start":{"line":84,"column":15},"end":{"line":84,"column":22}},{"start":{"line":84,"column":26},"end":{"line":84,"column":33}},{"start":{"line":84,"column":37},"end":{"line":84,"column":44}},{"start":{"line":84,"column":48},"end":{"line":84,"column":55}}],"line":84},"28":{"loc":{"start":{"line":86,"column":6},"end":{"line":97,"column":7}},"type":"if","locations":[{"start":{"line":86,"column":6},"end":{"line":97,"column":7}},{"start":{"line":90,"column":13},"end":{"line":97,"column":7}}],"line":86},"29":{"loc":{"start":{"line":86,"column":10},"end":{"line":86,"column":66}},"type":"binary-expr","locations":[{"start":{"line":86,"column":10},"end":{"line":86,"column":36}},{"start":{"line":86,"column":40},"end":{"line":86,"column":66}}],"line":86},"30":{"loc":{"start":{"line":95,"column":8},"end":{"line":95,"column":86}},"type":"if","locations":[{"start":{"line":95,"column":8},"end":{"line":95,"column":86}},{"start":{},"end":{}}],"line":95},"31":{"loc":{"start":{"line":96,"column":8},"end":{"line":96,"column":86}},"type":"if","locations":[{"start":{"line":96,"column":8},"end":{"line":96,"column":86}},{"start":{},"end":{}}],"line":96},"32":{"loc":{"start":{"line":98,"column":11},"end":{"line":119,"column":5}},"type":"if","locations":[{"start":{"line":98,"column":11},"end":{"line":119,"column":5}},{"start":{"line":105,"column":11},"end":{"line":119,"column":5}}],"line":98},"33":{"loc":{"start":{"line":98,"column":15},"end":{"line":98,"column":51}},"type":"binary-expr","locations":[{"start":{"line":98,"column":15},"end":{"line":98,"column":21}},{"start":{"line":98,"column":25},"end":{"line":98,"column":31}},{"start":{"line":98,"column":35},"end":{"line":98,"column":41}},{"start":{"line":98,"column":45},"end":{"line":98,"column":51}}],"line":98},"34":{"loc":{"start":{"line":103,"column":6},"end":{"line":103,"column":84}},"type":"if","locations":[{"start":{"line":103,"column":6},"end":{"line":103,"column":84}},{"start":{},"end":{}}],"line":103},"35":{"loc":{"start":{"line":104,"column":6},"end":{"line":104,"column":84}},"type":"if","locations":[{"start":{"line":104,"column":6},"end":{"line":104,"column":84}},{"start":{},"end":{}}],"line":104},"36":{"loc":{"start":{"line":105,"column":11},"end":{"line":119,"column":5}},"type":"if","locations":[{"start":{"line":105,"column":11},"end":{"line":119,"column":5}},{"start":{"line":112,"column":11},"end":{"line":119,"column":5}}],"line":105},"37":{"loc":{"start":{"line":105,"column":15},"end":{"line":105,"column":41}},"type":"binary-expr","locations":[{"start":{"line":105,"column":15},"end":{"line":105,"column":21}},{"start":{"line":105,"column":25},"end":{"line":105,"column":31}},{"start":{"line":105,"column":35},"end":{"line":105,"column":41}}],"line":105},"38":{"loc":{"start":{"line":110,"column":6},"end":{"line":110,"column":84}},"type":"if","locations":[{"start":{"line":110,"column":6},"end":{"line":110,"column":84}},{"start":{},"end":{}}],"line":110},"39":{"loc":{"start":{"line":111,"column":6},"end":{"line":111,"column":84}},"type":"if","locations":[{"start":{"line":111,"column":6},"end":{"line":111,"column":84}},{"start":{},"end":{}}],"line":111},"40":{"loc":{"start":{"line":117,"column":6},"end":{"line":117,"column":84}},"type":"if","locations":[{"start":{"line":117,"column":6},"end":{"line":117,"column":84}},{"start":{},"end":{}}],"line":117},"41":{"loc":{"start":{"line":118,"column":6},"end":{"line":118,"column":84}},"type":"if","locations":[{"start":{"line":118,"column":6},"end":{"line":118,"column":84}},{"start":{},"end":{}}],"line":118},"42":{"loc":{"start":{"line":145,"column":2},"end":{"line":145,"column":86}},"type":"if","locations":[{"start":{"line":145,"column":2},"end":{"line":145,"column":86}},{"start":{},"end":{}}],"line":145},"43":{"loc":{"start":{"line":145,"column":33},"end":{"line":145,"column":55}},"type":"binary-expr","locations":[{"start":{"line":145,"column":33},"end":{"line":145,"column":42}},{"start":{"line":145,"column":46},"end":{"line":145,"column":55}}],"line":145},"44":{"loc":{"start":{"line":151,"column":2},"end":{"line":151,"column":82}},"type":"if","locations":[{"start":{"line":151,"column":2},"end":{"line":151,"column":82}},{"start":{},"end":{}}],"line":151},"45":{"loc":{"start":{"line":151,"column":31},"end":{"line":151,"column":53}},"type":"binary-expr","locations":[{"start":{"line":151,"column":31},"end":{"line":151,"column":40}},{"start":{"line":151,"column":44},"end":{"line":151,"column":53}}],"line":151},"46":{"loc":{"start":{"line":157,"column":2},"end":{"line":157,"column":78}},"type":"if","locations":[{"start":{"line":157,"column":2},"end":{"line":157,"column":78}},{"start":{},"end":{}}],"line":157},"47":{"loc":{"start":{"line":157,"column":29},"end":{"line":157,"column":51}},"type":"binary-expr","locations":[{"start":{"line":157,"column":29},"end":{"line":157,"column":38}},{"start":{"line":157,"column":42},"end":{"line":157,"column":51}}],"line":157},"48":{"loc":{"start":{"line":166,"column":4},"end":{"line":171,"column":5}},"type":"if","locations":[{"start":{"line":166,"column":4},"end":{"line":171,"column":5}},{"start":{},"end":{}}],"line":166},"49":{"loc":{"start":{"line":167,"column":6},"end":{"line":168,"column":57}},"type":"binary-expr","locations":[{"start":{"line":167,"column":6},"end":{"line":167,"column":50}},{"start":{"line":168,"column":6},"end":{"line":168,"column":57}}],"line":167},"50":{"loc":{"start":{"line":167,"column":27},"end":{"line":167,"column":49}},"type":"binary-expr","locations":[{"start":{"line":167,"column":27},"end":{"line":167,"column":36}},{"start":{"line":167,"column":40},"end":{"line":167,"column":49}}],"line":167},"51":{"loc":{"start":{"line":168,"column":34},"end":{"line":168,"column":56}},"type":"binary-expr","locations":[{"start":{"line":168,"column":34},"end":{"line":168,"column":43}},{"start":{"line":168,"column":47},"end":{"line":168,"column":56}}],"line":168},"52":{"loc":{"start":{"line":181,"column":53},"end":{"line":181,"column":75}},"type":"binary-expr","locations":[{"start":{"line":181,"column":53},"end":{"line":181,"column":62}},{"start":{"line":181,"column":66},"end":{"line":181,"column":75}}],"line":181},"53":{"loc":{"start":{"line":182,"column":49},"end":{"line":182,"column":71}},"type":"binary-expr","locations":[{"start":{"line":182,"column":49},"end":{"line":182,"column":58}},{"start":{"line":182,"column":62},"end":{"line":182,"column":71}}],"line":182},"54":{"loc":{"start":{"line":183,"column":45},"end":{"line":183,"column":67}},"type":"binary-expr","locations":[{"start":{"line":183,"column":45},"end":{"line":183,"column":54}},{"start":{"line":183,"column":58},"end":{"line":183,"column":67}}],"line":183},"55":{"loc":{"start":{"line":185,"column":4},"end":{"line":189,"column":5}},"type":"if","locations":[{"start":{"line":185,"column":4},"end":{"line":189,"column":5}},{"start":{},"end":{}}],"line":185},"56":{"loc":{"start":{"line":185,"column":8},"end":{"line":185,"column":26}},"type":"binary-expr","locations":[{"start":{"line":185,"column":8},"end":{"line":185,"column":15}},{"start":{"line":185,"column":19},"end":{"line":185,"column":26}}],"line":185},"57":{"loc":{"start":{"line":192,"column":4},"end":{"line":194,"column":5}},"type":"if","locations":[{"start":{"line":192,"column":4},"end":{"line":194,"column":5}},{"start":{},"end":{}}],"line":192},"58":{"loc":{"start":{"line":192,"column":8},"end":{"line":192,"column":205}},"type":"binary-expr","locations":[{"start":{"line":192,"column":8},"end":{"line":192,"column":23}},{"start":{"line":192,"column":27},"end":{"line":192,"column":40}},{"start":{"line":192,"column":44},"end":{"line":192,"column":55}},{"start":{"line":192,"column":59},"end":{"line":192,"column":80}},{"start":{"line":192,"column":84},"end":{"line":192,"column":133}},{"start":{"line":192,"column":137},"end":{"line":192,"column":144}},{"start":{"line":192,"column":148},"end":{"line":192,"column":155}},{"start":{"line":192,"column":159},"end":{"line":192,"column":180}},{"start":{"line":192,"column":184},"end":{"line":192,"column":205}}],"line":192},"59":{"loc":{"start":{"line":192,"column":61},"end":{"line":192,"column":79}},"type":"binary-expr","locations":[{"start":{"line":192,"column":61},"end":{"line":192,"column":68}},{"start":{"line":192,"column":72},"end":{"line":192,"column":79}}],"line":192},"60":{"loc":{"start":{"line":192,"column":86},"end":{"line":192,"column":132}},"type":"binary-expr","locations":[{"start":{"line":192,"column":86},"end":{"line":192,"column":107}},{"start":{"line":192,"column":111},"end":{"line":192,"column":132}}],"line":192},"61":{"loc":{"start":{"line":193,"column":6},"end":{"line":193,"column":46}},"type":"if","locations":[{"start":{"line":193,"column":6},"end":{"line":193,"column":46}},{"start":{},"end":{}}],"line":193},"62":{"loc":{"start":{"line":195,"column":4},"end":{"line":199,"column":5}},"type":"if","locations":[{"start":{"line":195,"column":4},"end":{"line":199,"column":5}},{"start":{},"end":{}}],"line":195},"63":{"loc":{"start":{"line":202,"column":4},"end":{"line":217,"column":5}},"type":"if","locations":[{"start":{"line":202,"column":4},"end":{"line":217,"column":5}},{"start":{"line":205,"column":11},"end":{"line":217,"column":5}}],"line":202},"64":{"loc":{"start":{"line":205,"column":11},"end":{"line":217,"column":5}},"type":"if","locations":[{"start":{"line":205,"column":11},"end":{"line":217,"column":5}},{"start":{"line":208,"column":11},"end":{"line":217,"column":5}}],"line":205},"65":{"loc":{"start":{"line":208,"column":11},"end":{"line":217,"column":5}},"type":"if","locations":[{"start":{"line":208,"column":11},"end":{"line":217,"column":5}},{"start":{"line":211,"column":11},"end":{"line":217,"column":5}}],"line":208},"66":{"loc":{"start":{"line":211,"column":11},"end":{"line":217,"column":5}},"type":"if","locations":[{"start":{"line":211,"column":11},"end":{"line":217,"column":5}},{"start":{"line":213,"column":11},"end":{"line":217,"column":5}}],"line":211},"67":{"loc":{"start":{"line":211,"column":39},"end":{"line":211,"column":61}},"type":"binary-expr","locations":[{"start":{"line":211,"column":39},"end":{"line":211,"column":48}},{"start":{"line":211,"column":52},"end":{"line":211,"column":61}}],"line":211},"68":{"loc":{"start":{"line":213,"column":11},"end":{"line":217,"column":5}},"type":"if","locations":[{"start":{"line":213,"column":11},"end":{"line":217,"column":5}},{"start":{"line":215,"column":11},"end":{"line":217,"column":5}}],"line":213},"69":{"loc":{"start":{"line":213,"column":37},"end":{"line":213,"column":59}},"type":"binary-expr","locations":[{"start":{"line":213,"column":37},"end":{"line":213,"column":46}},{"start":{"line":213,"column":50},"end":{"line":213,"column":59}}],"line":213},"70":{"loc":{"start":{"line":215,"column":11},"end":{"line":217,"column":5}},"type":"if","locations":[{"start":{"line":215,"column":11},"end":{"line":217,"column":5}},{"start":{},"end":{}}],"line":215},"71":{"loc":{"start":{"line":215,"column":35},"end":{"line":215,"column":57}},"type":"binary-expr","locations":[{"start":{"line":215,"column":35},"end":{"line":215,"column":44}},{"start":{"line":215,"column":48},"end":{"line":215,"column":57}}],"line":215},"72":{"loc":{"start":{"line":219,"column":38},"end":{"line":219,"column":66}},"type":"binary-expr","locations":[{"start":{"line":219,"column":38},"end":{"line":219,"column":51}},{"start":{"line":219,"column":55},"end":{"line":219,"column":66}}],"line":219},"73":{"loc":{"start":{"line":230,"column":43},"end":{"line":230,"column":65}},"type":"binary-expr","locations":[{"start":{"line":230,"column":43},"end":{"line":230,"column":52}},{"start":{"line":230,"column":56},"end":{"line":230,"column":65}}],"line":230},"74":{"loc":{"start":{"line":231,"column":0},"end":{"line":235,"column":1}},"type":"if","locations":[{"start":{"line":231,"column":0},"end":{"line":235,"column":1}},{"start":{},"end":{}}],"line":231},"75":{"loc":{"start":{"line":240,"column":14},"end":{"line":240,"column":36}},"type":"binary-expr","locations":[{"start":{"line":240,"column":14},"end":{"line":240,"column":27}},{"start":{"line":240,"column":31},"end":{"line":240,"column":36}}],"line":240},"76":{"loc":{"start":{"line":241,"column":23},"end":{"line":241,"column":45}},"type":"binary-expr","locations":[{"start":{"line":241,"column":23},"end":{"line":241,"column":32}},{"start":{"line":241,"column":36},"end":{"line":241,"column":45}}],"line":241}},"s":{"0":1,"1":1,"2":1,"3":1,"4":1,"5":1,"6":1,"7":1,"8":1,"9":1,"10":9,"11":9,"12":81,"13":81,"14":1,"15":1,"16":1,"17":1,"18":80,"19":27,"20":27,"21":27,"22":27,"23":27,"24":1,"25":27,"26":1,"27":27,"28":1,"29":27,"30":1,"31":53,"32":27,"33":27,"34":27,"35":27,"36":27,"37":1,"38":27,"39":1,"40":27,"41":1,"42":27,"43":1,"44":26,"45":26,"46":26,"47":26,"48":81,"49":81,"50":8,"51":81,"52":72,"53":72,"54":23,"55":72,"56":23,"57":72,"58":72,"59":81,"60":1,"61":1,"62":1,"63":1,"64":9,"65":9,"66":81,"67":81,"68":32,"69":32,"70":32,"71":49,"72":24,"73":1,"74":1,"75":1,"76":23,"77":23,"78":23,"79":23,"80":14,"81":23,"82":4,"83":25,"84":9,"85":9,"86":9,"87":9,"88":7,"89":9,"90":4,"91":16,"92":3,"93":3,"94":3,"95":3,"96":2,"97":3,"98":1,"99":13,"100":13,"101":13,"102":13,"103":11,"104":13,"105":6,"106":81,"107":81,"108":49,"109":81,"110":1,"111":1,"112":1,"113":1,"114":1,"115":1,"116":1,"117":1,"118":1,"119":1,"120":1,"121":5,"122":5,"123":5,"124":10,"125":5,"126":1,"127":5,"128":5,"129":5,"130":10,"131":5,"132":1,"133":5,"134":5,"135":5,"136":10,"137":5,"138":1,"139":1,"140":1,"141":3,"142":3,"143":528,"144":528,"145":528,"146":30537,"147":56514,"148":390,"149":3,"150":1,"151":1,"152":1,"153":1,"154":1,"155":30,"156":30,"157":900,"158":4490,"159":900,"160":4490,"161":900,"162":4490,"163":900,"164":1,"165":1,"166":1,"167":899,"168":899,"169":771,"170":151,"171":899,"172":151,"173":151,"174":151,"175":748,"176":748,"177":5,"178":5,"179":743,"180":5,"181":5,"182":738,"183":5,"184":5,"185":733,"186":82008,"187":99,"188":634,"189":75433,"190":105,"191":529,"192":66574,"193":111,"194":748,"195":1484,"196":748,"197":748,"198":748,"199":748,"200":748,"201":330,"202":748,"203":1,"204":57,"205":1,"206":1,"207":1,"208":1,"209":1,"210":0,"211":0,"212":0,"213":1},"f":{"0":10,"1":10,"2":10,"3":3,"4":30537,"5":56514,"6":4490,"7":4490,"8":4490,"9":82008,"10":75433,"11":66574,"12":1484,"13":57,"14":0,"15":0},"b":{"0":[1,80],"1":[81,9],"2":[27,53],"3":[1,26],"4":[27,9],"5":[1,26],"6":[27,9],"7":[1,26],"8":[27,9],"9":[1,26],"10":[27,9],"11":[27,26],"12":[1,26],"13":[27,9],"14":[1,26],"15":[27,9],"16":[1,26],"17":[27,9],"18":[1,26],"19":[27,9],"20":[72,9],"21":[81,73],"22":[23,49],"23":[23,49],"24":[32,49],"25":[81,72,63,56],"26":[24,25],"27":[49,42,35,30],"28":[1,23],"29":[24,2],"30":[14,9],"31":[4,19],"32":[9,16],"33":[25,20,15,12],"34":[7,2],"35":[4,5],"36":[3,13],"37":[16,5,3],"38":[2,1],"39":[1,2],"40":[11,2],"41":[6,7],"42":[5,0],"43":[10,1],"44":[5,0],"45":[10,0],"46":[5,0],"47":[10,1],"48":[390,138],"49":[528,400],"50":[30537,1013],"51":[56514,1876],"52":[4490,149],"53":[4490,150],"54":[4490,149],"55":[1,899],"56":[900,30],"57":[771,128],"58":[899,894,889,884,883,882,855,827,799],"59":[884,28],"60":[883,30],"61":[151,620],"62":[151,748],"63":[5,743],"64":[5,738],"65":[5,733],"66":[99,634],"67":[82008,2775],"68":[105,529],"69":[75433,2537],"70":[111,418],"71":[66574,2274],"72":[1484,1484],"73":[57,7],"74":[1,0],"75":[0,0],"76":[0,0]},"_coverageSchema":"1a1c01bbd47fc00a2c39e90264f33305004495a9","hash":"9d702669cf66a2c77377fffd90b1aec1d92a1e39"}
,"C:\\Users\\p8426\\Downloads\\사진1\\ghld\\backend\\models\\Monster.js": {"path":"C:\\Users\\p8426\\Downloads\\사진1\\ghld\\backend\\models\\Monster.js","statementMap":{"0":{"start":{"line":6,"column":4},"end":{"line":6,"column":26}},"1":{"start":{"line":7,"column":4},"end":{"line":7,"column":28}},"2":{"start":{"line":8,"column":4},"end":{"line":8,"column":25}},"3":{"start":{"line":9,"column":4},"end":{"line":9,"column":29}},"4":{"start":{"line":10,"column":4},"end":{"line":10,"column":29}},"5":{"start":{"line":11,"column":4},"end":{"line":11,"column":31}},"6":{"start":{"line":12,"column":4},"end":{"line":12,"column":59}},"7":{"start":{"line":13,"column":4},"end":{"line":13,"column":41}},"8":{"start":{"line":13,"column":19},"end":{"line":13,"column":41}},"9":{"start":{"line":17,"column":0},"end":{"line":17,"column":25}}},"fnMap":{"0":{"name":"(anonymous_0)","decl":{"start":{"line":5,"column":2},"end":{"line":5,"column":3}},"loc":{"start":{"line":5,"column":26},"end":{"line":14,"column":3}},"line":5}},"branchMap":{"0":{"loc":{"start":{"line":9,"column":15},"end":{"line":9,"column":28}},"type":"binary-expr","locations":[{"start":{"line":9,"column":15},"end":{"line":9,"column":23}},{"start":{"line":9,"column":27},"end":{"line":9,"column":28}}],"line":9},"1":{"loc":{"start":{"line":10,"column":15},"end":{"line":10,"column":28}},"type":"binary-expr","locations":[{"start":{"line":10,"column":15},"end":{"line":10,"column":23}},{"start":{"line":10,"column":27},"end":{"line":10,"column":28}}],"line":10},"2":{"loc":{"start":{"line":11,"column":16},"end":{"line":11,"column":30}},"type":"binary-expr","locations":[{"start":{"line":11,"column":16},"end":{"line":11,"column":25}},{"start":{"line":11,"column":29},"end":{"line":11,"column":30}}],"line":11},"3":{"loc":{"start":{"line":13,"column":4},"end":{"line":13,"column":41}},"type":"if","locations":[{"start":{"line":13,"column":4},"end":{"line":13,"column":41}},{"start":{},"end":{}}],"line":13}},"s":{"0":459,"1":459,"2":459,"3":459,"4":459,"5":459,"6":459,"7":459,"8":0,"9":1},"f":{"0":459},"b":{"0":[459,0],"1":[459,0],"2":[459,0],"3":[0,459]},"_coverageSchema":"1a1c01bbd47fc00a2c39e90264f33305004495a9","hash":"624d928add1cf5b2f598c6120856d9fa068e7452"}
,"C:\\Users\\p8426\\Downloads\\사진1\\ghld\\backend\\models\\Player.js": {"path":"C:\\Users\\p8426\\Downloads\\사진1\\ghld\\backend\\models\\Player.js","statementMap":{"0":{"start":{"line":6,"column":24},"end":{"line":6,"column":46}},"1":{"start":{"line":7,"column":41},"end":{"line":7,"column":65}},"2":{"start":{"line":8,"column":28},"end":{"line":8,"column":56}},"3":{"start":{"line":12,"column":4},"end":{"line":12,"column":21}},"4":{"start":{"line":13,"column":4},"end":{"line":13,"column":17}},"5":{"start":{"line":14,"column":4},"end":{"line":14,"column":19}},"6":{"start":{"line":15,"column":4},"end":{"line":15,"column":39}},"7":{"start":{"line":16,"column":4},"end":{"line":16,"column":24}},"8":{"start":{"line":17,"column":4},"end":{"line":17,"column":17}},"9":{"start":{"line":18,"column":4},"end":{"line":18,"column":20}},"10":{"start":{"line":19,"column":4},"end":{"line":19,"column":17}},"11":{"start":{"line":20,"column":4},"end":{"line":20,"column":20}},"12":{"start":{"line":21,"column":4},"end":{"line":21,"column":17}},"13":{"start":{"line":22,"column":4},"end":{"line":22,"column":17}},"14":{"start":{"line":23,"column":4},"end":{"line":23,"column":17}},"15":{"start":{"line":24,"column":4},"end":{"line":24,"column":17}},"16":{"start":{"line":25,"column":4},"end":{"line":25,"column":17}},"17":{"start":{"line":26,"column":4},"end":{"line":26,"column":20}},"18":{"start":{"line":27,"column":4},"end":{"line":27,"column":24}},"19":{"start":{"line":28,"column":4},"end":{"line":28,"column":20}},"20":{"start":{"line":29,"column":4},"end":{"line":29,"column":24}},"21":{"start":{"line":30,"column":4},"end":{"line":30,"column":20}},"22":{"start":{"line":31,"column":4},"end":{"line":31,"column":24}},"23":{"start":{"line":32,"column":4},"end":{"line":32,"column":20}},"24":{"start":{"line":33,"column":4},"end":{"line":33,"column":28}},"25":{"start":{"line":34,"column":4},"end":{"line":34,"column":27}},"26":{"start":{"line":38,"column":4},"end":{"line":38,"column":26}},"27":{"start":{"line":39,"column":4},"end":{"line":44,"column":5}},"28":{"start":{"line":40,"column":6},"end":{"line":40,"column":36}},"29":{"start":{"line":41,"column":6},"end":{"line":41,"column":17}},"30":{"start":{"line":42,"column":6},"end":{"line":42,"column":55}},"31":{"start":{"line":43,"column":6},"end":{"line":43,"column":22}},"32":{"start":{"line":48,"column":4},"end":{"line":48,"column":26}},"33":{"start":{"line":49,"column":4},"end":{"line":54,"column":5}},"34":{"start":{"line":50,"column":6},"end":{"line":50,"column":36}},"35":{"start":{"line":51,"column":6},"end":{"line":51,"column":17}},"36":{"start":{"line":52,"column":6},"end":{"line":52,"column":55}},"37":{"start":{"line":53,"column":6},"end":{"line":53,"column":22}},"38":{"start":{"line":58,"column":4},"end":{"line":58,"column":26}},"39":{"start":{"line":59,"column":4},"end":{"line":64,"column":5}},"40":{"start":{"line":60,"column":6},"end":{"line":60,"column":36}},"41":{"start":{"line":61,"column":6},"end":{"line":61,"column":17}},"42":{"start":{"line":62,"column":6},"end":{"line":62,"column":55}},"43":{"start":{"line":63,"column":6},"end":{"line":63,"column":22}},"44":{"start":{"line":68,"column":4},"end":{"line":72,"column":5}},"45":{"start":{"line":69,"column":6},"end":{"line":69,"column":30}},"46":{"start":{"line":70,"column":11},"end":{"line":72,"column":5}},"47":{"start":{"line":71,"column":6},"end":{"line":71,"column":29}},"48":{"start":{"line":76,"column":4},"end":{"line":80,"column":5}},"49":{"start":{"line":77,"column":6},"end":{"line":77,"column":30}},"50":{"start":{"line":78,"column":11},"end":{"line":80,"column":5}},"51":{"start":{"line":79,"column":6},"end":{"line":79,"column":29}},"52":{"start":{"line":85,"column":4},"end":{"line":87,"column":5}},"53":{"start":{"line":86,"column":6},"end":{"line":86,"column":15}},"54":{"start":{"line":88,"column":15},"end":{"line":88,"column":50}},"55":{"start":{"line":89,"column":4},"end":{"line":93,"column":5}},"56":{"start":{"line":90,"column":6},"end":{"line":90,"column":40}},"57":{"start":{"line":91,"column":6},"end":{"line":91,"column":48}},"58":{"start":{"line":92,"column":6},"end":{"line":92,"column":48}},"59":{"start":{"line":94,"column":4},"end":{"line":94,"column":28}},"60":{"start":{"line":99,"column":15},"end":{"line":99,"column":50}},"61":{"start":{"line":100,"column":4},"end":{"line":104,"column":5}},"62":{"start":{"line":101,"column":6},"end":{"line":101,"column":39}},"63":{"start":{"line":102,"column":6},"end":{"line":102,"column":47}},"64":{"start":{"line":103,"column":6},"end":{"line":103,"column":47}},"65":{"start":{"line":105,"column":4},"end":{"line":105,"column":28}},"66":{"start":{"line":109,"column":4},"end":{"line":125,"column":5}},"67":{"start":{"line":110,"column":24},"end":{"line":112,"column":7}},"68":{"start":{"line":111,"column":18},"end":{"line":111,"column":85}},"69":{"start":{"line":113,"column":6},"end":{"line":124,"column":7}},"70":{"start":{"line":114,"column":23},"end":{"line":114,"column":48}},"71":{"start":{"line":115,"column":25},"end":{"line":115,"column":45}},"72":{"start":{"line":116,"column":27},"end":{"line":116,"column":74}},"73":{"start":{"line":117,"column":8},"end":{"line":117,"column":61}},"74":{"start":{"line":118,"column":8},"end":{"line":118,"column":35}},"75":{"start":{"line":119,"column":8},"end":{"line":121,"column":9}},"76":{"start":{"line":120,"column":10},"end":{"line":120,"column":46}},"77":{"start":{"line":122,"column":8},"end":{"line":122,"column":34}},"78":{"start":{"line":123,"column":8},"end":{"line":123,"column":82}},"79":{"start":{"line":126,"column":4},"end":{"line":126,"column":30}},"80":{"start":{"line":127,"column":4},"end":{"line":127,"column":16}},"81":{"start":{"line":131,"column":4},"end":{"line":133,"column":6}},"82":{"start":{"line":132,"column":16},"end":{"line":132,"column":100}},"83":{"start":{"line":137,"column":0},"end":{"line":137,"column":24}}},"fnMap":{"0":{"name":"(anonymous_0)","decl":{"start":{"line":11,"column":2},"end":{"line":11,"column":3}},"loc":{"start":{"line":11,"column":24},"end":{"line":35,"column":3}},"line":11},"1":{"name":"(anonymous_1)","decl":{"start":{"line":37,"column":2},"end":{"line":37,"column":3}},"loc":{"start":{"line":37,"column":25},"end":{"line":45,"column":3}},"line":37},"2":{"name":"(anonymous_2)","decl":{"start":{"line":47,"column":2},"end":{"line":47,"column":3}},"loc":{"start":{"line":47,"column":25},"end":{"line":55,"column":3}},"line":47},"3":{"name":"(anonymous_3)","decl":{"start":{"line":57,"column":2},"end":{"line":57,"column":3}},"loc":{"start":{"line":57,"column":25},"end":{"line":65,"column":3}},"line":57},"4":{"name":"(anonymous_4)","decl":{"start":{"line":67,"column":2},"end":{"line":67,"column":3}},"loc":{"start":{"line":67,"column":18},"end":{"line":73,"column":3}},"line":67},"5":{"name":"(anonymous_5)","decl":{"start":{"line":75,"column":2},"end":{"line":75,"column":3}},"loc":{"start":{"line":75,"column":20},"end":{"line":81,"column":3}},"line":75},"6":{"name":"(anonymous_6)","decl":{"start":{"line":84,"column":2},"end":{"line":84,"column":3}},"loc":{"start":{"line":84,"column":11},"end":{"line":95,"column":3}},"line":84},"7":{"name":"(anonymous_7)","decl":{"start":{"line":98,"column":2},"end":{"line":98,"column":3}},"loc":{"start":{"line":98,"column":11},"end":{"line":106,"column":3}},"line":98},"8":{"name":"(anonymous_8)","decl":{"start":{"line":108,"column":2},"end":{"line":108,"column":3}},"loc":{"start":{"line":108,"column":18},"end":{"line":128,"column":3}},"line":108},"9":{"name":"(anonymous_9)","decl":{"start":{"line":111,"column":8},"end":{"line":111,"column":9}},"loc":{"start":{"line":111,"column":18},"end":{"line":111,"column":85}},"line":111},"10":{"name":"(anonymous_10)","decl":{"start":{"line":130,"column":2},"end":{"line":130,"column":3}},"loc":{"start":{"line":130,"column":23},"end":{"line":134,"column":3}},"line":130},"11":{"name":"(anonymous_11)","decl":{"start":{"line":132,"column":6},"end":{"line":132,"column":7}},"loc":{"start":{"line":132,"column":16},"end":{"line":132,"column":100}},"line":132}},"branchMap":{"0":{"loc":{"start":{"line":37,"column":13},"end":{"line":37,"column":23}},"type":"default-arg","locations":[{"start":{"line":37,"column":22},"end":{"line":37,"column":23}}],"line":37},"1":{"loc":{"start":{"line":47,"column":13},"end":{"line":47,"column":23}},"type":"default-arg","locations":[{"start":{"line":47,"column":22},"end":{"line":47,"column":23}}],"line":47},"2":{"loc":{"start":{"line":57,"column":13},"end":{"line":57,"column":23}},"type":"default-arg","locations":[{"start":{"line":57,"column":22},"end":{"line":57,"column":23}}],"line":57},"3":{"loc":{"start":{"line":68,"column":4},"end":{"line":72,"column":5}},"type":"if","locations":[{"start":{"line":68,"column":4},"end":{"line":72,"column":5}},{"start":{"line":70,"column":11},"end":{"line":72,"column":5}}],"line":68},"4":{"loc":{"start":{"line":70,"column":11},"end":{"line":72,"column":5}},"type":"if","locations":[{"start":{"line":70,"column":11},"end":{"line":72,"column":5}},{"start":{},"end":{}}],"line":70},"5":{"loc":{"start":{"line":76,"column":4},"end":{"line":80,"column":5}},"type":"if","locations":[{"start":{"line":76,"column":4},"end":{"line":80,"column":5}},{"start":{"line":78,"column":11},"end":{"line":80,"column":5}}],"line":76},"6":{"loc":{"start":{"line":78,"column":11},"end":{"line":80,"column":5}},"type":"if","locations":[{"start":{"line":78,"column":11},"end":{"line":80,"column":5}},{"start":{},"end":{}}],"line":78},"7":{"loc":{"start":{"line":85,"column":4},"end":{"line":87,"column":5}},"type":"if","locations":[{"start":{"line":85,"column":4},"end":{"line":87,"column":5}},{"start":{},"end":{}}],"line":85},"8":{"loc":{"start":{"line":85,"column":8},"end":{"line":85,"column":71}},"type":"binary-expr","locations":[{"start":{"line":85,"column":8},"end":{"line":85,"column":24}},{"start":{"line":85,"column":28},"end":{"line":85,"column":71}}],"line":85},"9":{"loc":{"start":{"line":89,"column":4},"end":{"line":93,"column":5}},"type":"if","locations":[{"start":{"line":89,"column":4},"end":{"line":93,"column":5}},{"start":{},"end":{}}],"line":89},"10":{"loc":{"start":{"line":90,"column":14},"end":{"line":90,"column":39}},"type":"binary-expr","locations":[{"start":{"line":90,"column":14},"end":{"line":90,"column":34}},{"start":{"line":90,"column":38},"end":{"line":90,"column":39}}],"line":90},"11":{"loc":{"start":{"line":91,"column":15},"end":{"line":91,"column":40}},"type":"binary-expr","locations":[{"start":{"line":91,"column":15},"end":{"line":91,"column":35}},{"start":{"line":91,"column":39},"end":{"line":91,"column":40}}],"line":91},"12":{"loc":{"start":{"line":92,"column":15},"end":{"line":92,"column":40}},"type":"binary-expr","locations":[{"start":{"line":92,"column":15},"end":{"line":92,"column":35}},{"start":{"line":92,"column":39},"end":{"line":92,"column":40}}],"line":92},"13":{"loc":{"start":{"line":100,"column":4},"end":{"line":104,"column":5}},"type":"if","locations":[{"start":{"line":100,"column":4},"end":{"line":104,"column":5}},{"start":{},"end":{}}],"line":100},"14":{"loc":{"start":{"line":101,"column":14},"end":{"line":101,"column":38}},"type":"binary-expr","locations":[{"start":{"line":101,"column":14},"end":{"line":101,"column":33}},{"start":{"line":101,"column":37},"end":{"line":101,"column":38}}],"line":101},"15":{"loc":{"start":{"line":102,"column":15},"end":{"line":102,"column":39}},"type":"binary-expr","locations":[{"start":{"line":102,"column":15},"end":{"line":102,"column":34}},{"start":{"line":102,"column":38},"end":{"line":102,"column":39}}],"line":102},"16":{"loc":{"start":{"line":103,"column":15},"end":{"line":103,"column":39}},"type":"binary-expr","locations":[{"start":{"line":103,"column":15},"end":{"line":103,"column":34}},{"start":{"line":103,"column":38},"end":{"line":103,"column":39}}],"line":103},"17":{"loc":{"start":{"line":109,"column":4},"end":{"line":125,"column":5}},"type":"if","locations":[{"start":{"line":109,"column":4},"end":{"line":125,"column":5}},{"start":{},"end":{}}],"line":109},"18":{"loc":{"start":{"line":109,"column":8},"end":{"line":109,"column":43}},"type":"binary-expr","locations":[{"start":{"line":109,"column":8},"end":{"line":109,"column":19}},{"start":{"line":109,"column":23},"end":{"line":109,"column":43}}],"line":109},"19":{"loc":{"start":{"line":111,"column":18},"end":{"line":111,"column":85}},"type":"binary-expr","locations":[{"start":{"line":111,"column":18},"end":{"line":111,"column":52}},{"start":{"line":111,"column":56},"end":{"line":111,"column":67}},{"start":{"line":111,"column":71},"end":{"line":111,"column":85}}],"line":111},"20":{"loc":{"start":{"line":113,"column":6},"end":{"line":124,"column":7}},"type":"if","locations":[{"start":{"line":113,"column":6},"end":{"line":124,"column":7}},{"start":{},"end":{}}],"line":113},"21":{"loc":{"start":{"line":119,"column":8},"end":{"line":121,"column":9}},"type":"if","locations":[{"start":{"line":119,"column":8},"end":{"line":121,"column":9}},{"start":{},"end":{}}],"line":119},"22":{"loc":{"start":{"line":132,"column":18},"end":{"line":132,"column":99}},"type":"binary-expr","locations":[{"start":{"line":132,"column":18},"end":{"line":132,"column":52}},{"start":{"line":132,"column":56},"end":{"line":132,"column":80}},{"start":{"line":132,"column":84},"end":{"line":132,"column":99}}],"line":132}},"s":{"0":1,"1":1,"2":1,"3":12,"4":12,"5":12,"6":12,"7":12,"8":12,"9":12,"10":12,"11":12,"12":12,"13":12,"14":12,"15":12,"16":12,"17":12,"18":12,"19":12,"20":12,"21":12,"22":12,"23":12,"24":12,"25":12,"26":3,"27":3,"28":2,"29":2,"30":2,"31":2,"32":3,"33":3,"34":2,"35":2,"36":2,"37":2,"38":3,"39":3,"40":2,"41":2,"42":2,"43":2,"44":6,"45":3,"46":3,"47":2,"48":3,"49":1,"50":2,"51":1,"52":3,"53":1,"54":2,"55":2,"56":2,"57":2,"58":2,"59":2,"60":3,"61":3,"62":2,"63":2,"64":2,"65":3,"66":5,"67":3,"68":3,"69":3,"70":2,"71":2,"72":2,"73":2,"74":2,"75":2,"76":1,"77":2,"78":2,"79":3,"80":3,"81":5,"82":4,"83":1},"f":{"0":12,"1":3,"2":3,"3":3,"4":6,"5":3,"6":3,"7":3,"8":5,"9":3,"10":5,"11":4},"b":{"0":[2],"1":[2],"2":[2],"3":[3,3],"4":[2,1],"5":[1,2],"6":[1,1],"7":[1,2],"8":[3,3],"9":[2,0],"10":[2,1],"11":[2,1],"12":[2,1],"13":[2,1],"14":[2,1],"15":[2,1],"16":[2,1],"17":[3,2],"18":[5,4],"19":[3,3,3],"20":[2,1],"21":[1,1],"22":[4,4,4]},"_coverageSchema":"1a1c01bbd47fc00a2c39e90264f33305004495a9","hash":"81abf602b32e071cf77472022e12f4bf4a37c1b5"}
,"C:\\Users\\p8426\\Downloads\\사진1\\ghld\\backend\\utils\\Room.js": {"path":"C:\\Users\\p8426\\Downloads\\사진1\\ghld\\backend\\utils\\Room.js","statementMap":{"0":{"start":{"line":3,"column":4},"end":{"line":3,"column":15}},"1":{"start":{"line":4,"column":4},"end":{"line":4,"column":15}},"2":{"start":{"line":5,"column":4},"end":{"line":5,"column":21}},"3":{"start":{"line":6,"column":4},"end":{"line":6,"column":21}},"4":{"start":{"line":7,"column":4},"end":{"line":7,"column":35}},"5":{"start":{"line":8,"column":4},"end":{"line":8,"column":23}},"6":{"start":{"line":9,"column":4},"end":{"line":9,"column":29}},"7":{"start":{"line":10,"column":4},"end":{"line":10,"column":20}},"8":{"start":{"line":11,"column":4},"end":{"line":11,"column":23}},"9":{"start":{"line":13,"column":26},"end":{"line":13,"column":55}},"10":{"start":{"line":14,"column":29},"end":{"line":14,"column":61}},"11":{"start":{"line":15,"column":26},"end":{"line":15,"column":62}},"12":{"start":{"line":16,"column":18},"end":{"line":16,"column":40}},"13":{"start":{"line":17,"column":25},"end":{"line":17,"column":82}},"14":{"start":{"line":17,"column":61},"end":{"line":17,"column":80}},"15":{"start":{"line":18,"column":24},"end":{"line":18,"column":52}},"16":{"start":{"line":19,"column":29},"end":{"line":19,"column":91}},"17":{"start":{"line":19,"column":71},"end":{"line":19,"column":89}},"18":{"start":{"line":21,"column":0},"end":{"line":21,"column":22}}},"fnMap":{"0":{"name":"(anonymous_0)","decl":{"start":{"line":2,"column":2},"end":{"line":2,"column":3}},"loc":{"start":{"line":2,"column":52},"end":{"line":12,"column":3}},"line":2},"1":{"name":"(anonymous_1)","decl":{"start":{"line":13,"column":2},"end":{"line":13,"column":3}},"loc":{"start":{"line":13,"column":24},"end":{"line":13,"column":57}},"line":13},"2":{"name":"(anonymous_2)","decl":{"start":{"line":14,"column":2},"end":{"line":14,"column":3}},"loc":{"start":{"line":14,"column":27},"end":{"line":14,"column":63}},"line":14},"3":{"name":"(anonymous_3)","decl":{"start":{"line":15,"column":2},"end":{"line":15,"column":3}},"loc":{"start":{"line":15,"column":24},"end":{"line":15,"column":64}},"line":15},"4":{"name":"(anonymous_4)","decl":{"start":{"line":16,"column":2},"end":{"line":16,"column":3}},"loc":{"start":{"line":16,"column":16},"end":{"line":16,"column":42}},"line":16},"5":{"name":"(anonymous_5)","decl":{"start":{"line":17,"column":2},"end":{"line":17,"column":3}},"loc":{"start":{"line":17,"column":23},"end":{"line":17,"column":84}},"line":17},"6":{"name":"(anonymous_6)","decl":{"start":{"line":17,"column":56},"end":{"line":17,"column":57}},"loc":{"start":{"line":17,"column":61},"end":{"line":17,"column":80}},"line":17},"7":{"name":"(anonymous_7)","decl":{"start":{"line":18,"column":2},"end":{"line":18,"column":3}},"loc":{"start":{"line":18,"column":22},"end":{"line":18,"column":54}},"line":18},"8":{"name":"(anonymous_8)","decl":{"start":{"line":19,"column":2},"end":{"line":19,"column":3}},"loc":{"start":{"line":19,"column":27},"end":{"line":19,"column":93}},"line":19},"9":{"name":"(anonymous_9)","decl":{"start":{"line":19,"column":66},"end":{"line":19,"column":67}},"loc":{"start":{"line":19,"column":71},"end":{"line":19,"column":89}},"line":19}},"branchMap":{},"s":{"0":1062,"1":1062,"2":1062,"3":1062,"4":1062,"5":1062,"6":1062,"7":1062,"8":1062,"9":0,"10":0,"11":0,"12":0,"13":0,"14":0,"15":0,"16":0,"17":0,"18":1},"f":{"0":1062,"1":0,"2":0,"3":0,"4":0,"5":0,"6":0,"7":0,"8":0,"9":0},"b":{},"_coverageSchema":"1a1c01bbd47fc00a2c39e90264f33305004495a9","hash":"2a31b2a42f5b68376bfd26283825b8a3325a33a1"}
,"C:\\Users\\p8426\\Downloads\\사진1\\ghld\\backend\\utils\\expUtils.js": {"path":"C:\\Users\\p8426\\Downloads\\사진1\\ghld\\backend\\utils\\expUtils.js","statementMap":{"0":{"start":{"line":8,"column":22},"end":{"line":8,"column":26}},"1":{"start":{"line":14,"column":2},"end":{"line":14,"column":36}},"2":{"start":{"line":22,"column":2},"end":{"line":22,"column":61}},"3":{"start":{"line":22,"column":40},"end":{"line":22,"column":61}},"4":{"start":{"line":23,"column":2},"end":{"line":23,"column":74}},"5":{"start":{"line":30,"column":2},"end":{"line":30,"column":42}},"6":{"start":{"line":30,"column":33},"end":{"line":30,"column":42}},"7":{"start":{"line":31,"column":14},"end":{"line":31,"column":44}},"8":{"start":{"line":32,"column":14},"end":{"line":32,"column":44}},"9":{"start":{"line":33,"column":2},"end":{"line":33,"column":59}},"10":{"start":{"line":36,"column":0},"end":{"line":36,"column":80}}},"fnMap":{"0":{"name":"calcNextStatExp","decl":{"start":{"line":13,"column":9},"end":{"line":13,"column":24}},"loc":{"start":{"line":13,"column":31},"end":{"line":15,"column":1}},"line":13},"1":{"name":"calcExpBonus","decl":{"start":{"line":21,"column":9},"end":{"line":21,"column":21}},"loc":{"start":{"line":21,"column":35},"end":{"line":24,"column":1}},"line":21},"2":{"name":"calcGoldDrop","decl":{"start":{"line":29,"column":9},"end":{"line":29,"column":21}},"loc":{"start":{"line":29,"column":31},"end":{"line":34,"column":1}},"line":29}},"branchMap":{"0":{"loc":{"start":{"line":22,"column":2},"end":{"line":22,"column":61}},"type":"if","locations":[{"start":{"line":22,"column":2},"end":{"line":22,"column":61}},{"start":{},"end":{}}],"line":22},"1":{"loc":{"start":{"line":22,"column":6},"end":{"line":22,"column":38}},"type":"binary-expr","locations":[{"start":{"line":22,"column":6},"end":{"line":22,"column":18}},{"start":{"line":22,"column":22},"end":{"line":22,"column":38}}],"line":22},"2":{"loc":{"start":{"line":30,"column":2},"end":{"line":30,"column":42}},"type":"if","locations":[{"start":{"line":30,"column":2},"end":{"line":30,"column":42}},{"start":{},"end":{}}],"line":30},"3":{"loc":{"start":{"line":30,"column":6},"end":{"line":30,"column":31}},"type":"binary-expr","locations":[{"start":{"line":30,"column":6},"end":{"line":30,"column":14}},{"start":{"line":30,"column":18},"end":{"line":30,"column":31}}],"line":30}},"s":{"0":1,"1":6,"2":0,"3":0,"4":0,"5":0,"6":0,"7":0,"8":0,"9":0,"10":1},"f":{"0":6,"1":0,"2":0},"b":{"0":[0,0],"1":[0,0],"2":[0,0],"3":[0,0]},"_coverageSchema":"1a1c01bbd47fc00a2c39e90264f33305004495a9","hash":"dc08fe57c8ca31f607f6f42c302333f9521bf574"}
}
