{"C:\\Users\\p8426\\Downloads\\사진1\\ghld\\backend\\battle.js": {"path":"C:\\Users\\p8426\\Downloads\\사진1\\ghld\\backend\\battle.js","statementMap":{"0":{"start":{"line":2,"column":30},"end":{"line":2,"column":53}},"1":{"start":{"line":3,"column":39},"end":{"line":3,"column":66}},"2":{"start":{"line":4,"column":22},"end":{"line":4,"column":57}},"3":{"start":{"line":7,"column":12},"end":{"line":7,"column":14}},"4":{"start":{"line":9,"column":2},"end":{"line":13,"column":3}},"5":{"start":{"line":10,"column":4},"end":{"line":10,"column":18}},"6":{"start":{"line":12,"column":4},"end":{"line":12,"column":66}},"7":{"start":{"line":14,"column":2},"end":{"line":14,"column":26}},"8":{"start":{"line":15,"column":2},"end":{"line":25,"column":5}},"9":{"start":{"line":28,"column":17},"end":{"line":28,"column":20}},"10":{"start":{"line":29,"column":2},"end":{"line":31,"column":3}},"11":{"start":{"line":30,"column":4},"end":{"line":30,"column":42}},"12":{"start":{"line":33,"column":2},"end":{"line":33,"column":57}},"13":{"start":{"line":33,"column":25},"end":{"line":33,"column":57}},"14":{"start":{"line":34,"column":2},"end":{"line":34,"column":59}},"15":{"start":{"line":34,"column":25},"end":{"line":34,"column":59}},"16":{"start":{"line":36,"column":20},"end":{"line":36,"column":25}},"17":{"start":{"line":37,"column":19},"end":{"line":37,"column":24}},"18":{"start":{"line":38,"column":17},"end":{"line":38,"column":18}},"19":{"start":{"line":40,"column":2},"end":{"line":95,"column":3}},"20":{"start":{"line":41,"column":4},"end":{"line":41,"column":67}},"21":{"start":{"line":41,"column":46},"end":{"line":41,"column":65}},"22":{"start":{"line":42,"column":4},"end":{"line":42,"column":37}},"23":{"start":{"line":43,"column":4},"end":{"line":43,"column":28}},"24":{"start":{"line":44,"column":4},"end":{"line":53,"column":7}},"25":{"start":{"line":54,"column":4},"end":{"line":54,"column":23}},"26":{"start":{"line":56,"column":21},"end":{"line":56,"column":63}},"27":{"start":{"line":57,"column":4},"end":{"line":57,"column":28}},"28":{"start":{"line":58,"column":4},"end":{"line":68,"column":7}},"29":{"start":{"line":70,"column":25},"end":{"line":70,"column":47}},"30":{"start":{"line":71,"column":4},"end":{"line":80,"column":5}},"31":{"start":{"line":72,"column":6},"end":{"line":79,"column":9}},"32":{"start":{"line":81,"column":4},"end":{"line":94,"column":5}},"33":{"start":{"line":82,"column":6},"end":{"line":82,"column":20}},"34":{"start":{"line":83,"column":6},"end":{"line":91,"column":9}},"35":{"start":{"line":92,"column":6},"end":{"line":92,"column":43}},"36":{"start":{"line":93,"column":6},"end":{"line":93,"column":24}},"37":{"start":{"line":96,"column":2},"end":{"line":96,"column":63}},"38":{"start":{"line":99,"column":0},"end":{"line":101,"column":2}}},"fnMap":{"0":{"name":"processBattle","decl":{"start":{"line":6,"column":9},"end":{"line":6,"column":22}},"loc":{"start":{"line":6,"column":59},"end":{"line":97,"column":1}},"line":6},"1":{"name":"(anonymous_1)","decl":{"start":{"line":41,"column":41},"end":{"line":41,"column":42}},"loc":{"start":{"line":41,"column":46},"end":{"line":41,"column":65}},"line":41}},"branchMap":{"0":{"loc":{"start":{"line":9,"column":2},"end":{"line":13,"column":3}},"type":"if","locations":[{"start":{"line":9,"column":2},"end":{"line":13,"column":3}},{"start":{"line":11,"column":9},"end":{"line":13,"column":3}}],"line":9},"1":{"loc":{"start":{"line":9,"column":6},"end":{"line":9,"column":73}},"type":"binary-expr","locations":[{"start":{"line":9,"column":6},"end":{"line":9,"column":24}},{"start":{"line":9,"column":28},"end":{"line":9,"column":73}}],"line":9},"2":{"loc":{"start":{"line":12,"column":44},"end":{"line":12,"column":60}},"type":"binary-expr","locations":[{"start":{"line":12,"column":44},"end":{"line":12,"column":55}},{"start":{"line":12,"column":59},"end":{"line":12,"column":60}}],"line":12},"3":{"loc":{"start":{"line":29,"column":2},"end":{"line":31,"column":3}},"type":"if","locations":[{"start":{"line":29,"column":2},"end":{"line":31,"column":3}},{"start":{},"end":{}}],"line":29},"4":{"loc":{"start":{"line":33,"column":2},"end":{"line":33,"column":57}},"type":"if","locations":[{"start":{"line":33,"column":2},"end":{"line":33,"column":57}},{"start":{},"end":{}}],"line":33},"5":{"loc":{"start":{"line":34,"column":2},"end":{"line":34,"column":59}},"type":"if","locations":[{"start":{"line":34,"column":2},"end":{"line":34,"column":59}},{"start":{},"end":{}}],"line":34},"6":{"loc":{"start":{"line":40,"column":2},"end":{"line":95,"column":3}},"type":"if","locations":[{"start":{"line":40,"column":2},"end":{"line":95,"column":3}},{"start":{"line":55,"column":9},"end":{"line":95,"column":3}}],"line":40},"7":{"loc":{"start":{"line":40,"column":6},"end":{"line":40,"column":38}},"type":"binary-expr","locations":[{"start":{"line":40,"column":6},"end":{"line":40,"column":21}},{"start":{"line":40,"column":25},"end":{"line":40,"column":38}}],"line":40},"8":{"loc":{"start":{"line":71,"column":4},"end":{"line":80,"column":5}},"type":"if","locations":[{"start":{"line":71,"column":4},"end":{"line":80,"column":5}},{"start":{},"end":{}}],"line":71},"9":{"loc":{"start":{"line":81,"column":4},"end":{"line":94,"column":5}},"type":"if","locations":[{"start":{"line":81,"column":4},"end":{"line":94,"column":5}},{"start":{},"end":{}}],"line":81}},"s":{"0":5,"1":5,"2":5,"3":0,"4":0,"5":0,"6":0,"7":0,"8":0,"9":0,"10":0,"11":0,"12":0,"13":0,"14":0,"15":0,"16":0,"17":0,"18":0,"19":0,"20":0,"21":0,"22":0,"23":0,"24":0,"25":0,"26":0,"27":0,"28":0,"29":0,"30":0,"31":0,"32":0,"33":0,"34":0,"35":0,"36":0,"37":0,"38":5},"f":{"0":0,"1":0},"b":{"0":[0,0],"1":[0,0],"2":[0,0],"3":[0,0],"4":[0,0],"5":[0,0],"6":[0,0],"7":[0,0],"8":[0,0],"9":[0,0]},"_coverageSchema":"1a1c01bbd47fc00a2c39e90264f33305004495a9","hash":"99a0fcc0c0d3469af186e59a4a60b31a74bf2478"}
,"C:\\Users\\p8426\\Downloads\\사진1\\ghld\\backend\\commands.js": {"path":"C:\\Users\\p8426\\Downloads\\사진1\\ghld\\backend\\commands.js","statementMap":{"0":{"start":{"line":4,"column":22},"end":{"line":4,"column":45}},"1":{"start":{"line":5,"column":31},"end":{"line":5,"column":52}},"2":{"start":{"line":6,"column":25},"end":{"line":6,"column":66}},"3":{"start":{"line":7,"column":20},"end":{"line":7,"column":53}},"4":{"start":{"line":8,"column":22},"end":{"line":8,"column":48}},"5":{"start":{"line":9,"column":20},"end":{"line":9,"column":44}},"6":{"start":{"line":10,"column":47},"end":{"line":10,"column":75}},"7":{"start":{"line":11,"column":14},"end":{"line":11,"column":39}},"8":{"start":{"line":12,"column":26},"end":{"line":12,"column":65}},"9":{"start":{"line":13,"column":20},"end":{"line":13,"column":41}},"10":{"start":{"line":14,"column":23},"end":{"line":14,"column":46}},"11":{"start":{"line":16,"column":26},"end":{"line":16,"column":30}},"12":{"start":{"line":19,"column":2},"end":{"line":19,"column":36}},"13":{"start":{"line":20,"column":2},"end":{"line":20,"column":59}},"14":{"start":{"line":24,"column":2},"end":{"line":24,"column":43}},"15":{"start":{"line":28,"column":2},"end":{"line":28,"column":44}},"16":{"start":{"line":32,"column":17},"end":{"line":32,"column":36}},"17":{"start":{"line":33,"column":2},"end":{"line":33,"column":22}},"18":{"start":{"line":33,"column":15},"end":{"line":33,"column":22}},"19":{"start":{"line":34,"column":15},"end":{"line":34,"column":40}},"20":{"start":{"line":35,"column":2},"end":{"line":38,"column":3}},"21":{"start":{"line":36,"column":4},"end":{"line":36,"column":122}},"22":{"start":{"line":37,"column":4},"end":{"line":37,"column":11}},"23":{"start":{"line":39,"column":15},"end":{"line":39,"column":22}},"24":{"start":{"line":40,"column":2},"end":{"line":90,"column":3}},"25":{"start":{"line":41,"column":4},"end":{"line":54,"column":5}},"26":{"start":{"line":42,"column":6},"end":{"line":42,"column":103}},"27":{"start":{"line":43,"column":6},"end":{"line":43,"column":23}},"28":{"start":{"line":44,"column":6},"end":{"line":44,"column":77}},"29":{"start":{"line":45,"column":6},"end":{"line":45,"column":98}},"30":{"start":{"line":46,"column":6},"end":{"line":46,"column":50}},"31":{"start":{"line":47,"column":6},"end":{"line":47,"column":104}},"32":{"start":{"line":48,"column":6},"end":{"line":48,"column":118}},"33":{"start":{"line":49,"column":6},"end":{"line":49,"column":28}},"34":{"start":{"line":50,"column":6},"end":{"line":50,"column":32}},"35":{"start":{"line":51,"column":6},"end":{"line":51,"column":204}},"36":{"start":{"line":53,"column":6},"end":{"line":53,"column":113}},"37":{"start":{"line":55,"column":4},"end":{"line":55,"column":11}},"38":{"start":{"line":56,"column":9},"end":{"line":90,"column":3}},"39":{"start":{"line":57,"column":4},"end":{"line":70,"column":5}},"40":{"start":{"line":58,"column":6},"end":{"line":58,"column":103}},"41":{"start":{"line":59,"column":6},"end":{"line":59,"column":23}},"42":{"start":{"line":60,"column":6},"end":{"line":60,"column":39}},"43":{"start":{"line":61,"column":6},"end":{"line":61,"column":98}},"44":{"start":{"line":62,"column":6},"end":{"line":62,"column":50}},"45":{"start":{"line":63,"column":6},"end":{"line":63,"column":102}},"46":{"start":{"line":64,"column":6},"end":{"line":64,"column":80}},"47":{"start":{"line":65,"column":6},"end":{"line":65,"column":28}},"48":{"start":{"line":66,"column":6},"end":{"line":66,"column":32}},"49":{"start":{"line":67,"column":6},"end":{"line":67,"column":166}},"50":{"start":{"line":69,"column":6},"end":{"line":69,"column":114}},"51":{"start":{"line":71,"column":4},"end":{"line":71,"column":11}},"52":{"start":{"line":72,"column":9},"end":{"line":90,"column":3}},"53":{"start":{"line":73,"column":4},"end":{"line":86,"column":5}},"54":{"start":{"line":74,"column":6},"end":{"line":74,"column":103}},"55":{"start":{"line":75,"column":6},"end":{"line":75,"column":23}},"56":{"start":{"line":76,"column":6},"end":{"line":76,"column":39}},"57":{"start":{"line":77,"column":6},"end":{"line":77,"column":98}},"58":{"start":{"line":78,"column":6},"end":{"line":78,"column":50}},"59":{"start":{"line":79,"column":6},"end":{"line":79,"column":98}},"60":{"start":{"line":80,"column":6},"end":{"line":80,"column":77}},"61":{"start":{"line":81,"column":6},"end":{"line":81,"column":28}},"62":{"start":{"line":82,"column":6},"end":{"line":82,"column":32}},"63":{"start":{"line":83,"column":6},"end":{"line":83,"column":163}},"64":{"start":{"line":85,"column":6},"end":{"line":85,"column":116}},"65":{"start":{"line":87,"column":4},"end":{"line":87,"column":11}},"66":{"start":{"line":89,"column":4},"end":{"line":89,"column":121}},"67":{"start":{"line":94,"column":17},"end":{"line":94,"column":36}},"68":{"start":{"line":95,"column":2},"end":{"line":95,"column":22}},"69":{"start":{"line":95,"column":15},"end":{"line":95,"column":22}},"70":{"start":{"line":96,"column":19},"end":{"line":96,"column":34}},"71":{"start":{"line":97,"column":15},"end":{"line":97,"column":42}},"72":{"start":{"line":98,"column":2},"end":{"line":101,"column":3}},"73":{"start":{"line":99,"column":4},"end":{"line":99,"column":101}},"74":{"start":{"line":100,"column":4},"end":{"line":100,"column":11}},"75":{"start":{"line":102,"column":2},"end":{"line":105,"column":3}},"76":{"start":{"line":103,"column":4},"end":{"line":103,"column":105}},"77":{"start":{"line":104,"column":4},"end":{"line":104,"column":11}},"78":{"start":{"line":106,"column":20},"end":{"line":106,"column":22}},"79":{"start":{"line":107,"column":2},"end":{"line":110,"column":3}},"80":{"start":{"line":108,"column":4},"end":{"line":108,"column":114}},"81":{"start":{"line":109,"column":4},"end":{"line":109,"column":11}},"82":{"start":{"line":111,"column":2},"end":{"line":111,"column":27}},"83":{"start":{"line":112,"column":2},"end":{"line":112,"column":27}},"84":{"start":{"line":113,"column":2},"end":{"line":113,"column":27}},"85":{"start":{"line":114,"column":2},"end":{"line":114,"column":45}},"86":{"start":{"line":115,"column":2},"end":{"line":115,"column":24}},"87":{"start":{"line":116,"column":2},"end":{"line":116,"column":28}},"88":{"start":{"line":117,"column":2},"end":{"line":117,"column":117}},"89":{"start":{"line":122,"column":15},"end":{"line":122,"column":40}},"90":{"start":{"line":123,"column":2},"end":{"line":126,"column":3}},"91":{"start":{"line":124,"column":4},"end":{"line":124,"column":125}},"92":{"start":{"line":125,"column":4},"end":{"line":125,"column":11}},"93":{"start":{"line":127,"column":17},"end":{"line":127,"column":24}},"94":{"start":{"line":129,"column":2},"end":{"line":134,"column":3}},"95":{"start":{"line":130,"column":23},"end":{"line":130,"column":43}},"96":{"start":{"line":131,"column":4},"end":{"line":131,"column":84}},"97":{"start":{"line":131,"column":45},"end":{"line":131,"column":81}},"98":{"start":{"line":132,"column":4},"end":{"line":132,"column":92}},"99":{"start":{"line":133,"column":4},"end":{"line":133,"column":11}},"100":{"start":{"line":136,"column":2},"end":{"line":152,"column":3}},"101":{"start":{"line":137,"column":19},"end":{"line":137,"column":42}},"102":{"start":{"line":138,"column":4},"end":{"line":141,"column":5}},"103":{"start":{"line":139,"column":6},"end":{"line":139,"column":118}},"104":{"start":{"line":140,"column":6},"end":{"line":140,"column":13}},"105":{"start":{"line":142,"column":4},"end":{"line":150,"column":5}},"106":{"start":{"line":143,"column":6},"end":{"line":143,"column":75}},"107":{"start":{"line":145,"column":6},"end":{"line":149,"column":9}},"108":{"start":{"line":146,"column":8},"end":{"line":148,"column":9}},"109":{"start":{"line":147,"column":10},"end":{"line":147,"column":83}},"110":{"start":{"line":151,"column":4},"end":{"line":151,"column":11}},"111":{"start":{"line":154,"column":2},"end":{"line":173,"column":3}},"112":{"start":{"line":155,"column":19},"end":{"line":155,"column":26}},"113":{"start":{"line":156,"column":19},"end":{"line":156,"column":40}},"114":{"start":{"line":157,"column":4},"end":{"line":160,"column":5}},"115":{"start":{"line":158,"column":6},"end":{"line":158,"column":108}},"116":{"start":{"line":159,"column":6},"end":{"line":159,"column":13}},"117":{"start":{"line":161,"column":25},"end":{"line":161,"column":40}},"118":{"start":{"line":162,"column":4},"end":{"line":165,"column":5}},"119":{"start":{"line":163,"column":6},"end":{"line":163,"column":116}},"120":{"start":{"line":164,"column":6},"end":{"line":164,"column":13}},"121":{"start":{"line":166,"column":4},"end":{"line":166,"column":58}},"122":{"start":{"line":167,"column":4},"end":{"line":167,"column":32}},"123":{"start":{"line":168,"column":4},"end":{"line":168,"column":99}},"124":{"start":{"line":169,"column":4},"end":{"line":171,"column":5}},"125":{"start":{"line":170,"column":6},"end":{"line":170,"column":103}},"126":{"start":{"line":172,"column":4},"end":{"line":172,"column":11}},"127":{"start":{"line":175,"column":2},"end":{"line":201,"column":3}},"128":{"start":{"line":176,"column":19},"end":{"line":176,"column":26}},"129":{"start":{"line":177,"column":21},"end":{"line":177,"column":44}},"130":{"start":{"line":178,"column":4},"end":{"line":181,"column":5}},"131":{"start":{"line":179,"column":6},"end":{"line":179,"column":112}},"132":{"start":{"line":180,"column":6},"end":{"line":180,"column":13}},"133":{"start":{"line":182,"column":25},"end":{"line":182,"column":40}},"134":{"start":{"line":183,"column":4},"end":{"line":186,"column":5}},"135":{"start":{"line":184,"column":6},"end":{"line":184,"column":116}},"136":{"start":{"line":185,"column":6},"end":{"line":185,"column":13}},"137":{"start":{"line":188,"column":26},"end":{"line":188,"column":49}},"138":{"start":{"line":189,"column":17},"end":{"line":189,"column":57}},"139":{"start":{"line":189,"column":37},"end":{"line":189,"column":56}},"140":{"start":{"line":190,"column":4},"end":{"line":193,"column":5}},"141":{"start":{"line":191,"column":6},"end":{"line":191,"column":116}},"142":{"start":{"line":192,"column":6},"end":{"line":192,"column":13}},"143":{"start":{"line":194,"column":4},"end":{"line":194,"column":45}},"144":{"start":{"line":195,"column":4},"end":{"line":195,"column":32}},"145":{"start":{"line":196,"column":4},"end":{"line":196,"column":104}},"146":{"start":{"line":197,"column":4},"end":{"line":199,"column":5}},"147":{"start":{"line":198,"column":6},"end":{"line":198,"column":108}},"148":{"start":{"line":200,"column":4},"end":{"line":200,"column":11}},"149":{"start":{"line":203,"column":2},"end":{"line":229,"column":3}},"150":{"start":{"line":204,"column":19},"end":{"line":204,"column":26}},"151":{"start":{"line":205,"column":4},"end":{"line":208,"column":5}},"152":{"start":{"line":206,"column":6},"end":{"line":206,"column":103}},"153":{"start":{"line":207,"column":6},"end":{"line":207,"column":13}},"154":{"start":{"line":209,"column":25},"end":{"line":209,"column":40}},"155":{"start":{"line":210,"column":24},"end":{"line":210,"column":43}},"156":{"start":{"line":211,"column":4},"end":{"line":214,"column":5}},"157":{"start":{"line":212,"column":6},"end":{"line":212,"column":116}},"158":{"start":{"line":213,"column":6},"end":{"line":213,"column":13}},"159":{"start":{"line":216,"column":4},"end":{"line":216,"column":43}},"160":{"start":{"line":217,"column":4},"end":{"line":217,"column":56}},"161":{"start":{"line":218,"column":4},"end":{"line":218,"column":90}},"162":{"start":{"line":219,"column":4},"end":{"line":221,"column":5}},"163":{"start":{"line":220,"column":6},"end":{"line":220,"column":107}},"164":{"start":{"line":223,"column":4},"end":{"line":227,"column":5}},"165":{"start":{"line":224,"column":40},"end":{"line":224,"column":61}},"166":{"start":{"line":225,"column":31},"end":{"line":225,"column":59}},"167":{"start":{"line":226,"column":6},"end":{"line":226,"column":96}},"168":{"start":{"line":228,"column":4},"end":{"line":228,"column":11}},"169":{"start":{"line":231,"column":2},"end":{"line":263,"column":3}},"170":{"start":{"line":232,"column":19},"end":{"line":232,"column":26}},"171":{"start":{"line":233,"column":4},"end":{"line":236,"column":5}},"172":{"start":{"line":234,"column":6},"end":{"line":234,"column":103}},"173":{"start":{"line":235,"column":6},"end":{"line":235,"column":13}},"174":{"start":{"line":238,"column":17},"end":{"line":238,"column":41}},"175":{"start":{"line":239,"column":21},"end":{"line":239,"column":49}},"176":{"start":{"line":240,"column":4},"end":{"line":261,"column":5}},"177":{"start":{"line":241,"column":22},"end":{"line":241,"column":104}},"178":{"start":{"line":242,"column":6},"end":{"line":245,"column":7}},"179":{"start":{"line":243,"column":8},"end":{"line":243,"column":122}},"180":{"start":{"line":244,"column":8},"end":{"line":244,"column":15}},"181":{"start":{"line":247,"column":18},"end":{"line":247,"column":74}},"182":{"start":{"line":248,"column":6},"end":{"line":252,"column":7}},"183":{"start":{"line":249,"column":8},"end":{"line":251,"column":9}},"184":{"start":{"line":250,"column":10},"end":{"line":250,"column":87}},"185":{"start":{"line":254,"column":27},"end":{"line":254,"column":42}},"186":{"start":{"line":255,"column":6},"end":{"line":257,"column":7}},"187":{"start":{"line":256,"column":8},"end":{"line":256,"column":32}},"188":{"start":{"line":258,"column":6},"end":{"line":258,"column":101}},"189":{"start":{"line":260,"column":6},"end":{"line":260,"column":113}},"190":{"start":{"line":262,"column":4},"end":{"line":262,"column":11}},"191":{"start":{"line":265,"column":2},"end":{"line":279,"column":3}},"192":{"start":{"line":266,"column":21},"end":{"line":266,"column":28}},"193":{"start":{"line":267,"column":4},"end":{"line":270,"column":5}},"194":{"start":{"line":268,"column":6},"end":{"line":268,"column":106}},"195":{"start":{"line":269,"column":6},"end":{"line":269,"column":13}},"196":{"start":{"line":271,"column":21},"end":{"line":271,"column":49}},"197":{"start":{"line":272,"column":4},"end":{"line":277,"column":5}},"198":{"start":{"line":273,"column":6},"end":{"line":273,"column":103}},"199":{"start":{"line":274,"column":6},"end":{"line":274,"column":98}},"200":{"start":{"line":276,"column":6},"end":{"line":276,"column":111}},"201":{"start":{"line":278,"column":4},"end":{"line":278,"column":11}},"202":{"start":{"line":280,"column":2},"end":{"line":280,"column":100}},"203":{"start":{"line":286,"column":15},"end":{"line":286,"column":40}},"204":{"start":{"line":287,"column":17},"end":{"line":287,"column":24}},"205":{"start":{"line":288,"column":2},"end":{"line":291,"column":3}},"206":{"start":{"line":289,"column":4},"end":{"line":289,"column":122}},"207":{"start":{"line":290,"column":4},"end":{"line":290,"column":11}},"208":{"start":{"line":293,"column":2},"end":{"line":320,"column":3}},"209":{"start":{"line":294,"column":22},"end":{"line":294,"column":29}},"210":{"start":{"line":295,"column":4},"end":{"line":298,"column":5}},"211":{"start":{"line":296,"column":6},"end":{"line":296,"column":103}},"212":{"start":{"line":297,"column":6},"end":{"line":297,"column":13}},"213":{"start":{"line":300,"column":4},"end":{"line":303,"column":5}},"214":{"start":{"line":301,"column":6},"end":{"line":301,"column":107}},"215":{"start":{"line":302,"column":6},"end":{"line":302,"column":13}},"216":{"start":{"line":305,"column":20},"end":{"line":305,"column":64}},"217":{"start":{"line":306,"column":4},"end":{"line":309,"column":5}},"218":{"start":{"line":307,"column":6},"end":{"line":307,"column":103}},"219":{"start":{"line":308,"column":6},"end":{"line":308,"column":13}},"220":{"start":{"line":311,"column":19},"end":{"line":311,"column":59}},"221":{"start":{"line":312,"column":4},"end":{"line":315,"column":5}},"222":{"start":{"line":313,"column":6},"end":{"line":313,"column":101}},"223":{"start":{"line":314,"column":6},"end":{"line":314,"column":13}},"224":{"start":{"line":316,"column":18},"end":{"line":316,"column":91}},"225":{"start":{"line":317,"column":4},"end":{"line":317,"column":23}},"226":{"start":{"line":318,"column":4},"end":{"line":318,"column":93}},"227":{"start":{"line":319,"column":4},"end":{"line":319,"column":11}},"228":{"start":{"line":322,"column":2},"end":{"line":331,"column":3}},"229":{"start":{"line":323,"column":19},"end":{"line":323,"column":62}},"230":{"start":{"line":324,"column":4},"end":{"line":327,"column":5}},"231":{"start":{"line":325,"column":6},"end":{"line":325,"column":81}},"232":{"start":{"line":326,"column":6},"end":{"line":326,"column":13}},"233":{"start":{"line":328,"column":17},"end":{"line":328,"column":102}},"234":{"start":{"line":328,"column":33},"end":{"line":328,"column":90}},"235":{"start":{"line":329,"column":4},"end":{"line":329,"column":77}},"236":{"start":{"line":330,"column":4},"end":{"line":330,"column":11}},"237":{"start":{"line":333,"column":2},"end":{"line":345,"column":3}},"238":{"start":{"line":334,"column":18},"end":{"line":334,"column":62}},"239":{"start":{"line":335,"column":4},"end":{"line":338,"column":5}},"240":{"start":{"line":336,"column":6},"end":{"line":336,"column":81}},"241":{"start":{"line":337,"column":6},"end":{"line":337,"column":13}},"242":{"start":{"line":339,"column":23},"end":{"line":339,"column":47}},"243":{"start":{"line":340,"column":4},"end":{"line":343,"column":8}},"244":{"start":{"line":344,"column":4},"end":{"line":344,"column":11}},"245":{"start":{"line":347,"column":2},"end":{"line":370,"column":3}},"246":{"start":{"line":348,"column":22},"end":{"line":348,"column":29}},"247":{"start":{"line":349,"column":4},"end":{"line":352,"column":5}},"248":{"start":{"line":350,"column":6},"end":{"line":350,"column":103}},"249":{"start":{"line":351,"column":6},"end":{"line":351,"column":13}},"250":{"start":{"line":353,"column":18},"end":{"line":353,"column":58}},"251":{"start":{"line":354,"column":4},"end":{"line":357,"column":5}},"252":{"start":{"line":355,"column":6},"end":{"line":355,"column":102}},"253":{"start":{"line":356,"column":6},"end":{"line":356,"column":13}},"254":{"start":{"line":358,"column":4},"end":{"line":361,"column":5}},"255":{"start":{"line":359,"column":6},"end":{"line":359,"column":84}},"256":{"start":{"line":360,"column":6},"end":{"line":360,"column":13}},"257":{"start":{"line":362,"column":4},"end":{"line":365,"column":5}},"258":{"start":{"line":363,"column":6},"end":{"line":363,"column":82}},"259":{"start":{"line":364,"column":6},"end":{"line":364,"column":13}},"260":{"start":{"line":366,"column":4},"end":{"line":366,"column":40}},"261":{"start":{"line":367,"column":4},"end":{"line":367,"column":23}},"262":{"start":{"line":368,"column":4},"end":{"line":368,"column":100}},"263":{"start":{"line":369,"column":4},"end":{"line":369,"column":11}},"264":{"start":{"line":372,"column":2},"end":{"line":399,"column":3}},"265":{"start":{"line":373,"column":23},"end":{"line":373,"column":30}},"266":{"start":{"line":374,"column":4},"end":{"line":377,"column":5}},"267":{"start":{"line":375,"column":6},"end":{"line":375,"column":101}},"268":{"start":{"line":376,"column":6},"end":{"line":376,"column":13}},"269":{"start":{"line":378,"column":18},"end":{"line":378,"column":61}},"270":{"start":{"line":379,"column":4},"end":{"line":382,"column":5}},"271":{"start":{"line":380,"column":6},"end":{"line":380,"column":104}},"272":{"start":{"line":381,"column":6},"end":{"line":381,"column":13}},"273":{"start":{"line":383,"column":4},"end":{"line":386,"column":5}},"274":{"start":{"line":384,"column":6},"end":{"line":384,"column":91}},"275":{"start":{"line":385,"column":6},"end":{"line":385,"column":13}},"276":{"start":{"line":387,"column":4},"end":{"line":393,"column":5}},"277":{"start":{"line":388,"column":6},"end":{"line":388,"column":77}},"278":{"start":{"line":390,"column":6},"end":{"line":390,"column":76}},"279":{"start":{"line":390,"column":58},"end":{"line":390,"column":74}},"280":{"start":{"line":391,"column":6},"end":{"line":391,"column":25}},"281":{"start":{"line":392,"column":6},"end":{"line":392,"column":13}},"282":{"start":{"line":394,"column":4},"end":{"line":394,"column":35}},"283":{"start":{"line":395,"column":4},"end":{"line":395,"column":74}},"284":{"start":{"line":395,"column":56},"end":{"line":395,"column":72}},"285":{"start":{"line":396,"column":4},"end":{"line":396,"column":23}},"286":{"start":{"line":397,"column":4},"end":{"line":397,"column":93}},"287":{"start":{"line":398,"column":4},"end":{"line":398,"column":11}},"288":{"start":{"line":401,"column":2},"end":{"line":416,"column":3}},"289":{"start":{"line":402,"column":18},"end":{"line":402,"column":62}},"290":{"start":{"line":403,"column":4},"end":{"line":406,"column":5}},"291":{"start":{"line":404,"column":6},"end":{"line":404,"column":81}},"292":{"start":{"line":405,"column":6},"end":{"line":405,"column":13}},"293":{"start":{"line":407,"column":4},"end":{"line":410,"column":5}},"294":{"start":{"line":408,"column":6},"end":{"line":408,"column":106}},"295":{"start":{"line":409,"column":6},"end":{"line":409,"column":13}},"296":{"start":{"line":411,"column":4},"end":{"line":411,"column":64}},"297":{"start":{"line":411,"column":46},"end":{"line":411,"column":62}},"298":{"start":{"line":412,"column":4},"end":{"line":412,"column":74}},"299":{"start":{"line":412,"column":56},"end":{"line":412,"column":72}},"300":{"start":{"line":413,"column":4},"end":{"line":413,"column":23}},"301":{"start":{"line":414,"column":4},"end":{"line":414,"column":78}},"302":{"start":{"line":415,"column":4},"end":{"line":415,"column":11}},"303":{"start":{"line":418,"column":2},"end":{"line":444,"column":3}},"304":{"start":{"line":419,"column":23},"end":{"line":419,"column":30}},"305":{"start":{"line":420,"column":4},"end":{"line":423,"column":5}},"306":{"start":{"line":421,"column":6},"end":{"line":421,"column":101}},"307":{"start":{"line":422,"column":6},"end":{"line":422,"column":13}},"308":{"start":{"line":424,"column":18},"end":{"line":424,"column":61}},"309":{"start":{"line":425,"column":4},"end":{"line":428,"column":5}},"310":{"start":{"line":426,"column":6},"end":{"line":426,"column":101}},"311":{"start":{"line":427,"column":6},"end":{"line":427,"column":13}},"312":{"start":{"line":429,"column":4},"end":{"line":429,"column":76}},"313":{"start":{"line":429,"column":57},"end":{"line":429,"column":76}},"314":{"start":{"line":430,"column":4},"end":{"line":430,"column":91}},"315":{"start":{"line":430,"column":67},"end":{"line":430,"column":91}},"316":{"start":{"line":431,"column":4},"end":{"line":434,"column":5}},"317":{"start":{"line":432,"column":6},"end":{"line":432,"column":83}},"318":{"start":{"line":433,"column":6},"end":{"line":433,"column":13}},"319":{"start":{"line":435,"column":4},"end":{"line":438,"column":5}},"320":{"start":{"line":436,"column":6},"end":{"line":436,"column":87}},"321":{"start":{"line":437,"column":6},"end":{"line":437,"column":13}},"322":{"start":{"line":439,"column":4},"end":{"line":439,"column":64}},"323":{"start":{"line":439,"column":46},"end":{"line":439,"column":62}},"324":{"start":{"line":440,"column":4},"end":{"line":440,"column":74}},"325":{"start":{"line":440,"column":56},"end":{"line":440,"column":72}},"326":{"start":{"line":441,"column":4},"end":{"line":441,"column":23}},"327":{"start":{"line":442,"column":4},"end":{"line":442,"column":94}},"328":{"start":{"line":443,"column":4},"end":{"line":443,"column":11}},"329":{"start":{"line":446,"column":2},"end":{"line":461,"column":3}},"330":{"start":{"line":447,"column":19},"end":{"line":447,"column":42}},"331":{"start":{"line":448,"column":4},"end":{"line":451,"column":5}},"332":{"start":{"line":449,"column":6},"end":{"line":449,"column":103}},"333":{"start":{"line":450,"column":6},"end":{"line":450,"column":13}},"334":{"start":{"line":452,"column":18},"end":{"line":452,"column":61}},"335":{"start":{"line":453,"column":4},"end":{"line":456,"column":5}},"336":{"start":{"line":454,"column":6},"end":{"line":454,"column":107}},"337":{"start":{"line":455,"column":6},"end":{"line":455,"column":13}},"338":{"start":{"line":457,"column":4},"end":{"line":457,"column":26}},"339":{"start":{"line":458,"column":4},"end":{"line":458,"column":23}},"340":{"start":{"line":459,"column":4},"end":{"line":459,"column":81}},"341":{"start":{"line":460,"column":4},"end":{"line":460,"column":11}},"342":{"start":{"line":463,"column":2},"end":{"line":472,"column":3}},"343":{"start":{"line":464,"column":18},"end":{"line":464,"column":61}},"344":{"start":{"line":465,"column":4},"end":{"line":468,"column":5}},"345":{"start":{"line":466,"column":6},"end":{"line":466,"column":83}},"346":{"start":{"line":467,"column":6},"end":{"line":467,"column":13}},"347":{"start":{"line":469,"column":4},"end":{"line":469,"column":46}},"348":{"start":{"line":470,"column":4},"end":{"line":470,"column":78}},"349":{"start":{"line":471,"column":4},"end":{"line":471,"column":11}},"350":{"start":{"line":474,"column":2},"end":{"line":490,"column":3}},"351":{"start":{"line":475,"column":20},"end":{"line":475,"column":41}},"352":{"start":{"line":476,"column":4},"end":{"line":479,"column":5}},"353":{"start":{"line":477,"column":6},"end":{"line":477,"column":102}},"354":{"start":{"line":478,"column":6},"end":{"line":478,"column":13}},"355":{"start":{"line":480,"column":18},"end":{"line":480,"column":62}},"356":{"start":{"line":481,"column":4},"end":{"line":484,"column":5}},"357":{"start":{"line":482,"column":6},"end":{"line":482,"column":83}},"358":{"start":{"line":483,"column":6},"end":{"line":483,"column":13}},"359":{"start":{"line":485,"column":4},"end":{"line":485,"column":81}},"360":{"start":{"line":486,"column":4},"end":{"line":486,"column":76}},"361":{"start":{"line":486,"column":35},"end":{"line":486,"column":76}},"362":{"start":{"line":487,"column":4},"end":{"line":487,"column":23}},"363":{"start":{"line":488,"column":4},"end":{"line":488,"column":81}},"364":{"start":{"line":489,"column":4},"end":{"line":489,"column":11}},"365":{"start":{"line":492,"column":2},"end":{"line":501,"column":3}},"366":{"start":{"line":493,"column":18},"end":{"line":493,"column":62}},"367":{"start":{"line":494,"column":4},"end":{"line":497,"column":5}},"368":{"start":{"line":495,"column":6},"end":{"line":495,"column":82}},"369":{"start":{"line":496,"column":6},"end":{"line":496,"column":13}},"370":{"start":{"line":498,"column":16},"end":{"line":498,"column":77}},"371":{"start":{"line":498,"column":39},"end":{"line":498,"column":65}},"372":{"start":{"line":499,"column":4},"end":{"line":499,"column":82}},"373":{"start":{"line":500,"column":4},"end":{"line":500,"column":11}},"374":{"start":{"line":503,"column":2},"end":{"line":503,"column":99}},"375":{"start":{"line":508,"column":16},"end":{"line":508,"column":36}},"376":{"start":{"line":509,"column":2},"end":{"line":512,"column":3}},"377":{"start":{"line":510,"column":4},"end":{"line":510,"column":86}},"378":{"start":{"line":511,"column":4},"end":{"line":511,"column":11}},"379":{"start":{"line":513,"column":2},"end":{"line":513,"column":91}},"380":{"start":{"line":518,"column":14},"end":{"line":538,"column":14}},"381":{"start":{"line":539,"column":2},"end":{"line":539,"column":60}},"382":{"start":{"line":543,"column":21},"end":{"line":543,"column":42}},"383":{"start":{"line":544,"column":21},"end":{"line":544,"column":44}},"384":{"start":{"line":545,"column":2},"end":{"line":550,"column":3}},"385":{"start":{"line":546,"column":4},"end":{"line":548,"column":5}},"386":{"start":{"line":547,"column":6},"end":{"line":547,"column":108}},"387":{"start":{"line":549,"column":4},"end":{"line":549,"column":11}},"388":{"start":{"line":551,"column":2},"end":{"line":556,"column":5}},"389":{"start":{"line":560,"column":2},"end":{"line":565,"column":5}},"390":{"start":{"line":570,"column":15},"end":{"line":570,"column":40}},"391":{"start":{"line":571,"column":21},"end":{"line":571,"column":42}},"392":{"start":{"line":572,"column":17},"end":{"line":572,"column":36}},"393":{"start":{"line":573,"column":2},"end":{"line":576,"column":3}},"394":{"start":{"line":574,"column":4},"end":{"line":574,"column":110}},"395":{"start":{"line":575,"column":4},"end":{"line":575,"column":11}},"396":{"start":{"line":578,"column":4},"end":{"line":581,"column":113}},"397":{"start":{"line":582,"column":2},"end":{"line":582,"column":81}},"398":{"start":{"line":587,"column":15},"end":{"line":587,"column":40}},"399":{"start":{"line":588,"column":21},"end":{"line":588,"column":28}},"400":{"start":{"line":589,"column":14},"end":{"line":589,"column":37}},"401":{"start":{"line":590,"column":2},"end":{"line":593,"column":3}},"402":{"start":{"line":591,"column":4},"end":{"line":591,"column":95}},"403":{"start":{"line":592,"column":4},"end":{"line":592,"column":11}},"404":{"start":{"line":594,"column":17},"end":{"line":594,"column":36}},"405":{"start":{"line":595,"column":2},"end":{"line":598,"column":3}},"406":{"start":{"line":596,"column":4},"end":{"line":596,"column":111}},"407":{"start":{"line":597,"column":4},"end":{"line":597,"column":11}},"408":{"start":{"line":600,"column":2},"end":{"line":600,"column":120}},"409":{"start":{"line":602,"column":2},"end":{"line":602,"column":113}},"410":{"start":{"line":607,"column":17},"end":{"line":607,"column":52}},"411":{"start":{"line":608,"column":2},"end":{"line":608,"column":22}},"412":{"start":{"line":608,"column":15},"end":{"line":608,"column":22}},"413":{"start":{"line":609,"column":2},"end":{"line":609,"column":121}},"414":{"start":{"line":611,"column":2},"end":{"line":611,"column":99}},"415":{"start":{"line":612,"column":2},"end":{"line":612,"column":127}},"416":{"start":{"line":613,"column":2},"end":{"line":613,"column":19}},"417":{"start":{"line":614,"column":2},"end":{"line":614,"column":24}},"418":{"start":{"line":615,"column":2},"end":{"line":615,"column":24}},"419":{"start":{"line":616,"column":2},"end":{"line":616,"column":94}},"420":{"start":{"line":617,"column":2},"end":{"line":617,"column":124}},"421":{"start":{"line":618,"column":2},"end":{"line":618,"column":46}},"422":{"start":{"line":619,"column":2},"end":{"line":619,"column":103}},"423":{"start":{"line":620,"column":2},"end":{"line":620,"column":73}},"424":{"start":{"line":621,"column":2},"end":{"line":621,"column":24}},"425":{"start":{"line":622,"column":2},"end":{"line":622,"column":28}},"426":{"start":{"line":624,"column":2},"end":{"line":624,"column":159}},"427":{"start":{"line":628,"column":24},"end":{"line":645,"column":1}},"428":{"start":{"line":647,"column":0},"end":{"line":664,"column":2}}},"fnMap":{"0":{"name":"setupCommands","decl":{"start":{"line":18,"column":9},"end":{"line":18,"column":22}},"loc":{"start":{"line":18,"column":55},"end":{"line":21,"column":1}},"line":18},"1":{"name":"handleBuyCommand","decl":{"start":{"line":23,"column":9},"end":{"line":23,"column":25}},"loc":{"start":{"line":23,"column":32},"end":{"line":25,"column":1}},"line":23},"2":{"name":"handleSellCommand","decl":{"start":{"line":27,"column":9},"end":{"line":27,"column":26}},"loc":{"start":{"line":27,"column":33},"end":{"line":29,"column":1}},"line":27},"3":{"name":"handleTeleportCommand","decl":{"start":{"line":31,"column":9},"end":{"line":31,"column":30}},"loc":{"start":{"line":31,"column":167},"end":{"line":91,"column":1}},"line":31},"4":{"name":"handleInnCommand","decl":{"start":{"line":93,"column":9},"end":{"line":93,"column":25}},"loc":{"start":{"line":93,"column":114},"end":{"line":118,"column":1}},"line":93},"5":{"name":"(anonymous_5)","decl":{"start":{"line":114,"column":35},"end":{"line":114,"column":36}},"loc":{"start":{"line":114,"column":41},"end":{"line":114,"column":43}},"line":114},"6":{"name":"handleAdminCommand","decl":{"start":{"line":120,"column":15},"end":{"line":120,"column":33}},"loc":{"start":{"line":120,"column":131},"end":{"line":281,"column":1}},"line":120},"7":{"name":"(anonymous_7)","decl":{"start":{"line":131,"column":37},"end":{"line":131,"column":38}},"loc":{"start":{"line":131,"column":45},"end":{"line":131,"column":81}},"line":131},"8":{"name":"(anonymous_8)","decl":{"start":{"line":131,"column":72},"end":{"line":131,"column":73}},"loc":{"start":{"line":131,"column":78},"end":{"line":131,"column":80}},"line":131},"9":{"name":"(anonymous_9)","decl":{"start":{"line":145,"column":37},"end":{"line":145,"column":38}},"loc":{"start":{"line":145,"column":44},"end":{"line":149,"column":7}},"line":145},"10":{"name":"(anonymous_10)","decl":{"start":{"line":189,"column":32},"end":{"line":189,"column":33}},"loc":{"start":{"line":189,"column":37},"end":{"line":189,"column":56}},"line":189},"11":{"name":"handleGuildCommand","decl":{"start":{"line":284,"column":15},"end":{"line":284,"column":33}},"loc":{"start":{"line":284,"column":72},"end":{"line":504,"column":1}},"line":284},"12":{"name":"(anonymous_12)","decl":{"start":{"line":328,"column":28},"end":{"line":328,"column":29}},"loc":{"start":{"line":328,"column":33},"end":{"line":328,"column":90}},"line":328},"13":{"name":"(anonymous_13)","decl":{"start":{"line":390,"column":53},"end":{"line":390,"column":54}},"loc":{"start":{"line":390,"column":58},"end":{"line":390,"column":74}},"line":390},"14":{"name":"(anonymous_14)","decl":{"start":{"line":395,"column":51},"end":{"line":395,"column":52}},"loc":{"start":{"line":395,"column":56},"end":{"line":395,"column":72}},"line":395},"15":{"name":"(anonymous_15)","decl":{"start":{"line":411,"column":41},"end":{"line":411,"column":42}},"loc":{"start":{"line":411,"column":46},"end":{"line":411,"column":62}},"line":411},"16":{"name":"(anonymous_16)","decl":{"start":{"line":412,"column":51},"end":{"line":412,"column":52}},"loc":{"start":{"line":412,"column":56},"end":{"line":412,"column":72}},"line":412},"17":{"name":"(anonymous_17)","decl":{"start":{"line":439,"column":41},"end":{"line":439,"column":42}},"loc":{"start":{"line":439,"column":46},"end":{"line":439,"column":62}},"line":439},"18":{"name":"(anonymous_18)","decl":{"start":{"line":440,"column":51},"end":{"line":440,"column":52}},"loc":{"start":{"line":440,"column":56},"end":{"line":440,"column":72}},"line":440},"19":{"name":"(anonymous_19)","decl":{"start":{"line":498,"column":34},"end":{"line":498,"column":35}},"loc":{"start":{"line":498,"column":39},"end":{"line":498,"column":65}},"line":498},"20":{"name":"handleWhoCommand","decl":{"start":{"line":507,"column":15},"end":{"line":507,"column":31}},"loc":{"start":{"line":507,"column":49},"end":{"line":514,"column":1}},"line":507},"21":{"name":"handleHelpCommand","decl":{"start":{"line":517,"column":15},"end":{"line":517,"column":32}},"loc":{"start":{"line":517,"column":41},"end":{"line":540,"column":1}},"line":517},"22":{"name":"handleShopCommand","decl":{"start":{"line":542,"column":9},"end":{"line":542,"column":26}},"loc":{"start":{"line":542,"column":33},"end":{"line":557,"column":1}},"line":542},"23":{"name":"handleShopSellCommand","decl":{"start":{"line":559,"column":9},"end":{"line":559,"column":30}},"loc":{"start":{"line":559,"column":37},"end":{"line":566,"column":1}},"line":559},"24":{"name":"handleStatCommand","decl":{"start":{"line":569,"column":15},"end":{"line":569,"column":32}},"loc":{"start":{"line":569,"column":71},"end":{"line":583,"column":1}},"line":569},"25":{"name":"handleWhisperCommand","decl":{"start":{"line":586,"column":15},"end":{"line":586,"column":35}},"loc":{"start":{"line":586,"column":74},"end":{"line":603,"column":1}},"line":586},"26":{"name":"handleReturnCommand","decl":{"start":{"line":606,"column":15},"end":{"line":606,"column":34}},"loc":{"start":{"line":606,"column":168},"end":{"line":625,"column":1}},"line":606}},"branchMap":{"0":{"loc":{"start":{"line":33,"column":2},"end":{"line":33,"column":22}},"type":"if","locations":[{"start":{"line":33,"column":2},"end":{"line":33,"column":22}},{"start":{},"end":{}}],"line":33},"1":{"loc":{"start":{"line":35,"column":2},"end":{"line":38,"column":3}},"type":"if","locations":[{"start":{"line":35,"column":2},"end":{"line":38,"column":3}},{"start":{},"end":{}}],"line":35},"2":{"loc":{"start":{"line":40,"column":2},"end":{"line":90,"column":3}},"type":"if","locations":[{"start":{"line":40,"column":2},"end":{"line":90,"column":3}},{"start":{"line":56,"column":9},"end":{"line":90,"column":3}}],"line":40},"3":{"loc":{"start":{"line":41,"column":4},"end":{"line":54,"column":5}},"type":"if","locations":[{"start":{"line":41,"column":4},"end":{"line":54,"column":5}},{"start":{"line":52,"column":11},"end":{"line":54,"column":5}}],"line":41},"4":{"loc":{"start":{"line":41,"column":8},"end":{"line":41,"column":80}},"type":"binary-expr","locations":[{"start":{"line":41,"column":8},"end":{"line":41,"column":26}},{"start":{"line":41,"column":30},"end":{"line":41,"column":53}},{"start":{"line":41,"column":57},"end":{"line":41,"column":80}}],"line":41},"5":{"loc":{"start":{"line":56,"column":9},"end":{"line":90,"column":3}},"type":"if","locations":[{"start":{"line":56,"column":9},"end":{"line":90,"column":3}},{"start":{"line":72,"column":9},"end":{"line":90,"column":3}}],"line":56},"6":{"loc":{"start":{"line":57,"column":4},"end":{"line":70,"column":5}},"type":"if","locations":[{"start":{"line":57,"column":4},"end":{"line":70,"column":5}},{"start":{"line":68,"column":11},"end":{"line":70,"column":5}}],"line":57},"7":{"loc":{"start":{"line":57,"column":8},"end":{"line":57,"column":118}},"type":"binary-expr","locations":[{"start":{"line":57,"column":8},"end":{"line":57,"column":26}},{"start":{"line":57,"column":30},"end":{"line":57,"column":72}},{"start":{"line":57,"column":76},"end":{"line":57,"column":118}}],"line":57},"8":{"loc":{"start":{"line":72,"column":9},"end":{"line":90,"column":3}},"type":"if","locations":[{"start":{"line":72,"column":9},"end":{"line":90,"column":3}},{"start":{"line":88,"column":9},"end":{"line":90,"column":3}}],"line":72},"9":{"loc":{"start":{"line":73,"column":4},"end":{"line":86,"column":5}},"type":"if","locations":[{"start":{"line":73,"column":4},"end":{"line":86,"column":5}},{"start":{"line":84,"column":11},"end":{"line":86,"column":5}}],"line":73},"10":{"loc":{"start":{"line":73,"column":8},"end":{"line":73,"column":80}},"type":"binary-expr","locations":[{"start":{"line":73,"column":8},"end":{"line":73,"column":26}},{"start":{"line":73,"column":30},"end":{"line":73,"column":53}},{"start":{"line":73,"column":57},"end":{"line":73,"column":80}}],"line":73},"11":{"loc":{"start":{"line":95,"column":2},"end":{"line":95,"column":22}},"type":"if","locations":[{"start":{"line":95,"column":2},"end":{"line":95,"column":22}},{"start":{},"end":{}}],"line":95},"12":{"loc":{"start":{"line":98,"column":2},"end":{"line":101,"column":3}},"type":"if","locations":[{"start":{"line":98,"column":2},"end":{"line":101,"column":3}},{"start":{},"end":{}}],"line":98},"13":{"loc":{"start":{"line":98,"column":6},"end":{"line":98,"column":38}},"type":"binary-expr","locations":[{"start":{"line":98,"column":6},"end":{"line":98,"column":11}},{"start":{"line":98,"column":15},"end":{"line":98,"column":38}}],"line":98},"14":{"loc":{"start":{"line":102,"column":2},"end":{"line":105,"column":3}},"type":"if","locations":[{"start":{"line":102,"column":2},"end":{"line":105,"column":3}},{"start":{},"end":{}}],"line":102},"15":{"loc":{"start":{"line":102,"column":6},"end":{"line":102,"column":62}},"type":"binary-expr","locations":[{"start":{"line":102,"column":6},"end":{"line":102,"column":32}},{"start":{"line":102,"column":36},"end":{"line":102,"column":62}}],"line":102},"16":{"loc":{"start":{"line":107,"column":2},"end":{"line":110,"column":3}},"type":"if","locations":[{"start":{"line":107,"column":2},"end":{"line":110,"column":3}},{"start":{},"end":{}}],"line":107},"17":{"loc":{"start":{"line":123,"column":2},"end":{"line":126,"column":3}},"type":"if","locations":[{"start":{"line":123,"column":2},"end":{"line":126,"column":3}},{"start":{},"end":{}}],"line":123},"18":{"loc":{"start":{"line":129,"column":2},"end":{"line":134,"column":3}},"type":"if","locations":[{"start":{"line":129,"column":2},"end":{"line":134,"column":3}},{"start":{},"end":{}}],"line":129},"19":{"loc":{"start":{"line":136,"column":2},"end":{"line":152,"column":3}},"type":"if","locations":[{"start":{"line":136,"column":2},"end":{"line":152,"column":3}},{"start":{},"end":{}}],"line":136},"20":{"loc":{"start":{"line":138,"column":4},"end":{"line":141,"column":5}},"type":"if","locations":[{"start":{"line":138,"column":4},"end":{"line":141,"column":5}},{"start":{},"end":{}}],"line":138},"21":{"loc":{"start":{"line":142,"column":4},"end":{"line":150,"column":5}},"type":"if","locations":[{"start":{"line":142,"column":4},"end":{"line":150,"column":5}},{"start":{"line":144,"column":11},"end":{"line":150,"column":5}}],"line":142},"22":{"loc":{"start":{"line":146,"column":8},"end":{"line":148,"column":9}},"type":"if","locations":[{"start":{"line":146,"column":8},"end":{"line":148,"column":9}},{"start":{},"end":{}}],"line":146},"23":{"loc":{"start":{"line":146,"column":12},"end":{"line":146,"column":41}},"type":"binary-expr","locations":[{"start":{"line":146,"column":12},"end":{"line":146,"column":16}},{"start":{"line":146,"column":20},"end":{"line":146,"column":41}}],"line":146},"24":{"loc":{"start":{"line":154,"column":2},"end":{"line":173,"column":3}},"type":"if","locations":[{"start":{"line":154,"column":2},"end":{"line":173,"column":3}},{"start":{},"end":{}}],"line":154},"25":{"loc":{"start":{"line":157,"column":4},"end":{"line":160,"column":5}},"type":"if","locations":[{"start":{"line":157,"column":4},"end":{"line":160,"column":5}},{"start":{},"end":{}}],"line":157},"26":{"loc":{"start":{"line":157,"column":8},"end":{"line":157,"column":32}},"type":"binary-expr","locations":[{"start":{"line":157,"column":8},"end":{"line":157,"column":15}},{"start":{"line":157,"column":19},"end":{"line":157,"column":32}}],"line":157},"27":{"loc":{"start":{"line":162,"column":4},"end":{"line":165,"column":5}},"type":"if","locations":[{"start":{"line":162,"column":4},"end":{"line":165,"column":5}},{"start":{},"end":{}}],"line":162},"28":{"loc":{"start":{"line":166,"column":25},"end":{"line":166,"column":47}},"type":"binary-expr","locations":[{"start":{"line":166,"column":25},"end":{"line":166,"column":42}},{"start":{"line":166,"column":46},"end":{"line":166,"column":47}}],"line":166},"29":{"loc":{"start":{"line":169,"column":4},"end":{"line":171,"column":5}},"type":"if","locations":[{"start":{"line":169,"column":4},"end":{"line":171,"column":5}},{"start":{},"end":{}}],"line":169},"30":{"loc":{"start":{"line":169,"column":8},"end":{"line":169,"column":59}},"type":"binary-expr","locations":[{"start":{"line":169,"column":8},"end":{"line":169,"column":23}},{"start":{"line":169,"column":27},"end":{"line":169,"column":59}}],"line":169},"31":{"loc":{"start":{"line":175,"column":2},"end":{"line":201,"column":3}},"type":"if","locations":[{"start":{"line":175,"column":2},"end":{"line":201,"column":3}},{"start":{},"end":{}}],"line":175},"32":{"loc":{"start":{"line":178,"column":4},"end":{"line":181,"column":5}},"type":"if","locations":[{"start":{"line":178,"column":4},"end":{"line":181,"column":5}},{"start":{},"end":{}}],"line":178},"33":{"loc":{"start":{"line":178,"column":8},"end":{"line":178,"column":28}},"type":"binary-expr","locations":[{"start":{"line":178,"column":8},"end":{"line":178,"column":15}},{"start":{"line":178,"column":19},"end":{"line":178,"column":28}}],"line":178},"34":{"loc":{"start":{"line":183,"column":4},"end":{"line":186,"column":5}},"type":"if","locations":[{"start":{"line":183,"column":4},"end":{"line":186,"column":5}},{"start":{},"end":{}}],"line":183},"35":{"loc":{"start":{"line":190,"column":4},"end":{"line":193,"column":5}},"type":"if","locations":[{"start":{"line":190,"column":4},"end":{"line":193,"column":5}},{"start":{},"end":{}}],"line":190},"36":{"loc":{"start":{"line":197,"column":4},"end":{"line":199,"column":5}},"type":"if","locations":[{"start":{"line":197,"column":4},"end":{"line":199,"column":5}},{"start":{},"end":{}}],"line":197},"37":{"loc":{"start":{"line":197,"column":8},"end":{"line":197,"column":59}},"type":"binary-expr","locations":[{"start":{"line":197,"column":8},"end":{"line":197,"column":23}},{"start":{"line":197,"column":27},"end":{"line":197,"column":59}}],"line":197},"38":{"loc":{"start":{"line":203,"column":2},"end":{"line":229,"column":3}},"type":"if","locations":[{"start":{"line":203,"column":2},"end":{"line":229,"column":3}},{"start":{},"end":{}}],"line":203},"39":{"loc":{"start":{"line":205,"column":4},"end":{"line":208,"column":5}},"type":"if","locations":[{"start":{"line":205,"column":4},"end":{"line":208,"column":5}},{"start":{},"end":{}}],"line":205},"40":{"loc":{"start":{"line":211,"column":4},"end":{"line":214,"column":5}},"type":"if","locations":[{"start":{"line":211,"column":4},"end":{"line":214,"column":5}},{"start":{},"end":{}}],"line":211},"41":{"loc":{"start":{"line":211,"column":8},"end":{"line":211,"column":37}},"type":"binary-expr","locations":[{"start":{"line":211,"column":8},"end":{"line":211,"column":21}},{"start":{"line":211,"column":25},"end":{"line":211,"column":37}}],"line":211},"42":{"loc":{"start":{"line":219,"column":4},"end":{"line":221,"column":5}},"type":"if","locations":[{"start":{"line":219,"column":4},"end":{"line":221,"column":5}},{"start":{},"end":{}}],"line":219},"43":{"loc":{"start":{"line":219,"column":8},"end":{"line":219,"column":57}},"type":"binary-expr","locations":[{"start":{"line":219,"column":8},"end":{"line":219,"column":22}},{"start":{"line":219,"column":26},"end":{"line":219,"column":57}}],"line":219},"44":{"loc":{"start":{"line":223,"column":4},"end":{"line":227,"column":5}},"type":"if","locations":[{"start":{"line":223,"column":4},"end":{"line":227,"column":5}},{"start":{},"end":{}}],"line":223},"45":{"loc":{"start":{"line":223,"column":8},"end":{"line":223,"column":93}},"type":"binary-expr","locations":[{"start":{"line":223,"column":8},"end":{"line":223,"column":44}},{"start":{"line":223,"column":48},"end":{"line":223,"column":93}}],"line":223},"46":{"loc":{"start":{"line":231,"column":2},"end":{"line":263,"column":3}},"type":"if","locations":[{"start":{"line":231,"column":2},"end":{"line":263,"column":3}},{"start":{},"end":{}}],"line":231},"47":{"loc":{"start":{"line":233,"column":4},"end":{"line":236,"column":5}},"type":"if","locations":[{"start":{"line":233,"column":4},"end":{"line":236,"column":5}},{"start":{},"end":{}}],"line":233},"48":{"loc":{"start":{"line":242,"column":6},"end":{"line":245,"column":7}},"type":"if","locations":[{"start":{"line":242,"column":6},"end":{"line":245,"column":7}},{"start":{},"end":{}}],"line":242},"49":{"loc":{"start":{"line":249,"column":8},"end":{"line":251,"column":9}},"type":"if","locations":[{"start":{"line":249,"column":8},"end":{"line":251,"column":9}},{"start":{},"end":{}}],"line":249},"50":{"loc":{"start":{"line":255,"column":6},"end":{"line":257,"column":7}},"type":"if","locations":[{"start":{"line":255,"column":6},"end":{"line":257,"column":7}},{"start":{},"end":{}}],"line":255},"51":{"loc":{"start":{"line":255,"column":10},"end":{"line":255,"column":41}},"type":"binary-expr","locations":[{"start":{"line":255,"column":10},"end":{"line":255,"column":22}},{"start":{"line":255,"column":26},"end":{"line":255,"column":41}}],"line":255},"52":{"loc":{"start":{"line":265,"column":2},"end":{"line":279,"column":3}},"type":"if","locations":[{"start":{"line":265,"column":2},"end":{"line":279,"column":3}},{"start":{},"end":{}}],"line":265},"53":{"loc":{"start":{"line":267,"column":4},"end":{"line":270,"column":5}},"type":"if","locations":[{"start":{"line":267,"column":4},"end":{"line":270,"column":5}},{"start":{},"end":{}}],"line":267},"54":{"loc":{"start":{"line":288,"column":2},"end":{"line":291,"column":3}},"type":"if","locations":[{"start":{"line":288,"column":2},"end":{"line":291,"column":3}},{"start":{},"end":{}}],"line":288},"55":{"loc":{"start":{"line":293,"column":2},"end":{"line":320,"column":3}},"type":"if","locations":[{"start":{"line":293,"column":2},"end":{"line":320,"column":3}},{"start":{},"end":{}}],"line":293},"56":{"loc":{"start":{"line":295,"column":4},"end":{"line":298,"column":5}},"type":"if","locations":[{"start":{"line":295,"column":4},"end":{"line":298,"column":5}},{"start":{},"end":{}}],"line":295},"57":{"loc":{"start":{"line":300,"column":4},"end":{"line":303,"column":5}},"type":"if","locations":[{"start":{"line":300,"column":4},"end":{"line":303,"column":5}},{"start":{},"end":{}}],"line":300},"58":{"loc":{"start":{"line":306,"column":4},"end":{"line":309,"column":5}},"type":"if","locations":[{"start":{"line":306,"column":4},"end":{"line":309,"column":5}},{"start":{},"end":{}}],"line":306},"59":{"loc":{"start":{"line":312,"column":4},"end":{"line":315,"column":5}},"type":"if","locations":[{"start":{"line":312,"column":4},"end":{"line":315,"column":5}},{"start":{},"end":{}}],"line":312},"60":{"loc":{"start":{"line":322,"column":2},"end":{"line":331,"column":3}},"type":"if","locations":[{"start":{"line":322,"column":2},"end":{"line":331,"column":3}},{"start":{},"end":{}}],"line":322},"61":{"loc":{"start":{"line":324,"column":4},"end":{"line":327,"column":5}},"type":"if","locations":[{"start":{"line":324,"column":4},"end":{"line":327,"column":5}},{"start":{},"end":{}}],"line":324},"62":{"loc":{"start":{"line":333,"column":2},"end":{"line":345,"column":3}},"type":"if","locations":[{"start":{"line":333,"column":2},"end":{"line":345,"column":3}},{"start":{},"end":{}}],"line":333},"63":{"loc":{"start":{"line":335,"column":4},"end":{"line":338,"column":5}},"type":"if","locations":[{"start":{"line":335,"column":4},"end":{"line":338,"column":5}},{"start":{},"end":{}}],"line":335},"64":{"loc":{"start":{"line":342,"column":120},"end":{"line":342,"column":142}},"type":"binary-expr","locations":[{"start":{"line":342,"column":120},"end":{"line":342,"column":132}},{"start":{"line":342,"column":136},"end":{"line":342,"column":142}}],"line":342},"65":{"loc":{"start":{"line":347,"column":2},"end":{"line":370,"column":3}},"type":"if","locations":[{"start":{"line":347,"column":2},"end":{"line":370,"column":3}},{"start":{},"end":{}}],"line":347},"66":{"loc":{"start":{"line":349,"column":4},"end":{"line":352,"column":5}},"type":"if","locations":[{"start":{"line":349,"column":4},"end":{"line":352,"column":5}},{"start":{},"end":{}}],"line":349},"67":{"loc":{"start":{"line":354,"column":4},"end":{"line":357,"column":5}},"type":"if","locations":[{"start":{"line":354,"column":4},"end":{"line":357,"column":5}},{"start":{},"end":{}}],"line":354},"68":{"loc":{"start":{"line":358,"column":4},"end":{"line":361,"column":5}},"type":"if","locations":[{"start":{"line":358,"column":4},"end":{"line":361,"column":5}},{"start":{},"end":{}}],"line":358},"69":{"loc":{"start":{"line":362,"column":4},"end":{"line":365,"column":5}},"type":"if","locations":[{"start":{"line":362,"column":4},"end":{"line":365,"column":5}},{"start":{},"end":{}}],"line":362},"70":{"loc":{"start":{"line":372,"column":2},"end":{"line":399,"column":3}},"type":"if","locations":[{"start":{"line":372,"column":2},"end":{"line":399,"column":3}},{"start":{},"end":{}}],"line":372},"71":{"loc":{"start":{"line":374,"column":4},"end":{"line":377,"column":5}},"type":"if","locations":[{"start":{"line":374,"column":4},"end":{"line":377,"column":5}},{"start":{},"end":{}}],"line":374},"72":{"loc":{"start":{"line":379,"column":4},"end":{"line":382,"column":5}},"type":"if","locations":[{"start":{"line":379,"column":4},"end":{"line":382,"column":5}},{"start":{},"end":{}}],"line":379},"73":{"loc":{"start":{"line":383,"column":4},"end":{"line":386,"column":5}},"type":"if","locations":[{"start":{"line":383,"column":4},"end":{"line":386,"column":5}},{"start":{},"end":{}}],"line":383},"74":{"loc":{"start":{"line":387,"column":4},"end":{"line":393,"column":5}},"type":"if","locations":[{"start":{"line":387,"column":4},"end":{"line":393,"column":5}},{"start":{},"end":{}}],"line":387},"75":{"loc":{"start":{"line":401,"column":2},"end":{"line":416,"column":3}},"type":"if","locations":[{"start":{"line":401,"column":2},"end":{"line":416,"column":3}},{"start":{},"end":{}}],"line":401},"76":{"loc":{"start":{"line":403,"column":4},"end":{"line":406,"column":5}},"type":"if","locations":[{"start":{"line":403,"column":4},"end":{"line":406,"column":5}},{"start":{},"end":{}}],"line":403},"77":{"loc":{"start":{"line":407,"column":4},"end":{"line":410,"column":5}},"type":"if","locations":[{"start":{"line":407,"column":4},"end":{"line":410,"column":5}},{"start":{},"end":{}}],"line":407},"78":{"loc":{"start":{"line":418,"column":2},"end":{"line":444,"column":3}},"type":"if","locations":[{"start":{"line":418,"column":2},"end":{"line":444,"column":3}},{"start":{},"end":{}}],"line":418},"79":{"loc":{"start":{"line":420,"column":4},"end":{"line":423,"column":5}},"type":"if","locations":[{"start":{"line":420,"column":4},"end":{"line":423,"column":5}},{"start":{},"end":{}}],"line":420},"80":{"loc":{"start":{"line":425,"column":4},"end":{"line":428,"column":5}},"type":"if","locations":[{"start":{"line":425,"column":4},"end":{"line":428,"column":5}},{"start":{},"end":{}}],"line":425},"81":{"loc":{"start":{"line":429,"column":4},"end":{"line":429,"column":76}},"type":"if","locations":[{"start":{"line":429,"column":4},"end":{"line":429,"column":76}},{"start":{},"end":{}}],"line":429},"82":{"loc":{"start":{"line":429,"column":8},"end":{"line":429,"column":55}},"type":"binary-expr","locations":[{"start":{"line":429,"column":8},"end":{"line":429,"column":22}},{"start":{"line":429,"column":26},"end":{"line":429,"column":55}}],"line":429},"83":{"loc":{"start":{"line":430,"column":4},"end":{"line":430,"column":91}},"type":"if","locations":[{"start":{"line":430,"column":4},"end":{"line":430,"column":91}},{"start":{},"end":{}}],"line":430},"84":{"loc":{"start":{"line":430,"column":8},"end":{"line":430,"column":65}},"type":"binary-expr","locations":[{"start":{"line":430,"column":8},"end":{"line":430,"column":27}},{"start":{"line":430,"column":31},"end":{"line":430,"column":65}}],"line":430},"85":{"loc":{"start":{"line":431,"column":4},"end":{"line":434,"column":5}},"type":"if","locations":[{"start":{"line":431,"column":4},"end":{"line":434,"column":5}},{"start":{},"end":{}}],"line":431},"86":{"loc":{"start":{"line":435,"column":4},"end":{"line":438,"column":5}},"type":"if","locations":[{"start":{"line":435,"column":4},"end":{"line":438,"column":5}},{"start":{},"end":{}}],"line":435},"87":{"loc":{"start":{"line":446,"column":2},"end":{"line":461,"column":3}},"type":"if","locations":[{"start":{"line":446,"column":2},"end":{"line":461,"column":3}},{"start":{},"end":{}}],"line":446},"88":{"loc":{"start":{"line":448,"column":4},"end":{"line":451,"column":5}},"type":"if","locations":[{"start":{"line":448,"column":4},"end":{"line":451,"column":5}},{"start":{},"end":{}}],"line":448},"89":{"loc":{"start":{"line":453,"column":4},"end":{"line":456,"column":5}},"type":"if","locations":[{"start":{"line":453,"column":4},"end":{"line":456,"column":5}},{"start":{},"end":{}}],"line":453},"90":{"loc":{"start":{"line":463,"column":2},"end":{"line":472,"column":3}},"type":"if","locations":[{"start":{"line":463,"column":2},"end":{"line":472,"column":3}},{"start":{},"end":{}}],"line":463},"91":{"loc":{"start":{"line":465,"column":4},"end":{"line":468,"column":5}},"type":"if","locations":[{"start":{"line":465,"column":4},"end":{"line":468,"column":5}},{"start":{},"end":{}}],"line":465},"92":{"loc":{"start":{"line":474,"column":2},"end":{"line":490,"column":3}},"type":"if","locations":[{"start":{"line":474,"column":2},"end":{"line":490,"column":3}},{"start":{},"end":{}}],"line":474},"93":{"loc":{"start":{"line":476,"column":4},"end":{"line":479,"column":5}},"type":"if","locations":[{"start":{"line":476,"column":4},"end":{"line":479,"column":5}},{"start":{},"end":{}}],"line":476},"94":{"loc":{"start":{"line":481,"column":4},"end":{"line":484,"column":5}},"type":"if","locations":[{"start":{"line":481,"column":4},"end":{"line":484,"column":5}},{"start":{},"end":{}}],"line":481},"95":{"loc":{"start":{"line":486,"column":4},"end":{"line":486,"column":76}},"type":"if","locations":[{"start":{"line":486,"column":4},"end":{"line":486,"column":76}},{"start":{},"end":{}}],"line":486},"96":{"loc":{"start":{"line":492,"column":2},"end":{"line":501,"column":3}},"type":"if","locations":[{"start":{"line":492,"column":2},"end":{"line":501,"column":3}},{"start":{},"end":{}}],"line":492},"97":{"loc":{"start":{"line":494,"column":4},"end":{"line":497,"column":5}},"type":"if","locations":[{"start":{"line":494,"column":4},"end":{"line":497,"column":5}},{"start":{},"end":{}}],"line":494},"98":{"loc":{"start":{"line":494,"column":8},"end":{"line":494,"column":39}},"type":"binary-expr","locations":[{"start":{"line":494,"column":8},"end":{"line":494,"column":14}},{"start":{"line":494,"column":18},"end":{"line":494,"column":39}}],"line":494},"99":{"loc":{"start":{"line":509,"column":2},"end":{"line":512,"column":3}},"type":"if","locations":[{"start":{"line":509,"column":2},"end":{"line":512,"column":3}},{"start":{},"end":{}}],"line":509},"100":{"loc":{"start":{"line":543,"column":21},"end":{"line":543,"column":42}},"type":"binary-expr","locations":[{"start":{"line":543,"column":21},"end":{"line":543,"column":36}},{"start":{"line":543,"column":40},"end":{"line":543,"column":42}}],"line":543},"101":{"loc":{"start":{"line":545,"column":2},"end":{"line":550,"column":3}},"type":"if","locations":[{"start":{"line":545,"column":2},"end":{"line":550,"column":3}},{"start":{},"end":{}}],"line":545},"102":{"loc":{"start":{"line":546,"column":4},"end":{"line":548,"column":5}},"type":"if","locations":[{"start":{"line":546,"column":4},"end":{"line":548,"column":5}},{"start":{},"end":{}}],"line":546},"103":{"loc":{"start":{"line":546,"column":8},"end":{"line":546,"column":53}},"type":"binary-expr","locations":[{"start":{"line":546,"column":8},"end":{"line":546,"column":15}},{"start":{"line":546,"column":19},"end":{"line":546,"column":53}}],"line":546},"104":{"loc":{"start":{"line":571,"column":21},"end":{"line":571,"column":42}},"type":"binary-expr","locations":[{"start":{"line":571,"column":21},"end":{"line":571,"column":28}},{"start":{"line":571,"column":32},"end":{"line":571,"column":42}}],"line":571},"105":{"loc":{"start":{"line":573,"column":2},"end":{"line":576,"column":3}},"type":"if","locations":[{"start":{"line":573,"column":2},"end":{"line":576,"column":3}},{"start":{},"end":{}}],"line":573},"106":{"loc":{"start":{"line":581,"column":12},"end":{"line":581,"column":56}},"type":"cond-expr","locations":[{"start":{"line":581,"column":28},"end":{"line":581,"column":43}},{"start":{"line":581,"column":46},"end":{"line":581,"column":56}}],"line":581},"107":{"loc":{"start":{"line":581,"column":67},"end":{"line":581,"column":111}},"type":"cond-expr","locations":[{"start":{"line":581,"column":83},"end":{"line":581,"column":98}},{"start":{"line":581,"column":101},"end":{"line":581,"column":111}}],"line":581},"108":{"loc":{"start":{"line":590,"column":2},"end":{"line":593,"column":3}},"type":"if","locations":[{"start":{"line":590,"column":2},"end":{"line":593,"column":3}},{"start":{},"end":{}}],"line":590},"109":{"loc":{"start":{"line":590,"column":6},"end":{"line":590,"column":25}},"type":"binary-expr","locations":[{"start":{"line":590,"column":6},"end":{"line":590,"column":17}},{"start":{"line":590,"column":21},"end":{"line":590,"column":25}}],"line":590},"110":{"loc":{"start":{"line":595,"column":2},"end":{"line":598,"column":3}},"type":"if","locations":[{"start":{"line":595,"column":2},"end":{"line":598,"column":3}},{"start":{},"end":{}}],"line":595},"111":{"loc":{"start":{"line":595,"column":6},"end":{"line":595,"column":27}},"type":"binary-expr","locations":[{"start":{"line":595,"column":6},"end":{"line":595,"column":13}},{"start":{"line":595,"column":17},"end":{"line":595,"column":27}}],"line":595},"112":{"loc":{"start":{"line":608,"column":2},"end":{"line":608,"column":22}},"type":"if","locations":[{"start":{"line":608,"column":2},"end":{"line":608,"column":22}},{"start":{},"end":{}}],"line":608}},"s":{"0":4,"1":4,"2":4,"3":4,"4":4,"5":4,"6":4,"7":4,"8":4,"9":4,"10":4,"11":4,"12":39,"13":39,"14":1,"15":1,"16":9,"17":9,"18":1,"19":8,"20":8,"21":1,"22":1,"23":7,"24":7,"25":2,"26":1,"27":1,"28":1,"29":1,"30":1,"31":1,"32":1,"33":1,"34":1,"35":1,"36":1,"37":2,"38":5,"39":2,"40":1,"41":1,"42":1,"43":1,"44":1,"45":1,"46":1,"47":1,"48":1,"49":1,"50":1,"51":2,"52":3,"53":2,"54":1,"55":1,"56":1,"57":1,"58":1,"59":1,"60":1,"61":1,"62":1,"63":1,"64":1,"65":2,"66":1,"67":4,"68":4,"69":0,"70":4,"71":4,"72":4,"73":1,"74":1,"75":3,"76":1,"77":1,"78":2,"79":2,"80":1,"81":1,"82":1,"83":1,"84":1,"85":1,"86":1,"87":1,"88":1,"89":4,"90":4,"91":0,"92":0,"93":4,"94":4,"95":0,"96":0,"97":0,"98":0,"99":0,"100":4,"101":1,"102":1,"103":0,"104":0,"105":1,"106":1,"107":0,"108":0,"109":0,"110":1,"111":3,"112":1,"113":1,"114":1,"115":0,"116":0,"117":1,"118":1,"119":0,"120":0,"121":1,"122":1,"123":1,"124":1,"125":1,"126":1,"127":2,"128":1,"129":1,"130":1,"131":0,"132":0,"133":1,"134":1,"135":0,"136":0,"137":1,"138":1,"139":1,"140":1,"141":0,"142":0,"143":1,"144":1,"145":1,"146":1,"147":1,"148":1,"149":1,"150":1,"151":1,"152":0,"153":0,"154":1,"155":1,"156":1,"157":0,"158":0,"159":1,"160":1,"161":1,"162":1,"163":1,"164":1,"165":1,"166":1,"167":1,"168":1,"169":0,"170":0,"171":0,"172":0,"173":0,"174":0,"175":0,"176":0,"177":0,"178":0,"179":0,"180":0,"181":0,"182":0,"183":0,"184":0,"185":0,"186":0,"187":0,"188":0,"189":0,"190":0,"191":0,"192":0,"193":0,"194":0,"195":0,"196":0,"197":0,"198":0,"199":0,"200":0,"201":0,"202":0,"203":15,"204":15,"205":15,"206":0,"207":0,"208":15,"209":3,"210":3,"211":0,"212":0,"213":3,"214":0,"215":0,"216":3,"217":3,"218":1,"219":1,"220":2,"221":2,"222":1,"223":1,"224":1,"225":1,"226":1,"227":1,"228":12,"229":1,"230":1,"231":1,"232":1,"233":0,"234":0,"235":0,"236":0,"237":11,"238":1,"239":1,"240":1,"241":1,"242":0,"243":0,"244":0,"245":10,"246":1,"247":1,"248":0,"249":0,"250":1,"251":1,"252":1,"253":1,"254":0,"255":0,"256":0,"257":0,"258":0,"259":0,"260":0,"261":0,"262":0,"263":0,"264":9,"265":1,"266":1,"267":0,"268":0,"269":1,"270":1,"271":1,"272":1,"273":0,"274":0,"275":0,"276":0,"277":0,"278":0,"279":0,"280":0,"281":0,"282":0,"283":0,"284":0,"285":0,"286":0,"287":0,"288":8,"289":1,"290":1,"291":1,"292":1,"293":0,"294":0,"295":0,"296":0,"297":0,"298":0,"299":0,"300":0,"301":0,"302":0,"303":7,"304":2,"305":2,"306":0,"307":0,"308":2,"309":2,"310":2,"311":2,"312":0,"313":0,"314":0,"315":0,"316":0,"317":0,"318":0,"319":0,"320":0,"321":0,"322":0,"323":0,"324":0,"325":0,"326":0,"327":0,"328":0,"329":5,"330":1,"331":1,"332":0,"333":0,"334":1,"335":1,"336":1,"337":1,"338":0,"339":0,"340":0,"341":0,"342":4,"343":1,"344":1,"345":1,"346":1,"347":0,"348":0,"349":0,"350":3,"351":1,"352":1,"353":0,"354":0,"355":1,"356":1,"357":1,"358":1,"359":0,"360":0,"361":0,"362":0,"363":0,"364":0,"365":2,"366":1,"367":1,"368":1,"369":1,"370":0,"371":0,"372":0,"373":0,"374":1,"375":0,"376":0,"377":0,"378":0,"379":0,"380":0,"381":0,"382":2,"383":2,"384":2,"385":0,"386":0,"387":0,"388":2,"389":1,"390":0,"391":0,"392":0,"393":0,"394":0,"395":0,"396":0,"397":0,"398":0,"399":0,"400":0,"401":0,"402":0,"403":0,"404":0,"405":0,"406":0,"407":0,"408":0,"409":0,"410":0,"411":0,"412":0,"413":0,"414":0,"415":0,"416":0,"417":0,"418":0,"419":0,"420":0,"421":0,"422":0,"423":0,"424":0,"425":0,"426":0,"427":4,"428":4},"f":{"0":39,"1":1,"2":1,"3":9,"4":4,"5":0,"6":4,"7":0,"8":0,"9":0,"10":1,"11":15,"12":0,"13":0,"14":0,"15":0,"16":0,"17":0,"18":0,"19":0,"20":0,"21":0,"22":2,"23":1,"24":0,"25":0,"26":0},"b":{"0":[1,8],"1":[1,7],"2":[2,5],"3":[1,1],"4":[2,2,1],"5":[2,3],"6":[1,1],"7":[2,2,1],"8":[2,1],"9":[1,1],"10":[2,2,1],"11":[0,4],"12":[1,3],"13":[4,4],"14":[1,2],"15":[3,1],"16":[1,1],"17":[0,4],"18":[0,4],"19":[1,3],"20":[0,1],"21":[1,0],"22":[0,0],"23":[0,0],"24":[1,2],"25":[0,1],"26":[1,1],"27":[0,1],"28":[1,0],"29":[1,0],"30":[1,1],"31":[1,1],"32":[0,1],"33":[1,1],"34":[0,1],"35":[0,1],"36":[1,0],"37":[1,1],"38":[1,0],"39":[0,1],"40":[0,1],"41":[1,1],"42":[1,0],"43":[1,1],"44":[1,0],"45":[1,1],"46":[0,0],"47":[0,0],"48":[0,0],"49":[0,0],"50":[0,0],"51":[0,0],"52":[0,0],"53":[0,0],"54":[0,15],"55":[3,12],"56":[0,3],"57":[0,3],"58":[1,2],"59":[1,1],"60":[1,11],"61":[1,0],"62":[1,10],"63":[1,0],"64":[0,0],"65":[1,9],"66":[0,1],"67":[1,0],"68":[0,0],"69":[0,0],"70":[1,8],"71":[0,1],"72":[1,0],"73":[0,0],"74":[0,0],"75":[1,7],"76":[1,0],"77":[0,0],"78":[2,5],"79":[0,2],"80":[2,0],"81":[0,0],"82":[0,0],"83":[0,0],"84":[0,0],"85":[0,0],"86":[0,0],"87":[1,4],"88":[0,1],"89":[1,0],"90":[1,3],"91":[1,0],"92":[1,2],"93":[0,1],"94":[1,0],"95":[0,0],"96":[1,1],"97":[1,0],"98":[1,1],"99":[0,0],"100":[2,0],"101":[0,2],"102":[0,0],"103":[0,0],"104":[0,0],"105":[0,0],"106":[0,0],"107":[0,0],"108":[0,0],"109":[0,0],"110":[0,0],"111":[0,0],"112":[0,0]},"_coverageSchema":"1a1c01bbd47fc00a2c39e90264f33305004495a9","hash":"d653bbdb85b6c77bdbb6ae1ae6f310b521a014bf"}
,"C:\\Users\\p8426\\Downloads\\사진1\\ghld\\backend\\db.js": {"path":"C:\\Users\\p8426\\Downloads\\사진1\\ghld\\backend\\db.js","statementMap":{"0":{"start":{"line":1,"column":17},"end":{"line":1,"column":36}},"1":{"start":{"line":4,"column":17},"end":{"line":4,"column":79}},"2":{"start":{"line":6,"column":0},"end":{"line":8,"column":3}},"3":{"start":{"line":10,"column":0},"end":{"line":12,"column":3}},"4":{"start":{"line":11,"column":2},"end":{"line":11,"column":35}},"5":{"start":{"line":13,"column":0},"end":{"line":15,"column":3}},"6":{"start":{"line":14,"column":2},"end":{"line":14,"column":50}}},"fnMap":{"0":{"name":"(anonymous_0)","decl":{"start":{"line":10,"column":36},"end":{"line":10,"column":37}},"loc":{"start":{"line":10,"column":42},"end":{"line":12,"column":1}},"line":10},"1":{"name":"(anonymous_1)","decl":{"start":{"line":13,"column":32},"end":{"line":13,"column":33}},"loc":{"start":{"line":13,"column":41},"end":{"line":15,"column":1}},"line":13}},"branchMap":{"0":{"loc":{"start":{"line":4,"column":17},"end":{"line":4,"column":79}},"type":"binary-expr","locations":[{"start":{"line":4,"column":17},"end":{"line":4,"column":40}},{"start":{"line":4,"column":44},"end":{"line":4,"column":79}}],"line":4}},"s":{"0":3,"1":3,"2":3,"3":3,"4":2,"5":3,"6":0},"f":{"0":2,"1":0},"b":{"0":[3,3]},"_coverageSchema":"1a1c01bbd47fc00a2c39e90264f33305004495a9","hash":"a38c255fa18479d2e587a7e5e6b7231310cfd5a9"}
,"C:\\Users\\p8426\\Downloads\\사진1\\ghld\\backend\\monsterSpawner.js": {"path":"C:\\Users\\p8426\\Downloads\\사진1\\ghld\\backend\\monsterSpawner.js","statementMap":{"0":{"start":{"line":2,"column":22},"end":{"line":2,"column":43}},"1":{"start":{"line":5,"column":2},"end":{"line":22,"column":12}},"2":{"start":{"line":6,"column":17},"end":{"line":6,"column":37}},"3":{"start":{"line":7,"column":4},"end":{"line":21,"column":5}},"4":{"start":{"line":9,"column":6},"end":{"line":9,"column":58}},"5":{"start":{"line":9,"column":48},"end":{"line":9,"column":56}},"6":{"start":{"line":10,"column":6},"end":{"line":20,"column":7}},"7":{"start":{"line":11,"column":19},"end":{"line":11,"column":33}},"8":{"start":{"line":12,"column":8},"end":{"line":12,"column":67}},"9":{"start":{"line":12,"column":44},"end":{"line":12,"column":67}},"10":{"start":{"line":13,"column":8},"end":{"line":13,"column":63}},"11":{"start":{"line":13,"column":42},"end":{"line":13,"column":63}},"12":{"start":{"line":14,"column":8},"end":{"line":17,"column":9}},"13":{"start":{"line":15,"column":20},"end":{"line":15,"column":84}},"14":{"start":{"line":16,"column":10},"end":{"line":16,"column":32}},"15":{"start":{"line":18,"column":28},"end":{"line":18,"column":57}},"16":{"start":{"line":19,"column":8},"end":{"line":19,"column":117}},"17":{"start":{"line":19,"column":38},"end":{"line":19,"column":115}},"18":{"start":{"line":24,"column":0},"end":{"line":24,"column":36}}},"fnMap":{"0":{"name":"respawnMonster","decl":{"start":{"line":4,"column":9},"end":{"line":4,"column":23}},"loc":{"start":{"line":4,"column":167},"end":{"line":23,"column":1}},"line":4},"1":{"name":"(anonymous_1)","decl":{"start":{"line":5,"column":13},"end":{"line":5,"column":14}},"loc":{"start":{"line":5,"column":19},"end":{"line":22,"column":3}},"line":5},"2":{"name":"(anonymous_2)","decl":{"start":{"line":9,"column":43},"end":{"line":9,"column":44}},"loc":{"start":{"line":9,"column":48},"end":{"line":9,"column":56}},"line":9},"3":{"name":"(anonymous_3)","decl":{"start":{"line":19,"column":28},"end":{"line":19,"column":29}},"loc":{"start":{"line":19,"column":38},"end":{"line":19,"column":115}},"line":19}},"branchMap":{"0":{"loc":{"start":{"line":7,"column":4},"end":{"line":21,"column":5}},"type":"if","locations":[{"start":{"line":7,"column":4},"end":{"line":21,"column":5}},{"start":{},"end":{}}],"line":7},"1":{"loc":{"start":{"line":10,"column":6},"end":{"line":20,"column":7}},"type":"if","locations":[{"start":{"line":10,"column":6},"end":{"line":20,"column":7}},{"start":{},"end":{}}],"line":10},"2":{"loc":{"start":{"line":12,"column":8},"end":{"line":12,"column":67}},"type":"if","locations":[{"start":{"line":12,"column":8},"end":{"line":12,"column":67}},{"start":{},"end":{}}],"line":12},"3":{"loc":{"start":{"line":13,"column":8},"end":{"line":13,"column":63}},"type":"if","locations":[{"start":{"line":13,"column":8},"end":{"line":13,"column":63}},{"start":{},"end":{}}],"line":13},"4":{"loc":{"start":{"line":14,"column":8},"end":{"line":17,"column":9}},"type":"if","locations":[{"start":{"line":14,"column":8},"end":{"line":17,"column":9}},{"start":{},"end":{}}],"line":14}},"s":{"0":3,"1":4,"2":4,"3":4,"4":4,"5":1,"6":4,"7":3,"8":3,"9":0,"10":3,"11":0,"12":3,"13":2,"14":2,"15":3,"16":3,"17":2,"18":3},"f":{"0":4,"1":4,"2":1,"3":2},"b":{"0":[4,0],"1":[3,1],"2":[0,3],"3":[0,3],"4":[2,1]},"_coverageSchema":"1a1c01bbd47fc00a2c39e90264f33305004495a9","hash":"1f812f0a82a3af00087a55e520d988a35d9e8f8c"}
,"C:\\Users\\p8426\\Downloads\\사진1\\ghld\\backend\\playerManager.js": {"path":"C:\\Users\\p8426\\Downloads\\사진1\\ghld\\backend\\playerManager.js","statementMap":{"0":{"start":{"line":4,"column":4},"end":{"line":4,"column":22}},"1":{"start":{"line":7,"column":4},"end":{"line":7,"column":35}},"2":{"start":{"line":10,"column":4},"end":{"line":10,"column":30}},"3":{"start":{"line":13,"column":4},"end":{"line":13,"column":30}},"4":{"start":{"line":16,"column":4},"end":{"line":16,"column":24}},"5":{"start":{"line":20,"column":0},"end":{"line":20,"column":37}}},"fnMap":{"0":{"name":"(anonymous_0)","decl":{"start":{"line":3,"column":2},"end":{"line":3,"column":3}},"loc":{"start":{"line":3,"column":16},"end":{"line":5,"column":3}},"line":3},"1":{"name":"(anonymous_1)","decl":{"start":{"line":6,"column":2},"end":{"line":6,"column":3}},"loc":{"start":{"line":6,"column":29},"end":{"line":8,"column":3}},"line":6},"2":{"name":"(anonymous_2)","decl":{"start":{"line":9,"column":2},"end":{"line":9,"column":3}},"loc":{"start":{"line":9,"column":21},"end":{"line":11,"column":3}},"line":9},"3":{"name":"(anonymous_3)","decl":{"start":{"line":12,"column":2},"end":{"line":12,"column":3}},"loc":{"start":{"line":12,"column":18},"end":{"line":14,"column":3}},"line":12},"4":{"name":"(anonymous_4)","decl":{"start":{"line":15,"column":2},"end":{"line":15,"column":3}},"loc":{"start":{"line":15,"column":18},"end":{"line":17,"column":3}},"line":15}},"branchMap":{},"s":{"0":4,"1":7,"2":1,"3":2,"4":4,"5":4},"f":{"0":4,"1":7,"2":1,"3":2,"4":4},"b":{},"_coverageSchema":"1a1c01bbd47fc00a2c39e90264f33305004495a9","hash":"8084189b5854d630f9c3c5e815e8b8ec23d8898e"}
,"C:\\Users\\p8426\\Downloads\\사진1\\ghld\\backend\\roomManager.js": {"path":"C:\\Users\\p8426\\Downloads\\사진1\\ghld\\backend\\roomManager.js","statementMap":{"0":{"start":{"line":1,"column":13},"end":{"line":1,"column":36}},"1":{"start":{"line":7,"column":4},"end":{"line":7,"column":20}},"2":{"start":{"line":10,"column":4},"end":{"line":10,"column":51}},"3":{"start":{"line":10,"column":28},"end":{"line":10,"column":51}},"4":{"start":{"line":11,"column":4},"end":{"line":11,"column":57}},"5":{"start":{"line":11,"column":31},"end":{"line":11,"column":57}},"6":{"start":{"line":12,"column":4},"end":{"line":12,"column":115}},"7":{"start":{"line":12,"column":34},"end":{"line":12,"column":115}},"8":{"start":{"line":13,"column":4},"end":{"line":13,"column":35}},"9":{"start":{"line":16,"column":4},"end":{"line":16,"column":52}},"10":{"start":{"line":19,"column":4},"end":{"line":19,"column":55}},"11":{"start":{"line":22,"column":4},"end":{"line":22,"column":57}},"12":{"start":{"line":26,"column":0},"end":{"line":26,"column":35}}},"fnMap":{"0":{"name":"(anonymous_0)","decl":{"start":{"line":5,"column":2},"end":{"line":5,"column":3}},"loc":{"start":{"line":5,"column":16},"end":{"line":8,"column":3}},"line":5},"1":{"name":"(anonymous_1)","decl":{"start":{"line":9,"column":2},"end":{"line":9,"column":3}},"loc":{"start":{"line":9,"column":23},"end":{"line":14,"column":3}},"line":9},"2":{"name":"(anonymous_2)","decl":{"start":{"line":15,"column":2},"end":{"line":15,"column":3}},"loc":{"start":{"line":15,"column":43},"end":{"line":17,"column":3}},"line":15},"3":{"name":"(anonymous_3)","decl":{"start":{"line":18,"column":2},"end":{"line":18,"column":3}},"loc":{"start":{"line":18,"column":48},"end":{"line":20,"column":3}},"line":18},"4":{"name":"(anonymous_4)","decl":{"start":{"line":21,"column":2},"end":{"line":21,"column":3}},"loc":{"start":{"line":21,"column":32},"end":{"line":23,"column":3}},"line":21}},"branchMap":{"0":{"loc":{"start":{"line":10,"column":4},"end":{"line":10,"column":51}},"type":"if","locations":[{"start":{"line":10,"column":4},"end":{"line":10,"column":51}},{"start":{},"end":{}}],"line":10},"1":{"loc":{"start":{"line":11,"column":4},"end":{"line":11,"column":57}},"type":"if","locations":[{"start":{"line":11,"column":4},"end":{"line":11,"column":57}},{"start":{},"end":{}}],"line":11},"2":{"loc":{"start":{"line":12,"column":4},"end":{"line":12,"column":115}},"type":"if","locations":[{"start":{"line":12,"column":4},"end":{"line":12,"column":115}},{"start":{},"end":{}}],"line":12}},"s":{"0":5,"1":5,"2":17,"3":6,"4":17,"5":8,"6":17,"7":8,"8":17,"9":7,"10":4,"11":5,"12":5},"f":{"0":5,"1":17,"2":7,"3":4,"4":5},"b":{"0":[6,11],"1":[8,9],"2":[8,9]},"_coverageSchema":"1a1c01bbd47fc00a2c39e90264f33305004495a9","
[...]
0,"column":4},"end":{"line":80,"column":36}},"60":{"start":{"line":81,"column":4},"end":{"line":81,"column":58}},"61":{"start":{"line":82,"column":4},"end":{"line":82,"column":31}},"62":{"start":{"line":83,"column":4},"end":{"line":83,"column":35}},"63":{"start":{"line":84,"column":4},"end":{"line":84,"column":119}},"64":{"start":{"line":88,"column":0},"end":{"line":88,"column":29}}},"fnMap":{"0":{"name":"(anonymous_0)","decl":{"start":{"line":7,"column":2},"end":{"line":7,"column":3}},"loc":{"start":{"line":7,"column":68},"end":{"line":11,"column":3}},"line":7},"1":{"name":"(anonymous_1)","decl":{"start":{"line":16,"column":2},"end":{"line":16,"column":3}},"loc":{"start":{"line":16,"column":75},"end":{"line":49,"column":3}},"line":16},"2":{"name":"(anonymous_2)","decl":{"start":{"line":28,"column":39},"end":{"line":28,"column":40}},"loc":{"start":{"line":28,"column":49},"end":{"line":28,"column":71}},"line":28},"3":{"name":"(anonymous_3)","decl":{"start":{"line":45,"column":48},"end":{"line":45,"column":49}},"loc":{"start":{"line":45,"column":54},"end":{"line":45,"column":56}},"line":45},"4":{"name":"(anonymous_4)","decl":{"start":{"line":54,"column":2},"end":{"line":54,"column":3}},"loc":{"start":{"line":54,"column":76},"end":{"line":85,"column":3}},"line":54},"5":{"name":"(anonymous_5)","decl":{"start":{"line":64,"column":43},"end":{"line":64,"column":44}},"loc":{"start":{"line":64,"column":53},"end":{"line":64,"column":75}},"line":64},"6":{"name":"(anonymous_6)","decl":{"start":{"line":71,"column":39},"end":{"line":71,"column":40}},"loc":{"start":{"line":71,"column":49},"end":{"line":71,"column":71}},"line":71},"7":{"name":"(anonymous_7)","decl":{"start":{"line":81,"column":48},"end":{"line":81,"column":49}},"loc":{"start":{"line":81,"column":54},"end":{"line":81,"column":56}},"line":81}},"branchMap":{"0":{"loc":{"start":{"line":18,"column":4},"end":{"line":18,"column":59}},"type":"if","locations":[{"start":{"line":18,"column":4},"end":{"line":18,"column":59}},{"start":{},"end":{}}],"line":18},"1":{"loc":{"start":{"line":21,"column":4},"end":{"line":24,"column":5}},"type":"if","locations":[{"start":{"line":21,"column":4},"end":{"line":24,"column":5}},{"start":{},"end":{}}],"line":21},"2":{"loc":{"start":{"line":29,"column":6},"end":{"line":29,"column":27}},"type":"if","locations":[{"start":{"line":29,"column":6},"end":{"line":29,"column":27}},{"start":{},"end":{}}],"line":29},"3":{"loc":{"start":{"line":31,"column":4},"end":{"line":34,"column":5}},"type":"if","locations":[{"start":{"line":31,"column":4},"end":{"line":34,"column":5}},{"start":{},"end":{}}],"line":31},"4":{"loc":{"start":{"line":35,"column":4},"end":{"line":38,"column":5}},"type":"if","locations":[{"start":{"line":35,"column":4},"end":{"line":38,"column":5}},{"start":{},"end":{}}],"line":35},"5":{"loc":{"start":{"line":39,"column":4},"end":{"line":42,"column":5}},"type":"if","locations":[{"start":{"line":39,"column":4},"end":{"line":42,"column":5}},{"start":{},"end":{}}],"line":39},"6":{"loc":{"start":{"line":56,"column":4},"end":{"line":56,"column":24}},"type":"if","locations":[{"start":{"line":56,"column":4},"end":{"line":56,"column":24}},{"start":{},"end":{}}],"line":56},"7":{"loc":{"start":{"line":59,"column":4},"end":{"line":62,"column":5}},"type":"if","locations":[{"start":{"line":59,"column":4},"end":{"line":62,"column":5}},{"start":{},"end":{}}],"line":59},"8":{"loc":{"start":{"line":65,"column":4},"end":{"line":68,"column":5}},"type":"if","locations":[{"start":{"line":65,"column":4},"end":{"line":68,"column":5}},{"start":{},"end":{}}],"line":65},"9":{"loc":{"start":{"line":72,"column":6},"end":{"line":72,"column":27}},"type":"if","locations":[{"start":{"line":72,"column":6},"end":{"line":72,"column":27}},{"start":{},"end":{}}],"line":72},"10":{"loc":{"start":{"line":74,"column":4},"end":{"line":77,"column":5}},"type":"if","locations":[{"start":{"line":74,"column":4},"end":{"line":77,"column":5}},{"start":{},"end":{}}],"line":74}},"s":{"0":11,"1":11,"2":11,"3":4,"4":4,"5":0,"6":0,"7":4,"8":4,"9":4,"10":1,"11":1,"12":3,"13":3,"14":3,"15":4,"16":4,"17":4,"18":2,"19":3,"20":1,"21":1,"22":2,"23":1,"24":1,"25":1,"26":0,"27":0,"28":1,"29":1,"30":1,"31":1,"32":1,"33":1,"34":4,"35":4,"36":0,"37":4,"38":4,"39":4,"40":1,"41":1,"42":3,"43":3,"44":2,"45":3,"46":1,"47":1,"48":2,"49":2,"50":3,"51":3,"52":3,"53":1,"54":2,"55":1,"56":1,"57":1,"58":1,"59":1,"60":1,"61":1,"62":1,"63":1,"64":5},"f":{"0":11,"1":4,"2":4,"3":0,"4":4,"5":2,"6":3,"7":0},"b":{"0":[0,4],"1":[1,3],"2":[2,2],"3":[1,2],"4":[1,1],"5":[0,1],"6":[0,4],"7":[1,3],"8":[1,2],"9":[1,2],"10":[1,1]},"_coverageSchema":"1a1c01bbd47fc00a2c39e90264f33305004495a9","hash":"b0045e7ad94f760d8cbeaa80a9a60ae0aa7c69e8"}
,"C:\\Users\\p8426\\Downloads\\사진1\\ghld\\backend\\utils\\Room.js": {"path":"C:\\Users\\p8426\\Downloads\\사진1\\ghld\\backend\\utils\\Room.js","statementMap":{"0":{"start":{"line":3,"column":4},"end":{"line":3,"column":15}},"1":{"start":{"line":4,"column":4},"end":{"line":4,"column":15}},"2":{"start":{"line":5,"column":4},"end":{"line":5,"column":21}},"3":{"start":{"line":6,"column":4},"end":{"line":6,"column":21}},"4":{"start":{"line":7,"column":4},"end":{"line":7,"column":35}},"5":{"start":{"line":8,"column":4},"end":{"line":8,"column":23}},"6":{"start":{"line":9,"column":4},"end":{"line":9,"column":29}},"7":{"start":{"line":10,"column":4},"end":{"line":10,"column":20}},"8":{"start":{"line":11,"column":4},"end":{"line":11,"column":23}},"9":{"start":{"line":13,"column":26},"end":{"line":13,"column":55}},"10":{"start":{"line":14,"column":29},"end":{"line":14,"column":61}},"11":{"start":{"line":15,"column":26},"end":{"line":15,"column":62}},"12":{"start":{"line":16,"column":18},"end":{"line":16,"column":40}},"13":{"start":{"line":17,"column":25},"end":{"line":17,"column":82}},"14":{"start":{"line":17,"column":61},"end":{"line":17,"column":80}},"15":{"start":{"line":18,"column":24},"end":{"line":18,"column":52}},"16":{"start":{"line":19,"column":29},"end":{"line":19,"column":91}},"17":{"start":{"line":19,"column":71},"end":{"line":19,"column":89}},"18":{"start":{"line":21,"column":0},"end":{"line":21,"column":22}}},"fnMap":{"0":{"name":"(anonymous_0)","decl":{"start":{"line":2,"column":2},"end":{"line":2,"column":3}},"loc":{"start":{"line":2,"column":52},"end":{"line":12,"column":3}},"line":2},"1":{"name":"(anonymous_1)","decl":{"start":{"line":13,"column":2},"end":{"line":13,"column":3}},"loc":{"start":{"line":13,"column":24},"end":{"line":13,"column":57}},"line":13},"2":{"name":"(anonymous_2)","decl":{"start":{"line":14,"column":2},"end":{"line":14,"column":3}},"loc":{"start":{"line":14,"column":27},"end":{"line":14,"column":63}},"line":14},"3":{"name":"(anonymous_3)","decl":{"start":{"line":15,"column":2},"end":{"line":15,"column":3}},"loc":{"start":{"line":15,"column":24},"end":{"line":15,"column":64}},"line":15},"4":{"name":"(anonymous_4)","decl":{"start":{"line":16,"column":2},"end":{"line":16,"column":3}},"loc":{"start":{"line":16,"column":16},"end":{"line":16,"column":42}},"line":16},"5":{"name":"(anonymous_5)","decl":{"start":{"line":17,"column":2},"end":{"line":17,"column":3}},"loc":{"start":{"line":17,"column":23},"end":{"line":17,"column":84}},"line":17},"6":{"name":"(anonymous_6)","decl":{"start":{"line":17,"column":56},"end":{"line":17,"column":57}},"loc":{"start":{"line":17,"column":61},"end":{"line":17,"column":80}},"line":17},"7":{"name":"(anonymous_7)","decl":{"start":{"line":18,"column":2},"end":{"line":18,"column":3}},"loc":{"start":{"line":18,"column":22},"end":{"line":18,"column":54}},"line":18},"8":{"name":"(anonymous_8)","decl":{"start":{"line":19,"column":2},"end":{"line":19,"column":3}},"loc":{"start":{"line":19,"column":27},"end":{"line":19,"column":93}},"line":19},"9":{"name":"(anonymous_9)","decl":{"start":{"line":19,"column":66},"end":{"line":19,"column":67}},"loc":{"start":{"line":19,"column":71},"end":{"line":19,"column":89}},"line":19}},"branchMap":{},"s":{"0":8513,"1":8513,"2":8513,"3":8513,"4":8513,"5":8513,"6":8513,"7":8513,"8":8513,"9":10,"10":6,"11":2,"12":1,"13":2,"14":1,"15":1,"16":2,"17":1,"18":11},"f":{"0":8513,"1":10,"2":6,"3":2,"4":1,"5":2,"6":1,"7":1,"8":2,"9":1},"b":{},"_coverageSchema":"1a1c01bbd47fc00a2c39e90264f33305004495a9","hash":"2a31b2a42f5b68376bfd26283825b8a3325a33a1"}
,"C:\\Users\\p8426\\Downloads\\사진1\\ghld\\backend\\utils\\broadcast.js": {"path":"C:\\Users\\p8426\\Downloads\\사진1\\ghld\\backend\\utils\\broadcast.js","statementMap":{"0":{"start":{"line":10,"column":52},"end":{"line":10,"column":74}},"1":{"start":{"line":11,"column":15},"end":{"line":11,"column":42}},"2":{"start":{"line":12,"column":22},"end":{"line":12,"column":24}},"3":{"start":{"line":13,"column":13},"end":{"line":13,"column":30}},"4":{"start":{"line":19,"column":14},"end":{"line":19,"column":33}},"5":{"start":{"line":20,"column":2},"end":{"line":24,"column":5}},"6":{"start":{"line":21,"column":4},"end":{"line":23,"column":5}},"7":{"start":{"line":22,"column":6},"end":{"line":22,"column":23}},"8":{"start":{"line":31,"column":2},"end":{"line":31,"column":66}},"9":{"start":{"line":38,"column":19},"end":{"line":38,"column":34}},"10":{"start":{"line":39,"column":16},"end":{"line":39,"column":33}},"11":{"start":{"line":40,"column":15},"end":{"line":40,"column":35}},"12":{"start":{"line":41,"column":2},"end":{"line":44,"column":3}},"13":{"start":{"line":42,"column":4},"end":{"line":42,"column":83}},"14":{"start":{"line":43,"column":4},"end":{"line":43,"column":11}},"15":{"start":{"line":45,"column":21},"end":{"line":45,"column":50}},"16":{"start":{"line":47,"column":16},"end":{"line":47,"column":25}},"17":{"start":{"line":48,"column":2},"end":{"line":48,"column":43}},"18":{"start":{"line":48,"column":19},"end":{"line":48,"column":43}},"19":{"start":{"line":50,"column":15},"end":{"line":50,"column":16}},"20":{"start":{"line":51,"column":22},"end":{"line":51,"column":24}},"21":{"start":{"line":52,"column":2},"end":{"line":59,"column":3}},"22":{"start":{"line":52,"column":16},"end":{"line":52,"column":24}},"23":{"start":{"line":53,"column":4},"end":{"line":58,"column":5}},"24":{"start":{"line":53,"column":18},"end":{"line":53,"column":26}},"25":{"start":{"line":54,"column":6},"end":{"line":57,"column":7}},"26":{"start":{"line":55,"column":18},"end":{"line":55,"column":40}},"27":{"start":{"line":56,"column":8},"end":{"line":56,"column":64}},"28":{"start":{"line":56,"column":15},"end":{"line":56,"column":64}},"29":{"start":{"line":61,"column":18},"end":{"line":61,"column":20}},"30":{"start":{"line":62,"column":2},"end":{"line":69,"column":3}},"31":{"start":{"line":62,"column":16},"end":{"line":62,"column":17}},"32":{"start":{"line":63,"column":16},"end":{"line":63,"column":18}},"33":{"start":{"line":64,"column":4},"end":{"line":67,"column":5}},"34":{"start":{"line":64,"column":18},"end":{"line":64,"column":19}},"35":{"start":{"line":65,"column":16},"end":{"line":65,"column":38}},"36":{"start":{"line":66,"column":6},"end":{"line":66,"column":45}},"37":{"start":{"line":68,"column":4},"end":{"line":68,"column":22}},"38":{"start":{"line":70,"column":2},"end":{"line":90,"column":4}},"39":{"start":{"line":91,"column":2},"end":{"line":98,"column":3}},"40":{"start":{"line":92,"column":4},"end":{"line":97,"column":6}},"41":{"start":{"line":105,"column":2},"end":{"line":109,"column":5}},"42":{"start":{"line":106,"column":4},"end":{"line":108,"column":5}},"43":{"start":{"line":107,"column":6},"end":{"line":107,"column":73}},"44":{"start":{"line":116,"column":2},"end":{"line":121,"column":4}},"45":{"start":{"line":128,"column":15},"end":{"line":145,"column":3}},"46":{"start":{"line":146,"column":2},"end":{"line":146,"column":62}},"47":{"start":{"line":149,"column":0},"end":{"line":149,"column":126}}},"fnMap":{"0":{"name":"broadcast","decl":{"start":{"line":18,"column":9},"end":{"line":18,"column":18}},"loc":{"start":{"line":18,"column":29},"end":{"line":25,"column":1}},"line":18},"1":{"name":"(anonymous_1)","decl":{"start":{"line":20,"column":22},"end":{"line":20,"column":23}},"loc":{"start":{"line":20,"column":34},"end":{"line":24,"column":3}},"line":20},"2":{"name":"sendPlayerList","decl":{"start":{"line":30,"column":9},"end":{"line":30,"column":23}},"loc":{"start":{"line":30,"column":38},"end":{"line":32,"column":1}},"line":30},"3":{"name":"sendRoomInfo","decl":{"start":{"line":37,"column":9},"end":{"line":37,"column":21}},"loc":{"start":{"line":37,"column":81},"end":{"line":99,"column":1}},"line":37},"4":{"name":"sendRoomInfoToAllInRoom","decl":{"start":{"line":104,"column":9},"end":{"line":104,"column":32}},"loc":{"start":{"line":104,"column":106},"end":{"line":110,"column":1}},"line":104},"5":{"name":"(anonymous_5)","decl":{"start":{"line":105,"column":33},"end":{"line":105,"column":34}},"loc":{"start":{"line":105,"column":40},"end":{"line":109,"column":3}},"line":105},"6":{"name":"sendInventory","decl":{"start":{"line":115,"column":9},"end":{"line":115,"column":22}},"loc":{"start":{"line":115,"column":31},"end":{"line":122,"column":1}},"line":115},"7":{"name":"sendCharacterInfo","decl":{"start":{"line":127,"column":9},"end":{"line":127,"column":26}},"loc":{"start":{"line":127,"column":35},"end":{"line":147,"column":1}},"line":127}},"branchMap":{"0":{"loc":{"start":{"line":21,"column":4},"end":{"line":23,"column":5}},"type":"if","locations":[{"start":{"line":21,"column":4},"end":{"line":23,"column":5}},{"start":{},"end":{}}],"line":21},"1":{"loc":{"start":{"line":39,"column":16},"end":{"line":39,"column":33}},"type":"binary-expr","locations":[{"start":{"line":39,"column":16},"end":{"line":39,"column":28}},{"start":{"line":39,"column":32},"end":{"line":39,"column":33}}],"line":39},"2":{"loc":{"start":{"line":41,"column":2},"end":{"line":44,"column":3}},"type":"if","locations":[{"start":{"line":41,"column":2},"end":{"line":44,"column":3}},{"start":{},"end":{}}],"line":41},"3":{"loc":{"start":{"line":48,"column":2},"end":{"line":48,"column":43}},"type":"if","locations":[{"start":{"line":48,"column":2},"end":{"line":48,"column":43}},{"start":{},"end":{}}],"line":48},"4":{"loc":{"start":{"line":54,"column":6},"end":{"line":57,"column":7}},"type":"if","locations":[{"start":{"line":54,"column":6},"end":{"line":57,"column":7}},{"start":{},"end":{}}],"line":54},"5":{"loc":{"start":{"line":54,"column":10},"end":{"line":54,"column":60}},"type":"binary-expr","locations":[{"start":{"line":54,"column":10},"end":{"line":54,"column":17}},{"start":{"line":54,"column":21},"end":{"line":54,"column":33}},{"start":{"line":54,"column":37},"end":{"line":54,"column":44}},{"start":{"line":54,"column":48},"end":{"line":54,"column":60}}],"line":54},"6":{"loc":{"start":{"line":56,"column":8},"end":{"line":56,"column":64}},"type":"if","locations":[{"start":{"line":56,"column":8},"end":{"line":56,"column":64}},{"start":{},"end":{}}],"line":56},"7":{"loc":{"start":{"line":66,"column":15},"end":{"line":66,"column":43}},"type":"cond-expr","locations":[{"start":{"line":66,"column":19},"end":{"line":66,"column":25}},{"start":{"line":66,"column":28},"end":{"line":66,"column":43}}],"line":66},"8":{"loc":{"start":{"line":85,"column":12},"end":{"line":85,"column":55}},"type":"cond-expr","locations":[{"start":{"line":85,"column":26},"end":{"line":85,"column":50}},{"start":{"line":85,"column":53},"end":{"line":85,"column":55}}],"line":85},"9":{"loc":{"start":{"line":91,"column":2},"end":{"line":98,"column":3}},"type":"if","locations":[{"start":{"line":91,"column":2},"end":{"line":98,"column":3}},{"start":{},"end":{}}],"line":91},"10":{"loc":{"start":{"line":106,"column":4},"end":{"line":108,"column":5}},"type":"if","locations":[{"start":{"line":106,"column":4},"end":{"line":108,"column":5}},{"start":{},"end":{}}],"line":106},"11":{"loc":{"start":{"line":106,"column":8},"end":{"line":106,"column":88}},"type":"binary-expr","locations":[{"start":{"line":106,"column":8},"end":{"line":106,"column":9}},{"start":{"line":106,"column":13},"end":{"line":106,"column":30}},{"start":{"line":106,"column":34},"end":{"line":106,"column":44}},{"start":{"line":106,"column":48},"end":{"line":106,"column":66}},{"start":{"line":106,"column":70},"end":{"line":106,"column":88}}],"line":106},"12":{"loc":{"start":{"line":136,"column":9},"end":{"line":136,"column":75}},"type":"cond-expr","locations":[{"start":{"line":136,"column":47},"end":{"line":136,"column":62}},{"start":{"line":136,"column":65},"end":{"line":136,"column":75}}],"line":136},"13":{"loc":{"start":{"line":137,"column":9},"end":{"line":137,"column":75}},"type":"cond-expr","locations":[{"start":{"line":137,"column":47},"end":{"line":137,"column":62}},{"start":{"line":137,"column":65},"end":{"line":137,"column":75}}],"line":137}},"s":{"0":6,"1":6,"2":6,"3":6,"4":3,"5":3,"6":4,"7":3,"8":1,"9":6,"10":6,"11":6,"12":6,"13":0,"14":0,"15":6,"16":6,"17":6,"18":1,"19":6,"20":6,"21":6,"22":6,"23":30,"24":30,"25":150,"26":107,"27":107,"28":107,"29":6,"30":6,"31":6,"32":65,"33":65,"34":65,"35":1175,"36":1175,"37":65,"38":6,"39":6,"40":3,"41":4,"42":5,"43":5,"44":1,"45":1,"46":1,"47":6},"f":{"0":3,"1":4,"2":1,"3":6,"4":4,"5":5,"6":1,"7":1},"b":{"0":[3,1],"1":[6,0],"2":[0,6],"3":[1,5],"4":[107,43],"5":[150,125,125,107],"6":[107,0],"7":[1175,0],"8":[4,2],"9":[3,3],"10":[5,0],"11":[5,5,5,5,5],"12":[1,0],"13":[1,0]},"_coverageSchema":"1a1c01bbd47fc00a2c39e90264f33305004495a9","hash":"4fa3e53c56536a23f7f6168db44c21059e89f9d9"}
,"C:\\Users\\p8426\\Downloads\\사진1\\ghld\\backend\\utils\\expUtils.js": {"path":"C:\\Users\\p8426\\Downloads\\사진1\\ghld\\backend\\utils\\expUtils.js","statementMap":{"0":{"start":{"line":8,"column":22},"end":{"line":8,"column":26}},"1":{"start":{"line":14,"column":2},"end":{"line":14,"column":36}},"2":{"start":{"line":22,"column":2},"end":{"line":22,"column":61}},"3":{"start":{"line":22,"column":40},"end":{"line":22,"column":61}},"4":{"start":{"line":23,"column":2},"end":{"line":23,"column":74}},"5":{"start":{"line":30,"column":2},"end":{"line":30,"column":42}},"6":{"start":{"line":30,"column":33},"end":{"line":30,"column":42}},"7":{"start":{"line":31,"column":14},"end":{"line":31,"column":44}},"8":{"start":{"line":32,"column":14},"end":{"line":32,"column":44}},"9":{"start":{"line":33,"column":2},"end":{"line":33,"column":59}},"10":{"start":{"line":36,"column":0},"end":{"line":36,"column":80}}},"fnMap":{"0":{"name":"calcNextStatExp","decl":{"start":{"line":13,"column":9},"end":{"line":13,"column":24}},"loc":{"start":{"line":13,"column":31},"end":{"line":15,"column":1}},"line":13},"1":{"name":"calcExpBonus","decl":{"start":{"line":21,"column":9},"end":{"line":21,"column":21}},"loc":{"start":{"line":21,"column":35},"end":{"line":24,"column":1}},"line":21},"2":{"name":"calcGoldDrop","decl":{"start":{"line":29,"column":9},"end":{"line":29,"column":21}},"loc":{"start":{"line":29,"column":31},"end":{"line":34,"column":1}},"line":29}},"branchMap":{"0":{"loc":{"start":{"line":22,"column":2},"end":{"line":22,"column":61}},"type":"if","locations":[{"start":{"line":22,"column":2},"end":{"line":22,"column":61}},{"start":{},"end":{}}],"line":22},"1":{"loc":{"start":{"line":22,"column":6},"end":{"line":22,"column":38}},"type":"binary-expr","locations":[{"start":{"line":22,"column":6},"end":{"line":22,"column":18}},{"start":{"line":22,"column":22},"end":{"line":22,"column":38}}],"line":22},"2":{"loc":{"start":{"line":30,"column":2},"end":{"line":30,"column":42}},"type":"if","locations":[{"start":{"line":30,"column":2},"end":{"line":30,"column":42}},{"start":{},"end":{}}],"line":30},"3":{"loc":{"start":{"line":30,"column":6},"end":{"line":30,"column":31}},"type":"binary-expr","locations":[{"start":{"line":30,"column":6},"end":{"line":30,"column":14}},{"start":{"line":30,"column":18},"end":{"line":30,"column":31}}],"line":30}},"s":{"0":10,"1":6,"2":25,"3":0,"4":25,"5":17,"6":2,"7":15,"8":15,"9":15,"10":10},"f":{"0":6,"1":25,"2":17},"b":{"0":[0,25],"1":[25,25],"2":[2,15],"3":[17,17]},"_coverageSchema":"1a1c01bbd47fc00a2c39e90264f33305004495a9","hash":"dc08fe57c8ca31f607f6f42c302333f9521bf574"}
}
