TN:
SF:backend\data\items.js
FNF:0
FNH:0
DA:1,1
DA:7,1
DA:14,1
DA:20,1
DA:27,1
DA:28,1
DA:29,1
DA:30,1
DA:31,1
DA:32,1
DA:33,1
DA:34,1
DA:35,1
DA:36,1
DA:37,1
DA:38,1
DA:39,1
DA:40,1
DA:41,1
DA:42,1
DA:43,1
DA:44,1
DA:45,1
DA:46,1
DA:47,1
DA:49,1
DA:55,1
DA:56,1
DA:57,1
DA:58,1
DA:60,1
DA:93,1
DA:108,1
DA:126,1
LF:34
LH:34
BRF:0
BRH:0
end_of_record
TN:
SF:backend\data\map.js
FN:145,(anonymous_0)
FN:151,(anonymous_1)
FN:157,(anonymous_2)
FN:161,getRandomMonsterPositions
FN:167,(anonymous_4)
FN:168,(anonymous_5)
FN:181,(anonymous_6)
FN:182,(anonymous_7)
FN:183,(anonymous_8)
FN:211,(anonymous_9)
FN:213,(anonymous_10)
FN:215,(anonymous_11)
FN:219,(anonymous_12)
FN:230,(anonymous_13)
FN:239,getRoom
FN:241,(anonymous_15)
FNF:16
FNH:14
FNDA:10,(anonymous_0)
FNDA:10,(anonymous_1)
FNDA:10,(anonymous_2)
FNDA:3,getRandomMonsterPositions
FNDA:30537,(anonymous_4)
FNDA:56514,(anonymous_5)
FNDA:4490,(anonymous_6)
FNDA:4490,(anonymous_7)
FNDA:4490,(anonymous_8)
FNDA:82008,(anonymous_9)
FNDA:75433,(anonymous_10)
FNDA:66574,(anonymous_11)
FNDA:1484,(anonymous_12)
FNDA:57,(anonymous_13)
FNDA:0,getRoom
FNDA:0,(anonymous_15)
DA:1,1
DA:2,1
DA:3,1
DA:5,1
DA:6,1
DA:8,1
DA:20,1
DA:26,1
DA:27,1
DA:28,9
DA:30,81
DA:31,81
DA:32,1
DA:33,1
DA:34,1
DA:35,1
DA:36,80
DA:37,27
DA:38,27
DA:39,27
DA:40,27
DA:41,27
DA:42,27
DA:43,27
DA:44,27
DA:45,53
DA:46,27
DA:47,27
DA:48,27
DA:49,27
DA:50,27
DA:51,27
DA:52,27
DA:53,27
DA:55,26
DA:56,26
DA:57,26
DA:58,26
DA:60,81
DA:61,81
DA:62,81
DA:63,72
DA:64,72
DA:65,72
DA:66,72
DA:67,72
DA:69,81
DA:74,1
DA:75,1
DA:76,1
DA:77,9
DA:79,81
DA:80,81
DA:81,32
DA:82,32
DA:83,32
DA:84,49
DA:86,24
DA:87,1
DA:88,1
DA:89,1
DA:91,23
DA:92,23
DA:93,23
DA:95,23
DA:96,23
DA:98,25
DA:99,9
DA:100,9
DA:101,9
DA:103,9
DA:104,9
DA:105,16
DA:106,3
DA:107,3
DA:108,3
DA:110,3
DA:111,3
DA:113,13
DA:114,13
DA:115,13
DA:117,13
DA:118,13
DA:120,81
DA:121,81
DA:122,81
DA:126,1
DA:127,1
DA:134,1
DA:136,1
DA:137,1
DA:138,1
DA:139,1
DA:140,1
DA:142,1
DA:143,5
DA:144,5
DA:145,10
DA:148,1
DA:149,5
DA:150,5
DA:151,10
DA:154,1
DA:155,5
DA:156,5
DA:157,10
DA:159,1
DA:162,3
DA:163,3
DA:164,528
DA:165,528
DA:166,528
DA:167,30537
DA:168,56514
DA:170,390
DA:173,3
DA:175,1
DA:176,1
DA:177,1
DA:178,1
DA:179,30
DA:181,4490
DA:182,4490
DA:183,4490
DA:185,900
DA:186,1
DA:187,1
DA:188,1
DA:191,899
DA:192,899
DA:193,771
DA:195,899
DA:196,151
DA:197,151
DA:198,151
DA:201,748
DA:202,748
DA:203,5
DA:204,5
DA:205,743
DA:206,5
DA:207,5
DA:208,738
DA:209,5
DA:210,5
DA:211,82008
DA:212,99
DA:213,75433
DA:214,105
DA:215,66574
DA:216,111
DA:219,1484
DA:220,748
DA:221,748
DA:222,748
DA:223,748
DA:224,748
DA:225,748
DA:230,57
DA:231,1
DA:232,1
DA:233,1
DA:234,1
DA:238,1
DA:240,0
DA:241,0
DA:244,1
LF:167
LH:165
BRDA:31,0,0,1
BRDA:31,0,1,80
BRDA:31,1,0,81
BRDA:31,1,1,9
BRDA:36,2,0,27
BRDA:36,2,1,53
BRDA:41,3,0,1
BRDA:41,3,1,26
BRDA:41,4,0,27
BRDA:41,4,1,9
BRDA:42,5,0,1
BRDA:42,5,1,26
BRDA:42,6,0,27
BRDA:42,6,1,9
BRDA:43,7,0,1
BRDA:43,7,1,26
BRDA:43,8,0,27
BRDA:43,8,1,9
BRDA:44,9,0,1
BRDA:44,9,1,26
BRDA:44,10,0,27
BRDA:44,10,1,9
BRDA:45,11,0,27
BRDA:45,11,1,26
BRDA:50,12,0,1
BRDA:50,12,1,26
BRDA:50,13,0,27
BRDA:50,13,1,9
BRDA:51,14,0,1
BRDA:51,14,1,26
BRDA:51,15,0,27
BRDA:51,15,1,9
BRDA:52,16,0,1
BRDA:52,16,1,26
BRDA:52,17,0,27
BRDA:52,17,1,9
BRDA:53,18,0,1
BRDA:53,18,1,26
BRDA:53,19,0,27
BRDA:53,19,1,9
BRDA:62,20,0,72
BRDA:62,20,1,9
BRDA:62,21,0,81
BRDA:62,21,1,73
BRDA:64,22,0,23
BRDA:64,22,1,49
BRDA:65,23,0,23
BRDA:65,23,1,49
BRDA:80,24,0,32
BRDA:80,24,1,49
BRDA:80,25,0,81
BRDA:80,25,1,72
BRDA:80,25,2,63
BRDA:80,25,3,56
BRDA:84,26,0,24
BRDA:84,26,1,25
BRDA:84,27,0,49
BRDA:84,27,1,42
BRDA:84,27,2,35
BRDA:84,27,3,30
BRDA:86,28,0,1
BRDA:86,28,1,23
BRDA:86,29,0,24
BRDA:86,29,1,2
BRDA:95,30,0,14
BRDA:95,30,1,9
BRDA:96,31,0,4
BRDA:96,31,1,19
BRDA:98,32,0,9
BRDA:98,32,1,16
BRDA:98,33,0,25
BRDA:98,33,1,20
BRDA:98,33,2,15
BRDA:98,33,3,12
BRDA:103,34,0,7
BRDA:103,34,1,2
BRDA:104,35,0,4
BRDA:104,35,1,5
BRDA:105,36,0,3
BRDA:105,36,1,13
BRDA:105,37,0,16
BRDA:105,37,1,5
BRDA:105,37,2,3
BRDA:110,38,0,2
BRDA:110,38,1,1
BRDA:111,39,0,1
BRDA:111,39,1,2
BRDA:117,40,0,11
BRDA:117,40,1,2
BRDA:118,41,0,6
BRDA:118,41,1,7
BRDA:145,42,0,5
BRDA:145,42,1,0
BRDA:145,43,0,10
BRDA:145,43,1,1
BRDA:151,44,0,5
BRDA:151,44,1,0
BRDA:151,45,0,10
BRDA:151,45,1,0
BRDA:157,46,0,5
BRDA:157,46,1,0
BRDA:157,47,0,10
BRDA:157,47,1,1
BRDA:166,48,0,390
BRDA:166,48,1,138
BRDA:167,49,0,528
BRDA:167,49,1,400
BRDA:167,50,0,30537
BRDA:167,50,1,1013
BRDA:168,51,0,56514
BRDA:168,51,1,1876
BRDA:181,52,0,4490
BRDA:181,52,1,149
BRDA:182,53,0,4490
BRDA:182,53,1,150
BRDA:183,54,0,4490
BRDA:183,54,1,149
BRDA:185,55,0,1
BRDA:185,55,1,899
BRDA:185,56,0,900
BRDA:185,56,1,30
BRDA:192,57,0,771
BRDA:192,57,1,128
BRDA:192,58,0,899
BRDA:192,58,1,894
BRDA:192,58,2,889
BRDA:192,58,3,884
BRDA:192,58,4,883
BRDA:192,58,5,882
BRDA:192,58,6,855
BRDA:192,58,7,827
BRDA:192,58,8,799
BRDA:192,59,0,884
BRDA:192,59,1,28
BRDA:192,60,0,883
BRDA:192,60,1,30
BRDA:193,61,0,151
BRDA:193,61,1,620
BRDA:195,62,0,151
BRDA:195,62,1,748
BRDA:202,63,0,5
BRDA:202,63,1,743
BRDA:205,64,0,5
BRDA:205,64,1,738
BRDA:208,65,0,5
BRDA:208,65,1,733
BRDA:211,66,0,99
BRDA:211,66,1,634
BRDA:211,67,0,82008
BRDA:211,67,1,2775
BRDA:213,68,0,105
BRDA:213,68,1,529
BRDA:213,69,0,75433
BRDA:213,69,1,2537
BRDA:215,70,0,111
BRDA:215,70,1,418
BRDA:215,71,0,66574
BRDA:215,71,1,2274
BRDA:219,72,0,1484
BRDA:219,72,1,1484
BRDA:230,73,0,57
BRDA:230,73,1,7
BRDA:231,74,0,1
BRDA:231,74,1,0
BRDA:240,75,0,0
BRDA:240,75,1,0
BRDA:241,76,0,0
BRDA:241,76,1,0
BRF:168
BRH:159
end_of_record
TN:
SF:backend\models\Monster.js
FN:5,(anonymous_0)
FNF:1
FNH:1
FNDA:459,(anonymous_0)
DA:6,459
DA:7,459
DA:8,459
DA:9,459
DA:10,459
DA:11,459
DA:12,459
DA:13,459
DA:17,1
LF:9
LH:9
BRDA:9,0,0,459
BRDA:9,0,1,0
BRDA:10,1,0,459
BRDA:10,1,1,0
BRDA:11,2,0,459
BRDA:11,2,1,0
BRDA:13,3,0,0
BRDA:13,3,1,459
BRF:8
BRH:4
end_of_record
TN:
SF:backend\models\Player.js
FN:11,(anonymous_0)
FN:37,(anonymous_1)
FN:47,(anonymous_2)
FN:57,(anonymous_3)
FN:67,(anonymous_4)
FN:75,(anonymous_5)
FN:84,(anonymous_6)
FN:98,(anonymous_7)
FN:108,(anonymous_8)
FN:111,(anonymous_9)
FN:130,(anonymous_10)
FN:132,(anonymous_11)
FNF:12
FNH:12
FNDA:12,(anonymous_0)
FNDA:3,(anonymous_1)
FNDA:3,(anonymous_2)
FNDA:3,(anonymous_3)
FNDA:6,(anonymous_4)
FNDA:3,(anonymous_5)
FNDA:3,(anonymous_6)
FNDA:3,(anonymous_7)
FNDA:5,(anonymous_8)
FNDA:3,(anonymous_9)
FNDA:5,(anonymous_10)
FNDA:4,(anonymous_11)
DA:6,1
DA:7,1
DA:8,1
DA:12,12
DA:13,12
DA:14,12
DA:15,12
DA:16,12
DA:17,12
DA:18,12
DA:19,12
DA:20,12
DA:21,12
DA:22,12
DA:23,12
DA:24,12
DA:25,12
DA:26,12
DA:27,12
DA:28,12
DA:29,12
DA:30,12
DA:31,12
DA:32,12
DA:33,12
DA:34,12
DA:38,3
DA:39,3
DA:40,2
DA:41,2
DA:42,2
DA:43,2
DA:48,3
DA:49,3
DA:50,2
DA:51,2
DA:52,2
DA:53,2
DA:58,3
DA:59,3
DA:60,2
DA:61,2
DA:62,2
DA:63,2
DA:68,6
DA:69,3
DA:70,3
DA:71,2
DA:76,3
DA:77,1
DA:78,2
DA:79,1
DA:85,3
DA:86,1
DA:88,2
DA:89,2
DA:90,2
DA:91,2
DA:92,2
DA:94,2
DA:99,3
DA:100,3
DA:101,2
DA:102,2
DA:103,2
DA:105,3
DA:109,5
DA:110,3
DA:111,3
DA:113,3
DA:114,2
DA:115,2
DA:116,2
DA:117,2
DA:118,2
DA:119,2
DA:120,1
DA:122,2
DA:123,2
DA:126,3
DA:127,3
DA:131,5
DA:132,4
DA:137,1
LF:84
LH:84
BRDA:37,0,0,2
BRDA:47,1,0,2
BRDA:57,2,0,2
BRDA:68,3,0,3
BRDA:68,3,1,3
BRDA:70,4,0,2
BRDA:70,4,1,1
BRDA:76,5,0,1
BRDA:76,5,1,2
BRDA:78,6,0,1
BRDA:78,6,1,1
BRDA:85,7,0,1
BRDA:85,7,1,2
BRDA:85,8,0,3
BRDA:85,8,1,3
BRDA:89,9,0,2
BRDA:89,9,1,0
BRDA:90,10,0,2
BRDA:90,10,1,1
BRDA:91,11,0,2
BRDA:91,11,1,1
BRDA:92,12,0,2
BRDA:92,12,1,1
BRDA:100,13,0,2
BRDA:100,13,1,1
BRDA:101,14,0,2
BRDA:101,14,1,1
BRDA:102,15,0,2
BRDA:102,15,1,1
BRDA:103,16,0,2
BRDA:103,16,1,1
BRDA:109,17,0,3
BRDA:109,17,1,2
BRDA:109,18,0,5
BRDA:109,18,1,4
BRDA:111,19,0,3
BRDA:111,19,1,3
BRDA:111,19,2,3
BRDA:113,20,0,2
BRDA:113,20,1,1
BRDA:119,21,0,1
BRDA:119,21,1,1
BRDA:132,22,0,4
BRDA:132,22,1,4
BRDA:132,22,2,4
BRF:45
BRH:44
end_of_record
TN:
SF:backend\utils\Room.js
FN:2,(anonymous_0)
FN:13,(anonymous_1)
FN:14,(anonymous_2)
FN:15,(anonymous_3)
FN:16,(anonymous_4)
FN:17,(anonymous_5)
FN:17,(anonymous_6)
FN:18,(anonymous_7)
FN:19,(anonymous_8)
FN:19,(anonymous_9)
FNF:10
FNH:1
FNDA:1062,(anonymous_0)
FNDA:0,(anonymous_1)
FNDA:0,(anonymous_2)
FNDA:0,(anonymous_3)
FNDA:0,(anonymous_4)
FNDA:0,(anonymous_5)
FNDA:0,(anonymous_6)
FNDA:0,(anonymous_7)
FNDA:0,(anonymous_8)
FNDA:0,(anonymous_9)
DA:3,1062
DA:4,1062
DA:5,1062
DA:6,1062
DA:7,1062
DA:8,1062
DA:9,1062
DA:10,1062
DA:11,1062
DA:13,0
DA:14,0
DA:15,0
DA:16,0
DA:17,0
DA:18,0
DA:19,0
DA:21,1
LF:17
LH:10
BRF:0
BRH:0
end_of_record
TN:
SF:backend\utils\expUtils.js
FN:13,calcNextStatExp
FN:21,calcExpBonus
FN:29,calcGoldDrop
FNF:3
FNH:1
FNDA:6,calcNextStatExp
FNDA:0,calcExpBonus
FNDA:0,calcGoldDrop
DA:8,1
DA:14,6
DA:22,0
DA:23,0
DA:30,0
DA:31,0
DA:32,0
DA:33,0
DA:36,1
LF:9
LH:3
BRDA:22,0,0,0
BRDA:22,0,1,0
BRDA:22,1,0,0
BRDA:22,1,1,0
BRDA:30,2,0,0
BRDA:30,2,1,0
BRDA:30,3,0,0
BRDA:30,3,1,0
BRF:8
BRH:0
end_of_record
