TN:
SF:backend\battle.js
FN:6,processBattle
FN:41,(anonymous_1)
FNF:2
FNH:0
FNDA:0,processBattle
FNDA:0,(anonymous_1)
DA:2,5
DA:3,5
DA:4,5
DA:7,0
DA:9,0
DA:10,0
DA:12,0
DA:14,0
DA:15,0
DA:28,0
DA:29,0
DA:30,0
DA:33,0
DA:34,0
DA:36,0
DA:37,0
DA:38,0
DA:40,0
DA:41,0
DA:42,0
DA:43,0
DA:44,0
DA:54,0
DA:56,0
DA:57,0
DA:58,0
DA:70,0
DA:71,0
DA:72,0
DA:81,0
DA:82,0
DA:83,0
DA:92,0
DA:93,0
DA:96,0
DA:99,5
LF:36
LH:4
BRDA:9,0,0,0
BRDA:9,0,1,0
BRDA:9,1,0,0
BRDA:9,1,1,0
BRDA:12,2,0,0
BRDA:12,2,1,0
BRDA:29,3,0,0
BRDA:29,3,1,0
BRDA:33,4,0,0
BRDA:33,4,1,0
BRDA:34,5,0,0
BRDA:34,5,1,0
BRDA:40,6,0,0
BRDA:40,6,1,0
BRDA:40,7,0,0
BRDA:40,7,1,0
BRDA:71,8,0,0
BRDA:71,8,1,0
BRDA:81,9,0,0
BRDA:81,9,1,0
BRF:20
BRH:0
end_of_record
TN:
SF:backend\commands.js
FN:18,setupCommands
FN:23,handleBuyCommand
FN:27,handleSellCommand
FN:31,handleTeleportCommand
FN:93,handleInnCommand
FN:114,(anonymous_5)
FN:120,handleAdminCommand
FN:131,(anonymous_7)
FN:131,(anonymous_8)
FN:145,(anonymous_9)
FN:189,(anonymous_10)
FN:284,handleGuildCommand
FN:328,(anonymous_12)
FN:390,(anonymous_13)
FN:395,(anonymous_14)
FN:411,(anonymous_15)
FN:412,(anonymous_16)
FN:439,(anonymous_17)
FN:440,(anonymous_18)
FN:498,(anonymous_19)
FN:507,handleWhoCommand
FN:517,handleHelpCommand
FN:542,handleShopCommand
FN:559,handleShopSellCommand
FN:569,handleStatCommand
FN:586,handleWhisperCommand
FN:606,handleReturnCommand
FNF:27
FNH:10
FNDA:39,setupCommands
FNDA:1,handleBuyCommand
FNDA:1,handleSellCommand
FNDA:9,handleTeleportCommand
FNDA:4,handleInnCommand
FNDA:0,(anonymous_5)
FNDA:4,handleAdminCommand
FNDA:0,(anonymous_7)
FNDA:0,(anonymous_8)
FNDA:0,(anonymous_9)
FNDA:1,(anonymous_10)
FNDA:15,handleGuildCommand
FNDA:0,(anonymous_12)
FNDA:0,(anonymous_13)
FNDA:0,(anonymous_14)
FNDA:0,(anonymous_15)
FNDA:0,(anonymous_16)
FNDA:0,(anonymous_17)
FNDA:0,(anonymous_18)
FNDA:0,(anonymous_19)
FNDA:0,handleWhoCommand
FNDA:0,handleHelpCommand
FNDA:2,handleShopCommand
FNDA:1,handleShopSellCommand
FNDA:0,handleStatCommand
FNDA:0,handleWhisperCommand
FNDA:0,handleReturnCommand
DA:4,4
DA:5,4
DA:6,4
DA:7,4
DA:8,4
DA:9,4
DA:10,4
DA:11,4
DA:12,4
DA:13,4
DA:14,4
DA:16,4
DA:19,39
DA:20,39
DA:24,1
DA:28,1
DA:32,9
DA:33,9
DA:34,8
DA:35,8
DA:36,1
DA:37,1
DA:39,7
DA:40,7
DA:41,2
DA:42,1
DA:43,1
DA:44,1
DA:45,1
DA:46,1
DA:47,1
DA:48,1
DA:49,1
DA:50,1
DA:51,1
DA:53,1
DA:55,2
DA:56,5
DA:57,2
DA:58,1
DA:59,1
DA:60,1
DA:61,1
DA:62,1
DA:63,1
DA:64,1
DA:65,1
DA:66,1
DA:67,1
DA:69,1
DA:71,2
DA:72,3
DA:73,2
DA:74,1
DA:75,1
DA:76,1
DA:77,1
DA:78,1
DA:79,1
DA:80,1
DA:81,1
DA:82,1
DA:83,1
DA:85,1
DA:87,2
DA:89,1
DA:94,4
DA:95,4
DA:96,4
DA:97,4
DA:98,4
DA:99,1
DA:100,1
DA:102,3
DA:103,1
DA:104,1
DA:106,2
DA:107,2
DA:108,1
DA:109,1
DA:111,1
DA:112,1
DA:113,1
DA:114,1
DA:115,1
DA:116,1
DA:117,1
DA:122,4
DA:123,4
DA:124,0
DA:125,0
DA:127,4
DA:129,4
DA:130,0
DA:131,0
DA:132,0
DA:133,0
DA:136,4
DA:137,1
DA:138,1
DA:139,0
DA:140,0
DA:142,1
DA:143,1
DA:145,0
DA:146,0
DA:147,0
DA:151,1
DA:154,3
DA:155,1
DA:156,1
DA:157,1
DA:158,0
DA:159,0
DA:161,1
DA:162,1
DA:163,0
DA:164,0
DA:166,1
DA:167,1
DA:168,1
DA:169,1
DA:170,1
DA:172,1
DA:175,2
DA:176,1
DA:177,1
DA:178,1
DA:179,0
DA:180,0
DA:182,1
DA:183,1
DA:184,0
DA:185,0
DA:188,1
DA:189,1
DA:190,1
DA:191,0
DA:192,0
DA:194,1
DA:195,1
DA:196,1
DA:197,1
DA:198,1
DA:200,1
DA:203,1
DA:204,1
DA:205,1
DA:206,0
DA:207,0
DA:209,1
DA:210,1
DA:211,1
DA:212,0
DA:213,0
DA:216,1
DA:217,1
DA:218,1
DA:219,1
DA:220,1
DA:223,1
DA:224,1
DA:225,1
DA:226,1
DA:228,1
DA:231,0
DA:232,0
DA:233,0
DA:234,0
DA:235,0
DA:238,0
DA:239,0
DA:240,0
DA:241,0
DA:242,0
DA:243,0
DA:244,0
DA:247,0
DA:248,0
DA:249,0
DA:250,0
DA:254,0
DA:255,0
DA:256,0
DA:258,0
DA:260,0
DA:262,0
DA:265,0
DA:266,0
DA:267,0
DA:268,0
DA:269,0
DA:271,0
DA:272,0
DA:273,0
DA:274,0
DA:276,0
DA:278,0
DA:280,0
DA:286,15
DA:287,15
DA:288,15
DA:289,0
DA:290,0
DA:293,15
DA:294,3
DA:295,3
DA:296,0
DA:297,0
DA:300,3
DA:301,0
DA:302,0
DA:305,3
DA:306,3
DA:307,1
DA:308,1
DA:311,2
DA:312,2
DA:313,1
DA:314,1
DA:316,1
DA:317,1
DA:318,1
DA:319,1
DA:322,12
DA:323,1
DA:324,1
DA:325,1
DA:326,1
DA:328,0
DA:329,0
DA:330,0
DA:333,11
DA:334,1
DA:335,1
DA:336,1
DA:337,1
DA:339,0
DA:340,0
DA:344,0
DA:347,10
DA:348,1
DA:349,1
DA:350,0
DA:351,0
DA:353,1
DA:354,1
DA:355,1
DA:356,1
DA:358,0
DA:359,0
DA:360,0
DA:362,0
DA:363,0
DA:364,0
DA:366,0
DA:367,0
DA:368,0
DA:369,0
DA:372,9
DA:373,1
DA:374,1
DA:375,0
DA:376,0
DA:378,1
DA:379,1
DA:380,1
DA:381,1
DA:383,0
DA:384,0
DA:385,0
DA:387,0
DA:388,0
DA:390,0
DA:391,0
DA:392,0
DA:394,0
DA:395,0
DA:396,0
DA:397,0
DA:398,0
DA:401,8
DA:402,1
DA:403,1
DA:404,1
DA:405,1
DA:407,0
DA:408,0
DA:409,0
DA:411,0
DA:412,0
DA:413,0
DA:414,0
DA:415,0
DA:418,7
DA:419,2
DA:420,2
DA:421,0
DA:422,0
DA:424,2
DA:425,2
DA:426,2
DA:427,2
DA:429,0
DA:430,0
DA:431,0
DA:432,0
DA:433,0
DA:435,0
DA:436,0
DA:437,0
DA:439,0
DA:440,0
DA:441,0
DA:442,0
DA:443,0
DA:446,5
DA:447,1
DA:448,1
DA:449,0
DA:450,0
DA:452,1
DA:453,1
DA:454,1
DA:455,1
DA:457,0
DA:458,0
DA:459,0
DA:460,0
DA:463,4
DA:464,1
DA:465,1
DA:466,1
DA:467,1
DA:469,0
DA:470,0
DA:471,0
DA:474,3
DA:475,1
DA:476,1
DA:477,0
DA:478,0
DA:480,1
DA:481,1
DA:482,1
DA:483,1
DA:485,0
DA:486,0
DA:487,0
DA:488,0
DA:489,0
DA:492,2
DA:493,1
DA:494,1
DA:495,1
DA:496,1
DA:498,0
DA:499,0
DA:500,0
DA:503,1
DA:508,0
DA:509,0
DA:510,0
DA:511,0
DA:513,0
DA:518,0
DA:539,0
DA:543,2
DA:544,2
DA:545,2
DA:546,0
DA:547,0
DA:549,0
DA:551,2
DA:560,1
DA:570,0
DA:571,0
DA:572,0
DA:573,0
DA:574,0
DA:575,0
DA:578,0
DA:582,0
DA:587,0
DA:588,0
DA:589,0
DA:590,0
DA:591,0
DA:592,0
DA:594,0
DA:595,0
DA:596,0
DA:597,0
DA:600,0
DA:602,0
DA:607,0
DA:608,0
DA:609,0
DA:611,0
DA:612,0
DA:613,0
DA:614,0
DA:615,0
DA:616,0
DA:617,0
DA:618,0
DA:619,0
DA:620,0
DA:621,0
DA:622,0
DA:624,0
DA:628,4
DA:647,4
LF:413
LH:227
BRDA:33,0,0,1
BRDA:33,0,1,8
BRDA:35,1,0,1
BRDA:35,1,1,7
BRDA:40,2,0,2
BRDA:40,2,1,5
BRDA:41,3,0,1
BRDA:41,3,1,1
BRDA:41,4,0,2
BRDA:41,4,1,2
BRDA:41,4,2,1
BRDA:56,5,0,2
BRDA:56,5,1,3
BRDA:57,6,0,1
BRDA:57,6,1,1
BRDA:57,7,0,2
BRDA:57,7,1,2
BRDA:57,7,2,1
BRDA:72,8,0,2
BRDA:72,8,1,1
BRDA:73,9,0,1
BRDA:73,9,1,1
BRDA:73,10,0,2
BRDA:73,10,1,2
BRDA:73,10,2,1
BRDA:95,11,0,0
BRDA:95,11,1,4
BRDA:98,12,0,1
BRDA:98,12,1,3
BRDA:98,13,0,4
BRDA:98,13,1,4
BRDA:102,14,0,1
BRDA:102,14,1,2
BRDA:102,15,0,3
BRDA:102,15,1,1
BRDA:107,16,0,1
BRDA:107,16,1,1
BRDA:123,17,0,0
BRDA:123,17,1,4
BRDA:129,18,0,0
BRDA:129,18,1,4
BRDA:136,19,0,1
BRDA:136,19,1,3
BRDA:138,20,0,0
BRDA:138,20,1,1
BRDA:142,21,0,1
BRDA:142,21,1,0
BRDA:146,22,0,0
BRDA:146,22,1,0
BRDA:146,23,0,0
BRDA:146,23,1,0
BRDA:154,24,0,1
BRDA:154,24,1,2
BRDA:157,25,0,0
BRDA:157,25,1,1
BRDA:157,26,0,1
BRDA:157,26,1,1
BRDA:162,27,0,0
BRDA:162,27,1,1
BRDA:166,28,0,1
BRDA:166,28,1,0
BRDA:169,29,0,1
BRDA:169,29,1,0
BRDA:169,30,0,1
BRDA:169,30,1,1
BRDA:175,31,0,1
BRDA:175,31,1,1
BRDA:178,32,0,0
BRDA:178,32,1,1
BRDA:178,33,0,1
BRDA:178,33,1,1
BRDA:183,34,0,0
BRDA:183,34,1,1
BRDA:190,35,0,0
BRDA:190,35,1,1
BRDA:197,36,0,1
BRDA:197,36,1,0
BRDA:197,37,0,1
BRDA:197,37,1,1
BRDA:203,38,0,1
BRDA:203,38,1,0
BRDA:205,39,0,0
BRDA:205,39,1,1
BRDA:211,40,0,0
BRDA:211,40,1,1
BRDA:211,41,0,1
BRDA:211,41,1,1
BRDA:219,42,0,1
BRDA:219,42,1,0
BRDA:219,43,0,1
BRDA:219,43,1,1
BRDA:223,44,0,1
BRDA:223,44,1,0
BRDA:223,45,0,1
BRDA:223,45,1,1
BRDA:231,46,0,0
BRDA:231,46,1,0
BRDA:233,47,0,0
BRDA:233,47,1,0
BRDA:242,48,0,0
BRDA:242,48,1,0
BRDA:249,49,0,0
BRDA:249,49,1,0
BRDA:255,50,0,0
BRDA:255,50,1,0
BRDA:255,51,0,0
BRDA:255,51,1,0
BRDA:265,52,0,0
BRDA:265,52,1,0
BRDA:267,53,0,0
BRDA:267,53,1,0
BRDA:288,54,0,0
BRDA:288,54,1,15
BRDA:293,55,0,3
BRDA:293,55,1,12
BRDA:295,56,0,0
BRDA:295,56,1,3
BRDA:300,57,0,0
BRDA:300,57,1,3
BRDA:306,58,0,1
BRDA:306,58,1,2
BRDA:312,59,0,1
BRDA:312,59,1,1
BRDA:322,60,0,1
BRDA:322,60,1,11
BRDA:324,61,0,1
BRDA:324,61,1,0
BRDA:333,62,0,1
BRDA:333,62,1,10
BRDA:335,63,0,1
BRDA:335,63,1,0
BRDA:342,64,0,0
BRDA:342,64,1,0
BRDA:347,65,0,1
BRDA:347,65,1,9
BRDA:349,66,0,0
BRDA:349,66,1,1
BRDA:354,67,0,1
BRDA:354,67,1,0
BRDA:358,68,0,0
BRDA:358,68,1,0
BRDA:362,69,0,0
BRDA:362,69,1,0
BRDA:372,70,0,1
BRDA:372,70,1,8
BRDA:374,71,0,0
BRDA:374,71,1,1
BRDA:379,72,0,1
BRDA:379,72,1,0
BRDA:383,73,0,0
BRDA:383,73,1,0
BRDA:387,74,0,0
BRDA:387,74,1,0
BRDA:401,75,0,1
BRDA:401,75,1,7
BRDA:403,76,0,1
BRDA:403,76,1,0
BRDA:407,77,0,0
BRDA:407,77,1,0
BRDA:418,78,0,2
BRDA:418,78,1,5
BRDA:420,79,0,0
BRDA:420,79,1,2
BRDA:425,80,0,2
BRDA:425,80,1,0
BRDA:429,81,0,0
BRDA:429,81,1,0
BRDA:429,82,0,0
BRDA:429,82,1,0
BRDA:430,83,0,0
BRDA:430,83,1,0
BRDA:430,84,0,0
BRDA:430,84,1,0
BRDA:431,85,0,0
BRDA:431,85,1,0
BRDA:435,86,0,0
BRDA:435,86,1,0
BRDA:446,87,0,1
BRDA:446,87,1,4
BRDA:448,88,0,0
BRDA:448,88,1,1
BRDA:453,89,0,1
BRDA:453,89,1,0
BRDA:463,90,0,1
BRDA:463,90,1,3
BRDA:465,91,0,1
BRDA:465,91,1,0
BRDA:474,92,0,1
BRDA:474,92,1,2
BRDA:476,93,0,0
BRDA:476,93,1,1
BRDA:481,94,0,1
BRDA:481,94,1,0
BRDA:486,95,0,0
BRDA:486,95,1,0
BRDA:492,96,0,1
BRDA:492,96,1,1
BRDA:494,97,0,1
BRDA:494,97,1,0
BRDA:494,98,0,1
BRDA:494,98,1,1
BRDA:509,99,0,0
BRDA:509,99,1,0
BRDA:543,100,0,2
BRDA:543,100,1,0
BRDA:545,101,0,0
BRDA:545,101,1,2
BRDA:546,102,0,0
BRDA:546,102,1,0
BRDA:546,103,0,0
BRDA:546,103,1,0
BRDA:571,104,0,0
BRDA:571,104,1,0
BRDA:573,105,0,0
BRDA:573,105,1,0
BRDA:581,106,0,0
BRDA:581,106,1,0
BRDA:581,107,0,0
BRDA:581,107,1,0
BRDA:590,108,0,0
BRDA:590,108,1,0
BRDA:590,109,0,0
BRDA:590,109,1,0
BRDA:595,110,0,0
BRDA:595,110,1,0
BRDA:595,111,0,0
BRDA:595,111,1,0
BRDA:608,112,0,0
BRDA:608,112,1,0
BRF:229
BRH:121
end_of_record
TN:
SF:backend\db.js
FN:10,(anonymous_0)
FN:13,(anonymous_1)
FNF:2
FNH:1
FNDA:2,(anonymous_0)
FNDA:0,(anonymous_1)
DA:1,3
DA:4,3
DA:6,3
DA:10,3
DA:11,2
DA:13,3
DA:14,0
LF:7
LH:6
BRDA:4,0,0,3
BRDA:4,0,1,3
BRF:2
BRH:2
end_of_record
TN:
SF:backend\monsterSpawner.js
FN:4,respawnMonster
FN:5,(anonymous_1)
FN:9,(anonymous_2)
FN:19,(anonymous_3)
FNF:4
FNH:4
FNDA:4,respawnMonster
FNDA:4,(anonymous_1)
FNDA:1,(anonymous_2)
FNDA:2,(anonymous_3)
DA:2,3
DA:5,4
DA:6,4
DA:7,4
DA:9,4
DA:10,4
DA:11,3
DA:12,3
DA:13,3
DA:14,3
DA:15,2
DA:16,2
DA:18,3
DA:19,3
DA:24,3
LF:15
LH:15
BRDA:7,0,0,4
BRDA:7,0,1,0
BRDA:10,1,0,3
BRDA:10,1,1,1
BRDA:12,2,0,0
BRDA:12,2,1,3
BRDA:13,3,0,0
BRDA:13,3,1,3
BRDA:14,4,0,2
BRDA:14,4,1,1
BRF:10
BRH:7
end_of_record
TN:
SF:backend\playerManager.js
FN:3,(anonymous_0)
FN:6,(anonymous_1)
FN:9,(anonymous_2)
FN:12,(anonymous_3)
FN:15,(anonymous_4)
FNF:5
FNH:5
FNDA:4,(anonymous_0)
FNDA:7,(anonymous_1)
FNDA:1,(anonymous_2)
FNDA:2,(anonymous_3)
FNDA:4,(anonymous_4)
DA:4,4
DA:7,7
DA:10,1
DA:13,2
DA:16,4
DA:20,4
LF:6
LH:6
BRF:0
BRH:0
end_of_record
TN:
SF:backend\roomManager.js
FN:5,(anonymous_0)
FN:9,(anonymous_1)
FN:15,(anonymous_2)
FN:18,(anonymous_3)
FN:21,(anonymous_4)
FNF:5
FNH:5
FNDA:5,(anonymous_0)
FNDA:17,(anonymous_1)
FNDA:7,(anonymous_2)
FNDA:4,(anonymous_3)
FNDA:5,(anonymous_4)
DA:1,5
DA:7,5
DA:10,17
DA:11,17
DA:12,17
DA:13,17
DA:16,7
DA:19,4
DA:22,5
DA:26,5
LF:10
LH:10
BRDA:10,0,0,6
BRDA:10,0,1,11
BRDA:11,1,0,8
BRDA:11,1,1,9
BRDA:12,2,0,8
BRDA:12,2,1,9
BRF:6
BRH:6
end_of_record
TN:
SF:backend\server.js
FN:70,getPlayersInRoom
FN:72,(anonymous_1)
FN:73,(anonymous_2)
FN:112,parseChatCommand
FN:148,respawnMonsterWithDeps
FN:174,savePlayerData
FN:223,(anonymous_6)
FN:224,(anonymous_7)
FN:225,(anonymous_8)
FN:226,(anonymous_9)
FN:227,(anonymous_10)
FN:228,(anonymous_11)
FN:229,(anonymous_12)
FN:245,(anonymous_13)
FN:248,(anonymous_14)
FN:282,(anonymous_15)
FN:482,(anonymous_16)
FN:501,(anonymous_17)
FN:502,(anonymous_18)
FN:503,(anonymous_19)
FN:509,(anonymous_20)
FNF:21
FNH:3
FNDA:0,getPlayersInRoom
FNDA:0,(anonymous_1)
FNDA:0,(anonymous_2)
FNDA:9,parseChatCommand
FNDA:1,respawnMonsterWithDeps
FNDA:5,savePlayerData
FNDA:0,(anonymous_6)
FNDA:0,(anonymous_7)
FNDA:0,(anonymous_8)
FNDA:0,(anonymous_9)
FNDA:0,(anonymous_10)
FNDA:0,(anonymous_11)
FNDA:0,(anonymous_12)
FNDA:0,(anonymous_13)
FNDA:0,(anonymous_14)
FNDA:0,(anonymous_15)
FNDA:0,(anonymous_16)
FNDA:0,(anonymous_17)
FNDA:0,(anonymous_18)
FNDA:0,(anonymous_19)
FNDA:0,(anonymous_20)
DA:1,3
DA:2,3
DA:3,3
DA:4,3
DA:5,3
DA:6,3
DA:7,3
DA:8,3
DA:16,3
DA:17,3
DA:18,3
DA:19,3
DA:20,3
DA:21,3
DA:22,3
DA:23,3
DA:24,3
DA:40,3
DA:41,3
DA:42,3
DA:43,3
DA:44,3
DA:45,3
DA:46,3
DA:47,3
DA:48,3
DA:49,3
DA:50,3
DA:51,3
DA:52,3
DA:54,3
DA:55,3
DA:56,3
DA:57,3
DA:58,3
DA:59,3
DA:60,3
DA:61,3
DA:62,3
DA:63,3
DA:64,3
DA:65,3
DA:66,3
DA:68,3
DA:71,0
DA:72,0
DA:73,0
DA:113,9
DA:114,9
DA:115,1
DA:117,8
DA:118,1
DA:120,7
DA:121,1
DA:123,6
DA:124,1
DA:126,5
DA:127,1
DA:129,4
DA:130,1
DA:132,3
DA:133,1
DA:135,2
DA:136,1
DA:139,1
DA:140,0
DA:141,0
DA:144,1
DA:149,1
DA:150,0
DA:156,1
DA:157,0
DA:164,1
DA:175,5
DA:176,5
DA:177,4
DA:178,4
DA:179,2
DA:180,1
DA:181,1
DA:182,1
DA:183,1
DA:184,1
DA:185,1
DA:186,1
DA:187,1
DA:188,1
DA:189,1
DA:190,1
DA:191,1
DA:192,1
DA:193,1
DA:194,1
DA:195,1
DA:196,1
DA:197,1
DA:198,1
DA:199,1
DA:200,1
DA:201,1
DA:202,1
DA:204,2
DA:205,1
DA:208,1
DA:214,3
DA:223,0
DA:224,0
DA:225,0
DA:226,0
DA:227,0
DA:228,0
DA:229,0
DA:233,3
DA:238,3
DA:243,3
DA:245,3
DA:246,0
DA:248,0
DA:250,0
DA:251,0
DA:253,0
DA:254,0
DA:257,0
DA:258,0
DA:259,0
DA:260,0
DA:261,0
DA:262,0
DA:263,0
DA:264,0
DA:267,0
DA:268,0
DA:269,0
DA:270,0
DA:271,0
DA:272,0
DA:273,0
DA:276,0
DA:277,0
DA:278,0
DA:279,0
DA:281,0
DA:282,0
DA:283,0
DA:284,0
DA:285,0
DA:286,0
DA:296,0
DA:298,0
DA:299,0
DA:300,0
DA:301,0
DA:302,0
DA:303,0
DA:304,0
DA:305,0
DA:306,0
DA:307,0
DA:308,0
DA:309,0
DA:310,0
DA:311,0
DA:312,0
DA:313,0
DA:314,0
DA:315,0
DA:316,0
DA:317,0
DA:318,0
DA:319,0
DA:320,0
DA:321,0
DA:322,0
DA:323,0
DA:324,0
DA:325,0
DA:327,0
DA:329,0
DA:331,0
DA:332,0
DA:333,0
DA:335,0
DA:337,0
DA:338,0
DA:339,0
DA:340,0
DA:341,0
DA:342,0
DA:343,0
DA:344,0
DA:345,0
DA:346,0
DA:348,0
DA:350,0
DA:353,0
DA:355,0
DA:356,0
DA:357,0
DA:358,0
DA:359,0
DA:360,0
DA:361,0
DA:362,0
DA:363,0
DA:364,0
DA:366,0
DA:368,0
DA:371,0
DA:392,0
DA:394,0
DA:395,0
DA:412,0
DA:414,0
DA:415,0
DA:429,0
DA:431,0
DA:432,0
DA:448,0
DA:450,0
DA:451,0
DA:468,0
DA:470,0
DA:471,0
DA:472,0
DA:473,0
DA:474,0
DA:475,0
DA:476,0
DA:477,0
DA:478,0
DA:482,0
DA:484,0
DA:485,0
DA:486,0
DA:487,0
DA:488,0
DA:489,0
DA:490,0
DA:491,0
DA:493,0
DA:494,0
DA:495,0
DA:501,3
DA:502,0
DA:503,0
DA:507,3
DA:508,0
DA:509,0
DA:510,0
DA:514,3
LF:250
LH:105
BRDA:66,0,0,3
BRDA:66,0,1,3
BRDA:72,1,0,0
BRDA:72,1,1,0
BRDA:72,1,2,0
BRDA:72,1,3,0
BRDA:114,2,0,1
BRDA:114,2,1,8
BRDA:117,3,0,1
BRDA:117,3,1,7
BRDA:120,4,0,1
BRDA:120,4,1,6
BRDA:123,5,0,1
BRDA:123,5,1,5
BRDA:126,6,0,1
BRDA:126,6,1,4
BRDA:129,7,0,1
BRDA:129,7,1,3
BRDA:132,8,0,1
BRDA:132,8,1,2
BRDA:135,9,0,1
BRDA:135,9,1,1
BRDA:139,10,0,0
BRDA:139,10,1,1
BRDA:149,11,0,0
BRDA:149,11,1,1
BRDA:156,12,0,0
BRDA:156,12,1,1
BRDA:176,13,0,1
BRDA:176,13,1,4
BRDA:179,14,0,1
BRDA:179,14,1,1
BRDA:204,15,0,1
BRDA:204,15,1,1
BRDA:257,16,0,0
BRDA:257,16,1,0
BRDA:259,17,0,0
BRDA:259,17,1,0
BRDA:260,18,0,0
BRDA:260,18,1,0
BRDA:261,19,0,0
BRDA:261,19,1,0
BRDA:269,20,0,0
BRDA:269,20,1,0
BRDA:270,21,0,0
BRDA:270,21,1,0
BRDA:276,22,0,0
BRDA:276,22,1,0
BRDA:284,23,0,0
BRDA:284,23,1,0
BRDA:285,24,0,0
BRDA:285,24,1,0
BRDA:296,25,0,0
BRDA:296,25,1,0
BRDA:312,26,0,0
BRDA:312,26,1,0
BRDA:313,27,0,0
BRDA:313,27,1,0
BRDA:314,28,0,0
BRDA:314,28,1,0
BRDA:315,29,0,0
BRDA:315,29,1,0
BRDA:316,30,0,0
BRDA:316,30,1,0
BRDA:317,31,0,0
BRDA:317,31,1,0
BRDA:318,32,0,0
BRDA:318,32,1,0
BRDA:319,33,0,0
BRDA:319,33,1,0
BRDA:329,34,0,0
BRDA:329,34,1,0
BRDA:332,35,0,0
BRDA:332,35,1,0
BRDA:335,36,0,0
BRDA:335,36,1,0
BRDA:337,37,0,0
BRDA:337,37,1,0
BRDA:337,38,0,0
BRDA:337,38,1,0
BRDA:337,38,2,0
BRDA:353,39,0,0
BRDA:353,39,1,0
BRDA:355,40,0,0
BRDA:355,40,1,0
BRDA:355,41,0,0
BRDA:355,41,1,0
BRDA:355,41,2,0
BRDA:394,42,0,0
BRDA:394,42,1,0
BRDA:414,43,0,0
BRDA:414,43,1,0
BRDA:431,44,0,0
BRDA:431,44,1,0
BRDA:450,45,0,0
BRDA:450,45,1,0
BRDA:470,46,0,0
BRDA:470,46,1,0
BRDA:472,47,0,0
BRDA:472,47,1,0
BRDA:474,48,0,0
BRDA:474,48,1,0
BRDA:476,49,0,0
BRDA:476,49,1,0
BRDA:484,50,0,0
BRDA:484,50,1,0
BRDA:484,51,0,0
BRDA:484,51,1,0
BRDA:493,52,0,0
BRDA:493,52,1,0
BRDA:507,53,0,0
BRDA:507,53,1,3
BRF:112
BRH:28
end_of_record
TN:
SF:backend\controllers\BattleController.js
FN:14,(anonymous_0)
FN:26,(anonymous_1)
FNF:2
FNH:2
FNDA:6,(anonymous_0)
FNDA:1,(anonymous_1)
DA:5,4
DA:6,4
DA:7,4
DA:8,4
DA:10,4
DA:15,6
DA:16,6
DA:17,6
DA:18,1
DA:21,5
DA:22,4
DA:24,3
DA:25,3
DA:26,2
DA:27,2
DA:29,1
DA:30,1
DA:32,1
DA:34,1
DA:35,1
DA:36,1
DA:37,1
DA:38,1
DA:39,1
DA:40,1
DA:41,1
DA:42,1
DA:43,1
DA:44,1
DA:45,1
DA:46,1
DA:47,1
DA:48,1
DA:50,1
DA:52,1
DA:53,0
DA:56,1
DA:61,4
LF:38
LH:37
BRDA:17,0,0,1
BRDA:17,0,1,5
BRDA:17,1,0,6
BRDA:17,1,1,5
BRDA:17,1,2,5
BRDA:17,1,3,5
BRDA:22,2,0,1
BRDA:22,2,1,3
BRDA:25,3,0,1
BRDA:25,3,1,2
BRDA:27,4,0,1
BRDA:27,4,1,1
BRDA:29,5,0,1
BRDA:29,5,1,0
BRDA:52,6,0,0
BRDA:52,6,1,1
BRDA:52,7,0,1
BRDA:52,7,1,0
BRF:18
BRH:15
end_of_record
TN:
SF:backend\controllers\PlayerController.js
FN:4,(anonymous_0)
FN:7,(anonymous_1)
FN:10,(anonymous_2)
FNF:3
FNH:3
FNDA:4,(anonymous_0)
FNDA:1,(anonymous_1)
FNDA:1,(anonymous_2)
DA:1,4
DA:3,4
DA:5,4
DA:8,1
DA:11,1
DA:15,4
LF:6
LH:6
BRF:0
BRH:0
end_of_record
TN:
SF:backend\controllers\PlayerRestController.js
FN:12,(anonymous_0)
FN:41,(anonymous_1)
FNF:2
FNH:2
FNDA:3,(anonymous_0)
FNDA:3,(anonymous_1)
DA:6,4
DA:8,4
DA:13,3
DA:14,3
DA:15,2
DA:16,1
DA:35,1
DA:42,3
DA:43,3
DA:44,2
DA:45,1
DA:47,1
DA:52,4
LF:13
LH:13
BRDA:15,0,0,1
BRDA:15,0,1,1
BRDA:44,1,0,1
BRDA:44,1,1,1
BRF:4
BRH:4
end_of_record
TN:
SF:backend\data\items.js
FNF:0
FNH:0
DA:1,14
DA:9,14
DA:16,14
DA:22,14
DA:29,14
DA:30,14
DA:31,14
DA:32,14
DA:33,14
DA:34,14
DA:35,14
DA:36,14
DA:37,14
DA:38,14
DA:39,14
DA:40,14
DA:41,14
DA:42,14
DA:43,14
DA:44,14
DA:45,14
DA:46,14
DA:47,14
DA:48,14
DA:49,14
DA:51,14
DA:57,14
DA:58,14
DA:59,14
DA:60,14
DA:62,14
DA:95,14
DA:110,14
DA:128,14
LF:34
LH:34
BRF:0
BRH:0
end_of_record
TN:
SF:backend\data\map.js
FN:145,(anonymous_0)
FN:151,(anonymous_1)
FN:157,(anonymous_2)
FN:161,getRandomMonsterPositions
FN:167,(anonymous_4)
FN:168,(anonymous_5)
FN:181,(anonymous_6)
FN:182,(anonymous_7)
FN:183,(anonymous_8)
FN:211,(anonymous_9)
FN:213,(anonymous_10)
FN:215,(anonymous_11)
FN:219,(anonymous_12)
FN:230,(anonymous_13)
FN:239,getRoom
FN:241,(anonymous_15)
FNF:16
FNH:14
FNDA:80,(anonymous_0)
FNDA:80,(anonymous_1)
FNDA:80,(anonymous_2)
FNDA:24,getRandomMonsterPositions
FNDA:253637,(anonymous_4)
FNDA:452172,(anonymous_5)
FNDA:35920,(anonymous_6)
FNDA:35920,(anonymous_7)
FNDA:35920,(anonymous_8)
FNDA:653060,(anonymous_9)
FNDA:603175,(anonymous_10)
FNDA:525636,(anonymous_11)
FNDA:11939,(anonymous_12)
FNDA:456,(anonymous_13)
FNDA:0,getRoom
FNDA:0,(anonymous_15)
DA:1,8
DA:2,8
DA:3,8
DA:5,8
DA:6,8
DA:8,8
DA:20,8
DA:26,8
DA:27,8
DA:28,72
DA:30,648
DA:31,648
DA:32,8
DA:33,8
DA:34,8
DA:35,8
DA:36,640
DA:37,216
DA:38,216
DA:39,216
DA:40,216
DA:41,216
DA:42,216
DA:43,216
DA:44,216
DA:45,424
DA:46,216
DA:47,216
DA:48,216
DA:49,216
DA:50,216
DA:51,216
DA:52,216
DA:53,216
DA:55,208
DA:56,208
DA:57,208
DA:58,208
DA:60,648
DA:61,648
DA:62,648
DA:63,576
DA:64,576
DA:65,576
DA:66,576
DA:67,576
DA:69,648
DA:74,8
DA:75,8
DA:76,8
DA:77,72
DA:79,648
DA:80,648
DA:81,256
DA:82,256
DA:83,256
DA:84,392
DA:86,192
DA:87,8
DA:88,8
DA:89,8
DA:91,184
DA:92,184
DA:93,184
DA:95,184
DA:96,184
DA:98,200
DA:99,72
DA:100,72
DA:101,72
DA:103,72
DA:104,72
DA:105,128
DA:106,24
DA:107,24
DA:108,24
DA:110,24
DA:111,24
DA:113,104
DA:114,104
DA:115,104
DA:117,104
DA:118,104
DA:120,648
DA:121,648
DA:122,648
DA:126,8
DA:127,8
DA:134,8
DA:136,8
DA:137,8
DA:138,8
DA:139,8
DA:140,8
DA:142,8
DA:143,40
DA:144,40
DA:145,80
DA:148,8
DA:149,40
DA:150,40
DA:151,80
DA:154,8
DA:155,40
DA:156,40
DA:157,80
DA:159,8
DA:162,24
DA:163,24
DA:164,4202
DA:165,4202
DA:166,4202
DA:167,253637
DA:168,452172
DA:170,3120
DA:173,24
DA:175,8
DA:176,8
DA:177,8
DA:178,8
DA:179,240
DA:181,35920
DA:182,35920
DA:183,35920
DA:185,7200
DA:186,8
DA:187,8
DA:188,8
DA:191,7192
DA:192,7192
DA:193,6169
DA:195,7192
DA:196,1227
DA:197,1227
DA:198,1227
DA:201,5965
DA:202,5965
DA:203,40
DA:204,40
DA:205,5925
DA:206,40
DA:207,40
DA:208,5885
DA:209,40
DA:210,40
DA:211,653060
DA:212,805
DA:213,603175
DA:214,824
DA:215,525636
DA:216,922
DA:219,11939
DA:220,5965
DA:221,5965
DA:222,5965
DA:223,5965
DA:224,5965
DA:225,5965
DA:230,456
DA:231,8
DA:232,8
DA:233,8
DA:234,8
DA:238,8
DA:240,0
DA:241,0
DA:244,8
LF:167
LH:165
BRDA:31,0,0,8
BRDA:31,0,1,640
BRDA:31,1,0,648
BRDA:31,1,1,72
BRDA:36,2,0,216
BRDA:36,2,1,424
BRDA:41,3,0,8
BRDA:41,3,1,208
BRDA:41,4,0,216
BRDA:41,4,1,72
BRDA:42,5,0,8
BRDA:42,5,1,208
BRDA:42,6,0,216
BRDA:42,6,1,72
BRDA:43,7,0,8
BRDA:43,7,1,208
BRDA:43,8,0,216
BRDA:43,8,1,72
BRDA:44,9,0,8
BRDA:44,9,1,208
BRDA:44,10,0,216
BRDA:44,10,1,72
BRDA:45,11,0,216
BRDA:45,11,1,208
BRDA:50,12,0,8
BRDA:50,12,1,208
BRDA:50,13,0,216
BRDA:50,13,1,72
BRDA:51,14,0,8
BRDA:51,14,1,208
BRDA:51,15,0,216
BRDA:51,15,1,72
BRDA:52,16,0,8
BRDA:52,16,1,208
BRDA:52,17,0,216
BRDA:52,17,1,72
BRDA:53,18,0,8
BRDA:53,18,1,208
BRDA:53,19,0,216
BRDA:53,19,1,72
BRDA:62,20,0,576
BRDA:62,20,1,72
BRDA:62,21,0,648
BRDA:62,21,1,584
BRDA:64,22,0,184
BRDA:64,22,1,392
BRDA:65,23,0,184
BRDA:65,23,1,392
BRDA:80,24,0,256
BRDA:80,24,1,392
BRDA:80,25,0,648
BRDA:80,25,1,576
BRDA:80,25,2,504
BRDA:80,25,3,448
BRDA:84,26,0,192
BRDA:84,26,1,200
BRDA:84,27,0,392
BRDA:84,27,1,336
BRDA:84,27,2,280
BRDA:84,27,3,240
BRDA:86,28,0,8
BRDA:86,28,1,184
BRDA:86,29,0,192
BRDA:86,29,1,16
BRDA:95,30,0,132
BRDA:95,30,1,52
BRDA:96,31,0,56
BRDA:96,31,1,128
BRDA:98,32,0,72
BRDA:98,32,1,128
BRDA:98,33,0,200
BRDA:98,33,1,160
BRDA:98,33,2,120
BRDA:98,33,3,96
BRDA:103,34,0,51
BRDA:103,34,1,21
BRDA:104,35,0,26
BRDA:104,35,1,46
BRDA:105,36,0,24
BRDA:105,36,1,104
BRDA:105,37,0,128
BRDA:105,37,1,40
BRDA:105,37,2,24
BRDA:110,38,0,19
BRDA:110,38,1,5
BRDA:111,39,0,10
BRDA:111,39,1,14
BRDA:117,40,0,71
BRDA:117,40,1,33
BRDA:118,41,0,40
BRDA:118,41,1,64
BRDA:145,42,0,40
BRDA:145,42,1,0
BRDA:145,43,0,80
BRDA:145,43,1,4
BRDA:151,44,0,40
BRDA:151,44,1,0
BRDA:151,45,0,80
BRDA:151,45,1,2
BRDA:157,46,0,40
BRDA:157,46,1,0
BRDA:157,47,0,80
BRDA:157,47,1,6
BRDA:166,48,0,3120
BRDA:166,48,1,1082
BRDA:167,49,0,4202
BRDA:167,49,1,3191
BRDA:167,50,0,253637
BRDA:167,50,1,8605
BRDA:168,51,0,452172
BRDA:168,51,1,14981
BRDA:181,52,0,35920
BRDA:181,52,1,1196
BRDA:182,53,0,35920
BRDA:182,53,1,1198
BRDA:183,54,0,35920
BRDA:183,54,1,1194
BRDA:185,55,0,8
BRDA:185,55,1,7192
BRDA:185,56,0,7200
BRDA:185,56,1,240
BRDA:192,57,0,6169
BRDA:192,57,1,1023
BRDA:192,58,0,7192
BRDA:192,58,1,7152
BRDA:192,58,2,7112
BRDA:192,58,3,7072
BRDA:192,58,4,7064
BRDA:192,58,5,7056
BRDA:192,58,6,6841
BRDA:192,58,7,6613
BRDA:192,58,8,6391
BRDA:192,59,0,7072
BRDA:192,59,1,223
BRDA:192,60,0,7064
BRDA:192,60,1,238
BRDA:193,61,0,1227
BRDA:193,61,1,4942
BRDA:195,62,0,1227
BRDA:195,62,1,5965
BRDA:202,63,0,40
BRDA:202,63,1,5925
BRDA:205,64,0,40
BRDA:205,64,1,5885
BRDA:208,65,0,40
BRDA:208,65,1,5845
BRDA:211,66,0,805
BRDA:211,66,1,5040
BRDA:211,67,0,653060
BRDA:211,67,1,21895
BRDA:213,68,0,824
BRDA:213,68,1,4216
BRDA:213,69,0,603175
BRDA:213,69,1,20322
BRDA:215,70,0,922
BRDA:215,70,1,3294
BRDA:215,71,0,525636
BRDA:215,71,1,17821
BRDA:219,72,0,11939
BRDA:219,72,1,11939
BRDA:230,73,0,456
BRDA:230,73,1,56
BRDA:231,74,0,8
BRDA:231,74,1,0
BRDA:240,75,0,0
BRDA:240,75,1,0
BRDA:241,76,0,0
BRDA:241,76,1,0
BRF:168
BRH:160
end_of_record
TN:
SF:backend\middlewares\auth.js
FN:4,(anonymous_0)
FNF:1
FNH:1
FNDA:7,(anonymous_0)
DA:1,4
DA:2,4
DA:4,4
DA:5,7
DA:6,7
DA:7,2
DA:9,5
DA:10,5
DA:11,5
DA:12,1
DA:13,1
DA:15,4
DA:19,4
LF:13
LH:13
BRDA:6,0,0,2
BRDA:6,0,1,5
BRDA:6,1,0,7
BRDA:6,1,1,6
BRF:4
BRH:4
end_of_record
TN:
SF:backend\middlewares\errorHandler.js
FN:1,(anonymous_0)
FNF:1
FNH:1
FNDA:3,(anonymous_0)
DA:1,4
DA:2,3
DA:3,3
DA:4,3
DA:10,4
LF:5
LH:5
BRDA:2,0,0,3
BRDA:2,0,1,2
BRDA:5,1,0,2
BRDA:5,1,1,1
BRDA:6,2,0,3
BRDA:6,2,1,2
BRF:6
BRH:6
end_of_record
TN:
SF:backend\middlewares\logger.js
FN:1,(anonymous_0)
FN:3,(anonymous_1)
FNF:2
FNH:2
FNDA:7,(anonymous_0)
FNDA:6,(anonymous_1)
DA:1,3
DA:2,7
DA:3,7
DA:4,6
DA:5,6
DA:7,7
DA:10,3
LF:7
LH:7
BRF:0
BRH:0
end_of_record
TN:
SF:backend\models\BannedIp.js
FNF:0
FNH:0
DA:1,3
DA:2,3
DA:6,3
LF:3
LH:3
BRF:0
BRH:0
end_of_record
TN:
SF:backend\models\Guild.js
FNF:0
FNH:0
DA:1,4
DA:3,4
DA:13,4
LF:3
LH:3
BRF:0
BRH:0
end_of_record
TN:
SF:backend\models\Monster.js
FN:5,(anonymous_0)
FNF:1
FNH:1
FNDA:3724,(anonymous_0)
DA:6,3724
DA:7,3724
DA:8,3724
DA:9,3724
DA:10,3724
DA:11,3724
DA:12,3724
DA:13,3724
DA:17,9
LF:9
LH:9
BRDA:9,0,0,3724
BRDA:9,0,1,4
BRDA:10,1,0,3724
BRDA:10,1,1,4
BRDA:11,2,0,3724
BRDA:11,2,1,4
BRDA:13,3,0,1
BRDA:13,3,1,3723
BRF:8
BRH:8
end_of_record
TN:
SF:backend\models\Player.js
FN:11,(anonymous_0)
FN:40,(anonymous_1)
FN:50,(anonymous_2)
FN:60,(anonymous_3)
FN:70,(anonymous_4)
FN:78,(anonymous_5)
FN:87,(anonymous_6)
FN:101,(anonymous_7)
FN:111,(anonymous_8)
FN:114,(anonymous_9)
FN:133,(anonymous_10)
FN:135,(anonymous_11)
FN:139,(anonymous_12)
FNF:13
FNH:12
FNDA:12,(anonymous_0)
FNDA:3,(anonymous_1)
FNDA:3,(anonymous_2)
FNDA:3,(anonymous_3)
FNDA:6,(anonymous_4)
FNDA:3,(anonymous_5)
FNDA:3,(anonymous_6)
FNDA:3,(anonymous_7)
FNDA:5,(anonymous_8)
FNDA:3,(anonymous_9)
FNDA:5,(anonymous_10)
FNDA:4,(anonymous_11)
FNDA:0,(anonymous_12)
DA:6,7
DA:7,7
DA:8,7
DA:12,12
DA:13,12
DA:14,12
DA:15,12
DA:16,12
DA:17,12
DA:18,12
DA:19,12
DA:20,12
DA:21,12
DA:22,12
DA:23,12
DA:24,12
DA:25,12
DA:26,12
DA:27,12
DA:28,12
DA:29,12
DA:30,12
DA:31,12
DA:32,12
DA:33,12
DA:34,12
DA:36,12
DA:37,12
DA:41,3
DA:42,3
DA:43,2
DA:44,2
DA:45,2
DA:46,2
DA:51,3
DA:52,3
DA:53,2
DA:54,2
DA:55,2
DA:56,2
DA:61,3
DA:62,3
DA:63,2
DA:64,2
DA:65,2
DA:66,2
DA:71,6
DA:72,3
DA:73,3
DA:74,2
DA:79,3
DA:80,1
DA:81,2
DA:82,1
DA:88,3
DA:89,1
DA:91,2
DA:92,2
DA:93,2
DA:94,2
DA:95,2
DA:97,2
DA:102,3
DA:103,3
DA:104,2
DA:105,2
DA:106,2
DA:108,3
DA:112,5
DA:113,3
DA:114,3
DA:116,3
DA:117,2
DA:118,2
DA:119,2
DA:120,2
DA:121,2
DA:122,2
DA:123,1
DA:125,2
DA:126,2
DA:129,3
DA:130,3
DA:134,5
DA:135,4
DA:140,0
DA:141,0
DA:142,0
DA:147,7
LF:89
LH:86
BRDA:40,0,0,2
BRDA:50,1,0,2
BRDA:60,2,0,2
BRDA:71,3,0,3
BRDA:71,3,1,3
BRDA:73,4,0,2
BRDA:73,4,1,1
BRDA:79,5,0,1
BRDA:79,5,1,2
BRDA:81,6,0,1
BRDA:81,6,1,1
BRDA:88,7,0,1
BRDA:88,7,1,2
BRDA:88,8,0,3
BRDA:88,8,1,3
BRDA:92,9,0,2
BRDA:92,9,1,0
BRDA:93,10,0,2
BRDA:93,10,1,1
BRDA:94,11,0,2
BRDA:94,11,1,1
BRDA:95,12,0,2
BRDA:95,12,1,1
BRDA:103,13,0,2
BRDA:103,13,1,1
BRDA:104,14,0,2
BRDA:104,14,1,1
BRDA:105,15,0,2
BRDA:105,15,1,1
BRDA:106,16,0,2
BRDA:106,16,1,1
BRDA:112,17,0,3
BRDA:112,17,1,2
BRDA:112,18,0,5
BRDA:112,18,1,4
BRDA:114,19,0,3
BRDA:114,19,1,3
BRDA:114,19,2,3
BRDA:116,20,0,2
BRDA:116,20,1,1
BRDA:122,21,0,1
BRDA:122,21,1,1
BRDA:135,22,0,4
BRDA:135,22,1,4
BRDA:135,22,2,4
BRDA:141,23,0,0
BRDA:141,23,1,0
BRF:47
BRH:44
end_of_record
TN:
SF:backend\models\PlayerData.js
FNF:0
FNH:0
DA:1,4
DA:2,4
DA:28,4
LF:3
LH:3
BRF:0
BRH:0
end_of_record
TN:
SF:backend\models\User.js
FNF:0
FNH:0
DA:1,3
DA:2,3
DA:11,3
LF:3
LH:3
BRF:0
BRH:0
end_of_record
TN:
SF:backend\routes\auth.js
FN:11,(anonymous_0)
FN:73,(anonymous_1)
FN:97,(anonymous_2)
FNF:3
FNH:2
FNDA:2,(anonymous_0)
FNDA:2,(anonymous_1)
FNDA:0,(anonymous_2)
DA:1,3
DA:2,3
DA:3,3
DA:4,3
DA:5,3
DA:6,3
DA:7,3
DA:8,3
DA:9,3
DA:11,3
DA:12,2
DA:13,2
DA:14,2
DA:16,2
DA:17,0
DA:19,2
DA:21,2
DA:22,2
DA:24,2
DA:25,2
DA:26,2
DA:27,2
DA:29,2
DA:30,2
DA:31,0
DA:33,2
DA:35,2
DA:36,2
DA:38,0
DA:40,2
DA:41,2
DA:66,2
DA:68,0
DA:69,0
DA:73,3
DA:74,2
DA:75,2
DA:76,2
DA:77,1
DA:78,1
DA:79,1
DA:81,1
DA:82,1
DA:84,1
DA:85,1
DA:86,1
DA:87,1
DA:88,1
DA:89,1
DA:90,1
DA:91,1
DA:92,1
DA:93,0
DA:97,3
DA:98,0
DA:101,3
LF:56
LH:49
BRDA:13,0,0,0
BRDA:13,0,1,2
BRDA:13,1,0,2
BRDA:13,1,1,2
BRDA:14,2,0,0
BRDA:14,2,1,2
BRDA:16,3,0,0
BRDA:16,3,1,2
BRDA:19,4,0,2
BRDA:19,4,1,2
BRDA:22,5,0,0
BRDA:22,5,1,2
BRDA:25,6,0,0
BRDA:25,6,1,2
BRDA:27,7,0,0
BRDA:27,7,1,2
BRDA:30,8,0,0
BRDA:30,8,1,2
BRDA:76,9,0,1
BRDA:76,9,1,1
BRDA:78,10,0,0
BRDA:78,10,1,1
BRDA:79,11,0,1
BRDA:79,11,1,1
BRDA:82,12,0,0
BRDA:82,12,1,1
BRDA:85,13,0,0
BRDA:85,13,1,1
BRDA:86,14,0,0
BRDA:86,14,1,1
BRDA:88,15,0,0
BRDA:88,15,1,1
BRF:32
BRH:20
end_of_record
TN:
SF:backend\routes\battle.js
FNF:0
FNH:0
DA:1,3
DA:2,3
DA:3,3
DA:4,3
DA:7,3
DA:9,3
LF:6
LH:6
BRF:0
BRH:0
end_of_record
TN:
SF:backend\routes\docs.js
FNF:0
FNH:0
DA:1,3
DA:2,3
DA:3,3
DA:4,3
DA:6,3
DA:21,3
DA:23,3
DA:25,3
LF:8
LH:8
BRF:0
BRH:0
end_of_record
TN:
SF:backend\routes\player.js
FNF:0
FNH:0
DA:1,3
DA:2,3
DA:3,3
DA:4,3
DA:7,3
DA:9,3
DA:11,3
LF:7
LH:7
BRF:0
BRH:0
end_of_record
TN:
SF:backend\routes\shop.js
FN:7,(anonymous_0)
FNF:1
FNH:0
FNDA:0,(anonymous_0)
DA:1,3
DA:2,3
DA:3,3
DA:4,3
DA:7,3
DA:8,0
DA:11,3
LF:7
LH:6
BRF:0
BRH:0
end_of_record
TN:
SF:backend\services\BattleService.js
FN:12,(anonymous_0)
FN:48,(anonymous_1)
FN:66,(anonymous_2)
FN:72,(anonymous_3)
FNF:4
FNH:4
FNDA:29,(anonymous_0)
FNDA:16,(anonymous_1)
FNDA:8,(anonymous_2)
FNDA:56,(anonymous_3)
DA:5,6
DA:6,6
DA:13,29
DA:15,29
DA:16,2
DA:18,27
DA:20,29
DA:21,29
DA:34,29
DA:35,29
DA:36,25
DA:39,29
DA:40,29
DA:42,29
DA:43,29
DA:44,29
DA:46,29
DA:47,17
DA:48,16
DA:50,17
DA:51,17
DA:52,17
DA:62,17
DA:64,17
DA:65,8
DA:66,8
DA:67,8
DA:68,8
DA:70,4
DA:71,4
DA:72,56
DA:73,12
DA:75,4
DA:76,2
DA:77,2
DA:87,12
DA:88,12
DA:89,12
DA:101,12
DA:102,12
DA:103,2
DA:112,12
DA:113,2
DA:114,2
DA:123,2
DA:124,2
DA:125,2
DA:128,29
DA:132,6
LF:49
LH:49
BRDA:15,0,0,2
BRDA:15,0,1,27
BRDA:15,1,0,29
BRDA:15,1,1,2
BRDA:18,2,0,27
BRDA:18,2,1,2
BRDA:35,3,0,25
BRDA:35,3,1,4
BRDA:39,4,0,25
BRDA:39,4,1,4
BRDA:40,5,0,25
BRDA:40,5,1,4
BRDA:46,6,0,17
BRDA:46,6,1,12
BRDA:46,7,0,29
BRDA:46,7,1,17
BRDA:47,8,0,16
BRDA:47,8,1,1
BRDA:47,9,0,17
BRDA:47,9,1,16
BRDA:64,10,0,8
BRDA:64,10,1,9
BRDA:64,11,0,17
BRDA:64,11,1,16
BRDA:67,12,0,4
BRDA:67,12,1,4
BRDA:67,13,0,8
BRDA:67,13,1,6
BRDA:68,14,0,4
BRDA:68,14,1,4
BRDA:73,15,0,2
BRDA:73,15,1,10
BRDA:75,16,0,2
BRDA:75,16,1,2
BRDA:102,17,0,2
BRDA:102,17,1,10
BRDA:112,18,0,2
BRDA:112,18,1,10
BRF:38
BRH:38
end_of_record
TN:
SF:backend\services\PlayerGameService.js
FN:4,(anonymous_0)
FN:48,(anonymous_1)
FN:83,(anonymous_2)
FN:100,(anonymous_3)
FN:153,(anonymous_4)
FN:158,(anonymous_5)
FN:185,(anonymous_6)
FN:190,(anonymous_7)
FN:201,(anonymous_8)
FN:221,(anonymous_9)
FN:226,(anonymous_10)
FN:235,(anonymous_11)
FN:237,(anonymous_12)
FN:263,(anonymous_13)
FN:292,(anonymous_14)
FN:302,(anonymous_15)
FN:306,getOptionStr
FN:329,(anonymous_17)
FN:344,(anonymous_18)
FN:359,(anonymous_19)
FN:377,(anonymous_20)
FN:389,(anonymous_21)
FN:390,(anonymous_22)
FN:396,(anonymous_23)
FN:404,(anonymous_24)
FNF:25
FNH:21
FNDA:9,(anonymous_0)
FNDA:5,(anonymous_1)
FNDA:2,(anonymous_2)
FNDA:4,(anonymous_3)
FNDA:3,(anonymous_4)
FNDA:1,(anonymous_5)
FNDA:5,(anonymous_6)
FNDA:3,(anonymous_7)
FNDA:1,(anonymous_8)
FNDA:7,(anonymous_9)
FNDA:5,(anonymous_10)
FNDA:3,(anonymous_11)
FNDA:2,(anonymous_12)
FNDA:1,(anonymous_13)
FNDA:0,(anonymous_14)
FNDA:0,(anonymous_15)
FNDA:0,getOptionStr
FNDA:5,(anonymous_17)
FNDA:2,(anonymous_18)
FNDA:2,(anonymous_19)
FNDA:3,(anonymous_20)
FNDA:2,(anonymous_21)
FNDA:2,(anonymous_22)
FNDA:1,(anonymous_23)
FNDA:0,(anonymous_24)
DA:3,5
DA:5,9
DA:6,9
DA:7,8
DA:8,8
DA:9,8
DA:10,8
DA:11,8
DA:12,8
DA:16,5
DA:17,5
DA:18,1
DA:19,1
DA:21,4
DA:23,4
DA:24,0
DA:26,4
DA:27,4
DA:28,4
DA:29,1
DA:30,1
DA:31,1
DA:33,4
DA:34,4
DA:35,1
DA:40,1
DA:41,1
DA:42,1
DA:45,3
DA:49,5
DA:50,5
DA:51,5
DA:52,4
DA:53,4
DA:54,1
DA:55,1
DA:57,3
DA:58,1
DA:59,1
DA:60,0
DA:61,0
DA:63,1
DA:64,0
DA:65,0
DA:67,1
DA:68,1
DA:69,1
DA:71,2
DA:72,1
DA:73,1
DA:74,0
DA:75,0
DA:77,1
DA:78,0
DA:79,0
DA:81,1
DA:82,1
DA:83,1
DA:84,2
DA:85,2
DA:88,1
DA:90,1
DA:91,0
DA:92,0
DA:93,0
DA:95,1
DA:96,1
DA:97,1
DA:101,4
DA:102,4
DA:103,4
DA:104,4
DA:105,2
DA:106,2
DA:108,2
DA:109,1
DA:110,0
DA:120,1
DA:121,0
DA:134,1
DA:150,1
DA:154,3
DA:155,3
DA:156,2
DA:157,2
DA:158,2
DA:159,2
DA:160,1
DA:161,1
DA:163,1
DA:164,0
DA:166,1
DA:167,1
DA:168,1
DA:169,1
DA:170,1
DA:171,1
DA:172,0
DA:177,0
DA:178,0
DA:179,0
DA:182,1
DA:186,5
DA:187,5
DA:188,4
DA:189,4
DA:190,4
DA:191,4
DA:192,3
DA:193,3
DA:194,3
DA:195,3
DA:196,3
DA:198,0
DA:200,3
DA:201,1
DA:202,1
DA:203,1
DA:206,1
DA:207,2
DA:209,1
DA:210,1
DA:211,1
DA:212,1
DA:213,1
DA:215,3
DA:216,3
DA:218,1
DA:222,7
DA:223,7
DA:224,6
DA:225,6
DA:226,6
DA:227,6
DA:228,1
DA:229,1
DA:231,5
DA:232,1
DA:233,1
DA:235,4
DA:236,3
DA:237,3
DA:238,3
DA:239,1
DA:240,1
DA:241,1
DA:242,1
DA:244,2
DA:245,2
DA:246,2
DA:247,2
DA:252,2
DA:253,2
DA:254,2
DA:256,0
DA:258,2
DA:259,2
DA:260,2
DA:261,2
DA:262,1
DA:263,1
DA:264,1
DA:265,1
DA:268,1
DA:270,2
DA:272,1
DA:273,1
DA:274,1
DA:275,1
DA:276,1
DA:282,2
DA:287,2
DA:290,4
DA:293,0
DA:294,0
DA:296,0
DA:300,0
DA:303,0
DA:304,0
DA:305,0
DA:307,0
DA:308,0
DA:309,0
DA:310,0
DA:311,0
DA:312,0
DA:313,0
DA:315,0
DA:316,0
DA:317,0
DA:319,0
DA:321,0
DA:322,0
DA:323,0
DA:325,0
DA:327,0
DA:330,5
DA:331,5
DA:332,5
DA:333,5
DA:334,5
DA:335,1
DA:336,1
DA:339,4
DA:340,4
DA:341,4
DA:343,2
DA:344,2
DA:345,2
DA:347,2
DA:348,2
DA:349,2
DA:350,2
DA:352,2
DA:353,2
DA:354,2
DA:355,2
DA:356,2
DA:357,2
DA:358,2
DA:359,2
DA:360,2
DA:361,2
DA:362,2
DA:363,2
DA:364,2
DA:365,2
DA:366,2
DA:367,2
DA:368,2
DA:369,2
DA:371,2
DA:372,2
DA:373,2
DA:374,2
DA:378,3
DA:379,3
DA:380,3
DA:381,3
DA:382,3
DA:383,1
DA:384,1
DA:386,2
DA:387,2
DA:389,2
DA:390,2
DA:392,2
DA:393,2
DA:394,2
DA:395,2
DA:396,2
DA:397,1
DA:399,2
DA:400,2
DA:401,2
DA:402,2
DA:405,0
DA:406,0
DA:407,0
DA:408,0
DA:409,0
DA:410,0
DA:411,0
DA:412,0
DA:414,0
DA:418,5
LF:266
LH:213
BRDA:6,0,0,1
BRDA:6,0,1,8
BRDA:11,1,0,1
BRDA:11,1,1,7
BRDA:12,2,0,5
BRDA:12,2,1,3
BRDA:13,3,0,8
BRDA:13,3,1,8
BRDA:13,3,2,8
BRDA:13,3,3,6
BRDA:13,3,4,6
BRDA:13,3,5,5
BRDA:17,4,0,1
BRDA:17,4,1,4
BRDA:17,5,0,5
BRDA:17,5,1,5
BRDA:23,6,0,0
BRDA:23,6,1,4
BRDA:23,7,0,4
BRDA:23,7,1,4
BRDA:28,8,0,1
BRDA:28,8,1,3
BRDA:34,9,0,1
BRDA:34,9,1,3
BRDA:51,10,0,1
BRDA:51,10,1,4
BRDA:53,11,0,1
BRDA:53,11,1,3
BRDA:57,12,0,1
BRDA:57,12,1,2
BRDA:59,13,0,0
BRDA:59,13,1,1
BRDA:59,14,0,1
BRDA:59,14,1,1
BRDA:63,15,0,0
BRDA:63,15,1,1
BRDA:63,16,0,1
BRDA:63,16,1,0
BRDA:71,17,0,1
BRDA:71,17,1,1
BRDA:73,18,0,0
BRDA:73,18,1,1
BRDA:73,19,0,1
BRDA:73,19,1,1
BRDA:77,20,0,0
BRDA:77,20,1,1
BRDA:77,21,0,1
BRDA:77,21,1,0
BRDA:84,22,0,2
BRDA:84,22,1,0
BRDA:84,23,0,2
BRDA:84,23,1,2
BRDA:84,23,2,2
BRDA:90,24,0,0
BRDA:90,24,1,1
BRDA:91,25,0,0
BRDA:91,25,1,0
BRDA:95,26,0,1
BRDA:95,26,1,0
BRDA:101,27,0,0
BRDA:101,27,1,4
BRDA:102,28,0,0
BRDA:102,28,1,4
BRDA:103,29,0,0
BRDA:103,29,1,4
BRDA:103,30,0,0
BRDA:103,30,1,0
BRDA:104,31,0,2
BRDA:104,31,1,2
BRDA:108,32,0,1
BRDA:108,32,1,1
BRDA:109,33,0,0
BRDA:109,33,1,1
BRDA:120,34,0,0
BRDA:120,34,1,1
BRDA:155,35,0,1
BRDA:155,35,1,2
BRDA:159,36,0,1
BRDA:159,36,1,1
BRDA:163,37,0,0
BRDA:163,37,1,1
BRDA:163,38,0,1
BRDA:163,38,1,1
BRDA:171,39,0,0
BRDA:171,39,1,1
BRDA:187,40,0,1
BRDA:187,40,1,4
BRDA:191,41,0,3
BRDA:191,41,1,1
BRDA:195,42,0,3
BRDA:195,42,1,0
BRDA:200,43,0,1
BRDA:200,43,1,2
BRDA:202,44,0,1
BRDA:202,44,1,0
BRDA:202,45,0,1
BRDA:202,45,1,1
BRDA:202,45,2,1
BRDA:202,45,3,1
BRDA:207,46,0,1
BRDA:207,46,1,1
BRDA:223,47,0,1
BRDA:223,47,1,6
BRDA:227,48,0,1
BRDA:227,48,1,5
BRDA:231,49,0,1
BRDA:231,49,1,4
BRDA:238,50,0,1
BRDA:238,50,1,2
BRDA:238,51,0,3
BRDA:238,51,1,2
BRDA:253,52,0,2
BRDA:253,52,1,0
BRDA:258,53,0,2
BRDA:258,53,1,0
BRDA:258,54,0,2
BRDA:258,54,1,1
BRDA:261,55,0,1
BRDA:261,55,1,1
BRDA:264,56,0,1
BRDA:264,56,1,0
BRDA:264,57,0,1
BRDA:264,57,1,1
BRDA:264,57,2,1
BRDA:264,57,3,1
BRDA:270,58,0,1
BRDA:270,58,1,1
BRDA:294,59,0,0
BRDA:294,59,1,0
BRDA:304,60,0,0
BRDA:304,60,1,0
BRDA:307,61,0,0
BRDA:307,61,1,0
BRDA:309,62,0,0
BRDA:309,62,1,0
BRDA:310,63,0,0
BRDA:310,63,1,0
BRDA:311,64,0,0
BRDA:311,64,1,0
BRDA:312,65,0,0
BRDA:312,65,1,0
BRDA:313,66,0,0
BRDA:313,66,1,0
BRDA:315,67,0,0
BRDA:315,67,1,0
BRDA:317,68,0,0
BRDA:317,68,1,0
BRDA:321,69,0,0
BRDA:321,69,1,0
BRDA:323,70,0,0
BRDA:323,70,1,0
BRDA:331,71,0,0
BRDA:331,71,1,5
BRDA:334,72,0,1
BRDA:334,72,1,4
BRDA:339,73,0,4
BRDA:339,73,1,0
BRDA:341,74,0,2
BRDA:341,74,1,2
BRDA:341,75,0,4
BRDA:341,75,1,3
BRDA:353,76,0,2
BRDA:353,76,1,0
BRDA:355,77,0,2
BRDA:355,77,1,0
BRDA:361,78,0,0
BRDA:361,78,1,2
BRDA:362,79,0,0
BRDA:362,79,1,2
BRDA:363,80,0,0
BRDA:363,80,1,2
BRDA:364,81,0,0
BRDA:364,81,1,2
BRDA:365,82,0,0
BRDA:365,82,1,2
BRDA:365,83,0,2
BRDA:365,83,1,0
BRDA:368,84,0,0
BRDA:368,84,1,2
BRDA:379,85,0,0
BRDA:379,85,1,3
BRDA:382,86,0,1
BRDA:382,86,1,2
BRDA:386,87,0,2
BRDA:386,87,1,0
BRDA:387,88,0,2
BRDA:387,88,1,2
BRDA:397,89,0,1
BRDA:397,89,1,1
BRDA:399,90,0,1
BRDA:399,90,1,1
BRDA:405,91,0,0
BRDA:405,91,1,0
BRDA:405,92,0,0
BRDA:405,92,1,0
BRF:195
BRH:128
end_of_record
TN:
SF:backend\services\PlayerService.js
FN:9,(anonymous_0)
FN:18,(anonymous_1)
FN:22,(anonymous_2)
FN:33,(anonymous_3)
FN:45,(anonymous_4)
FN:55,(anonymous_5)
FN:62,(anonymous_6)
FNF:7
FNH:4
FNDA:11,(anonymous_0)
FNDA:4,(anonymous_1)
FNDA:6,(anonymous_2)
FNDA:0,(anonymous_3)
FNDA:4,(anonymous_4)
FNDA:0,(anonymous_5)
FNDA:0,(anonymous_6)
DA:6,4
DA:10,11
DA:11,11
DA:12,11
DA:19,4
DA:20,4
DA:21,3
DA:22,6
DA:23,3
DA:24,1
DA:25,1
DA:27,2
DA:28,2
DA:29,1
DA:30,1
DA:31,1
DA:32,1
DA:33,1
DA:34,1
DA:35,1
DA:36,1
DA:38,1
DA:46,4
DA:47,4
DA:48,3
DA:49,3
DA:50,3
DA:51,3
DA:52,3
DA:53,1
DA:54,1
DA:55,1
DA:56,1
DA:57,1
DA:58,1
DA:59,2
DA:60,0
DA:61,0
DA:62,0
DA:63,0
DA:64,0
DA:65,0
DA:67,2
DA:72,4
LF:44
LH:38
BRDA:20,0,0,1
BRDA:20,0,1,3
BRDA:23,1,0,1
BRDA:23,1,1,2
BRDA:28,2,0,1
BRDA:28,2,1,1
BRDA:28,3,0,2
BRDA:28,3,1,1
BRDA:29,4,0,0
BRDA:29,4,1,1
BRDA:29,5,0,1
BRDA:29,5,1,1
BRDA:30,6,0,0
BRDA:30,6,1,1
BRDA:30,7,0,1
BRDA:30,7,1,0
BRDA:47,8,0,1
BRDA:47,8,1,3
BRDA:50,9,0,2
BRDA:50,9,1,1
BRDA:51,10,0,0
BRDA:51,10,1,3
BRDA:52,11,0,1
BRDA:52,11,1,2
BRDA:52,12,0,3
BRDA:52,12,1,2
BRDA:59,13,0,0
BRDA:59,13,1,2
BRDA:59,14,0,2
BRDA:59,14,1,0
BRF:30
BRH:24
end_of_record
TN:
SF:backend\services\ShopService.js
FN:7,(anonymous_0)
FN:16,(anonymous_1)
FN:28,(anonymous_2)
FN:45,(anonymous_3)
FN:54,(anonymous_4)
FN:64,(anonymous_5)
FN:71,(anonymous_6)
FN:81,(anonymous_7)
FNF:8
FNH:6
FNDA:11,(anonymous_0)
FNDA:4,(anonymous_1)
FNDA:4,(anonymous_2)
FNDA:0,(anonymous_3)
FNDA:4,(anonymous_4)
FNDA:2,(anonymous_5)
FNDA:3,(anonymous_6)
FNDA:0,(anonymous_7)
DA:8,11
DA:9,11
DA:10,11
DA:17,4
DA:18,4
DA:19,4
DA:20,4
DA:21,4
DA:22,1
DA:23,1
DA:25,3
DA:26,3
DA:27,3
DA:28,4
DA:29,4
DA:31,3
DA:32,1
DA:33,1
DA:35,2
DA:36,1
DA:37,1
DA:39,1
DA:40,0
DA:41,0
DA:43,1
DA:44,1
DA:45,1
DA:46,1
DA:47,1
DA:48,1
DA:55,4
DA:56,4
DA:57,4
DA:58,4
DA:59,4
DA:60,1
DA:61,1
DA:63,3
DA:64,3
DA:65,3
DA:66,1
DA:67,1
DA:69,2
DA:70,2
DA:71,3
DA:72,3
DA:74,2
DA:75,1
DA:76,1
DA:78,1
DA:79,1
DA:80,1
DA:81,1
DA:82,1
DA:83,1
DA:84,1
DA:88,5
LF:57
LH:55
BRDA:18,0,0,0
BRDA:18,0,1,4
BRDA:21,1,0,1
BRDA:21,1,1,3
BRDA:29,2,0,2
BRDA:29,2,1,2
BRDA:31,3,0,1
BRDA:31,3,1,2
BRDA:35,4,0,1
BRDA:35,4,1,1
BRDA:39,5,0,0
BRDA:39,5,1,1
BRDA:56,6,0,0
BRDA:56,6,1,4
BRDA:59,7,0,1
BRDA:59,7,1,3
BRDA:65,8,0,1
BRDA:65,8,1,2
BRDA:72,9,0,1
BRDA:72,9,1,2
BRDA:74,10,0,1
BRDA:74,10,1,1
BRF:22
BRH:19
end_of_record
TN:
SF:backend\utils\Room.js
FN:2,(anonymous_0)
FN:13,(anonymous_1)
FN:14,(anonymous_2)
FN:15,(anonymous_3)
FN:16,(anonymous_4)
FN:17,(anonymous_5)
FN:17,(anonymous_6)
FN:18,(anonymous_7)
FN:19,(anonymous_8)
FN:19,(anonymous_9)
FNF:10
FNH:10
FNDA:8513,(anonymous_0)
FNDA:10,(anonymous_1)
FNDA:6,(anonymous_2)
FNDA:2,(anonymous_3)
FNDA:1,(anonymous_4)
FNDA:2,(anonymous_5)
FNDA:1,(anonymous_6)
FNDA:1,(anonymous_7)
FNDA:2,(anonymous_8)
FNDA:1,(anonymous_9)
DA:3,8513
DA:4,8513
DA:5,8513
DA:6,8513
DA:7,8513
DA:8,8513
DA:9,8513
DA:10,8513
DA:11,8513
DA:13,10
DA:14,6
DA:15,2
DA:16,1
DA:17,2
DA:18,1
DA:19,2
DA:21,11
LF:17
LH:17
BRF:0
BRH:0
end_of_record
TN:
SF:backend\utils\broadcast.js
FN:18,broadcast
FN:20,(anonymous_1)
FN:30,sendPlayerList
FN:37,sendRoomInfo
FN:104,sendRoomInfoToAllInRoom
FN:105,(anonymous_5)
FN:115,sendInventory
FN:127,sendCharacterInfo
FNF:8
FNH:8
FNDA:3,broadcast
FNDA:4,(anonymous_1)
FNDA:1,sendPlayerList
FNDA:6,sendRoomInfo
FNDA:4,sendRoomInfoToAllInRoom
FNDA:5,(anonymous_5)
FNDA:1,sendInventory
FNDA:1,sendCharacterInfo
DA:10,6
DA:11,6
DA:12,6
DA:13,6
DA:19,3
DA:20,3
DA:21,4
DA:22,3
DA:31,1
DA:38,6
DA:39,6
DA:40,6
DA:41,6
DA:42,0
DA:43,0
DA:45,6
DA:47,6
DA:48,6
DA:50,6
DA:51,6
DA:52,6
DA:53,30
DA:54,150
DA:55,107
DA:56,107
DA:61,6
DA:62,6
DA:63,65
DA:64,65
DA:65,1175
DA:66,1175
DA:68,65
DA:70,6
DA:91,6
DA:92,3
DA:105,4
DA:106,5
DA:107,5
DA:116,1
DA:128,1
DA:146,1
DA:149,6
LF:42
LH:40
BRDA:21,0,0,3
BRDA:21,0,1,1
BRDA:39,1,0,6
BRDA:39,1,1,0
BRDA:41,2,0,0
BRDA:41,2,1,6
BRDA:48,3,0,1
BRDA:48,3,1,5
BRDA:54,4,0,107
BRDA:54,4,1,43
BRDA:54,5,0,150
BRDA:54,5,1,125
BRDA:54,5,2,125
BRDA:54,5,3,107
BRDA:56,6,0,107
BRDA:56,6,1,0
BRDA:66,7,0,1175
BRDA:66,7,1,0
BRDA:85,8,0,4
BRDA:85,8,1,2
BRDA:91,9,0,3
BRDA:91,9,1,3
BRDA:106,10,0,5
BRDA:106,10,1,0
BRDA:106,11,0,5
BRDA:106,11,1,5
BRDA:106,11,2,5
BRDA:106,11,3,5
BRDA:106,11,4,5
BRDA:136,12,0,1
BRDA:136,12,1,0
BRDA:137,13,0,1
BRDA:137,13,1,0
BRF:33
BRH:26
end_of_record
TN:
SF:backend\utils\expUtils.js
FN:13,calcNextStatExp
FN:21,calcExpBonus
FN:29,calcGoldDrop
FNF:3
FNH:3
FNDA:6,calcNextStatExp
FNDA:25,calcExpBonus
FNDA:17,calcGoldDrop
DA:8,10
DA:14,6
DA:22,25
DA:23,25
DA:30,17
DA:31,15
DA:32,15
DA:33,15
DA:36,10
LF:9
LH:9
BRDA:22,0,0,0
BRDA:22,0,1,25
BRDA:22,1,0,25
BRDA:22,1,1,25
BRDA:30,2,0,2
BRDA:30,2,1,15
BRDA:30,3,0,17
BRDA:30,3,1,17
BRF:8
BRH:7
end_of_record
